ARM GAS  C:\Users\ADMINI~1\AppData\Local\Temp\ccJy4cgf.s 			page 1


   1              		.cpu cortex-m4
   2              		.arch armv7e-m
   3              		.fpu fpv4-sp-d16
   4              		.eabi_attribute 27, 1
   5              		.eabi_attribute 28, 1
   6              		.eabi_attribute 20, 1
   7              		.eabi_attribute 21, 1
   8              		.eabi_attribute 23, 3
   9              		.eabi_attribute 24, 1
  10              		.eabi_attribute 25, 1
  11              		.eabi_attribute 26, 1
  12              		.eabi_attribute 30, 1
  13              		.eabi_attribute 34, 1
  14              		.eabi_attribute 18, 4
  15              		.file	"adc.c"
  16              		.text
  17              	.Ltext0:
  18              		.cfi_sections	.debug_frame
  19              		.file 1 "Src/adc.c"
  20              		.section	.text.MX_ADC1_Init,"ax",%progbits
  21              		.align	1
  22              		.global	MX_ADC1_Init
  23              		.syntax unified
  24              		.thumb
  25              		.thumb_func
  27              	MX_ADC1_Init:
  28              	.LFB235:
   1:Src/adc.c     **** /* USER CODE BEGIN Header */
   2:Src/adc.c     **** /**
   3:Src/adc.c     ****   ******************************************************************************
   4:Src/adc.c     ****   * @file    adc.c
   5:Src/adc.c     ****   * @brief   This file provides code for the configuration
   6:Src/adc.c     ****   *          of the ADC instances.
   7:Src/adc.c     ****   ******************************************************************************
   8:Src/adc.c     ****   * @attention
   9:Src/adc.c     ****   *
  10:Src/adc.c     ****   * Copyright (c) 2023 STMicroelectronics.
  11:Src/adc.c     ****   * All rights reserved.
  12:Src/adc.c     ****   *
  13:Src/adc.c     ****   * This software is licensed under terms that can be found in the LICENSE file
  14:Src/adc.c     ****   * in the root directory of this software component.
  15:Src/adc.c     ****   * If no LICENSE file comes with this software, it is provided AS-IS.
  16:Src/adc.c     ****   *
  17:Src/adc.c     ****   ******************************************************************************
  18:Src/adc.c     ****   */
  19:Src/adc.c     **** /* USER CODE END Header */
  20:Src/adc.c     **** /* Includes ------------------------------------------------------------------*/
  21:Src/adc.c     **** #include "adc.h"
  22:Src/adc.c     **** 
  23:Src/adc.c     **** /* USER CODE BEGIN 0 */
  24:Src/adc.c     **** 
  25:Src/adc.c     **** /* USER CODE END 0 */
  26:Src/adc.c     **** 
  27:Src/adc.c     **** ADC_HandleTypeDef hadc1;
  28:Src/adc.c     **** 
  29:Src/adc.c     **** /* ADC1 init function */
  30:Src/adc.c     **** void MX_ADC1_Init(void)
ARM GAS  C:\Users\ADMINI~1\AppData\Local\Temp\ccJy4cgf.s 			page 2


  31:Src/adc.c     **** {
  29              		.loc 1 31 1 view -0
  30              		.cfi_startproc
  31              		@ args = 0, pretend = 0, frame = 16
  32              		@ frame_needed = 0, uses_anonymous_args = 0
  33 0000 00B5     		push	{lr}
  34              	.LCFI0:
  35              		.cfi_def_cfa_offset 4
  36              		.cfi_offset 14, -4
  37 0002 85B0     		sub	sp, sp, #20
  38              	.LCFI1:
  39              		.cfi_def_cfa_offset 24
  32:Src/adc.c     **** 
  33:Src/adc.c     ****   /* USER CODE BEGIN ADC1_Init 0 */
  34:Src/adc.c     **** 
  35:Src/adc.c     ****   /* USER CODE END ADC1_Init 0 */
  36:Src/adc.c     **** 
  37:Src/adc.c     ****   ADC_ChannelConfTypeDef sConfig = {0};
  40              		.loc 1 37 3 view .LVU1
  41              		.loc 1 37 26 is_stmt 0 view .LVU2
  42 0004 0023     		movs	r3, #0
  43 0006 0093     		str	r3, [sp]
  44 0008 0193     		str	r3, [sp, #4]
  45 000a 0293     		str	r3, [sp, #8]
  46 000c 0393     		str	r3, [sp, #12]
  38:Src/adc.c     **** 
  39:Src/adc.c     ****   /* USER CODE BEGIN ADC1_Init 1 */
  40:Src/adc.c     **** 
  41:Src/adc.c     ****   /* USER CODE END ADC1_Init 1 */
  42:Src/adc.c     **** 
  43:Src/adc.c     ****   /** Configure the global features of the ADC (Clock, Resolution, Data Alignment and number of con
  44:Src/adc.c     ****   */
  45:Src/adc.c     ****   hadc1.Instance = ADC1;
  47              		.loc 1 45 3 is_stmt 1 view .LVU3
  48              		.loc 1 45 18 is_stmt 0 view .LVU4
  49 000e 1548     		ldr	r0, .L7
  50 0010 154A     		ldr	r2, .L7+4
  51 0012 0260     		str	r2, [r0]
  46:Src/adc.c     ****   hadc1.Init.ClockPrescaler = ADC_CLOCK_SYNC_PCLK_DIV6;
  52              		.loc 1 46 3 is_stmt 1 view .LVU5
  53              		.loc 1 46 29 is_stmt 0 view .LVU6
  54 0014 4FF40032 		mov	r2, #131072
  55 0018 4260     		str	r2, [r0, #4]
  47:Src/adc.c     ****   hadc1.Init.Resolution = ADC_RESOLUTION_12B;
  56              		.loc 1 47 3 is_stmt 1 view .LVU7
  57              		.loc 1 47 25 is_stmt 0 view .LVU8
  58 001a 8360     		str	r3, [r0, #8]
  48:Src/adc.c     ****   hadc1.Init.ScanConvMode = DISABLE;
  59              		.loc 1 48 3 is_stmt 1 view .LVU9
  60              		.loc 1 48 27 is_stmt 0 view .LVU10
  61 001c 0361     		str	r3, [r0, #16]
  49:Src/adc.c     ****   hadc1.Init.ContinuousConvMode = DISABLE;
  62              		.loc 1 49 3 is_stmt 1 view .LVU11
  63              		.loc 1 49 33 is_stmt 0 view .LVU12
  64 001e 0376     		strb	r3, [r0, #24]
  50:Src/adc.c     ****   hadc1.Init.DiscontinuousConvMode = DISABLE;
  65              		.loc 1 50 3 is_stmt 1 view .LVU13
ARM GAS  C:\Users\ADMINI~1\AppData\Local\Temp\ccJy4cgf.s 			page 3


  66              		.loc 1 50 36 is_stmt 0 view .LVU14
  67 0020 80F82030 		strb	r3, [r0, #32]
  51:Src/adc.c     ****   hadc1.Init.ExternalTrigConvEdge = ADC_EXTERNALTRIGCONVEDGE_NONE;
  68              		.loc 1 51 3 is_stmt 1 view .LVU15
  69              		.loc 1 51 35 is_stmt 0 view .LVU16
  70 0024 C362     		str	r3, [r0, #44]
  52:Src/adc.c     ****   hadc1.Init.ExternalTrigConv = ADC_SOFTWARE_START;
  71              		.loc 1 52 3 is_stmt 1 view .LVU17
  72              		.loc 1 52 31 is_stmt 0 view .LVU18
  73 0026 114A     		ldr	r2, .L7+8
  74 0028 8262     		str	r2, [r0, #40]
  53:Src/adc.c     ****   hadc1.Init.DataAlign = ADC_DATAALIGN_RIGHT;
  75              		.loc 1 53 3 is_stmt 1 view .LVU19
  76              		.loc 1 53 24 is_stmt 0 view .LVU20
  77 002a C360     		str	r3, [r0, #12]
  54:Src/adc.c     ****   hadc1.Init.NbrOfConversion = 1;
  78              		.loc 1 54 3 is_stmt 1 view .LVU21
  79              		.loc 1 54 30 is_stmt 0 view .LVU22
  80 002c 0122     		movs	r2, #1
  81 002e C261     		str	r2, [r0, #28]
  55:Src/adc.c     ****   hadc1.Init.DMAContinuousRequests = DISABLE;
  82              		.loc 1 55 3 is_stmt 1 view .LVU23
  83              		.loc 1 55 36 is_stmt 0 view .LVU24
  84 0030 80F83030 		strb	r3, [r0, #48]
  56:Src/adc.c     ****   hadc1.Init.EOCSelection = ADC_EOC_SINGLE_CONV;
  85              		.loc 1 56 3 is_stmt 1 view .LVU25
  86              		.loc 1 56 27 is_stmt 0 view .LVU26
  87 0034 4261     		str	r2, [r0, #20]
  57:Src/adc.c     ****   if (HAL_ADC_Init(&hadc1) != HAL_OK)
  88              		.loc 1 57 3 is_stmt 1 view .LVU27
  89              		.loc 1 57 7 is_stmt 0 view .LVU28
  90 0036 FFF7FEFF 		bl	HAL_ADC_Init
  91              	.LVL0:
  92              		.loc 1 57 6 discriminator 1 view .LVU29
  93 003a 68B9     		cbnz	r0, .L5
  94              	.L2:
  58:Src/adc.c     ****   {
  59:Src/adc.c     ****     Error_Handler();
  60:Src/adc.c     ****   }
  61:Src/adc.c     **** 
  62:Src/adc.c     ****   /** Configure for the selected ADC regular channel its corresponding rank in the sequencer and it
  63:Src/adc.c     ****   */
  64:Src/adc.c     ****   sConfig.Channel = ADC_CHANNEL_TEMPSENSOR;
  95              		.loc 1 64 3 is_stmt 1 view .LVU30
  96              		.loc 1 64 19 is_stmt 0 view .LVU31
  97 003c 1023     		movs	r3, #16
  98 003e 0093     		str	r3, [sp]
  65:Src/adc.c     ****   sConfig.Rank = 1;
  99              		.loc 1 65 3 is_stmt 1 view .LVU32
 100              		.loc 1 65 16 is_stmt 0 view .LVU33
 101 0040 0123     		movs	r3, #1
 102 0042 0193     		str	r3, [sp, #4]
  66:Src/adc.c     ****   sConfig.SamplingTime = ADC_SAMPLETIME_3CYCLES;
 103              		.loc 1 66 3 is_stmt 1 view .LVU34
 104              		.loc 1 66 24 is_stmt 0 view .LVU35
 105 0044 0023     		movs	r3, #0
 106 0046 0293     		str	r3, [sp, #8]
ARM GAS  C:\Users\ADMINI~1\AppData\Local\Temp\ccJy4cgf.s 			page 4


  67:Src/adc.c     ****   if (HAL_ADC_ConfigChannel(&hadc1, &sConfig) != HAL_OK)
 107              		.loc 1 67 3 is_stmt 1 view .LVU36
 108              		.loc 1 67 7 is_stmt 0 view .LVU37
 109 0048 6946     		mov	r1, sp
 110 004a 0648     		ldr	r0, .L7
 111 004c FFF7FEFF 		bl	HAL_ADC_ConfigChannel
 112              	.LVL1:
 113              		.loc 1 67 6 discriminator 1 view .LVU38
 114 0050 28B9     		cbnz	r0, .L6
 115              	.L1:
  68:Src/adc.c     ****   {
  69:Src/adc.c     ****     Error_Handler();
  70:Src/adc.c     ****   }
  71:Src/adc.c     ****   /* USER CODE BEGIN ADC1_Init 2 */
  72:Src/adc.c     **** 
  73:Src/adc.c     ****   /* USER CODE END ADC1_Init 2 */
  74:Src/adc.c     **** 
  75:Src/adc.c     **** }
 116              		.loc 1 75 1 view .LVU39
 117 0052 05B0     		add	sp, sp, #20
 118              	.LCFI2:
 119              		.cfi_remember_state
 120              		.cfi_def_cfa_offset 4
 121              		@ sp needed
 122 0054 5DF804FB 		ldr	pc, [sp], #4
 123              	.L5:
 124              	.LCFI3:
 125              		.cfi_restore_state
  59:Src/adc.c     ****   }
 126              		.loc 1 59 5 is_stmt 1 view .LVU40
 127 0058 FFF7FEFF 		bl	Error_Handler
 128              	.LVL2:
 129 005c EEE7     		b	.L2
 130              	.L6:
  69:Src/adc.c     ****   }
 131              		.loc 1 69 5 view .LVU41
 132 005e FFF7FEFF 		bl	Error_Handler
 133              	.LVL3:
 134              		.loc 1 75 1 is_stmt 0 view .LVU42
 135 0062 F6E7     		b	.L1
 136              	.L8:
 137              		.align	2
 138              	.L7:
 139 0064 00000000 		.word	hadc1
 140 0068 00200140 		.word	1073815552
 141 006c 0100000F 		.word	251658241
 142              		.cfi_endproc
 143              	.LFE235:
 145              		.section	.text.HAL_ADC_MspInit,"ax",%progbits
 146              		.align	1
 147              		.global	HAL_ADC_MspInit
 148              		.syntax unified
 149              		.thumb
 150              		.thumb_func
 152              	HAL_ADC_MspInit:
 153              	.LVL4:
 154              	.LFB236:
ARM GAS  C:\Users\ADMINI~1\AppData\Local\Temp\ccJy4cgf.s 			page 5


  76:Src/adc.c     **** 
  77:Src/adc.c     **** void HAL_ADC_MspInit(ADC_HandleTypeDef* adcHandle)
  78:Src/adc.c     **** {
 155              		.loc 1 78 1 is_stmt 1 view -0
 156              		.cfi_startproc
 157              		@ args = 0, pretend = 0, frame = 8
 158              		@ frame_needed = 0, uses_anonymous_args = 0
 159              		@ link register save eliminated.
  79:Src/adc.c     **** 
  80:Src/adc.c     ****   if(adcHandle->Instance==ADC1)
 160              		.loc 1 80 3 view .LVU44
 161              		.loc 1 80 15 is_stmt 0 view .LVU45
 162 0000 0268     		ldr	r2, [r0]
 163              		.loc 1 80 5 view .LVU46
 164 0002 094B     		ldr	r3, .L16
 165 0004 9A42     		cmp	r2, r3
 166 0006 00D0     		beq	.L15
 167 0008 7047     		bx	lr
 168              	.L15:
  78:Src/adc.c     **** 
 169              		.loc 1 78 1 view .LVU47
 170 000a 82B0     		sub	sp, sp, #8
 171              	.LCFI4:
 172              		.cfi_def_cfa_offset 8
  81:Src/adc.c     ****   {
  82:Src/adc.c     ****   /* USER CODE BEGIN ADC1_MspInit 0 */
  83:Src/adc.c     **** 
  84:Src/adc.c     ****   /* USER CODE END ADC1_MspInit 0 */
  85:Src/adc.c     ****     /* ADC1 clock enable */
  86:Src/adc.c     ****     __HAL_RCC_ADC1_CLK_ENABLE();
 173              		.loc 1 86 5 is_stmt 1 view .LVU48
 174              	.LBB2:
 175              		.loc 1 86 5 view .LVU49
 176 000c 0023     		movs	r3, #0
 177 000e 0193     		str	r3, [sp, #4]
 178              		.loc 1 86 5 view .LVU50
 179 0010 064B     		ldr	r3, .L16+4
 180 0012 5A6C     		ldr	r2, [r3, #68]
 181 0014 42F48072 		orr	r2, r2, #256
 182 0018 5A64     		str	r2, [r3, #68]
 183              		.loc 1 86 5 view .LVU51
 184 001a 5B6C     		ldr	r3, [r3, #68]
 185 001c 03F48073 		and	r3, r3, #256
 186 0020 0193     		str	r3, [sp, #4]
 187              		.loc 1 86 5 view .LVU52
 188 0022 019B     		ldr	r3, [sp, #4]
 189              	.LBE2:
 190              		.loc 1 86 5 discriminator 1 view .LVU53
  87:Src/adc.c     ****   /* USER CODE BEGIN ADC1_MspInit 1 */
  88:Src/adc.c     **** 
  89:Src/adc.c     ****   /* USER CODE END ADC1_MspInit 1 */
  90:Src/adc.c     ****   }
  91:Src/adc.c     **** }
 191              		.loc 1 91 1 is_stmt 0 view .LVU54
 192 0024 02B0     		add	sp, sp, #8
 193              	.LCFI5:
 194              		.cfi_def_cfa_offset 0
ARM GAS  C:\Users\ADMINI~1\AppData\Local\Temp\ccJy4cgf.s 			page 6


 195              		@ sp needed
 196 0026 7047     		bx	lr
 197              	.L17:
 198              		.align	2
 199              	.L16:
 200 0028 00200140 		.word	1073815552
 201 002c 00380240 		.word	1073887232
 202              		.cfi_endproc
 203              	.LFE236:
 205              		.section	.text.HAL_ADC_MspDeInit,"ax",%progbits
 206              		.align	1
 207              		.global	HAL_ADC_MspDeInit
 208              		.syntax unified
 209              		.thumb
 210              		.thumb_func
 212              	HAL_ADC_MspDeInit:
 213              	.LVL5:
 214              	.LFB237:
  92:Src/adc.c     **** 
  93:Src/adc.c     **** void HAL_ADC_MspDeInit(ADC_HandleTypeDef* adcHandle)
  94:Src/adc.c     **** {
 215              		.loc 1 94 1 is_stmt 1 view -0
 216              		.cfi_startproc
 217              		@ args = 0, pretend = 0, frame = 0
 218              		@ frame_needed = 0, uses_anonymous_args = 0
 219              		@ link register save eliminated.
  95:Src/adc.c     **** 
  96:Src/adc.c     ****   if(adcHandle->Instance==ADC1)
 220              		.loc 1 96 3 view .LVU56
 221              		.loc 1 96 15 is_stmt 0 view .LVU57
 222 0000 0268     		ldr	r2, [r0]
 223              		.loc 1 96 5 view .LVU58
 224 0002 054B     		ldr	r3, .L21
 225 0004 9A42     		cmp	r2, r3
 226 0006 00D0     		beq	.L20
 227              	.L18:
  97:Src/adc.c     ****   {
  98:Src/adc.c     ****   /* USER CODE BEGIN ADC1_MspDeInit 0 */
  99:Src/adc.c     **** 
 100:Src/adc.c     ****   /* USER CODE END ADC1_MspDeInit 0 */
 101:Src/adc.c     ****     /* Peripheral clock disable */
 102:Src/adc.c     ****     __HAL_RCC_ADC1_CLK_DISABLE();
 103:Src/adc.c     ****   /* USER CODE BEGIN ADC1_MspDeInit 1 */
 104:Src/adc.c     **** 
 105:Src/adc.c     ****   /* USER CODE END ADC1_MspDeInit 1 */
 106:Src/adc.c     ****   }
 107:Src/adc.c     **** }
 228              		.loc 1 107 1 view .LVU59
 229 0008 7047     		bx	lr
 230              	.L20:
 102:Src/adc.c     ****   /* USER CODE BEGIN ADC1_MspDeInit 1 */
 231              		.loc 1 102 5 is_stmt 1 view .LVU60
 232 000a 044A     		ldr	r2, .L21+4
 233 000c 536C     		ldr	r3, [r2, #68]
 234 000e 23F48073 		bic	r3, r3, #256
 235 0012 5364     		str	r3, [r2, #68]
 236              		.loc 1 107 1 is_stmt 0 view .LVU61
ARM GAS  C:\Users\ADMINI~1\AppData\Local\Temp\ccJy4cgf.s 			page 7


 237 0014 F8E7     		b	.L18
 238              	.L22:
 239 0016 00BF     		.align	2
 240              	.L21:
 241 0018 00200140 		.word	1073815552
 242 001c 00380240 		.word	1073887232
 243              		.cfi_endproc
 244              	.LFE237:
 246              		.global	hadc1
 247              		.section	.bss.hadc1,"aw",%nobits
 248              		.align	2
 251              	hadc1:
 252 0000 00000000 		.space	72
 252      00000000 
 252      00000000 
 252      00000000 
 252      00000000 
 253              		.text
 254              	.Letext0:
 255              		.file 2 "D:/Msys2/mingw64/arm-none-eabi/include/machine/_default_types.h"
 256              		.file 3 "D:/Msys2/mingw64/arm-none-eabi/include/sys/_stdint.h"
 257              		.file 4 "Drivers/CMSIS/Device/ST/STM32F4xx/Include/stm32f407xx.h"
 258              		.file 5 "Drivers/CMSIS/Device/ST/STM32F4xx/Include/stm32f4xx.h"
 259              		.file 6 "Drivers/STM32F4xx_HAL_Driver/Inc/stm32f4xx_hal_def.h"
 260              		.file 7 "Drivers/STM32F4xx_HAL_Driver/Inc/stm32f4xx_hal_dma.h"
 261              		.file 8 "Drivers/STM32F4xx_HAL_Driver/Inc/stm32f4xx_hal_adc.h"
 262              		.file 9 "Inc/adc.h"
 263              		.file 10 "Inc/main.h"
ARM GAS  C:\Users\ADMINI~1\AppData\Local\Temp\ccJy4cgf.s 			page 8


DEFINED SYMBOLS
                            *ABS*:00000000 adc.c
C:\Users\ADMINI~1\AppData\Local\Temp\ccJy4cgf.s:21     .text.MX_ADC1_Init:00000000 $t
C:\Users\ADMINI~1\AppData\Local\Temp\ccJy4cgf.s:27     .text.MX_ADC1_Init:00000000 MX_ADC1_Init
C:\Users\ADMINI~1\AppData\Local\Temp\ccJy4cgf.s:139    .text.MX_ADC1_Init:00000064 $d
C:\Users\ADMINI~1\AppData\Local\Temp\ccJy4cgf.s:251    .bss.hadc1:00000000 hadc1
C:\Users\ADMINI~1\AppData\Local\Temp\ccJy4cgf.s:146    .text.HAL_ADC_MspInit:00000000 $t
C:\Users\ADMINI~1\AppData\Local\Temp\ccJy4cgf.s:152    .text.HAL_ADC_MspInit:00000000 HAL_ADC_MspInit
C:\Users\ADMINI~1\AppData\Local\Temp\ccJy4cgf.s:200    .text.HAL_ADC_MspInit:00000028 $d
C:\Users\ADMINI~1\AppData\Local\Temp\ccJy4cgf.s:206    .text.HAL_ADC_MspDeInit:00000000 $t
C:\Users\ADMINI~1\AppData\Local\Temp\ccJy4cgf.s:212    .text.HAL_ADC_MspDeInit:00000000 HAL_ADC_MspDeInit
C:\Users\ADMINI~1\AppData\Local\Temp\ccJy4cgf.s:241    .text.HAL_ADC_MspDeInit:00000018 $d
C:\Users\ADMINI~1\AppData\Local\Temp\ccJy4cgf.s:248    .bss.hadc1:00000000 $d

UNDEFINED SYMBOLS
HAL_ADC_Init
HAL_ADC_ConfigChannel
Error_Handler
