ARM GAS  C:\Users\ADMINI~1\AppData\Local\Temp\ccclYxCc.s 			page 1


   1              		.cpu cortex-m4
   2              		.arch armv7e-m
   3              		.fpu fpv4-sp-d16
   4              		.eabi_attribute 27, 1
   5              		.eabi_attribute 28, 1
   6              		.eabi_attribute 20, 1
   7              		.eabi_attribute 21, 1
   8              		.eabi_attribute 23, 3
   9              		.eabi_attribute 24, 1
  10              		.eabi_attribute 25, 1
  11              		.eabi_attribute 26, 1
  12              		.eabi_attribute 30, 1
  13              		.eabi_attribute 34, 1
  14              		.eabi_attribute 18, 4
  15              		.file	"bsp_gpio.c"
  16              		.text
  17              	.Ltext0:
  18              		.cfi_sections	.debug_frame
  19              		.file 1 "bsp/gpio/bsp_gpio.c"
  20              		.section	.text.HAL_GPIO_EXTI_Callback,"ax",%progbits
  21              		.align	1
  22              		.global	HAL_GPIO_EXTI_Callback
  23              		.syntax unified
  24              		.thumb
  25              		.thumb_func
  27              	HAL_GPIO_EXTI_Callback:
  28              	.LVL0:
  29              	.LFB235:
   1:bsp/gpio/bsp_gpio.c **** #include "bsp_gpio.h"
   2:bsp/gpio/bsp_gpio.c **** #include "memory.h"
   3:bsp/gpio/bsp_gpio.c **** #include "stdlib.h"
   4:bsp/gpio/bsp_gpio.c **** 
   5:bsp/gpio/bsp_gpio.c **** static uint8_t idx;
   6:bsp/gpio/bsp_gpio.c **** static GPIOInstance *gpio_instance[GPIO_MX_DEVICE_NUM] = {NULL};
   7:bsp/gpio/bsp_gpio.c **** 
   8:bsp/gpio/bsp_gpio.c **** /**
   9:bsp/gpio/bsp_gpio.c ****  * @brief EXTI‰∏≠Êñ≠ÂõûË∞ÉÂáΩÊï∞,Ê†πÊçÆGPIO_PinÊâæÂà∞ÂØπÂ∫îÁöÑGPIOInstance,Âπ∂Ë∞ÉÁî®Ê®°ÂùóÂõûË∞ÉÂáΩ
  10:bsp/gpio/bsp_gpio.c ****  * @note Â¶Ç‰ΩïÂà§Êñ≠ÂÖ∑‰ΩìÊòØÂì™‰∏Ä‰∏™GPIOÁöÑÂºïËÑöËøûÊé•Âà∞Ëøô‰∏™EXTI‰∏≠Êñ≠Á∫ø‰∏ä?
  11:bsp/gpio/bsp_gpio.c ****  *       ‰∏Ä‰∏™EXTI‰∏≠Êñ≠Á∫øÂè™ËÉΩËøûÊé•‰∏Ä‰∏™GPIOÂºïËÑö,Âõ†Ê≠§ÂèØ‰ª•ÈÄöËøáGPIO_PinÊù•Âà§Êñ≠,PinXÂØ
  12:bsp/gpio/bsp_gpio.c ****  *       ‰∏Ä‰∏™PinÂè∑Âè™‰ºöÂØπÂ∫î‰∏Ä‰∏™EXTI,ËØ¶ÊÉÖËßÅgpio.md
  13:bsp/gpio/bsp_gpio.c ****  * @param GPIO_Pin ÂèëÁîü‰∏≠Êñ≠ÁöÑGPIO_Pin
  14:bsp/gpio/bsp_gpio.c ****  */
  15:bsp/gpio/bsp_gpio.c **** void HAL_GPIO_EXTI_Callback(uint16_t GPIO_Pin)
  16:bsp/gpio/bsp_gpio.c **** {
  30              		.loc 1 16 1 view -0
  31              		.cfi_startproc
  32              		@ args = 0, pretend = 0, frame = 0
  33              		@ frame_needed = 0, uses_anonymous_args = 0
  34              		.loc 1 16 1 is_stmt 0 view .LVU1
  35 0000 08B5     		push	{r3, lr}
  36              	.LCFI0:
  37              		.cfi_def_cfa_offset 8
  38              		.cfi_offset 3, -8
  39              		.cfi_offset 14, -4
  17:bsp/gpio/bsp_gpio.c ****     // Â¶ÇÊúâÂøÖË¶Å,ÂèØ‰ª•Ê†πÊçÆpinstateÂíåHAL_GPIO_ReadPinÊù•Âà§Êñ≠ÊòØ‰∏äÂçáÊ≤øËøòÊòØ‰∏ãÈôçÊ≤ø/ris
  18:bsp/gpio/bsp_gpio.c ****     GPIOInstance *gpio;
  40              		.loc 1 18 5 is_stmt 1 view .LVU2
ARM GAS  C:\Users\ADMINI~1\AppData\Local\Temp\ccclYxCc.s 			page 2


  19:bsp/gpio/bsp_gpio.c ****     for (size_t i = 0; i < idx; i++)
  41              		.loc 1 19 5 view .LVU3
  42              	.LBB2:
  43              		.loc 1 19 10 view .LVU4
  44              	.LVL1:
  45              		.loc 1 19 17 is_stmt 0 view .LVU5
  46 0002 0023     		movs	r3, #0
  47              		.loc 1 19 5 view .LVU6
  48 0004 00E0     		b	.L2
  49              	.LVL2:
  50              	.L3:
  51              		.loc 1 19 34 is_stmt 1 discriminator 2 view .LVU7
  52 0006 0133     		adds	r3, r3, #1
  53              	.LVL3:
  54              	.L2:
  55              		.loc 1 19 26 discriminator 1 view .LVU8
  56 0008 074A     		ldr	r2, .L7
  57 000a 1278     		ldrb	r2, [r2]	@ zero_extendqisi2
  58 000c 9A42     		cmp	r2, r3
  59 000e 0AD9     		bls	.L1
  20:bsp/gpio/bsp_gpio.c ****     {
  21:bsp/gpio/bsp_gpio.c ****         gpio = gpio_instance[i];
  60              		.loc 1 21 9 view .LVU9
  61              		.loc 1 21 14 is_stmt 0 view .LVU10
  62 0010 064A     		ldr	r2, .L7+4
  63 0012 52F82320 		ldr	r2, [r2, r3, lsl #2]
  64              	.LVL4:
  22:bsp/gpio/bsp_gpio.c ****         if (gpio->GPIO_Pin == GPIO_Pin && gpio->gpio_model_callback != NULL)
  65              		.loc 1 22 9 is_stmt 1 view .LVU11
  66              		.loc 1 22 17 is_stmt 0 view .LVU12
  67 0016 D188     		ldrh	r1, [r2, #6]
  68              		.loc 1 22 12 view .LVU13
  69 0018 8142     		cmp	r1, r0
  70 001a F4D1     		bne	.L3
  71              		.loc 1 22 47 discriminator 1 view .LVU14
  72 001c 9168     		ldr	r1, [r2, #8]
  73              		.loc 1 22 40 discriminator 1 view .LVU15
  74 001e 0029     		cmp	r1, #0
  75 0020 F1D0     		beq	.L3
  23:bsp/gpio/bsp_gpio.c ****         {
  24:bsp/gpio/bsp_gpio.c ****             gpio->gpio_model_callback(gpio);
  76              		.loc 1 24 13 is_stmt 1 view .LVU16
  77 0022 1046     		mov	r0, r2
  78              	.LVL5:
  79              		.loc 1 24 13 is_stmt 0 view .LVU17
  80 0024 8847     		blx	r1
  81              	.LVL6:
  25:bsp/gpio/bsp_gpio.c ****             return;
  82              		.loc 1 25 13 is_stmt 1 view .LVU18
  83              	.L1:
  84              		.loc 1 25 13 is_stmt 0 view .LVU19
  85              	.LBE2:
  26:bsp/gpio/bsp_gpio.c ****         }
  27:bsp/gpio/bsp_gpio.c ****     }
  28:bsp/gpio/bsp_gpio.c **** }
  86              		.loc 1 28 1 view .LVU20
  87 0026 08BD     		pop	{r3, pc}
ARM GAS  C:\Users\ADMINI~1\AppData\Local\Temp\ccclYxCc.s 			page 3


  88              	.L8:
  89              		.align	2
  90              	.L7:
  91 0028 00000000 		.word	idx
  92 002c 00000000 		.word	gpio_instance
  93              		.cfi_endproc
  94              	.LFE235:
  96              		.section	.text.GPIORegister,"ax",%progbits
  97              		.align	1
  98              		.global	GPIORegister
  99              		.syntax unified
 100              		.thumb
 101              		.thumb_func
 103              	GPIORegister:
 104              	.LVL7:
 105              	.LFB236:
  29:bsp/gpio/bsp_gpio.c **** 
  30:bsp/gpio/bsp_gpio.c **** GPIOInstance *GPIORegister(GPIO_Init_Config_s *GPIO_config)
  31:bsp/gpio/bsp_gpio.c **** {
 106              		.loc 1 31 1 is_stmt 1 view -0
 107              		.cfi_startproc
 108              		@ args = 0, pretend = 0, frame = 0
 109              		@ frame_needed = 0, uses_anonymous_args = 0
 110              		.loc 1 31 1 is_stmt 0 view .LVU22
 111 0000 10B5     		push	{r4, lr}
 112              	.LCFI1:
 113              		.cfi_def_cfa_offset 8
 114              		.cfi_offset 4, -8
 115              		.cfi_offset 14, -4
 116 0002 0446     		mov	r4, r0
  32:bsp/gpio/bsp_gpio.c ****     GPIOInstance *ins = (GPIOInstance *)malloc(sizeof(GPIOInstance));
 117              		.loc 1 32 5 is_stmt 1 view .LVU23
 118              		.loc 1 32 41 is_stmt 0 view .LVU24
 119 0004 1020     		movs	r0, #16
 120              	.LVL8:
 121              		.loc 1 32 41 view .LVU25
 122 0006 FFF7FEFF 		bl	malloc
 123              	.LVL9:
  33:bsp/gpio/bsp_gpio.c ****     memset(ins, 0, sizeof(GPIOInstance));
 124              		.loc 1 33 5 is_stmt 1 view .LVU26
 125 000a 0022     		movs	r2, #0
 126 000c 0260     		str	r2, [r0]	@ unaligned
 127 000e 4260     		str	r2, [r0, #4]	@ unaligned
 128 0010 8260     		str	r2, [r0, #8]	@ unaligned
 129 0012 C260     		str	r2, [r0, #12]	@ unaligned
  34:bsp/gpio/bsp_gpio.c **** 
  35:bsp/gpio/bsp_gpio.c ****     ins->GPIOx = GPIO_config->GPIOx;
 130              		.loc 1 35 5 view .LVU27
 131              		.loc 1 35 29 is_stmt 0 view .LVU28
 132 0014 2268     		ldr	r2, [r4]
 133              		.loc 1 35 16 view .LVU29
 134 0016 0260     		str	r2, [r0]
  36:bsp/gpio/bsp_gpio.c ****     ins->GPIO_Pin = GPIO_config->GPIO_Pin;
 135              		.loc 1 36 5 is_stmt 1 view .LVU30
 136              		.loc 1 36 32 is_stmt 0 view .LVU31
 137 0018 E288     		ldrh	r2, [r4, #6]
 138              		.loc 1 36 19 view .LVU32
ARM GAS  C:\Users\ADMINI~1\AppData\Local\Temp\ccclYxCc.s 			page 4


 139 001a C280     		strh	r2, [r0, #6]	@ movhi
  37:bsp/gpio/bsp_gpio.c ****     ins->pin_state = GPIO_config->pin_state;
 140              		.loc 1 37 5 is_stmt 1 view .LVU33
 141              		.loc 1 37 33 is_stmt 0 view .LVU34
 142 001c 2279     		ldrb	r2, [r4, #4]	@ zero_extendqisi2
 143              		.loc 1 37 20 view .LVU35
 144 001e 0271     		strb	r2, [r0, #4]
  38:bsp/gpio/bsp_gpio.c ****     ins->exti_mode = GPIO_config->exti_mode;
 145              		.loc 1 38 5 is_stmt 1 view .LVU36
 146              		.loc 1 38 33 is_stmt 0 view .LVU37
 147 0020 6279     		ldrb	r2, [r4, #5]	@ zero_extendqisi2
 148              		.loc 1 38 20 view .LVU38
 149 0022 4271     		strb	r2, [r0, #5]
  39:bsp/gpio/bsp_gpio.c ****     ins->id = GPIO_config->id;
 150              		.loc 1 39 5 is_stmt 1 view .LVU39
 151              		.loc 1 39 26 is_stmt 0 view .LVU40
 152 0024 E268     		ldr	r2, [r4, #12]
 153              		.loc 1 39 13 view .LVU41
 154 0026 C260     		str	r2, [r0, #12]
  40:bsp/gpio/bsp_gpio.c ****     ins->gpio_model_callback = GPIO_config->gpio_model_callback;
 155              		.loc 1 40 5 is_stmt 1 view .LVU42
 156              		.loc 1 40 43 is_stmt 0 view .LVU43
 157 0028 A268     		ldr	r2, [r4, #8]
 158              		.loc 1 40 30 view .LVU44
 159 002a 8260     		str	r2, [r0, #8]
  41:bsp/gpio/bsp_gpio.c ****     gpio_instance[idx++] = ins;
 160              		.loc 1 41 5 is_stmt 1 view .LVU45
 161              		.loc 1 41 22 is_stmt 0 view .LVU46
 162 002c 0349     		ldr	r1, .L11
 163 002e 0A78     		ldrb	r2, [r1]	@ zero_extendqisi2
 164 0030 541C     		adds	r4, r2, #1
 165              	.LVL10:
 166              		.loc 1 41 22 view .LVU47
 167 0032 0C70     		strb	r4, [r1]
 168              		.loc 1 41 26 view .LVU48
 169 0034 0249     		ldr	r1, .L11+4
 170 0036 41F82200 		str	r0, [r1, r2, lsl #2]
  42:bsp/gpio/bsp_gpio.c ****     return ins;
 171              		.loc 1 42 5 is_stmt 1 view .LVU49
  43:bsp/gpio/bsp_gpio.c **** }
 172              		.loc 1 43 1 is_stmt 0 view .LVU50
 173 003a 10BD     		pop	{r4, pc}
 174              	.L12:
 175              		.align	2
 176              	.L11:
 177 003c 00000000 		.word	idx
 178 0040 00000000 		.word	gpio_instance
 179              		.cfi_endproc
 180              	.LFE236:
 182              		.section	.text.GPIOToggel,"ax",%progbits
 183              		.align	1
 184              		.global	GPIOToggel
 185              		.syntax unified
 186              		.thumb
 187              		.thumb_func
 189              	GPIOToggel:
 190              	.LVL11:
ARM GAS  C:\Users\ADMINI~1\AppData\Local\Temp\ccclYxCc.s 			page 5


 191              	.LFB237:
  44:bsp/gpio/bsp_gpio.c **** 
  45:bsp/gpio/bsp_gpio.c **** // ----------------- GPIO API -----------------
  46:bsp/gpio/bsp_gpio.c **** // ÈÉΩÊòØÂØπHALÁöÑÂΩ¢Âºè‰∏äÁöÑÂ∞ÅË£Ö,ÂêéÁª≠ËÄÉËôëÂ¢ûÂä†GPIO stateÂèòÈáè,ÂèØ‰ª•Áõ¥Êé•ËØªÂèñstate
  47:bsp/gpio/bsp_gpio.c **** 
  48:bsp/gpio/bsp_gpio.c **** void GPIOToggel(GPIOInstance *_instance)
  49:bsp/gpio/bsp_gpio.c **** {
 192              		.loc 1 49 1 is_stmt 1 view -0
 193              		.cfi_startproc
 194              		@ args = 0, pretend = 0, frame = 0
 195              		@ frame_needed = 0, uses_anonymous_args = 0
 196              		.loc 1 49 1 is_stmt 0 view .LVU52
 197 0000 08B5     		push	{r3, lr}
 198              	.LCFI2:
 199              		.cfi_def_cfa_offset 8
 200              		.cfi_offset 3, -8
 201              		.cfi_offset 14, -4
  50:bsp/gpio/bsp_gpio.c ****     HAL_GPIO_TogglePin(_instance->GPIOx, _instance->GPIO_Pin);
 202              		.loc 1 50 5 is_stmt 1 view .LVU53
 203 0002 C188     		ldrh	r1, [r0, #6]
 204 0004 0068     		ldr	r0, [r0]
 205              	.LVL12:
 206              		.loc 1 50 5 is_stmt 0 view .LVU54
 207 0006 FFF7FEFF 		bl	HAL_GPIO_TogglePin
 208              	.LVL13:
  51:bsp/gpio/bsp_gpio.c **** }
 209              		.loc 1 51 1 view .LVU55
 210 000a 08BD     		pop	{r3, pc}
 211              		.cfi_endproc
 212              	.LFE237:
 214              		.section	.text.GPIOSet,"ax",%progbits
 215              		.align	1
 216              		.global	GPIOSet
 217              		.syntax unified
 218              		.thumb
 219              		.thumb_func
 221              	GPIOSet:
 222              	.LVL14:
 223              	.LFB238:
  52:bsp/gpio/bsp_gpio.c **** 
  53:bsp/gpio/bsp_gpio.c **** void GPIOSet(GPIOInstance *_instance)
  54:bsp/gpio/bsp_gpio.c **** {
 224              		.loc 1 54 1 is_stmt 1 view -0
 225              		.cfi_startproc
 226              		@ args = 0, pretend = 0, frame = 0
 227              		@ frame_needed = 0, uses_anonymous_args = 0
 228              		.loc 1 54 1 is_stmt 0 view .LVU57
 229 0000 08B5     		push	{r3, lr}
 230              	.LCFI3:
 231              		.cfi_def_cfa_offset 8
 232              		.cfi_offset 3, -8
 233              		.cfi_offset 14, -4
  55:bsp/gpio/bsp_gpio.c ****     HAL_GPIO_WritePin(_instance->GPIOx, _instance->GPIO_Pin, GPIO_PIN_SET);
 234              		.loc 1 55 5 is_stmt 1 view .LVU58
 235 0002 0122     		movs	r2, #1
 236 0004 C188     		ldrh	r1, [r0, #6]
 237 0006 0068     		ldr	r0, [r0]
ARM GAS  C:\Users\ADMINI~1\AppData\Local\Temp\ccclYxCc.s 			page 6


 238              	.LVL15:
 239              		.loc 1 55 5 is_stmt 0 view .LVU59
 240 0008 FFF7FEFF 		bl	HAL_GPIO_WritePin
 241              	.LVL16:
  56:bsp/gpio/bsp_gpio.c **** }
 242              		.loc 1 56 1 view .LVU60
 243 000c 08BD     		pop	{r3, pc}
 244              		.cfi_endproc
 245              	.LFE238:
 247              		.section	.text.GPIOReset,"ax",%progbits
 248              		.align	1
 249              		.global	GPIOReset
 250              		.syntax unified
 251              		.thumb
 252              		.thumb_func
 254              	GPIOReset:
 255              	.LVL17:
 256              	.LFB239:
  57:bsp/gpio/bsp_gpio.c **** 
  58:bsp/gpio/bsp_gpio.c **** void GPIOReset(GPIOInstance *_instance)
  59:bsp/gpio/bsp_gpio.c **** {
 257              		.loc 1 59 1 is_stmt 1 view -0
 258              		.cfi_startproc
 259              		@ args = 0, pretend = 0, frame = 0
 260              		@ frame_needed = 0, uses_anonymous_args = 0
 261              		.loc 1 59 1 is_stmt 0 view .LVU62
 262 0000 08B5     		push	{r3, lr}
 263              	.LCFI4:
 264              		.cfi_def_cfa_offset 8
 265              		.cfi_offset 3, -8
 266              		.cfi_offset 14, -4
  60:bsp/gpio/bsp_gpio.c ****     HAL_GPIO_WritePin(_instance->GPIOx, _instance->GPIO_Pin, GPIO_PIN_RESET);
 267              		.loc 1 60 5 is_stmt 1 view .LVU63
 268 0002 0022     		movs	r2, #0
 269 0004 C188     		ldrh	r1, [r0, #6]
 270 0006 0068     		ldr	r0, [r0]
 271              	.LVL18:
 272              		.loc 1 60 5 is_stmt 0 view .LVU64
 273 0008 FFF7FEFF 		bl	HAL_GPIO_WritePin
 274              	.LVL19:
  61:bsp/gpio/bsp_gpio.c **** }
 275              		.loc 1 61 1 view .LVU65
 276 000c 08BD     		pop	{r3, pc}
 277              		.cfi_endproc
 278              	.LFE239:
 280              		.section	.text.GPIORead,"ax",%progbits
 281              		.align	1
 282              		.global	GPIORead
 283              		.syntax unified
 284              		.thumb
 285              		.thumb_func
 287              	GPIORead:
 288              	.LVL20:
 289              	.LFB240:
  62:bsp/gpio/bsp_gpio.c **** 
  63:bsp/gpio/bsp_gpio.c **** GPIO_PinState GPIORead(GPIOInstance *_instance)
  64:bsp/gpio/bsp_gpio.c **** {
ARM GAS  C:\Users\ADMINI~1\AppData\Local\Temp\ccclYxCc.s 			page 7


 290              		.loc 1 64 1 is_stmt 1 view -0
 291              		.cfi_startproc
 292              		@ args = 0, pretend = 0, frame = 0
 293              		@ frame_needed = 0, uses_anonymous_args = 0
 294              		.loc 1 64 1 is_stmt 0 view .LVU67
 295 0000 08B5     		push	{r3, lr}
 296              	.LCFI5:
 297              		.cfi_def_cfa_offset 8
 298              		.cfi_offset 3, -8
 299              		.cfi_offset 14, -4
  65:bsp/gpio/bsp_gpio.c ****     return HAL_GPIO_ReadPin(_instance->GPIOx, _instance->GPIO_Pin);
 300              		.loc 1 65 5 is_stmt 1 view .LVU68
 301              		.loc 1 65 12 is_stmt 0 view .LVU69
 302 0002 C188     		ldrh	r1, [r0, #6]
 303 0004 0068     		ldr	r0, [r0]
 304              	.LVL21:
 305              		.loc 1 65 12 view .LVU70
 306 0006 FFF7FEFF 		bl	HAL_GPIO_ReadPin
 307              	.LVL22:
  66:bsp/gpio/bsp_gpio.c **** }
 308              		.loc 1 66 1 view .LVU71
 309 000a 08BD     		pop	{r3, pc}
 310              		.cfi_endproc
 311              	.LFE240:
 313              		.section	.bss.gpio_instance,"aw",%nobits
 314              		.align	2
 317              	gpio_instance:
 318 0000 00000000 		.space	40
 318      00000000 
 318      00000000 
 318      00000000 
 318      00000000 
 319              		.section	.bss.idx,"aw",%nobits
 322              	idx:
 323 0000 00       		.space	1
 324              		.text
 325              	.Letext0:
 326              		.file 2 "D:/Msys2/mingw64/arm-none-eabi/include/machine/_default_types.h"
 327              		.file 3 "D:/Msys2/mingw64/arm-none-eabi/include/sys/_stdint.h"
 328              		.file 4 "Drivers/CMSIS/Device/ST/STM32F4xx/Include/stm32f407xx.h"
 329              		.file 5 "D:/Msys2/mingw64/lib/gcc/arm-none-eabi/13.3.0/include/stddef.h"
 330              		.file 6 "Drivers/STM32F4xx_HAL_Driver/Inc/stm32f4xx_hal_gpio.h"
 331              		.file 7 "bsp/gpio/bsp_gpio.h"
 332              		.file 8 "D:/Msys2/mingw64/arm-none-eabi/include/string.h"
 333              		.file 9 "D:/Msys2/mingw64/arm-none-eabi/include/stdlib.h"
ARM GAS  C:\Users\ADMINI~1\AppData\Local\Temp\ccclYxCc.s 			page 8


DEFINED SYMBOLS
                            *ABS*:00000000 bsp_gpio.c
C:\Users\ADMINI~1\AppData\Local\Temp\ccclYxCc.s:21     .text.HAL_GPIO_EXTI_Callback:00000000 $t
C:\Users\ADMINI~1\AppData\Local\Temp\ccclYxCc.s:27     .text.HAL_GPIO_EXTI_Callback:00000000 HAL_GPIO_EXTI_Callback
C:\Users\ADMINI~1\AppData\Local\Temp\ccclYxCc.s:91     .text.HAL_GPIO_EXTI_Callback:00000028 $d
C:\Users\ADMINI~1\AppData\Local\Temp\ccclYxCc.s:322    .bss.idx:00000000 idx
C:\Users\ADMINI~1\AppData\Local\Temp\ccclYxCc.s:317    .bss.gpio_instance:00000000 gpio_instance
C:\Users\ADMINI~1\AppData\Local\Temp\ccclYxCc.s:97     .text.GPIORegister:00000000 $t
C:\Users\ADMINI~1\AppData\Local\Temp\ccclYxCc.s:103    .text.GPIORegister:00000000 GPIORegister
C:\Users\ADMINI~1\AppData\Local\Temp\ccclYxCc.s:177    .text.GPIORegister:0000003c $d
C:\Users\ADMINI~1\AppData\Local\Temp\ccclYxCc.s:183    .text.GPIOToggel:00000000 $t
C:\Users\ADMINI~1\AppData\Local\Temp\ccclYxCc.s:189    .text.GPIOToggel:00000000 GPIOToggel
C:\Users\ADMINI~1\AppData\Local\Temp\ccclYxCc.s:215    .text.GPIOSet:00000000 $t
C:\Users\ADMINI~1\AppData\Local\Temp\ccclYxCc.s:221    .text.GPIOSet:00000000 GPIOSet
C:\Users\ADMINI~1\AppData\Local\Temp\ccclYxCc.s:248    .text.GPIOReset:00000000 $t
C:\Users\ADMINI~1\AppData\Local\Temp\ccclYxCc.s:254    .text.GPIOReset:00000000 GPIOReset
C:\Users\ADMINI~1\AppData\Local\Temp\ccclYxCc.s:281    .text.GPIORead:00000000 $t
C:\Users\ADMINI~1\AppData\Local\Temp\ccclYxCc.s:287    .text.GPIORead:00000000 GPIORead
C:\Users\ADMINI~1\AppData\Local\Temp\ccclYxCc.s:314    .bss.gpio_instance:00000000 $d
C:\Users\ADMINI~1\AppData\Local\Temp\ccclYxCc.s:323    .bss.idx:00000000 $d

UNDEFINED SYMBOLS
malloc
HAL_GPIO_TogglePin
HAL_GPIO_WritePin
HAL_GPIO_ReadPin
