ARM GAS  C:\Users\ADMINI~1\AppData\Local\Temp\ccLavK59.s 			page 1


   1              		.cpu cortex-m4
   2              		.arch armv7e-m
   3              		.fpu fpv4-sp-d16
   4              		.eabi_attribute 27, 1
   5              		.eabi_attribute 28, 1
   6              		.eabi_attribute 20, 1
   7              		.eabi_attribute 21, 1
   8              		.eabi_attribute 23, 3
   9              		.eabi_attribute 24, 1
  10              		.eabi_attribute 25, 1
  11              		.eabi_attribute 26, 1
  12              		.eabi_attribute 30, 1
  13              		.eabi_attribute 34, 1
  14              		.eabi_attribute 18, 4
  15              		.file	"crc8.c"
  16              		.text
  17              	.Ltext0:
  18              		.cfi_sections	.debug_frame
  19              		.file 1 "modules/algorithm/crc8.c"
  20              		.section	.text.crc_8,"ax",%progbits
  21              		.align	1
  22              		.global	crc_8
  23              		.syntax unified
  24              		.thumb
  25              		.thumb_func
  27              	crc_8:
  28              	.LVL0:
  29              	.LFB235:
   1:modules/algorithm/crc8.c **** #include "crc8.h"
   2:modules/algorithm/crc8.c **** 
   3:modules/algorithm/crc8.c **** /*
   4:modules/algorithm/crc8.c ****  * static uint8_t sht75_crc_table[];
   5:modules/algorithm/crc8.c ****  *
   6:modules/algorithm/crc8.c ****  * The SHT75 humidity sensor is capable of calculating an 8 bit CRC checksum to
   7:modules/algorithm/crc8.c ****  * ensure data integrity. The lookup table crc_table[] is used to recalculate
   8:modules/algorithm/crc8.c ****  * the CRC.
   9:modules/algorithm/crc8.c ****  */
  10:modules/algorithm/crc8.c **** static uint8_t sht75_crc_table[] =
  11:modules/algorithm/crc8.c ****     {
  12:modules/algorithm/crc8.c ****         0, 49, 98, 83, 196, 245, 166, 151, 185, 136, 219, 234, 125, 76, 31, 46,
  13:modules/algorithm/crc8.c ****         67, 114, 33, 16, 135, 182, 229, 212, 250, 203, 152, 169, 62, 15, 92, 109,
  14:modules/algorithm/crc8.c ****         134, 183, 228, 213, 66, 115, 32, 17, 63, 14, 93, 108, 251, 202, 153, 168,
  15:modules/algorithm/crc8.c ****         197, 244, 167, 150, 1, 48, 99, 82, 124, 77, 30, 47, 184, 137, 218, 235,
  16:modules/algorithm/crc8.c ****         61, 12, 95, 110, 249, 200, 155, 170, 132, 181, 230, 215, 64, 113, 34, 19,
  17:modules/algorithm/crc8.c ****         126, 79, 28, 45, 186, 139, 216, 233, 199, 246, 165, 148, 3, 50, 97, 80,
  18:modules/algorithm/crc8.c ****         187, 138, 217, 232, 127, 78, 29, 44, 2, 51, 96, 81, 198, 247, 164, 149,
  19:modules/algorithm/crc8.c ****         248, 201, 154, 171, 60, 13, 94, 111, 65, 112, 35, 18, 133, 180, 231, 214,
  20:modules/algorithm/crc8.c ****         122, 75, 24, 41, 190, 143, 220, 237, 195, 242, 161, 144, 7, 54, 101, 84,
  21:modules/algorithm/crc8.c ****         57, 8, 91, 106, 253, 204, 159, 174, 128, 177, 226, 211, 68, 117, 38, 23,
  22:modules/algorithm/crc8.c ****         252, 205, 158, 175, 56, 9, 90, 107, 69, 116, 39, 22, 129, 176, 227, 210,
  23:modules/algorithm/crc8.c ****         191, 142, 221, 236, 123, 74, 25, 40, 6, 55, 100, 85, 194, 243, 160, 145,
  24:modules/algorithm/crc8.c ****         71, 118, 37, 20, 131, 178, 225, 208, 254, 207, 156, 173, 58, 11, 88, 105,
  25:modules/algorithm/crc8.c ****         4, 53, 102, 87, 192, 241, 162, 147, 189, 140, 223, 238, 121, 72, 27, 42,
  26:modules/algorithm/crc8.c ****         193, 240, 163, 146, 5, 52, 103, 86, 120, 73, 26, 43, 188, 141, 222, 239,
  27:modules/algorithm/crc8.c ****         130, 179, 224, 209, 70, 119, 36, 21, 59, 10, 89, 104, 255, 206, 157, 172};
  28:modules/algorithm/crc8.c **** 
  29:modules/algorithm/crc8.c **** /*
ARM GAS  C:\Users\ADMINI~1\AppData\Local\Temp\ccLavK59.s 			page 2


  30:modules/algorithm/crc8.c ****  * uint8_t crc_8( const unsigned char *input_str, size_t num_bytes );
  31:modules/algorithm/crc8.c ****  *
  32:modules/algorithm/crc8.c ****  *函数crc_8()计算输入字符串的8位宽crc
  33:modules/algorithm/crc8.c ****  *给定长度。
  34:modules/algorithm/crc8.c ****  */
  35:modules/algorithm/crc8.c **** uint8_t crc_8(const uint8_t *input_str, uint16_t num_bytes)
  36:modules/algorithm/crc8.c **** {
  30              		.loc 1 36 1 view -0
  31              		.cfi_startproc
  32              		@ args = 0, pretend = 0, frame = 0
  33              		@ frame_needed = 0, uses_anonymous_args = 0
  34              		@ link register save eliminated.
  37:modules/algorithm/crc8.c ****     uint16_t a;
  35              		.loc 1 37 5 view .LVU1
  38:modules/algorithm/crc8.c ****     uint8_t crc;
  36              		.loc 1 38 5 view .LVU2
  39:modules/algorithm/crc8.c ****     const uint8_t *ptr;
  37              		.loc 1 39 5 view .LVU3
  40:modules/algorithm/crc8.c **** 
  41:modules/algorithm/crc8.c ****     crc = CRC_START_8;
  38              		.loc 1 41 5 view .LVU4
  42:modules/algorithm/crc8.c ****     ptr = input_str;
  39              		.loc 1 42 5 view .LVU5
  43:modules/algorithm/crc8.c ****     if (ptr != NULL)
  40              		.loc 1 43 5 view .LVU6
  41              		.loc 1 43 8 is_stmt 0 view .LVU7
  42 0000 0346     		mov	r3, r0
  43 0002 10B1     		cbz	r0, .L6
  41:modules/algorithm/crc8.c ****     ptr = input_str;
  44              		.loc 1 41 9 view .LVU8
  45 0004 0020     		movs	r0, #0
  46              	.LVL1:
  44:modules/algorithm/crc8.c ****         for (a = 0; a < num_bytes; a++)
  47              		.loc 1 44 16 view .LVU9
  48 0006 0246     		mov	r2, r0
  49 0008 09E0     		b	.L2
  50              	.LVL2:
  51              	.L6:
  52              		.loc 1 44 16 view .LVU10
  53 000a 7047     		bx	lr
  54              	.LVL3:
  55              	.L4:
  45:modules/algorithm/crc8.c ****         {
  46:modules/algorithm/crc8.c ****             crc = sht75_crc_table[(*ptr++) ^ crc];
  56              		.loc 1 46 13 is_stmt 1 view .LVU11
  57              		.loc 1 46 36 is_stmt 0 view .LVU12
  58 000c 13F801CB 		ldrb	ip, [r3], #1	@ zero_extendqisi2
  59              	.LVL4:
  60              		.loc 1 46 44 view .LVU13
  61 0010 8CEA000C 		eor	ip, ip, r0
  62              		.loc 1 46 17 view .LVU14
  63 0014 0348     		ldr	r0, .L7
  64              	.LVL5:
  65              		.loc 1 46 17 view .LVU15
  66 0016 10F80C00 		ldrb	r0, [r0, ip]	@ zero_extendqisi2
  67              	.LVL6:
  44:modules/algorithm/crc8.c ****         for (a = 0; a < num_bytes; a++)
ARM GAS  C:\Users\ADMINI~1\AppData\Local\Temp\ccLavK59.s 			page 3


  68              		.loc 1 44 37 is_stmt 1 discriminator 3 view .LVU16
  69 001a 0132     		adds	r2, r2, #1
  70              	.LVL7:
  44:modules/algorithm/crc8.c ****         for (a = 0; a < num_bytes; a++)
  71              		.loc 1 44 37 is_stmt 0 discriminator 3 view .LVU17
  72 001c 92B2     		uxth	r2, r2
  73              	.LVL8:
  74              	.L2:
  44:modules/algorithm/crc8.c ****         for (a = 0; a < num_bytes; a++)
  75              		.loc 1 44 23 is_stmt 1 discriminator 1 view .LVU18
  76 001e 8A42     		cmp	r2, r1
  77 0020 F4D3     		bcc	.L4
  47:modules/algorithm/crc8.c ****         }
  48:modules/algorithm/crc8.c ****     return crc;
  78              		.loc 1 48 5 view .LVU19
  49:modules/algorithm/crc8.c **** }
  79              		.loc 1 49 1 is_stmt 0 view .LVU20
  80 0022 7047     		bx	lr
  81              	.L8:
  82              		.align	2
  83              	.L7:
  84 0024 00000000 		.word	sht75_crc_table
  85              		.cfi_endproc
  86              	.LFE235:
  88              		.section	.text.update_crc_8,"ax",%progbits
  89              		.align	1
  90              		.global	update_crc_8
  91              		.syntax unified
  92              		.thumb
  93              		.thumb_func
  95              	update_crc_8:
  96              	.LVL9:
  97              	.LFB236:
  50:modules/algorithm/crc8.c **** 
  51:modules/algorithm/crc8.c **** /*
  52:modules/algorithm/crc8.c ****  * uint8_t update_crc_8( unsigned char crc, unsigned char val );
  53:modules/algorithm/crc8.c ****  *
  54:modules/algorithm/crc8.c ****  *给定一个数据字节和循环冗余校验值的前一个值
  55:modules/algorithm/crc8.c ****  *update_crc_8()计算并返回数据的新的实际crc值
  56:modules/algorithm/crc8.c ****  */
  57:modules/algorithm/crc8.c **** 
  58:modules/algorithm/crc8.c **** uint8_t update_crc_8(uint8_t crc, uint8_t val)
  59:modules/algorithm/crc8.c **** {
  98              		.loc 1 59 1 is_stmt 1 view -0
  99              		.cfi_startproc
 100              		@ args = 0, pretend = 0, frame = 0
 101              		@ frame_needed = 0, uses_anonymous_args = 0
 102              		@ link register save eliminated.
  60:modules/algorithm/crc8.c ****     return sht75_crc_table[val ^ crc];
 103              		.loc 1 60 5 view .LVU22
 104              		.loc 1 60 32 is_stmt 0 view .LVU23
 105 0000 4140     		eors	r1, r1, r0
 106              	.LVL10:
  61:modules/algorithm/crc8.c **** }
 107              		.loc 1 61 1 view .LVU24
 108 0002 014B     		ldr	r3, .L10
 109 0004 585C     		ldrb	r0, [r3, r1]	@ zero_extendqisi2
ARM GAS  C:\Users\ADMINI~1\AppData\Local\Temp\ccLavK59.s 			page 4


 110              	.LVL11:
 111              		.loc 1 61 1 view .LVU25
 112 0006 7047     		bx	lr
 113              	.L11:
 114              		.align	2
 115              	.L10:
 116 0008 00000000 		.word	sht75_crc_table
 117              		.cfi_endproc
 118              	.LFE236:
 120              		.section	.rodata.sht75_crc_table,"a"
 121              		.align	2
 124              	sht75_crc_table:
 125 0000 00316253 		.ascii	"\0001bS\304\365\246\227\271\210\333\352}L\037.Cr!\020"
 125      C4F5A697 
 125      B988DBEA 
 125      7D4C1F2E 
 125      43722110 
 126 0014 87B6E5D4 		.ascii	"\207\266\345\324\372\313\230\251>\017\\m\206\267\344"
 126      FACB98A9 
 126      3E0F5C6D 
 126      86B7E4
 127 0023 D5427320 		.ascii	"\325Bs \021?\016]l\373\312\231\250\305\364\247\226\001"
 127      113F0E5D 
 127      6CFBCA99 
 127      A8C5F4A7 
 127      9601
 128 0035 3063527C 		.ascii	"0cR|M\036/\270\211\332\353=\014_n\371\310\233\252\204"
 128      4D1E2FB8 
 128      89DAEB3D 
 128      0C5F6EF9 
 128      C89BAA84 
 129 0049 B5E6D740 		.ascii	"\265\346\327@q\"\023~O\034-\272\213\330\351\307\366"
 129      7122137E 
 129      4F1C2DBA 
 129      8BD8E9C7 
 129      F6
 130 005a A5940332 		.ascii	"\245\224\0032aP\273\212\331\350\177N\035,\0023`Q\306"
 130      6150BB8A 
 130      D9E87F4E 
 130      1D2C0233 
 130      6051C6
 131 006d F7A495F8 		.ascii	"\367\244\225\370\311\232\253<\015^oAp#\022\205\264\347"
 131      C99AAB3C 
 131      0D5E6F41 
 131      70231285 
 131      B4E7
 132 007f D67A4B18 		.ascii	"\326zK\030)\276\217\334\355\303\362\241\220\0076eT9"
 132      29BE8FDC 
 132      EDC3F2A1 
 132      90073665 
 132      5439
 133 0091 085B6AFD 		.ascii	"\010[j\375\314\237\256\200\261\342\323Du&\027\374\315"
 133      CC9FAE80 
 133      B1E2D344 
 133      752617FC 
 133      CD
 134 00a2 9EAF3809 		.ascii	"\236\2578\011ZkEt'\026\201\260\343\322\277\216\335\354"
ARM GAS  C:\Users\ADMINI~1\AppData\Local\Temp\ccLavK59.s 			page 5


 134      5A6B4574 
 134      271681B0 
 134      E3D2BF8E 
 134      DDEC
 135 00b4 7B4A1928 		.ascii	"{J\031(\0067dU\302\363\240\221Gv%\024\203\262\341\320"
 135      06376455 
 135      C2F3A091 
 135      47762514 
 135      83B2E1D0 
 136 00c8 FECF9CAD 		.ascii	"\376\317\234\255:\013Xi\0045fW\300\361\242\223\275\214"
 136      3A0B5869 
 136      04356657 
 136      C0F1A293 
 136      BD8C
 137 00da DFEE7948 		.ascii	"\337\356yH\033*\301\360\243\222\0054gVxI\032+\274\215"
 137      1B2AC1F0 
 137      A3920534 
 137      67567849 
 137      1A2BBC8D 
 138 00ee DEEF82B3 		.ascii	"\336\357\202\263\340\321Fw$\025;\012Yh\377\316\235\254"
 138      E0D14677 
 138      24153B0A 
 138      5968FFCE 
 138      9DAC
 139              		.text
 140              	.Letext0:
 141              		.file 2 "D:/Msys2/mingw64/arm-none-eabi/include/machine/_default_types.h"
 142              		.file 3 "D:/Msys2/mingw64/arm-none-eabi/include/sys/_stdint.h"
ARM GAS  C:\Users\ADMINI~1\AppData\Local\Temp\ccLavK59.s 			page 6


DEFINED SYMBOLS
                            *ABS*:00000000 crc8.c
C:\Users\ADMINI~1\AppData\Local\Temp\ccLavK59.s:21     .text.crc_8:00000000 $t
C:\Users\ADMINI~1\AppData\Local\Temp\ccLavK59.s:27     .text.crc_8:00000000 crc_8
C:\Users\ADMINI~1\AppData\Local\Temp\ccLavK59.s:84     .text.crc_8:00000024 $d
C:\Users\ADMINI~1\AppData\Local\Temp\ccLavK59.s:124    .rodata.sht75_crc_table:00000000 sht75_crc_table
C:\Users\ADMINI~1\AppData\Local\Temp\ccLavK59.s:89     .text.update_crc_8:00000000 $t
C:\Users\ADMINI~1\AppData\Local\Temp\ccLavK59.s:95     .text.update_crc_8:00000000 update_crc_8
C:\Users\ADMINI~1\AppData\Local\Temp\ccLavK59.s:116    .text.update_crc_8:00000008 $d
C:\Users\ADMINI~1\AppData\Local\Temp\ccLavK59.s:121    .rodata.sht75_crc_table:00000000 $d

NO UNDEFINED SYMBOLS
