ARM GAS  C:\Users\ADMINI~1\AppData\Local\Temp\ccr7bdp9.s 			page 1


   1              		.cpu cortex-m4
   2              		.arch armv7e-m
   3              		.fpu fpv4-sp-d16
   4              		.eabi_attribute 27, 1
   5              		.eabi_attribute 28, 1
   6              		.eabi_attribute 20, 1
   7              		.eabi_attribute 21, 1
   8              		.eabi_attribute 23, 3
   9              		.eabi_attribute 24, 1
  10              		.eabi_attribute 25, 1
  11              		.eabi_attribute 26, 1
  12              		.eabi_attribute 30, 1
  13              		.eabi_attribute 34, 1
  14              		.eabi_attribute 18, 4
  15              		.file	"crc_ref.c"
  16              		.text
  17              	.Ltext0:
  18              		.cfi_sections	.debug_frame
  19              		.file 1 "modules/referee/crc_ref.c"
  20              		.section	.text.Get_CRC8_Check_Sum,"ax",%progbits
  21              		.align	1
  22              		.global	Get_CRC8_Check_Sum
  23              		.syntax unified
  24              		.thumb
  25              		.thumb_func
  27              	Get_CRC8_Check_Sum:
  28              	.LVL0:
  29              	.LFB3:
   1:modules/referee/crc_ref.c **** #include "crc_ref.h"
   2:modules/referee/crc_ref.c **** #include <stdio.h>
   3:modules/referee/crc_ref.c **** 
   4:modules/referee/crc_ref.c **** 
   5:modules/referee/crc_ref.c **** const uint8_t CRC8_INIT = 0xff;
   6:modules/referee/crc_ref.c **** const uint8_t CRC8_TAB[256] =
   7:modules/referee/crc_ref.c **** {
   8:modules/referee/crc_ref.c **** 		0x00, 0x5e, 0xbc, 0xe2, 0x61, 0x3f, 0xdd, 0x83, 0xc2, 0x9c, 0x7e, 0x20, 0xa3, 0xfd, 0x1f, 0x41,
   9:modules/referee/crc_ref.c **** 		0x9d, 0xc3, 0x21, 0x7f, 0xfc, 0xa2, 0x40, 0x1e, 0x5f, 0x01, 0xe3, 0xbd, 0x3e, 0x60, 0x82, 0xdc,
  10:modules/referee/crc_ref.c **** 		0x23, 0x7d, 0x9f, 0xc1, 0x42, 0x1c, 0xfe, 0xa0, 0xe1, 0xbf, 0x5d, 0x03, 0x80, 0xde, 0x3c, 0x62,
  11:modules/referee/crc_ref.c **** 		0xbe, 0xe0, 0x02, 0x5c, 0xdf, 0x81, 0x63, 0x3d, 0x7c, 0x22, 0xc0, 0x9e, 0x1d, 0x43, 0xa1, 0xff,
  12:modules/referee/crc_ref.c **** 		0x46, 0x18, 0xfa, 0xa4, 0x27, 0x79, 0x9b, 0xc5, 0x84, 0xda, 0x38, 0x66, 0xe5, 0xbb, 0x59, 0x07,
  13:modules/referee/crc_ref.c **** 		0xdb, 0x85, 0x67, 0x39, 0xba, 0xe4, 0x06, 0x58, 0x19, 0x47, 0xa5, 0xfb, 0x78, 0x26, 0xc4, 0x9a,
  14:modules/referee/crc_ref.c **** 		0x65, 0x3b, 0xd9, 0x87, 0x04, 0x5a, 0xb8, 0xe6, 0xa7, 0xf9, 0x1b, 0x45, 0xc6, 0x98, 0x7a, 0x24,
  15:modules/referee/crc_ref.c **** 		0xf8, 0xa6, 0x44, 0x1a, 0x99, 0xc7, 0x25, 0x7b, 0x3a, 0x64, 0x86, 0xd8, 0x5b, 0x05, 0xe7, 0xb9,
  16:modules/referee/crc_ref.c **** 		0x8c, 0xd2, 0x30, 0x6e, 0xed, 0xb3, 0x51, 0x0f, 0x4e, 0x10, 0xf2, 0xac, 0x2f, 0x71, 0x93, 0xcd,
  17:modules/referee/crc_ref.c **** 		0x11, 0x4f, 0xad, 0xf3, 0x70, 0x2e, 0xcc, 0x92, 0xd3, 0x8d, 0x6f, 0x31, 0xb2, 0xec, 0x0e, 0x50,
  18:modules/referee/crc_ref.c **** 		0xaf, 0xf1, 0x13, 0x4d, 0xce, 0x90, 0x72, 0x2c, 0x6d, 0x33, 0xd1, 0x8f, 0x0c, 0x52, 0xb0, 0xee,
  19:modules/referee/crc_ref.c **** 		0x32, 0x6c, 0x8e, 0xd0, 0x53, 0x0d, 0xef, 0xb1, 0xf0, 0xae, 0x4c, 0x12, 0x91, 0xcf, 0x2d, 0x73,
  20:modules/referee/crc_ref.c **** 		0xca, 0x94, 0x76, 0x28, 0xab, 0xf5, 0x17, 0x49, 0x08, 0x56, 0xb4, 0xea, 0x69, 0x37, 0xd5, 0x8b,
  21:modules/referee/crc_ref.c **** 		0x57, 0x09, 0xeb, 0xb5, 0x36, 0x68, 0x8a, 0xd4, 0x95, 0xcb, 0x29, 0x77, 0xf4, 0xaa, 0x48, 0x16,
  22:modules/referee/crc_ref.c **** 		0xe9, 0xb7, 0x55, 0x0b, 0x88, 0xd6, 0x34, 0x6a, 0x2b, 0x75, 0x97, 0xc9, 0x4a, 0x14, 0xf6, 0xa8,
  23:modules/referee/crc_ref.c **** 		0x74, 0x2a, 0xc8, 0x96, 0x15, 0x4b, 0xa9, 0xf7, 0xb6, 0xe8, 0x0a, 0x54, 0xd7, 0x89, 0x6b, 0x35,
  24:modules/referee/crc_ref.c **** };
  25:modules/referee/crc_ref.c **** 
  26:modules/referee/crc_ref.c **** 
  27:modules/referee/crc_ref.c **** uint16_t CRC_INIT = 0xffff;
  28:modules/referee/crc_ref.c **** const uint16_t wCRC_Table[256] =
  29:modules/referee/crc_ref.c **** {
ARM GAS  C:\Users\ADMINI~1\AppData\Local\Temp\ccr7bdp9.s 			page 2


  30:modules/referee/crc_ref.c **** 		0x0000, 0x1189, 0x2312, 0x329b, 0x4624, 0x57ad, 0x6536, 0x74bf,
  31:modules/referee/crc_ref.c **** 		0x8c48, 0x9dc1, 0xaf5a, 0xbed3, 0xca6c, 0xdbe5, 0xe97e, 0xf8f7,
  32:modules/referee/crc_ref.c **** 		0x1081, 0x0108, 0x3393, 0x221a, 0x56a5, 0x472c, 0x75b7, 0x643e,
  33:modules/referee/crc_ref.c **** 		0x9cc9, 0x8d40, 0xbfdb, 0xae52, 0xdaed, 0xcb64, 0xf9ff, 0xe876,
  34:modules/referee/crc_ref.c **** 		0x2102, 0x308b, 0x0210, 0x1399, 0x6726, 0x76af, 0x4434, 0x55bd,
  35:modules/referee/crc_ref.c **** 		0xad4a, 0xbcc3, 0x8e58, 0x9fd1, 0xeb6e, 0xfae7, 0xc87c, 0xd9f5,
  36:modules/referee/crc_ref.c **** 		0x3183, 0x200a, 0x1291, 0x0318, 0x77a7, 0x662e, 0x54b5, 0x453c,
  37:modules/referee/crc_ref.c **** 		0xbdcb, 0xac42, 0x9ed9, 0x8f50, 0xfbef, 0xea66, 0xd8fd, 0xc974,
  38:modules/referee/crc_ref.c **** 		0x4204, 0x538d, 0x6116, 0x709f, 0x0420, 0x15a9, 0x2732, 0x36bb,
  39:modules/referee/crc_ref.c **** 		0xce4c, 0xdfc5, 0xed5e, 0xfcd7, 0x8868, 0x99e1, 0xab7a, 0xbaf3,
  40:modules/referee/crc_ref.c **** 		0x5285, 0x430c, 0x7197, 0x601e, 0x14a1, 0x0528, 0x37b3, 0x263a,
  41:modules/referee/crc_ref.c **** 		0xdecd, 0xcf44, 0xfddf, 0xec56, 0x98e9, 0x8960, 0xbbfb, 0xaa72,
  42:modules/referee/crc_ref.c **** 		0x6306, 0x728f, 0x4014, 0x519d, 0x2522, 0x34ab, 0x0630, 0x17b9,
  43:modules/referee/crc_ref.c **** 		0xef4e, 0xfec7, 0xcc5c, 0xddd5, 0xa96a, 0xb8e3, 0x8a78, 0x9bf1,
  44:modules/referee/crc_ref.c **** 		0x7387, 0x620e, 0x5095, 0x411c, 0x35a3, 0x242a, 0x16b1, 0x0738,
  45:modules/referee/crc_ref.c **** 		0xffcf, 0xee46, 0xdcdd, 0xcd54, 0xb9eb, 0xa862, 0x9af9, 0x8b70,
  46:modules/referee/crc_ref.c **** 		0x8408, 0x9581, 0xa71a, 0xb693, 0xc22c, 0xd3a5, 0xe13e, 0xf0b7,
  47:modules/referee/crc_ref.c **** 		0x0840, 0x19c9, 0x2b52, 0x3adb, 0x4e64, 0x5fed, 0x6d76, 0x7cff,
  48:modules/referee/crc_ref.c **** 		0x9489, 0x8500, 0xb79b, 0xa612, 0xd2ad, 0xc324, 0xf1bf, 0xe036,
  49:modules/referee/crc_ref.c **** 		0x18c1, 0x0948, 0x3bd3, 0x2a5a, 0x5ee5, 0x4f6c, 0x7df7, 0x6c7e,
  50:modules/referee/crc_ref.c **** 		0xa50a, 0xb483, 0x8618, 0x9791, 0xe32e, 0xf2a7, 0xc03c, 0xd1b5,
  51:modules/referee/crc_ref.c **** 		0x2942, 0x38cb, 0x0a50, 0x1bd9, 0x6f66, 0x7eef, 0x4c74, 0x5dfd,
  52:modules/referee/crc_ref.c **** 		0xb58b, 0xa402, 0x9699, 0x8710, 0xf3af, 0xe226, 0xd0bd, 0xc134,
  53:modules/referee/crc_ref.c **** 		0x39c3, 0x284a, 0x1ad1, 0x0b58, 0x7fe7, 0x6e6e, 0x5cf5, 0x4d7c,
  54:modules/referee/crc_ref.c **** 		0xc60c, 0xd785, 0xe51e, 0xf497, 0x8028, 0x91a1, 0xa33a, 0xb2b3,
  55:modules/referee/crc_ref.c **** 		0x4a44, 0x5bcd, 0x6956, 0x78df, 0x0c60, 0x1de9, 0x2f72, 0x3efb,
  56:modules/referee/crc_ref.c **** 		0xd68d, 0xc704, 0xf59f, 0xe416, 0x90a9, 0x8120, 0xb3bb, 0xa232,
  57:modules/referee/crc_ref.c **** 		0x5ac5, 0x4b4c, 0x79d7, 0x685e, 0x1ce1, 0x0d68, 0x3ff3, 0x2e7a,
  58:modules/referee/crc_ref.c **** 		0xe70e, 0xf687, 0xc41c, 0xd595, 0xa12a, 0xb0a3, 0x8238, 0x93b1,
  59:modules/referee/crc_ref.c **** 		0x6b46, 0x7acf, 0x4854, 0x59dd, 0x2d62, 0x3ceb, 0x0e70, 0x1ff9,
  60:modules/referee/crc_ref.c **** 		0xf78f, 0xe606, 0xd49d, 0xc514, 0xb1ab, 0xa022, 0x92b9, 0x8330,
  61:modules/referee/crc_ref.c **** 		0x7bc7, 0x6a4e, 0x58d5, 0x495c, 0x3de3, 0x2c6a, 0x1ef1, 0x0f78
  62:modules/referee/crc_ref.c **** };
  63:modules/referee/crc_ref.c **** 
  64:modules/referee/crc_ref.c **** // CRC8
  65:modules/referee/crc_ref.c **** void Append_CRC8_Check_Sum( uint8_t *pchMessage, uint16_t dwLength);
  66:modules/referee/crc_ref.c **** uint32_t Verify_CRC8_Check_Sum( uint8_t *pchMessage, uint16_t dwLength);
  67:modules/referee/crc_ref.c **** uint8_t Get_CRC8_Check_Sum( uint8_t *pchMessage, uint16_t dwLength, uint8_t ucCRC8 );
  68:modules/referee/crc_ref.c **** 
  69:modules/referee/crc_ref.c **** // CRC16
  70:modules/referee/crc_ref.c **** void Append_CRC16_Check_Sum(uint8_t * pchMessage,uint32_t dwLength);
  71:modules/referee/crc_ref.c **** uint32_t Verify_CRC16_Check_Sum(uint8_t *pchMessage, uint32_t dwLength);
  72:modules/referee/crc_ref.c **** uint16_t Get_CRC16_Check_Sum(uint8_t *pchMessage,uint32_t dwLength,uint16_t wCRC);
  73:modules/referee/crc_ref.c **** 
  74:modules/referee/crc_ref.c **** 
  75:modules/referee/crc_ref.c **** 
  76:modules/referee/crc_ref.c **** 
  77:modules/referee/crc_ref.c **** /* CRC校验 */
  78:modules/referee/crc_ref.c **** 
  79:modules/referee/crc_ref.c **** uint8_t Get_CRC8_Check_Sum( uint8_t *pchMessage, uint16_t dwLength, uint8_t ucCRC8 )
  80:modules/referee/crc_ref.c **** {
  30              		.loc 1 80 1 view -0
  31              		.cfi_startproc
  32              		@ args = 0, pretend = 0, frame = 0
  33              		@ frame_needed = 0, uses_anonymous_args = 0
  34              		@ link register save eliminated.
  35              		.loc 1 80 1 is_stmt 0 view .LVU1
ARM GAS  C:\Users\ADMINI~1\AppData\Local\Temp\ccr7bdp9.s 			page 3


  36 0000 0346     		mov	r3, r0
  37 0002 1046     		mov	r0, r2
  38              	.LVL1:
  81:modules/referee/crc_ref.c **** 		uint8_t ucIndex;
  39              		.loc 1 81 3 is_stmt 1 view .LVU2
  82:modules/referee/crc_ref.c **** 	
  83:modules/referee/crc_ref.c **** 		while (dwLength--)
  40              		.loc 1 83 3 view .LVU3
  41              		.loc 1 83 9 is_stmt 0 view .LVU4
  42 0004 05E0     		b	.L2
  43              	.LVL2:
  44              	.L3:
  84:modules/referee/crc_ref.c **** 		{
  85:modules/referee/crc_ref.c **** 				ucIndex = ucCRC8^(*pchMessage++);
  45              		.loc 1 85 5 is_stmt 1 view .LVU5
  46              		.loc 1 85 23 is_stmt 0 view .LVU6
  47 0006 13F8011B 		ldrb	r1, [r3], #1	@ zero_extendqisi2
  48              	.LVL3:
  49              		.loc 1 85 13 view .LVU7
  50 000a 4140     		eors	r1, r1, r0
  51              	.LVL4:
  86:modules/referee/crc_ref.c **** 				ucCRC8 = CRC8_TAB[ucIndex];
  52              		.loc 1 86 5 is_stmt 1 view .LVU8
  53              		.loc 1 86 12 is_stmt 0 view .LVU9
  54 000c 044A     		ldr	r2, .L4
  55 000e 505C     		ldrb	r0, [r2, r1]	@ zero_extendqisi2
  56              	.LVL5:
  83:modules/referee/crc_ref.c **** 		{
  57              		.loc 1 83 18 view .LVU10
  58 0010 6146     		mov	r1, ip
  59              	.LVL6:
  60              	.L2:
  83:modules/referee/crc_ref.c **** 		{
  61              		.loc 1 83 10 is_stmt 1 view .LVU11
  83:modules/referee/crc_ref.c **** 		{
  62              		.loc 1 83 18 is_stmt 0 view .LVU12
  63 0012 01F1FF3C 		add	ip, r1, #-1
  64 0016 1FFA8CFC 		uxth	ip, ip
  65              	.LVL7:
  83:modules/referee/crc_ref.c **** 		{
  66              		.loc 1 83 10 view .LVU13
  67 001a 0029     		cmp	r1, #0
  68 001c F3D1     		bne	.L3
  87:modules/referee/crc_ref.c **** 		}
  88:modules/referee/crc_ref.c **** 		return ucCRC8;
  69              		.loc 1 88 3 is_stmt 1 view .LVU14
  89:modules/referee/crc_ref.c **** }
  70              		.loc 1 89 1 is_stmt 0 view .LVU15
  71 001e 7047     		bx	lr
  72              	.L5:
  73              		.align	2
  74              	.L4:
  75 0020 00000000 		.word	CRC8_TAB
  76              		.cfi_endproc
  77              	.LFE3:
  79              		.section	.text.Verify_CRC8_Check_Sum,"ax",%progbits
  80              		.align	1
ARM GAS  C:\Users\ADMINI~1\AppData\Local\Temp\ccr7bdp9.s 			page 4


  81              		.global	Verify_CRC8_Check_Sum
  82              		.syntax unified
  83              		.thumb
  84              		.thumb_func
  86              	Verify_CRC8_Check_Sum:
  87              	.LVL8:
  88              	.LFB4:
  90:modules/referee/crc_ref.c **** 
  91:modules/referee/crc_ref.c **** 
  92:modules/referee/crc_ref.c **** /*
  93:modules/referee/crc_ref.c **** ** Descriptions: CRC8 Verify function
  94:modules/referee/crc_ref.c **** ** Input: Data to Verify,Stream length = Data + checksum
  95:modules/referee/crc_ref.c **** ** Output: True or False (CRC Verify Result)
  96:modules/referee/crc_ref.c **** */
  97:modules/referee/crc_ref.c **** uint32_t Verify_CRC8_Check_Sum( uint8_t *pchMessage, uint16_t dwLength)
  98:modules/referee/crc_ref.c **** {
  89              		.loc 1 98 1 is_stmt 1 view -0
  90              		.cfi_startproc
  91              		@ args = 0, pretend = 0, frame = 0
  92              		@ frame_needed = 0, uses_anonymous_args = 0
  99:modules/referee/crc_ref.c **** 		uint8_t ucExpected = 0;
  93              		.loc 1 99 3 view .LVU17
 100:modules/referee/crc_ref.c **** 	
 101:modules/referee/crc_ref.c **** 		if (pchMessage == 0 || dwLength <= 2)
  94              		.loc 1 101 3 view .LVU18
  95              		.loc 1 101 6 is_stmt 0 view .LVU19
  96 0000 88B1     		cbz	r0, .L8
  98:modules/referee/crc_ref.c **** 		uint8_t ucExpected = 0;
  97              		.loc 1 98 1 view .LVU20
  98 0002 38B5     		push	{r3, r4, r5, lr}
  99              	.LCFI0:
 100              		.cfi_def_cfa_offset 16
 101              		.cfi_offset 3, -16
 102              		.cfi_offset 4, -12
 103              		.cfi_offset 5, -8
 104              		.cfi_offset 14, -4
 105 0004 0C46     		mov	r4, r1
 106 0006 0546     		mov	r5, r0
 107              		.loc 1 101 23 discriminator 1 view .LVU21
 108 0008 0229     		cmp	r1, #2
 109 000a 0ED9     		bls	.L9
 102:modules/referee/crc_ref.c **** 		{
 103:modules/referee/crc_ref.c **** 			  return 0;
 104:modules/referee/crc_ref.c **** 		}
 105:modules/referee/crc_ref.c **** 		
 106:modules/referee/crc_ref.c **** 		ucExpected = Get_CRC8_Check_Sum( pchMessage, dwLength-1, CRC8_INIT);
 110              		.loc 1 106 3 is_stmt 1 view .LVU22
 111              		.loc 1 106 16 is_stmt 0 view .LVU23
 112 000c 0139     		subs	r1, r1, #1
 113              	.LVL9:
 114              		.loc 1 106 16 view .LVU24
 115 000e FF22     		movs	r2, #255
 116 0010 89B2     		uxth	r1, r1
 117 0012 FFF7FEFF 		bl	Get_CRC8_Check_Sum
 118              	.LVL10:
 107:modules/referee/crc_ref.c **** 		
 108:modules/referee/crc_ref.c **** 		return ( ucExpected == pchMessage[dwLength-1] );
ARM GAS  C:\Users\ADMINI~1\AppData\Local\Temp\ccr7bdp9.s 			page 5


 119              		.loc 1 108 3 is_stmt 1 view .LVU25
 120              		.loc 1 108 36 is_stmt 0 view .LVU26
 121 0016 2544     		add	r5, r5, r4
 122              	.LVL11:
 123              		.loc 1 108 36 view .LVU27
 124 0018 15F8013C 		ldrb	r3, [r5, #-1]	@ zero_extendqisi2
 125              		.loc 1 108 23 view .LVU28
 126 001c 8342     		cmp	r3, r0
 127 001e 14BF     		ite	ne
 128 0020 0020     		movne	r0, #0
 129              	.LVL12:
 130              		.loc 1 108 23 view .LVU29
 131 0022 0120     		moveq	r0, #1
 132              	.LVL13:
 133              	.L6:
 109:modules/referee/crc_ref.c **** }
 134              		.loc 1 109 1 view .LVU30
 135 0024 38BD     		pop	{r3, r4, r5, pc}
 136              	.LVL14:
 137              	.L8:
 138              	.LCFI1:
 139              		.cfi_def_cfa_offset 0
 140              		.cfi_restore 3
 141              		.cfi_restore 4
 142              		.cfi_restore 5
 143              		.cfi_restore 14
 103:modules/referee/crc_ref.c **** 		}
 144              		.loc 1 103 13 view .LVU31
 145 0026 0020     		movs	r0, #0
 146              	.LVL15:
 147              		.loc 1 109 1 view .LVU32
 148 0028 7047     		bx	lr
 149              	.LVL16:
 150              	.L9:
 151              	.LCFI2:
 152              		.cfi_def_cfa_offset 16
 153              		.cfi_offset 3, -16
 154              		.cfi_offset 4, -12
 155              		.cfi_offset 5, -8
 156              		.cfi_offset 14, -4
 103:modules/referee/crc_ref.c **** 		}
 157              		.loc 1 103 13 view .LVU33
 158 002a 0020     		movs	r0, #0
 159              	.LVL17:
 103:modules/referee/crc_ref.c **** 		}
 160              		.loc 1 103 13 view .LVU34
 161 002c FAE7     		b	.L6
 162              		.cfi_endproc
 163              	.LFE4:
 165              		.section	.text.Append_CRC8_Check_Sum,"ax",%progbits
 166              		.align	1
 167              		.global	Append_CRC8_Check_Sum
 168              		.syntax unified
 169              		.thumb
 170              		.thumb_func
 172              	Append_CRC8_Check_Sum:
 173              	.LVL18:
ARM GAS  C:\Users\ADMINI~1\AppData\Local\Temp\ccr7bdp9.s 			page 6


 174              	.LFB5:
 110:modules/referee/crc_ref.c **** 
 111:modules/referee/crc_ref.c **** 
 112:modules/referee/crc_ref.c **** /*
 113:modules/referee/crc_ref.c **** ** Descriptions: append CRC8 to the end of data
 114:modules/referee/crc_ref.c **** ** Input: Data to CRC and append,Stream length = Data + checksum
 115:modules/referee/crc_ref.c **** ** Output: True or False (CRC Verify Result)
 116:modules/referee/crc_ref.c **** */
 117:modules/referee/crc_ref.c **** void Append_CRC8_Check_Sum( uint8_t *pchMessage, uint16_t dwLength)
 118:modules/referee/crc_ref.c **** {
 175              		.loc 1 118 1 is_stmt 1 view -0
 176              		.cfi_startproc
 177              		@ args = 0, pretend = 0, frame = 0
 178              		@ frame_needed = 0, uses_anonymous_args = 0
 119:modules/referee/crc_ref.c **** 		uint8_t ucCRC = 0;
 179              		.loc 1 119 3 view .LVU36
 120:modules/referee/crc_ref.c **** 	
 121:modules/referee/crc_ref.c **** 		if (pchMessage == 0 || dwLength <= 2)
 180              		.loc 1 121 3 view .LVU37
 181              		.loc 1 121 6 is_stmt 0 view .LVU38
 182 0000 50B1     		cbz	r0, .L17
 118:modules/referee/crc_ref.c **** 		uint8_t ucCRC = 0;
 183              		.loc 1 118 1 view .LVU39
 184 0002 38B5     		push	{r3, r4, r5, lr}
 185              	.LCFI3:
 186              		.cfi_def_cfa_offset 16
 187              		.cfi_offset 3, -16
 188              		.cfi_offset 4, -12
 189              		.cfi_offset 5, -8
 190              		.cfi_offset 14, -4
 191 0004 0546     		mov	r5, r0
 192              		.loc 1 121 23 discriminator 1 view .LVU40
 193 0006 0229     		cmp	r1, #2
 194 0008 05D9     		bls	.L14
 122:modules/referee/crc_ref.c **** 		{
 123:modules/referee/crc_ref.c **** 			  return;
 124:modules/referee/crc_ref.c **** 		}
 125:modules/referee/crc_ref.c **** 		
 126:modules/referee/crc_ref.c **** 		ucCRC = Get_CRC8_Check_Sum( (uint8_t *)pchMessage, dwLength-1, CRC8_INIT);
 195              		.loc 1 126 3 is_stmt 1 view .LVU41
 196              		.loc 1 126 11 is_stmt 0 view .LVU42
 197 000a 4C1E     		subs	r4, r1, #1
 198 000c FF22     		movs	r2, #255
 199 000e A1B2     		uxth	r1, r4
 200              	.LVL19:
 201              		.loc 1 126 11 view .LVU43
 202 0010 FFF7FEFF 		bl	Get_CRC8_Check_Sum
 203              	.LVL20:
 127:modules/referee/crc_ref.c **** 		
 128:modules/referee/crc_ref.c **** 		pchMessage[dwLength-1] = ucCRC;
 204              		.loc 1 128 3 is_stmt 1 view .LVU44
 205              		.loc 1 128 26 is_stmt 0 view .LVU45
 206 0014 2855     		strb	r0, [r5, r4]
 207              	.LVL21:
 208              	.L14:
 129:modules/referee/crc_ref.c **** }
 209              		.loc 1 129 1 view .LVU46
ARM GAS  C:\Users\ADMINI~1\AppData\Local\Temp\ccr7bdp9.s 			page 7


 210 0016 38BD     		pop	{r3, r4, r5, pc}
 211              	.LVL22:
 212              	.L17:
 213              	.LCFI4:
 214              		.cfi_def_cfa_offset 0
 215              		.cfi_restore 3
 216              		.cfi_restore 4
 217              		.cfi_restore 5
 218              		.cfi_restore 14
 219              		.loc 1 129 1 view .LVU47
 220 0018 7047     		bx	lr
 221              		.cfi_endproc
 222              	.LFE5:
 224              		.section	.text.Get_CRC16_Check_Sum,"ax",%progbits
 225              		.align	1
 226              		.global	Get_CRC16_Check_Sum
 227              		.syntax unified
 228              		.thumb
 229              		.thumb_func
 231              	Get_CRC16_Check_Sum:
 232              	.LVL23:
 233              	.LFB6:
 130:modules/referee/crc_ref.c **** 
 131:modules/referee/crc_ref.c **** 
 132:modules/referee/crc_ref.c **** /*
 133:modules/referee/crc_ref.c **** ** Descriptions: CRC16 checksum function
 134:modules/referee/crc_ref.c **** ** Input: Data to check,Stream length, initialized checksum
 135:modules/referee/crc_ref.c **** ** Output: CRC checksum
 136:modules/referee/crc_ref.c **** */
 137:modules/referee/crc_ref.c **** uint16_t Get_CRC16_Check_Sum(uint8_t *pchMessage,uint32_t dwLength,uint16_t wCRC)
 138:modules/referee/crc_ref.c **** {
 234              		.loc 1 138 1 is_stmt 1 view -0
 235              		.cfi_startproc
 236              		@ args = 0, pretend = 0, frame = 0
 237              		@ frame_needed = 0, uses_anonymous_args = 0
 238              		@ link register save eliminated.
 139:modules/referee/crc_ref.c ****     uint8_t chData;	
 239              		.loc 1 139 5 view .LVU49
 140:modules/referee/crc_ref.c **** 	if (pchMessage == NULL)
 240              		.loc 1 140 2 view .LVU50
 241              		.loc 1 140 5 is_stmt 0 view .LVU51
 242 0000 0346     		mov	r3, r0
 243 0002 98B1     		cbz	r0, .L30
 141:modules/referee/crc_ref.c **** 	{
 142:modules/referee/crc_ref.c **** 		return 0xFFFF;
 143:modules/referee/crc_ref.c **** 	}
 144:modules/referee/crc_ref.c **** 	while(dwLength--)
 244              		.loc 1 144 8 is_stmt 1 view .LVU52
 245              		.loc 1 144 16 is_stmt 0 view .LVU53
 246 0004 481E     		subs	r0, r1, #1
 247              	.LVL24:
 248              		.loc 1 144 8 view .LVU54
 249 0006 99B1     		cbz	r1, .L28
 138:modules/referee/crc_ref.c ****     uint8_t chData;	
 250              		.loc 1 138 1 view .LVU55
 251 0008 10B4     		push	{r4}
 252              	.LCFI5:
ARM GAS  C:\Users\ADMINI~1\AppData\Local\Temp\ccr7bdp9.s 			page 8


 253              		.cfi_def_cfa_offset 4
 254              		.cfi_offset 4, -4
 255              	.L23:
 145:modules/referee/crc_ref.c **** 	{
 146:modules/referee/crc_ref.c **** 		chData = *pchMessage++;
 256              		.loc 1 146 3 is_stmt 1 view .LVU56
 257              	.LVL25:
 258              		.loc 1 146 10 is_stmt 0 view .LVU57
 259 000a 13F8011B 		ldrb	r1, [r3], #1	@ zero_extendqisi2
 260              	.LVL26:
 147:modules/referee/crc_ref.c **** 		(wCRC) = ((uint16_t)(wCRC) >> 8) ^ 
 261              		.loc 1 147 3 is_stmt 1 view .LVU58
 148:modules/referee/crc_ref.c **** 		wCRC_Table[((uint16_t)(wCRC) ^ (uint16_t)(chData)) & 0x00ff];
 262              		.loc 1 148 32 is_stmt 0 view .LVU59
 263 000e 5140     		eors	r1, r1, r2
 264              	.LVL27:
 265              		.loc 1 148 54 view .LVU60
 266 0010 C9B2     		uxtb	r1, r1
 267              		.loc 1 148 13 view .LVU61
 268 0012 084C     		ldr	r4, .L31
 269 0014 34F81110 		ldrh	r1, [r4, r1, lsl #1]
 147:modules/referee/crc_ref.c **** 		(wCRC) = ((uint16_t)(wCRC) >> 8) ^ 
 270              		.loc 1 147 10 view .LVU62
 271 0018 81EA1222 		eor	r2, r1, r2, lsr #8
 272              	.LVL28:
 144:modules/referee/crc_ref.c **** 	{
 273              		.loc 1 144 16 view .LVU63
 274 001c 0146     		mov	r1, r0
 275              	.LVL29:
 144:modules/referee/crc_ref.c **** 	{
 276              		.loc 1 144 8 is_stmt 1 view .LVU64
 144:modules/referee/crc_ref.c **** 	{
 277              		.loc 1 144 16 is_stmt 0 view .LVU65
 278 001e 0138     		subs	r0, r0, #1
 279              	.LVL30:
 144:modules/referee/crc_ref.c **** 	{
 280              		.loc 1 144 8 view .LVU66
 281 0020 0029     		cmp	r1, #0
 282 0022 F2D1     		bne	.L23
 149:modules/referee/crc_ref.c **** 	}		
 150:modules/referee/crc_ref.c **** 	return wCRC;
 151:modules/referee/crc_ref.c **** }
 283              		.loc 1 151 1 view .LVU67
 284 0024 1046     		mov	r0, r2
 285              	.LVL31:
 286              		.loc 1 151 1 view .LVU68
 287 0026 5DF8044B 		ldr	r4, [sp], #4
 288              	.LCFI6:
 289              		.cfi_restore 4
 290              		.cfi_def_cfa_offset 0
 291 002a 7047     		bx	lr
 292              	.LVL32:
 293              	.L30:
 142:modules/referee/crc_ref.c **** 	}
 294              		.loc 1 142 10 view .LVU69
 295 002c 4FF6FF72 		movw	r2, #65535
 296              	.LVL33:
ARM GAS  C:\Users\ADMINI~1\AppData\Local\Temp\ccr7bdp9.s 			page 9


 297              	.L28:
 298              		.loc 1 151 1 view .LVU70
 299 0030 1046     		mov	r0, r2
 300 0032 7047     		bx	lr
 301              	.L32:
 302              		.align	2
 303              	.L31:
 304 0034 00000000 		.word	wCRC_Table
 305              		.cfi_endproc
 306              	.LFE6:
 308              		.section	.text.Verify_CRC16_Check_Sum,"ax",%progbits
 309              		.align	1
 310              		.global	Verify_CRC16_Check_Sum
 311              		.syntax unified
 312              		.thumb
 313              		.thumb_func
 315              	Verify_CRC16_Check_Sum:
 316              	.LVL34:
 317              	.LFB7:
 152:modules/referee/crc_ref.c **** 
 153:modules/referee/crc_ref.c **** 
 154:modules/referee/crc_ref.c **** /*
 155:modules/referee/crc_ref.c **** ** Descriptions: CRC16 Verify function
 156:modules/referee/crc_ref.c **** ** Input: Data to Verify,Stream length = Data + checksum
 157:modules/referee/crc_ref.c **** ** Output: True or False (CRC Verify Result)
 158:modules/referee/crc_ref.c **** */
 159:modules/referee/crc_ref.c **** uint32_t Verify_CRC16_Check_Sum(uint8_t *pchMessage, uint32_t dwLength)
 160:modules/referee/crc_ref.c **** {
 318              		.loc 1 160 1 is_stmt 1 view -0
 319              		.cfi_startproc
 320              		@ args = 0, pretend = 0, frame = 0
 321              		@ frame_needed = 0, uses_anonymous_args = 0
 161:modules/referee/crc_ref.c **** 		uint16_t wExpected = 0;
 322              		.loc 1 161 3 view .LVU72
 162:modules/referee/crc_ref.c **** 	
 163:modules/referee/crc_ref.c **** 		if ((pchMessage == NULL) || (dwLength <= 2))
 323              		.loc 1 163 3 view .LVU73
 324              		.loc 1 163 6 is_stmt 0 view .LVU74
 325 0000 D8B1     		cbz	r0, .L36
 160:modules/referee/crc_ref.c **** 		uint16_t wExpected = 0;
 326              		.loc 1 160 1 view .LVU75
 327 0002 70B5     		push	{r4, r5, r6, lr}
 328              	.LCFI7:
 329              		.cfi_def_cfa_offset 16
 330              		.cfi_offset 4, -16
 331              		.cfi_offset 5, -12
 332              		.cfi_offset 6, -8
 333              		.cfi_offset 14, -4
 334 0004 0C46     		mov	r4, r1
 335 0006 0646     		mov	r6, r0
 336              		.loc 1 163 28 discriminator 1 view .LVU76
 337 0008 0229     		cmp	r1, #2
 338 000a 18D9     		bls	.L37
 164:modules/referee/crc_ref.c **** 		{
 165:modules/referee/crc_ref.c ****         	return FALSE;
 166:modules/referee/crc_ref.c **** 		}
 167:modules/referee/crc_ref.c **** 		
ARM GAS  C:\Users\ADMINI~1\AppData\Local\Temp\ccr7bdp9.s 			page 10


 168:modules/referee/crc_ref.c **** 		wExpected = Get_CRC16_Check_Sum ( pchMessage, dwLength - 2, CRC_INIT);
 339              		.loc 1 168 3 is_stmt 1 view .LVU77
 340              		.loc 1 168 15 is_stmt 0 view .LVU78
 341 000c 8D1E     		subs	r5, r1, #2
 342 000e 0D4B     		ldr	r3, .L45
 343 0010 1A88     		ldrh	r2, [r3]
 344 0012 2946     		mov	r1, r5
 345              	.LVL35:
 346              		.loc 1 168 15 view .LVU79
 347 0014 FFF7FEFF 		bl	Get_CRC16_Check_Sum
 348              	.LVL36:
 169:modules/referee/crc_ref.c **** 		return ( (wExpected & 0xff) == pchMessage[dwLength - 2] 
 349              		.loc 1 169 3 is_stmt 1 view .LVU80
 350              		.loc 1 169 44 is_stmt 0 view .LVU81
 351 0018 735D     		ldrb	r3, [r6, r5]	@ zero_extendqisi2
 170:modules/referee/crc_ref.c **** 			     && ((wExpected >> 8) & 0xff) == pchMessage[dwLength - 1]);
 352              		.loc 1 170 9 view .LVU82
 353 001a C2B2     		uxtb	r2, r0
 354 001c 9A42     		cmp	r2, r3
 355 001e 01D0     		beq	.L44
 356              		.loc 1 170 9 discriminator 4 view .LVU83
 357 0020 0020     		movs	r0, #0
 358              	.LVL37:
 359              	.L33:
 171:modules/referee/crc_ref.c **** }
 360              		.loc 1 171 1 view .LVU84
 361 0022 70BD     		pop	{r4, r5, r6, pc}
 362              	.LVL38:
 363              	.L44:
 170:modules/referee/crc_ref.c **** 			     && ((wExpected >> 8) & 0xff) == pchMessage[dwLength - 1]);
 364              		.loc 1 170 30 discriminator 1 view .LVU85
 365 0024 C0F30F20 		ubfx	r0, r0, #8, #16
 366              	.LVL39:
 170:modules/referee/crc_ref.c **** 			     && ((wExpected >> 8) & 0xff) == pchMessage[dwLength - 1]);
 367              		.loc 1 170 51 discriminator 1 view .LVU86
 368 0028 3319     		adds	r3, r6, r4
 369 002a 13F8013C 		ldrb	r3, [r3, #-1]	@ zero_extendqisi2
 170:modules/referee/crc_ref.c **** 			     && ((wExpected >> 8) & 0xff) == pchMessage[dwLength - 1]);
 370              		.loc 1 170 9 discriminator 1 view .LVU87
 371 002e 9842     		cmp	r0, r3
 372 0030 01D0     		beq	.L39
 170:modules/referee/crc_ref.c **** 			     && ((wExpected >> 8) & 0xff) == pchMessage[dwLength - 1]);
 373              		.loc 1 170 9 discriminator 4 view .LVU88
 374 0032 0020     		movs	r0, #0
 375 0034 F5E7     		b	.L33
 376              	.L39:
 170:modules/referee/crc_ref.c **** 			     && ((wExpected >> 8) & 0xff) == pchMessage[dwLength - 1]);
 377              		.loc 1 170 9 discriminator 3 view .LVU89
 378 0036 0120     		movs	r0, #1
 170:modules/referee/crc_ref.c **** 			     && ((wExpected >> 8) & 0xff) == pchMessage[dwLength - 1]);
 379              		.loc 1 170 9 view .LVU90
 380 0038 F3E7     		b	.L33
 381              	.LVL40:
 382              	.L36:
 383              	.LCFI8:
 384              		.cfi_def_cfa_offset 0
 385              		.cfi_restore 4
ARM GAS  C:\Users\ADMINI~1\AppData\Local\Temp\ccr7bdp9.s 			page 11


 386              		.cfi_restore 5
 387              		.cfi_restore 6
 388              		.cfi_restore 14
 165:modules/referee/crc_ref.c **** 		}
 389              		.loc 1 165 17 view .LVU91
 390 003a 0020     		movs	r0, #0
 391              	.LVL41:
 392              		.loc 1 171 1 view .LVU92
 393 003c 7047     		bx	lr
 394              	.LVL42:
 395              	.L37:
 396              	.LCFI9:
 397              		.cfi_def_cfa_offset 16
 398              		.cfi_offset 4, -16
 399              		.cfi_offset 5, -12
 400              		.cfi_offset 6, -8
 401              		.cfi_offset 14, -4
 165:modules/referee/crc_ref.c **** 		}
 402              		.loc 1 165 17 view .LVU93
 403 003e 0020     		movs	r0, #0
 404              	.LVL43:
 165:modules/referee/crc_ref.c **** 		}
 405              		.loc 1 165 17 view .LVU94
 406 0040 EFE7     		b	.L33
 407              	.L46:
 408 0042 00BF     		.align	2
 409              	.L45:
 410 0044 00000000 		.word	CRC_INIT
 411              		.cfi_endproc
 412              	.LFE7:
 414              		.section	.text.Append_CRC16_Check_Sum,"ax",%progbits
 415              		.align	1
 416              		.global	Append_CRC16_Check_Sum
 417              		.syntax unified
 418              		.thumb
 419              		.thumb_func
 421              	Append_CRC16_Check_Sum:
 422              	.LVL44:
 423              	.LFB8:
 172:modules/referee/crc_ref.c **** 
 173:modules/referee/crc_ref.c **** 
 174:modules/referee/crc_ref.c **** /*
 175:modules/referee/crc_ref.c **** ** Descriptions: append CRC16 to the end of data
 176:modules/referee/crc_ref.c **** ** Input: Data to CRC and append,Stream length = Data + checksum
 177:modules/referee/crc_ref.c **** ** Output: True or False (CRC Verify Result)
 178:modules/referee/crc_ref.c **** */
 179:modules/referee/crc_ref.c **** void Append_CRC16_Check_Sum(uint8_t * pchMessage,uint32_t dwLength)
 180:modules/referee/crc_ref.c **** {
 424              		.loc 1 180 1 is_stmt 1 view -0
 425              		.cfi_startproc
 426              		@ args = 0, pretend = 0, frame = 0
 427              		@ frame_needed = 0, uses_anonymous_args = 0
 181:modules/referee/crc_ref.c **** 		uint16_t wCRC = 0;
 428              		.loc 1 181 3 view .LVU96
 182:modules/referee/crc_ref.c **** 	
 183:modules/referee/crc_ref.c **** 		if ((pchMessage == NULL) || (dwLength <= 2))
 429              		.loc 1 183 3 view .LVU97
ARM GAS  C:\Users\ADMINI~1\AppData\Local\Temp\ccr7bdp9.s 			page 12


 430              		.loc 1 183 6 is_stmt 0 view .LVU98
 431 0000 80B1     		cbz	r0, .L50
 180:modules/referee/crc_ref.c **** 		uint16_t wCRC = 0;
 432              		.loc 1 180 1 view .LVU99
 433 0002 70B5     		push	{r4, r5, r6, lr}
 434              	.LCFI10:
 435              		.cfi_def_cfa_offset 16
 436              		.cfi_offset 4, -16
 437              		.cfi_offset 5, -12
 438              		.cfi_offset 6, -8
 439              		.cfi_offset 14, -4
 440 0004 0C46     		mov	r4, r1
 441 0006 0546     		mov	r5, r0
 442              		.loc 1 183 28 discriminator 1 view .LVU100
 443 0008 0229     		cmp	r1, #2
 444 000a 0AD9     		bls	.L47
 184:modules/referee/crc_ref.c **** 		{
 185:modules/referee/crc_ref.c **** 				return;
 186:modules/referee/crc_ref.c **** 		}
 187:modules/referee/crc_ref.c **** 		
 188:modules/referee/crc_ref.c **** 		wCRC = Get_CRC16_Check_Sum ( (uint8_t *)pchMessage, dwLength-2, CRC_INIT );
 445              		.loc 1 188 3 is_stmt 1 view .LVU101
 446              		.loc 1 188 10 is_stmt 0 view .LVU102
 447 000c 8E1E     		subs	r6, r1, #2
 448 000e 064B     		ldr	r3, .L53
 449 0010 1A88     		ldrh	r2, [r3]
 450 0012 3146     		mov	r1, r6
 451              	.LVL45:
 452              		.loc 1 188 10 view .LVU103
 453 0014 FFF7FEFF 		bl	Get_CRC16_Check_Sum
 454              	.LVL46:
 189:modules/referee/crc_ref.c **** 		
 190:modules/referee/crc_ref.c **** 		pchMessage[dwLength-2] = (uint8_t)(wCRC & 0x00ff);
 455              		.loc 1 190 3 is_stmt 1 view .LVU104
 456              		.loc 1 190 26 is_stmt 0 view .LVU105
 457 0018 A855     		strb	r0, [r5, r6]
 191:modules/referee/crc_ref.c **** 		pchMessage[dwLength-1] = (uint8_t)((wCRC >> 8)& 0x00ff);
 458              		.loc 1 191 3 is_stmt 1 view .LVU106
 459              		.loc 1 191 13 is_stmt 0 view .LVU107
 460 001a 013C     		subs	r4, r4, #1
 461              	.LVL47:
 462              		.loc 1 191 28 view .LVU108
 463 001c C0F30720 		ubfx	r0, r0, #8, #8
 464              	.LVL48:
 465              		.loc 1 191 26 view .LVU109
 466 0020 2855     		strb	r0, [r5, r4]
 467              	.LVL49:
 468              	.L47:
 192:modules/referee/crc_ref.c **** }
 469              		.loc 1 192 1 view .LVU110
 470 0022 70BD     		pop	{r4, r5, r6, pc}
 471              	.LVL50:
 472              	.L50:
 473              	.LCFI11:
 474              		.cfi_def_cfa_offset 0
 475              		.cfi_restore 4
 476              		.cfi_restore 5
ARM GAS  C:\Users\ADMINI~1\AppData\Local\Temp\ccr7bdp9.s 			page 13


 477              		.cfi_restore 6
 478              		.cfi_restore 14
 479              		.loc 1 192 1 view .LVU111
 480 0024 7047     		bx	lr
 481              	.L54:
 482 0026 00BF     		.align	2
 483              	.L53:
 484 0028 00000000 		.word	CRC_INIT
 485              		.cfi_endproc
 486              	.LFE8:
 488              		.global	wCRC_Table
 489              		.section	.rodata.wCRC_Table,"a"
 490              		.align	2
 493              	wCRC_Table:
 494 0000 0000     		.short	0
 495 0002 8911     		.short	4489
 496 0004 1223     		.short	8978
 497 0006 9B32     		.short	12955
 498 0008 2446     		.short	17956
 499 000a AD57     		.short	22445
 500 000c 3665     		.short	25910
 501 000e BF74     		.short	29887
 502 0010 488C     		.short	-29624
 503 0012 C19D     		.short	-25151
 504 0014 5AAF     		.short	-20646
 505 0016 D3BE     		.short	-16685
 506 0018 6CCA     		.short	-13716
 507 001a E5DB     		.short	-9243
 508 001c 7EE9     		.short	-5762
 509 001e F7F8     		.short	-1801
 510 0020 8110     		.short	4225
 511 0022 0801     		.short	264
 512 0024 9333     		.short	13203
 513 0026 1A22     		.short	8730
 514 0028 A556     		.short	22181
 515 002a 2C47     		.short	18220
 516 002c B775     		.short	30135
 517 002e 3E64     		.short	25662
 518 0030 C99C     		.short	-25399
 519 0032 408D     		.short	-29376
 520 0034 DBBF     		.short	-16421
 521 0036 52AE     		.short	-20910
 522 0038 EDDA     		.short	-9491
 523 003a 64CB     		.short	-13468
 524 003c FFF9     		.short	-1537
 525 003e 76E8     		.short	-6026
 526 0040 0221     		.short	8450
 527 0042 8B30     		.short	12427
 528 0044 1002     		.short	528
 529 0046 9913     		.short	5017
 530 0048 2667     		.short	26406
 531 004a AF76     		.short	30383
 532 004c 3444     		.short	17460
 533 004e BD55     		.short	21949
 534 0050 4AAD     		.short	-21174
 535 0052 C3BC     		.short	-17213
 536 0054 588E     		.short	-29096
ARM GAS  C:\Users\ADMINI~1\AppData\Local\Temp\ccr7bdp9.s 			page 14


 537 0056 D19F     		.short	-24623
 538 0058 6EEB     		.short	-5266
 539 005a E7FA     		.short	-1305
 540 005c 7CC8     		.short	-14212
 541 005e F5D9     		.short	-9739
 542 0060 8331     		.short	12675
 543 0062 0A20     		.short	8202
 544 0064 9112     		.short	4753
 545 0066 1803     		.short	792
 546 0068 A777     		.short	30631
 547 006a 2E66     		.short	26158
 548 006c B554     		.short	21685
 549 006e 3C45     		.short	17724
 550 0070 CBBD     		.short	-16949
 551 0072 42AC     		.short	-21438
 552 0074 D99E     		.short	-24871
 553 0076 508F     		.short	-28848
 554 0078 EFFB     		.short	-1041
 555 007a 66EA     		.short	-5530
 556 007c FDD8     		.short	-9987
 557 007e 74C9     		.short	-13964
 558 0080 0442     		.short	16900
 559 0082 8D53     		.short	21389
 560 0084 1661     		.short	24854
 561 0086 9F70     		.short	28831
 562 0088 2004     		.short	1056
 563 008a A915     		.short	5545
 564 008c 3227     		.short	10034
 565 008e BB36     		.short	14011
 566 0090 4CCE     		.short	-12724
 567 0092 C5DF     		.short	-8251
 568 0094 5EED     		.short	-4770
 569 0096 D7FC     		.short	-809
 570 0098 6888     		.short	-30616
 571 009a E199     		.short	-26143
 572 009c 7AAB     		.short	-21638
 573 009e F3BA     		.short	-17677
 574 00a0 8552     		.short	21125
 575 00a2 0C43     		.short	17164
 576 00a4 9771     		.short	29079
 577 00a6 1E60     		.short	24606
 578 00a8 A114     		.short	5281
 579 00aa 2805     		.short	1320
 580 00ac B337     		.short	14259
 581 00ae 3A26     		.short	9786
 582 00b0 CDDE     		.short	-8499
 583 00b2 44CF     		.short	-12476
 584 00b4 DFFD     		.short	-545
 585 00b6 56EC     		.short	-5034
 586 00b8 E998     		.short	-26391
 587 00ba 6089     		.short	-30368
 588 00bc FBBB     		.short	-17413
 589 00be 72AA     		.short	-21902
 590 00c0 0663     		.short	25350
 591 00c2 8F72     		.short	29327
 592 00c4 1440     		.short	16404
 593 00c6 9D51     		.short	20893
ARM GAS  C:\Users\ADMINI~1\AppData\Local\Temp\ccr7bdp9.s 			page 15


 594 00c8 2225     		.short	9506
 595 00ca AB34     		.short	13483
 596 00cc 3006     		.short	1584
 597 00ce B917     		.short	6073
 598 00d0 4EEF     		.short	-4274
 599 00d2 C7FE     		.short	-313
 600 00d4 5CCC     		.short	-13220
 601 00d6 D5DD     		.short	-8747
 602 00d8 6AA9     		.short	-22166
 603 00da E3B8     		.short	-18205
 604 00dc 788A     		.short	-30088
 605 00de F19B     		.short	-25615
 606 00e0 8773     		.short	29575
 607 00e2 0E62     		.short	25102
 608 00e4 9550     		.short	20629
 609 00e6 1C41     		.short	16668
 610 00e8 A335     		.short	13731
 611 00ea 2A24     		.short	9258
 612 00ec B116     		.short	5809
 613 00ee 3807     		.short	1848
 614 00f0 CFFF     		.short	-49
 615 00f2 46EE     		.short	-4538
 616 00f4 DDDC     		.short	-8995
 617 00f6 54CD     		.short	-12972
 618 00f8 EBB9     		.short	-17941
 619 00fa 62A8     		.short	-22430
 620 00fc F99A     		.short	-25863
 621 00fe 708B     		.short	-29840
 622 0100 0884     		.short	-31736
 623 0102 8195     		.short	-27263
 624 0104 1AA7     		.short	-22758
 625 0106 93B6     		.short	-18797
 626 0108 2CC2     		.short	-15828
 627 010a A5D3     		.short	-11355
 628 010c 3EE1     		.short	-7874
 629 010e B7F0     		.short	-3913
 630 0110 4008     		.short	2112
 631 0112 C919     		.short	6601
 632 0114 522B     		.short	11090
 633 0116 DB3A     		.short	15067
 634 0118 644E     		.short	20068
 635 011a ED5F     		.short	24557
 636 011c 766D     		.short	28022
 637 011e FF7C     		.short	31999
 638 0120 8994     		.short	-27511
 639 0122 0085     		.short	-31488
 640 0124 9BB7     		.short	-18533
 641 0126 12A6     		.short	-23022
 642 0128 ADD2     		.short	-11603
 643 012a 24C3     		.short	-15580
 644 012c BFF1     		.short	-3649
 645 012e 36E0     		.short	-8138
 646 0130 C118     		.short	6337
 647 0132 4809     		.short	2376
 648 0134 D33B     		.short	15315
 649 0136 5A2A     		.short	10842
 650 0138 E55E     		.short	24293
ARM GAS  C:\Users\ADMINI~1\AppData\Local\Temp\ccr7bdp9.s 			page 16


 651 013a 6C4F     		.short	20332
 652 013c F77D     		.short	32247
 653 013e 7E6C     		.short	27774
 654 0140 0AA5     		.short	-23286
 655 0142 83B4     		.short	-19325
 656 0144 1886     		.short	-31208
 657 0146 9197     		.short	-26735
 658 0148 2EE3     		.short	-7378
 659 014a A7F2     		.short	-3417
 660 014c 3CC0     		.short	-16324
 661 014e B5D1     		.short	-11851
 662 0150 4229     		.short	10562
 663 0152 CB38     		.short	14539
 664 0154 500A     		.short	2640
 665 0156 D91B     		.short	7129
 666 0158 666F     		.short	28518
 667 015a EF7E     		.short	32495
 668 015c 744C     		.short	19572
 669 015e FD5D     		.short	24061
 670 0160 8BB5     		.short	-19061
 671 0162 02A4     		.short	-23550
 672 0164 9996     		.short	-26983
 673 0166 1087     		.short	-30960
 674 0168 AFF3     		.short	-3153
 675 016a 26E2     		.short	-7642
 676 016c BDD0     		.short	-12099
 677 016e 34C1     		.short	-16076
 678 0170 C339     		.short	14787
 679 0172 4A28     		.short	10314
 680 0174 D11A     		.short	6865
 681 0176 580B     		.short	2904
 682 0178 E77F     		.short	32743
 683 017a 6E6E     		.short	28270
 684 017c F55C     		.short	23797
 685 017e 7C4D     		.short	19836
 686 0180 0CC6     		.short	-14836
 687 0182 85D7     		.short	-10363
 688 0184 1EE5     		.short	-6882
 689 0186 97F4     		.short	-2921
 690 0188 2880     		.short	-32728
 691 018a A191     		.short	-28255
 692 018c 3AA3     		.short	-23750
 693 018e B3B2     		.short	-19789
 694 0190 444A     		.short	19012
 695 0192 CD5B     		.short	23501
 696 0194 5669     		.short	26966
 697 0196 DF78     		.short	30943
 698 0198 600C     		.short	3168
 699 019a E91D     		.short	7657
 700 019c 722F     		.short	12146
 701 019e FB3E     		.short	16123
 702 01a0 8DD6     		.short	-10611
 703 01a2 04C7     		.short	-14588
 704 01a4 9FF5     		.short	-2657
 705 01a6 16E4     		.short	-7146
 706 01a8 A990     		.short	-28503
 707 01aa 2081     		.short	-32480
ARM GAS  C:\Users\ADMINI~1\AppData\Local\Temp\ccr7bdp9.s 			page 17


 708 01ac BBB3     		.short	-19525
 709 01ae 32A2     		.short	-24014
 710 01b0 C55A     		.short	23237
 711 01b2 4C4B     		.short	19276
 712 01b4 D779     		.short	31191
 713 01b6 5E68     		.short	26718
 714 01b8 E11C     		.short	7393
 715 01ba 680D     		.short	3432
 716 01bc F33F     		.short	16371
 717 01be 7A2E     		.short	11898
 718 01c0 0EE7     		.short	-6386
 719 01c2 87F6     		.short	-2425
 720 01c4 1CC4     		.short	-15332
 721 01c6 95D5     		.short	-10859
 722 01c8 2AA1     		.short	-24278
 723 01ca A3B0     		.short	-20317
 724 01cc 3882     		.short	-32200
 725 01ce B193     		.short	-27727
 726 01d0 466B     		.short	27462
 727 01d2 CF7A     		.short	31439
 728 01d4 5448     		.short	18516
 729 01d6 DD59     		.short	23005
 730 01d8 622D     		.short	11618
 731 01da EB3C     		.short	15595
 732 01dc 700E     		.short	3696
 733 01de F91F     		.short	8185
 734 01e0 8FF7     		.short	-2161
 735 01e2 06E6     		.short	-6650
 736 01e4 9DD4     		.short	-11107
 737 01e6 14C5     		.short	-15084
 738 01e8 ABB1     		.short	-20053
 739 01ea 22A0     		.short	-24542
 740 01ec B992     		.short	-27975
 741 01ee 3083     		.short	-31952
 742 01f0 C77B     		.short	31687
 743 01f2 4E6A     		.short	27214
 744 01f4 D558     		.short	22741
 745 01f6 5C49     		.short	18780
 746 01f8 E33D     		.short	15843
 747 01fa 6A2C     		.short	11370
 748 01fc F11E     		.short	7921
 749 01fe 780F     		.short	3960
 750              		.global	CRC_INIT
 751              		.section	.data.CRC_INIT,"aw"
 752              		.align	1
 755              	CRC_INIT:
 756 0000 FFFF     		.short	-1
 757              		.global	CRC8_TAB
 758              		.section	.rodata.CRC8_TAB,"a"
 759              		.align	2
 762              	CRC8_TAB:
 763 0000 005EBCE2 		.ascii	"\000^\274\342a?\335\203\302\234~ \243\375\037A\235\303"
 763      613FDD83 
 763      C29C7E20 
 763      A3FD1F41 
 763      9DC3
 764 0012 217FFCA2 		.ascii	"!\177\374\242@\036_\001\343\275>`\202\334#}\237\301"
ARM GAS  C:\Users\ADMINI~1\AppData\Local\Temp\ccr7bdp9.s 			page 18


 764      401E5F01 
 764      E3BD3E60 
 764      82DC237D 
 764      9FC1
 765 0024 421CFEA0 		.ascii	"B\034\376\240\341\277]\003\200\336<b\276\340\002\\\337"
 765      E1BF5D03 
 765      80DE3C62 
 765      BEE0025C 
 765      DF
 766 0035 81633D7C 		.ascii	"\201c=|\"\300\236\035C\241\377F\030\372\244'y\233\305"
 766      22C09E1D 
 766      43A1FF46 
 766      18FAA427 
 766      799BC5
 767 0048 84DA3866 		.ascii	"\204\3328f\345\273Y\007\333\205g9\272\344\006X\031G"
 767      E5BB5907 
 767      DB856739 
 767      BAE40658 
 767      1947
 768 005a A5FB7826 		.ascii	"\245\373x&\304\232e;\331\207\004Z\270\346\247\371\033"
 768      C49A653B 
 768      D987045A 
 768      B8E6A7F9 
 768      1B
 769 006b 45C6987A 		.ascii	"E\306\230z$\370\246D\032\231\307%{:d\206\330[\005\347"
 769      24F8A644 
 769      1A99C725 
 769      7B3A6486 
 769      D85B05E7 
 770 007f B98CD230 		.ascii	"\271\214\3220n\355\263Q\017N\020\362\254/q\223\315\021"
 770      6EEDB351 
 770      0F4E10F2 
 770      AC2F7193 
 770      CD11
 771 0091 4FADF370 		.ascii	"O\255\363p.\314\222\323\215o1\262\354\016P\257\361\023"
 771      2ECC92D3 
 771      8D6F31B2 
 771      EC0E50AF 
 771      F113
 772 00a3 4DCE9072 		.ascii	"M\316\220r,m3\321\217\014R\260\3562l\216\320S\015\357"
 772      2C6D33D1 
 772      8F0C52B0 
 772      EE326C8E 
 772      D0530DEF 
 773 00b7 B1F0AE4C 		.ascii	"\261\360\256L\022\221\317-s\312\224v(\253\365\027I\010"
 773      1291CF2D 
 773      73CA9476 
 773      28ABF517 
 773      4908
 774 00c9 56B4EA69 		.ascii	"V\264\352i7\325\213W\011\353\2656h\212\324\225\313)"
 774      37D58B57 
 774      09EBB536 
 774      688AD495 
 774      CB29
 775 00db 77F4AA48 		.ascii	"w\364\252H\026\351\267U\013\210\3264j+u\227\311J\024"
 775      16E9B755 
 775      0B88D634 
ARM GAS  C:\Users\ADMINI~1\AppData\Local\Temp\ccr7bdp9.s 			page 19


 775      6A2B7597 
 775      C94A14
 776 00ee F6A8742A 		.ascii	"\366\250t*\310\226\025K\251\367\266\350\012T\327\211"
 776      C896154B 
 776      A9F7B6E8 
 776      0A54D789 
 777 00fe 6B35     		.ascii	"k5"
 778              		.global	CRC8_INIT
 779              		.section	.rodata.CRC8_INIT,"a"
 782              	CRC8_INIT:
 783 0000 FF       		.byte	-1
 784              		.text
 785              	.Letext0:
 786              		.file 2 "D:/Msys2/mingw64/arm-none-eabi/include/machine/_default_types.h"
 787              		.file 3 "D:/Msys2/mingw64/arm-none-eabi/include/sys/_stdint.h"
ARM GAS  C:\Users\ADMINI~1\AppData\Local\Temp\ccr7bdp9.s 			page 20


DEFINED SYMBOLS
                            *ABS*:00000000 crc_ref.c
C:\Users\ADMINI~1\AppData\Local\Temp\ccr7bdp9.s:21     .text.Get_CRC8_Check_Sum:00000000 $t
C:\Users\ADMINI~1\AppData\Local\Temp\ccr7bdp9.s:27     .text.Get_CRC8_Check_Sum:00000000 Get_CRC8_Check_Sum
C:\Users\ADMINI~1\AppData\Local\Temp\ccr7bdp9.s:75     .text.Get_CRC8_Check_Sum:00000020 $d
C:\Users\ADMINI~1\AppData\Local\Temp\ccr7bdp9.s:762    .rodata.CRC8_TAB:00000000 CRC8_TAB
C:\Users\ADMINI~1\AppData\Local\Temp\ccr7bdp9.s:80     .text.Verify_CRC8_Check_Sum:00000000 $t
C:\Users\ADMINI~1\AppData\Local\Temp\ccr7bdp9.s:86     .text.Verify_CRC8_Check_Sum:00000000 Verify_CRC8_Check_Sum
C:\Users\ADMINI~1\AppData\Local\Temp\ccr7bdp9.s:166    .text.Append_CRC8_Check_Sum:00000000 $t
C:\Users\ADMINI~1\AppData\Local\Temp\ccr7bdp9.s:172    .text.Append_CRC8_Check_Sum:00000000 Append_CRC8_Check_Sum
C:\Users\ADMINI~1\AppData\Local\Temp\ccr7bdp9.s:225    .text.Get_CRC16_Check_Sum:00000000 $t
C:\Users\ADMINI~1\AppData\Local\Temp\ccr7bdp9.s:231    .text.Get_CRC16_Check_Sum:00000000 Get_CRC16_Check_Sum
C:\Users\ADMINI~1\AppData\Local\Temp\ccr7bdp9.s:304    .text.Get_CRC16_Check_Sum:00000034 $d
C:\Users\ADMINI~1\AppData\Local\Temp\ccr7bdp9.s:493    .rodata.wCRC_Table:00000000 wCRC_Table
C:\Users\ADMINI~1\AppData\Local\Temp\ccr7bdp9.s:309    .text.Verify_CRC16_Check_Sum:00000000 $t
C:\Users\ADMINI~1\AppData\Local\Temp\ccr7bdp9.s:315    .text.Verify_CRC16_Check_Sum:00000000 Verify_CRC16_Check_Sum
C:\Users\ADMINI~1\AppData\Local\Temp\ccr7bdp9.s:410    .text.Verify_CRC16_Check_Sum:00000044 $d
C:\Users\ADMINI~1\AppData\Local\Temp\ccr7bdp9.s:755    .data.CRC_INIT:00000000 CRC_INIT
C:\Users\ADMINI~1\AppData\Local\Temp\ccr7bdp9.s:415    .text.Append_CRC16_Check_Sum:00000000 $t
C:\Users\ADMINI~1\AppData\Local\Temp\ccr7bdp9.s:421    .text.Append_CRC16_Check_Sum:00000000 Append_CRC16_Check_Sum
C:\Users\ADMINI~1\AppData\Local\Temp\ccr7bdp9.s:484    .text.Append_CRC16_Check_Sum:00000028 $d
C:\Users\ADMINI~1\AppData\Local\Temp\ccr7bdp9.s:490    .rodata.wCRC_Table:00000000 $d
C:\Users\ADMINI~1\AppData\Local\Temp\ccr7bdp9.s:752    .data.CRC_INIT:00000000 $d
C:\Users\ADMINI~1\AppData\Local\Temp\ccr7bdp9.s:759    .rodata.CRC8_TAB:00000000 $d
C:\Users\ADMINI~1\AppData\Local\Temp\ccr7bdp9.s:782    .rodata.CRC8_INIT:00000000 CRC8_INIT

NO UNDEFINED SYMBOLS
