ARM GAS  C:\Users\ADMINI~1\AppData\Local\Temp\cco7PAU4.s 			page 1


   1              		.cpu cortex-m4
   2              		.arch armv7e-m
   3              		.fpu fpv4-sp-d16
   4              		.eabi_attribute 27, 1
   5              		.eabi_attribute 28, 1
   6              		.eabi_attribute 20, 1
   7              		.eabi_attribute 21, 1
   8              		.eabi_attribute 23, 3
   9              		.eabi_attribute 24, 1
  10              		.eabi_attribute 25, 1
  11              		.eabi_attribute 26, 1
  12              		.eabi_attribute 30, 1
  13              		.eabi_attribute 34, 1
  14              		.eabi_attribute 18, 4
  15              		.file	"daemon.c"
  16              		.text
  17              	.Ltext0:
  18              		.cfi_sections	.debug_frame
  19              		.file 1 "modules/daemon/daemon.c"
  20              		.section	.text.DaemonRegister,"ax",%progbits
  21              		.align	1
  22              		.global	DaemonRegister
  23              		.syntax unified
  24              		.thumb
  25              		.thumb_func
  27              	DaemonRegister:
  28              	.LVL0:
  29              	.LFB238:
   1:modules/daemon/daemon.c **** #include "daemon.h"
   2:modules/daemon/daemon.c **** #include "bsp_dwt.h" // ÂêéÁª≠ÈÄöËøáÂÆöÊó∂Âô®Êù•ËÆ°Êó∂?
   3:modules/daemon/daemon.c **** #include "stdlib.h"
   4:modules/daemon/daemon.c **** #include "memory.h"
   5:modules/daemon/daemon.c **** #include "buzzer.h"
   6:modules/daemon/daemon.c **** 
   7:modules/daemon/daemon.c **** // Áî®‰∫é‰øùÂ≠òÊâÄÊúâÁöÑdaemon instance
   8:modules/daemon/daemon.c **** static DaemonInstance *daemon_instances[DAEMON_MX_CNT] = {NULL};
   9:modules/daemon/daemon.c **** static uint8_t idx; // Áî®‰∫éËÆ∞ÂΩïÂΩìÂâçÁöÑdaemon instanceÊï∞Èáè,ÈÖçÂêàÂõûË∞É‰ΩøÁî®
  10:modules/daemon/daemon.c **** 
  11:modules/daemon/daemon.c **** DaemonInstance *DaemonRegister(Daemon_Init_Config_s *config)
  12:modules/daemon/daemon.c **** {
  30              		.loc 1 12 1 view -0
  31              		.cfi_startproc
  32              		@ args = 0, pretend = 0, frame = 0
  33              		@ frame_needed = 0, uses_anonymous_args = 0
  34              		.loc 1 12 1 is_stmt 0 view .LVU1
  35 0000 10B5     		push	{r4, lr}
  36              	.LCFI0:
  37              		.cfi_def_cfa_offset 8
  38              		.cfi_offset 4, -8
  39              		.cfi_offset 14, -4
  40 0002 0446     		mov	r4, r0
  13:modules/daemon/daemon.c ****     DaemonInstance *instance = (DaemonInstance *)malloc(sizeof(DaemonInstance));
  41              		.loc 1 13 5 is_stmt 1 view .LVU2
  42              		.loc 1 13 50 is_stmt 0 view .LVU3
  43 0004 1020     		movs	r0, #16
  44              	.LVL1:
  45              		.loc 1 13 50 view .LVU4
ARM GAS  C:\Users\ADMINI~1\AppData\Local\Temp\cco7PAU4.s 			page 2


  46 0006 FFF7FEFF 		bl	malloc
  47              	.LVL2:
  14:modules/daemon/daemon.c ****     memset(instance, 0, sizeof(DaemonInstance));
  48              		.loc 1 14 5 is_stmt 1 view .LVU5
  49 000a 0023     		movs	r3, #0
  50 000c 0360     		str	r3, [r0]	@ unaligned
  51 000e 4360     		str	r3, [r0, #4]	@ unaligned
  52 0010 8360     		str	r3, [r0, #8]	@ unaligned
  53 0012 C360     		str	r3, [r0, #12]	@ unaligned
  15:modules/daemon/daemon.c **** 
  16:modules/daemon/daemon.c ****     instance->owner_id = config->owner_id;
  54              		.loc 1 16 5 view .LVU6
  55              		.loc 1 16 32 is_stmt 0 view .LVU7
  56 0014 A368     		ldr	r3, [r4, #8]
  57              		.loc 1 16 24 view .LVU8
  58 0016 C360     		str	r3, [r0, #12]
  17:modules/daemon/daemon.c ****     instance->reload_count = config->reload_count == 0 ? 100 : config->reload_count; // ÈªòËÆ§ÂÄº‰∏
  59              		.loc 1 17 5 is_stmt 1 view .LVU9
  60              		.loc 1 17 36 is_stmt 0 view .LVU10
  61 0018 2388     		ldrh	r3, [r4]
  62              		.loc 1 17 28 view .LVU11
  63 001a 03B9     		cbnz	r3, .L2
  64              		.loc 1 17 28 discriminator 2 view .LVU12
  65 001c 6423     		movs	r3, #100
  66              	.L2:
  67              		.loc 1 17 28 discriminator 4 view .LVU13
  68 001e 0380     		strh	r3, [r0]	@ movhi
  18:modules/daemon/daemon.c ****     instance->callback = config->callback;
  69              		.loc 1 18 5 is_stmt 1 view .LVU14
  70              		.loc 1 18 32 is_stmt 0 view .LVU15
  71 0020 6368     		ldr	r3, [r4, #4]
  72              		.loc 1 18 24 view .LVU16
  73 0022 4360     		str	r3, [r0, #4]
  19:modules/daemon/daemon.c ****     instance->temp_count = config->init_count == 0 ? 100 : config->init_count; // ÈªòËÆ§ÂÄº‰∏∫100,Â
  74              		.loc 1 19 5 is_stmt 1 view .LVU17
  75              		.loc 1 19 34 is_stmt 0 view .LVU18
  76 0024 6388     		ldrh	r3, [r4, #2]
  77              		.loc 1 19 26 view .LVU19
  78 0026 03B9     		cbnz	r3, .L3
  79              		.loc 1 19 26 discriminator 2 view .LVU20
  80 0028 6423     		movs	r3, #100
  81              	.L3:
  82              		.loc 1 19 26 discriminator 4 view .LVU21
  83 002a 0381     		strh	r3, [r0, #8]	@ movhi
  20:modules/daemon/daemon.c **** 
  21:modules/daemon/daemon.c ****     instance->temp_count = config->reload_count;
  84              		.loc 1 21 5 is_stmt 1 view .LVU22
  85              		.loc 1 21 34 is_stmt 0 view .LVU23
  86 002c 2388     		ldrh	r3, [r4]
  87              		.loc 1 21 26 view .LVU24
  88 002e 0381     		strh	r3, [r0, #8]	@ movhi
  22:modules/daemon/daemon.c ****     daemon_instances[idx++] = instance;
  89              		.loc 1 22 5 is_stmt 1 view .LVU25
  90              		.loc 1 22 25 is_stmt 0 view .LVU26
  91 0030 034A     		ldr	r2, .L5
  92 0032 1378     		ldrb	r3, [r2]	@ zero_extendqisi2
  93 0034 591C     		adds	r1, r3, #1
ARM GAS  C:\Users\ADMINI~1\AppData\Local\Temp\cco7PAU4.s 			page 3


  94 0036 1170     		strb	r1, [r2]
  95              		.loc 1 22 29 view .LVU27
  96 0038 024A     		ldr	r2, .L5+4
  97 003a 42F82300 		str	r0, [r2, r3, lsl #2]
  23:modules/daemon/daemon.c ****     return instance;
  98              		.loc 1 23 5 is_stmt 1 view .LVU28
  24:modules/daemon/daemon.c **** }
  99              		.loc 1 24 1 is_stmt 0 view .LVU29
 100 003e 10BD     		pop	{r4, pc}
 101              	.LVL3:
 102              	.L6:
 103              		.loc 1 24 1 view .LVU30
 104              		.align	2
 105              	.L5:
 106 0040 00000000 		.word	idx
 107 0044 00000000 		.word	daemon_instances
 108              		.cfi_endproc
 109              	.LFE238:
 111              		.section	.text.DaemonReload,"ax",%progbits
 112              		.align	1
 113              		.global	DaemonReload
 114              		.syntax unified
 115              		.thumb
 116              		.thumb_func
 118              	DaemonReload:
 119              	.LVL4:
 120              	.LFB239:
  25:modules/daemon/daemon.c **** 
  26:modules/daemon/daemon.c **** /* "ÂñÇÁãó"ÂáΩÊï∞ */
  27:modules/daemon/daemon.c **** void DaemonReload(DaemonInstance *instance)
  28:modules/daemon/daemon.c **** {
 121              		.loc 1 28 1 is_stmt 1 view -0
 122              		.cfi_startproc
 123              		@ args = 0, pretend = 0, frame = 0
 124              		@ frame_needed = 0, uses_anonymous_args = 0
 125              		@ link register save eliminated.
  29:modules/daemon/daemon.c ****     instance->temp_count = instance->reload_count;
 126              		.loc 1 29 5 view .LVU32
 127              		.loc 1 29 36 is_stmt 0 view .LVU33
 128 0000 0388     		ldrh	r3, [r0]
 129              		.loc 1 29 26 view .LVU34
 130 0002 0381     		strh	r3, [r0, #8]	@ movhi
  30:modules/daemon/daemon.c **** }
 131              		.loc 1 30 1 view .LVU35
 132 0004 7047     		bx	lr
 133              		.cfi_endproc
 134              	.LFE239:
 136              		.section	.text.DaemonIsOnline,"ax",%progbits
 137              		.align	1
 138              		.global	DaemonIsOnline
 139              		.syntax unified
 140              		.thumb
 141              		.thumb_func
 143              	DaemonIsOnline:
 144              	.LVL5:
 145              	.LFB240:
  31:modules/daemon/daemon.c **** 
ARM GAS  C:\Users\ADMINI~1\AppData\Local\Temp\cco7PAU4.s 			page 4


  32:modules/daemon/daemon.c **** uint8_t DaemonIsOnline(DaemonInstance *instance)
  33:modules/daemon/daemon.c **** {
 146              		.loc 1 33 1 is_stmt 1 view -0
 147              		.cfi_startproc
 148              		@ args = 0, pretend = 0, frame = 0
 149              		@ frame_needed = 0, uses_anonymous_args = 0
 150              		@ link register save eliminated.
  34:modules/daemon/daemon.c ****     return instance->temp_count > 0;
 151              		.loc 1 34 5 view .LVU37
 152              		.loc 1 34 20 is_stmt 0 view .LVU38
 153 0000 0089     		ldrh	r0, [r0, #8]
 154              	.LVL6:
  35:modules/daemon/daemon.c **** }
 155              		.loc 1 35 1 view .LVU39
 156 0002 0038     		subs	r0, r0, #0
 157 0004 18BF     		it	ne
 158 0006 0120     		movne	r0, #1
 159 0008 7047     		bx	lr
 160              		.cfi_endproc
 161              	.LFE240:
 163              		.section	.text.DaemonTask,"ax",%progbits
 164              		.align	1
 165              		.global	DaemonTask
 166              		.syntax unified
 167              		.thumb
 168              		.thumb_func
 170              	DaemonTask:
 171              	.LFB241:
  36:modules/daemon/daemon.c **** 
  37:modules/daemon/daemon.c **** void DaemonTask()
  38:modules/daemon/daemon.c **** {
 172              		.loc 1 38 1 is_stmt 1 view -0
 173              		.cfi_startproc
 174              		@ args = 0, pretend = 0, frame = 0
 175              		@ frame_needed = 0, uses_anonymous_args = 0
 176 0000 10B5     		push	{r4, lr}
 177              	.LCFI1:
 178              		.cfi_def_cfa_offset 8
 179              		.cfi_offset 4, -8
 180              		.cfi_offset 14, -4
  39:modules/daemon/daemon.c ****     DaemonInstance *dins; // ÊèêÈ´òÂèØËØªÊÄßÂêåÊó∂Èôç‰ΩéËÆøÂ≠òÂºÄÈîÄ
 181              		.loc 1 39 5 view .LVU41
  40:modules/daemon/daemon.c ****     for (size_t i = 0; i < idx; ++i)
 182              		.loc 1 40 5 view .LVU42
 183              	.LBB2:
 184              		.loc 1 40 10 view .LVU43
 185              	.LVL7:
 186              		.loc 1 40 17 is_stmt 0 view .LVU44
 187 0002 0024     		movs	r4, #0
 188              		.loc 1 40 5 view .LVU45
 189 0004 04E0     		b	.L10
 190              	.LVL8:
 191              	.L11:
  41:modules/daemon/daemon.c ****     {
  42:modules/daemon/daemon.c ****         dins = daemon_instances[i];
  43:modules/daemon/daemon.c ****         if (dins->temp_count > 0) // Â¶ÇÊûúËÆ°Êï∞Âô®ËøòÊúâÂÄº,ËØ¥Êòé‰∏ä‰∏ÄÊ¨°ÂñÇÁãóÂêéËøòÊ≤°ÊúâË∂ÖÊ
  44:modules/daemon/daemon.c ****             dins->temp_count--;
ARM GAS  C:\Users\ADMINI~1\AppData\Local\Temp\cco7PAU4.s 			page 5


  45:modules/daemon/daemon.c ****         else if (dins->callback) // Á≠â‰∫éÈõ∂ËØ¥ÊòéË∂ÖÊó∂‰∫Ü,Ë∞ÉÁî®ÂõûË∞ÉÂáΩÊï∞(Â¶ÇÊûúÊúâÁöÑËØù)
 192              		.loc 1 45 14 is_stmt 1 view .LVU46
 193              		.loc 1 45 22 is_stmt 0 view .LVU47
 194 0006 5368     		ldr	r3, [r2, #4]
 195              		.loc 1 45 17 view .LVU48
 196 0008 0BB1     		cbz	r3, .L12
  46:modules/daemon/daemon.c ****         {
  47:modules/daemon/daemon.c ****             dins->callback(dins->owner_id); // moduleÂÜÖÂèØ‰ª•Â∞Üowner_idÂº∫Âà∂Á±ªÂûãËΩ¨Êç¢ÊàêËá™Ë∫
 197              		.loc 1 47 13 is_stmt 1 view .LVU49
 198 000a D068     		ldr	r0, [r2, #12]
 199 000c 9847     		blx	r3
 200              	.LVL9:
 201              	.L12:
  40:modules/daemon/daemon.c ****     {
 202              		.loc 1 40 33 discriminator 2 view .LVU50
 203 000e 0134     		adds	r4, r4, #1
 204              	.LVL10:
 205              	.L10:
  40:modules/daemon/daemon.c ****     {
 206              		.loc 1 40 26 discriminator 1 view .LVU51
 207 0010 064B     		ldr	r3, .L16
 208 0012 1B78     		ldrb	r3, [r3]	@ zero_extendqisi2
 209 0014 A342     		cmp	r3, r4
 210 0016 08D9     		bls	.L15
  42:modules/daemon/daemon.c ****         if (dins->temp_count > 0) // Â¶ÇÊûúËÆ°Êï∞Âô®ËøòÊúâÂÄº,ËØ¥Êòé‰∏ä‰∏ÄÊ¨°ÂñÇÁãóÂêéËøòÊ≤°ÊúâË∂ÖÊ
 211              		.loc 1 42 9 view .LVU52
  42:modules/daemon/daemon.c ****         if (dins->temp_count > 0) // Â¶ÇÊûúËÆ°Êï∞Âô®ËøòÊúâÂÄº,ËØ¥Êòé‰∏ä‰∏ÄÊ¨°ÂñÇÁãóÂêéËøòÊ≤°ÊúâË∂ÖÊ
 212              		.loc 1 42 14 is_stmt 0 view .LVU53
 213 0018 054B     		ldr	r3, .L16+4
 214 001a 53F82420 		ldr	r2, [r3, r4, lsl #2]
 215              	.LVL11:
  43:modules/daemon/daemon.c ****             dins->temp_count--;
 216              		.loc 1 43 9 is_stmt 1 view .LVU54
  43:modules/daemon/daemon.c ****             dins->temp_count--;
 217              		.loc 1 43 17 is_stmt 0 view .LVU55
 218 001e 1389     		ldrh	r3, [r2, #8]
  43:modules/daemon/daemon.c ****             dins->temp_count--;
 219              		.loc 1 43 12 view .LVU56
 220 0020 002B     		cmp	r3, #0
 221 0022 F0D0     		beq	.L11
  44:modules/daemon/daemon.c ****         else if (dins->callback) // Á≠â‰∫éÈõ∂ËØ¥ÊòéË∂ÖÊó∂‰∫Ü,Ë∞ÉÁî®ÂõûË∞ÉÂáΩÊï∞(Â¶ÇÊûúÊúâÁöÑËØù)
 222              		.loc 1 44 13 is_stmt 1 view .LVU57
  44:modules/daemon/daemon.c ****         else if (dins->callback) // Á≠â‰∫éÈõ∂ËØ¥ÊòéË∂ÖÊó∂‰∫Ü,Ë∞ÉÁî®ÂõûË∞ÉÂáΩÊï∞(Â¶ÇÊûúÊúâÁöÑËØù)
 223              		.loc 1 44 29 is_stmt 0 view .LVU58
 224 0024 013B     		subs	r3, r3, #1
 225 0026 1381     		strh	r3, [r2, #8]	@ movhi
 226 0028 F1E7     		b	.L12
 227              	.LVL12:
 228              	.L15:
  44:modules/daemon/daemon.c ****         else if (dins->callback) // Á≠â‰∫éÈõ∂ËØ¥ÊòéË∂ÖÊó∂‰∫Ü,Ë∞ÉÁî®ÂõûË∞ÉÂáΩÊï∞(Â¶ÇÊûúÊúâÁöÑËØù)
 229              		.loc 1 44 29 view .LVU59
 230              	.LBE2:
  48:modules/daemon/daemon.c ****             // @todo ‰∏∫ËúÇÈ∏£Âô®/ledÁ≠âÂ¢ûÂä†Á¶ªÁ∫øÊä•Ë≠¶ÁöÑÂäüËÉΩ,ÈùûÂ∏∏ÂÖ≥ÈîÆ!
  49:modules/daemon/daemon.c ****         }
  50:modules/daemon/daemon.c ****     }
  51:modules/daemon/daemon.c **** }
 231              		.loc 1 51 1 view .LVU60
ARM GAS  C:\Users\ADMINI~1\AppData\Local\Temp\cco7PAU4.s 			page 6


 232 002a 10BD     		pop	{r4, pc}
 233              	.LVL13:
 234              	.L17:
 235              		.loc 1 51 1 view .LVU61
 236              		.align	2
 237              	.L16:
 238 002c 00000000 		.word	idx
 239 0030 00000000 		.word	daemon_instances
 240              		.cfi_endproc
 241              	.LFE241:
 243              		.section	.bss.idx,"aw",%nobits
 246              	idx:
 247 0000 00       		.space	1
 248              		.section	.bss.daemon_instances,"aw",%nobits
 249              		.align	2
 252              	daemon_instances:
 253 0000 00000000 		.space	256
 253      00000000 
 253      00000000 
 253      00000000 
 253      00000000 
 254              		.text
 255              	.Letext0:
 256              		.file 2 "D:/Msys2/mingw64/arm-none-eabi/include/machine/_default_types.h"
 257              		.file 3 "D:/Msys2/mingw64/arm-none-eabi/include/sys/_stdint.h"
 258              		.file 4 "D:/Msys2/mingw64/lib/gcc/arm-none-eabi/13.3.0/include/stddef.h"
 259              		.file 5 "modules/daemon/daemon.h"
 260              		.file 6 "D:/Msys2/mingw64/arm-none-eabi/include/string.h"
 261              		.file 7 "D:/Msys2/mingw64/arm-none-eabi/include/stdlib.h"
ARM GAS  C:\Users\ADMINI~1\AppData\Local\Temp\cco7PAU4.s 			page 7


DEFINED SYMBOLS
                            *ABS*:00000000 daemon.c
C:\Users\ADMINI~1\AppData\Local\Temp\cco7PAU4.s:21     .text.DaemonRegister:00000000 $t
C:\Users\ADMINI~1\AppData\Local\Temp\cco7PAU4.s:27     .text.DaemonRegister:00000000 DaemonRegister
C:\Users\ADMINI~1\AppData\Local\Temp\cco7PAU4.s:106    .text.DaemonRegister:00000040 $d
C:\Users\ADMINI~1\AppData\Local\Temp\cco7PAU4.s:246    .bss.idx:00000000 idx
C:\Users\ADMINI~1\AppData\Local\Temp\cco7PAU4.s:252    .bss.daemon_instances:00000000 daemon_instances
C:\Users\ADMINI~1\AppData\Local\Temp\cco7PAU4.s:112    .text.DaemonReload:00000000 $t
C:\Users\ADMINI~1\AppData\Local\Temp\cco7PAU4.s:118    .text.DaemonReload:00000000 DaemonReload
C:\Users\ADMINI~1\AppData\Local\Temp\cco7PAU4.s:137    .text.DaemonIsOnline:00000000 $t
C:\Users\ADMINI~1\AppData\Local\Temp\cco7PAU4.s:143    .text.DaemonIsOnline:00000000 DaemonIsOnline
C:\Users\ADMINI~1\AppData\Local\Temp\cco7PAU4.s:164    .text.DaemonTask:00000000 $t
C:\Users\ADMINI~1\AppData\Local\Temp\cco7PAU4.s:170    .text.DaemonTask:00000000 DaemonTask
C:\Users\ADMINI~1\AppData\Local\Temp\cco7PAU4.s:238    .text.DaemonTask:0000002c $d
C:\Users\ADMINI~1\AppData\Local\Temp\cco7PAU4.s:247    .bss.idx:00000000 $d
C:\Users\ADMINI~1\AppData\Local\Temp\cco7PAU4.s:249    .bss.daemon_instances:00000000 $d

UNDEFINED SYMBOLS
malloc
