ARM GAS  C:\Users\ADMINI~1\AppData\Local\Temp\ccs0POFO.s 			page 1


   1              		.cpu cortex-m4
   2              		.arch armv7e-m
   3              		.fpu fpv4-sp-d16
   4              		.eabi_attribute 27, 1
   5              		.eabi_attribute 28, 1
   6              		.eabi_attribute 20, 1
   7              		.eabi_attribute 21, 1
   8              		.eabi_attribute 23, 3
   9              		.eabi_attribute 24, 1
  10              		.eabi_attribute 25, 1
  11              		.eabi_attribute 26, 1
  12              		.eabi_attribute 30, 1
  13              		.eabi_attribute 34, 1
  14              		.eabi_attribute 18, 4
  15              		.file	"ist8310.c"
  16              		.text
  17              	.Ltext0:
  18              		.cfi_sections	.debug_frame
  19              		.file 1 "modules/ist8310/ist8310.c"
  20              		.section	.text.IST8310Decode,"ax",%progbits
  21              		.align	1
  22              		.syntax unified
  23              		.thumb
  24              		.thumb_func
  26              	IST8310Decode:
  27              	.LVL0:
  28              	.LFB238:
   1:modules/ist8310/ist8310.c **** #include "bsp_dwt.h"
   2:modules/ist8310/ist8310.c **** #include "ist8310.h"
   3:modules/ist8310/ist8310.c **** #include "bsp_log.h"
   4:modules/ist8310/ist8310.c **** #include <memory.h>
   5:modules/ist8310/ist8310.c **** #include <stdlib.h>
   6:modules/ist8310/ist8310.c **** 
   7:modules/ist8310/ist8310.c **** // ‰∏ÄËà¨Ëøô‰∏™Ê®°ÂùóÂè™Êúâ‰∏Ä‰∏™ÂÆû‰æã,ÊâÄ‰ª•Áõ¥Êé•‰øùÂ≠òÂú®ËøôÈáå,ÂÆûÈôÖ‰∏ä‰∏ç‰øùÂ≠ò‰πüÂèØ‰ª•,app
   8:modules/ist8310/ist8310.c **** static IST8310Instance *ist8310_instance = NULL; // Áî®‰∫éÂ≠òÂÇ®IST8310ÂÆû‰æãÁöÑÊåáÈíà
   9:modules/ist8310/ist8310.c **** 
  10:modules/ist8310/ist8310.c **** #define IST8310_WRITE_REG_NUM 4     // Êñπ‰æøÈòÖËØª
  11:modules/ist8310/ist8310.c **** #define IST8310_DATA_REG 0x03       // ist8310ÁöÑÊï∞ÊçÆÂØÑÂ≠òÂô®
  12:modules/ist8310/ist8310.c **** #define IST8310_WHO_AM_I 0x00       // ist8310 id ÂØÑÂ≠òÂô®ÂÄº
  13:modules/ist8310/ist8310.c **** #define IST8310_WHO_AM_I_VALUE 0x10 // Áî®‰∫éÊ£ÄÊµãÊòØÂê¶ËøûÊé•ÊàêÂäü,ËØªÂèñist8310ÁöÑwhoami‰ºöËøîÂ
  14:modules/ist8310/ist8310.c **** 
  15:modules/ist8310/ist8310.c **** // -------------------ÂàùÂßãÂåñÂÜôÂÖ•Êï∞ÁªÑ,Âè™‰ΩøÁî®‰∏ÄÊ¨°,ËØ¶ËßÅdatasheet------------------------
  16:modules/ist8310/ist8310.c **** // the first column:the registers of IST8310. Á¨¨‰∏ÄÂàó:IST8310ÁöÑÂØÑÂ≠òÂô®
  17:modules/ist8310/ist8310.c **** // the second column: the value to be writed to the registers.Á¨¨‰∫åÂàó:ÈúÄË¶ÅÂÜôÂÖ•ÁöÑÂØÑÂ≠òÂô®ÂÄº
  18:modules/ist8310/ist8310.c **** // the third column: return error value.Á¨¨‰∏âÂàó:ËøîÂõûÁöÑÈîôËØØÁ†Å
  19:modules/ist8310/ist8310.c **** static uint8_t ist8310_write_reg_data_error[IST8310_WRITE_REG_NUM][3] = {
  20:modules/ist8310/ist8310.c ****     {0x0B, 0x08, 0x01},  // enalbe interrupt  and low pin polarity.ÂºÄÂêØ‰∏≠Êñ≠ÔºåÂπ∂‰∏îËÆæÁΩÆ‰ΩéÁî
  21:modules/ist8310/ist8310.c ****     {0x41, 0x09, 0x02},  // average 2 times.Âπ≥ÂùáÈááÊ†∑‰∏§Ê¨°
  22:modules/ist8310/ist8310.c ****     {0x42, 0xC0, 0x03},  // must be 0xC0. ÂøÖÈ°ªÊòØ0xC0
  23:modules/ist8310/ist8310.c ****     {0x0A, 0x0B, 0x04}}; // 200Hz output rate.200HzËæìÂá∫È¢ëÁéá
  24:modules/ist8310/ist8310.c **** 
  25:modules/ist8310/ist8310.c **** /**
  26:modules/ist8310/ist8310.c ****  * @brief IST8310Ëß£Á†ÅÂáΩÊï∞,EXTI‰∏≠Êñ≠Êù•‰∏¥Êó∂Ë¢´Ë∞ÉÁî®,Â∞ÜÊï∞ÊçÆÊîæÂà∞ist.mag‰∏≠
  27:modules/ist8310/ist8310.c ****  * @note Â¶ÇÊûú‰ΩøÁî®ITÊàñDMAÊñπÂºè‰º†ËæìIIC,Âàô‰º†ËæìÂÆåÊàêÂêé‰πü‰ºöËøõÂÖ•Ê≠§ÂáΩÊï∞
  28:modules/ist8310/ist8310.c ****  *
  29:modules/ist8310/ist8310.c ****  * @param ist ÂèëÁîü‰∏≠Êñ≠ÁöÑIST8310ÂÆû‰æã
  30:modules/ist8310/ist8310.c ****  */
ARM GAS  C:\Users\ADMINI~1\AppData\Local\Temp\ccs0POFO.s 			page 2


  31:modules/ist8310/ist8310.c **** static void IST8310Decode(IICInstance *iic)
  32:modules/ist8310/ist8310.c **** {
  29              		.loc 1 32 1 view -0
  30              		.cfi_startproc
  31              		@ args = 0, pretend = 0, frame = 8
  32              		@ frame_needed = 0, uses_anonymous_args = 0
  33              		@ link register save eliminated.
  34              		.loc 1 32 1 is_stmt 0 view .LVU1
  35 0000 82B0     		sub	sp, sp, #8
  36              	.LCFI0:
  37              		.cfi_def_cfa_offset 8
  33:modules/ist8310/ist8310.c ****     int16_t temp[3];                                     // Áî®‰∫éÂ≠òÂÇ®Ëß£Á†ÅÂêéÁöÑÊï∞ÊçÆ
  38              		.loc 1 33 5 is_stmt 1 view .LVU2
  34:modules/ist8310/ist8310.c ****     IST8310Instance *ist = (IST8310Instance *)(iic->id); // iicÁöÑid‰øùÂ≠ò‰∫ÜIST8310ÂÆû‰æãÁöÑÊåáÈíà
  39              		.loc 1 34 5 view .LVU3
  40              		.loc 1 34 22 is_stmt 0 view .LVU4
  41 0002 4169     		ldr	r1, [r0, #20]
  42              	.LVL1:
  35:modules/ist8310/ist8310.c **** 
  36:modules/ist8310/ist8310.c ****     memcpy(temp, ist->iic_buffer, 6 * sizeof(uint8_t)); // ‰∏çË¶ÅÂº∫Âà∂ËΩ¨Êç¢,Áõ¥Êé•cpy
  43              		.loc 1 36 5 is_stmt 1 view .LVU5
  44 0004 C868     		ldr	r0, [r1, #12]	@ unaligned
  45              	.LVL2:
  46              		.loc 1 36 5 is_stmt 0 view .LVU6
  47 0006 0090     		str	r0, [sp]
  48 0008 0B8A     		ldrh	r3, [r1, #16]	@ unaligned
  49 000a ADF80430 		strh	r3, [sp, #4]	@ unaligned
  37:modules/ist8310/ist8310.c ****     for (uint8_t i = 0; i < 3; i++)
  50              		.loc 1 37 5 is_stmt 1 view .LVU7
  51              	.LBB2:
  52              		.loc 1 37 10 view .LVU8
  53              	.LVL3:
  54              		.loc 1 37 18 is_stmt 0 view .LVU9
  55 000e 0023     		movs	r3, #0
  56              		.loc 1 37 5 view .LVU10
  57 0010 13E0     		b	.L2
  58              	.LVL4:
  59              	.L3:
  38:modules/ist8310/ist8310.c ****         ist->mag[i] = (float)temp[i] * MAG_SEN; // ‰πò‰ª•ÁÅµÊïèÂ∫¶ËΩ¨Êç¢ÊàêuT(ÂæÆÁâπÊñØÊãâ)
  60              		.loc 1 38 9 is_stmt 1 view .LVU11
  61              		.loc 1 38 34 is_stmt 0 view .LVU12
  62 0012 02AA     		add	r2, sp, #8
  63 0014 02EB4302 		add	r2, r2, r3, lsl #1
  64 0018 32F9082C 		ldrsh	r2, [r2, #-8]
  65 001c 07EE902A 		vmov	s15, r2	@ int
  66              		.loc 1 38 23 view .LVU13
  67 0020 F8EEE77A 		vcvt.f32.s32	s15, s15
  68              		.loc 1 38 38 view .LVU14
  69 0024 9FED077A 		vldr.32	s14, .L5
  70 0028 67EE877A 		vmul.f32	s15, s15, s14
  71              		.loc 1 38 21 view .LVU15
  72 002c 1A1D     		adds	r2, r3, #4
  73 002e 01EB8202 		add	r2, r1, r2, lsl #2
  74 0032 C2ED017A 		vstr.32	s15, [r2, #4]
  37:modules/ist8310/ist8310.c ****     for (uint8_t i = 0; i < 3; i++)
  75              		.loc 1 37 33 is_stmt 1 discriminator 3 view .LVU16
  76 0036 0133     		adds	r3, r3, #1
ARM GAS  C:\Users\ADMINI~1\AppData\Local\Temp\ccs0POFO.s 			page 3


  77              	.LVL5:
  37:modules/ist8310/ist8310.c ****     for (uint8_t i = 0; i < 3; i++)
  78              		.loc 1 37 33 is_stmt 0 discriminator 3 view .LVU17
  79 0038 DBB2     		uxtb	r3, r3
  80              	.LVL6:
  81              	.L2:
  37:modules/ist8310/ist8310.c ****     for (uint8_t i = 0; i < 3; i++)
  82              		.loc 1 37 27 is_stmt 1 discriminator 1 view .LVU18
  83 003a 022B     		cmp	r3, #2
  84 003c E9D9     		bls	.L3
  85              	.LBE2:
  39:modules/ist8310/ist8310.c **** }
  86              		.loc 1 39 1 is_stmt 0 view .LVU19
  87 003e 02B0     		add	sp, sp, #8
  88              	.LCFI1:
  89              		.cfi_def_cfa_offset 0
  90              		@ sp needed
  91 0040 7047     		bx	lr
  92              	.L6:
  93 0042 00BF     		.align	2
  94              	.L5:
  95 0044 9A99993E 		.word	1050253722
  96              		.cfi_endproc
  97              	.LFE238:
  99              		.section	.text.IST8310StartTransfer,"ax",%progbits
 100              		.align	1
 101              		.syntax unified
 102              		.thumb
 103              		.thumb_func
 105              	IST8310StartTransfer:
 106              	.LVL7:
 107              	.LFB239:
  40:modules/ist8310/ist8310.c **** 
  41:modules/ist8310/ist8310.c **** /**
  42:modules/ist8310/ist8310.c ****  * @brief EXTI‰∏≠Êñ≠ÂõûË∞ÉÂáΩÊï∞,ËØ¥ÊòéDRDYÊãâ‰Ωé.‰∏ªÊú∫ÂêØÂä®‰º†ËæìÂπ∂Âú®ÁªìÊùüÂêéË∞ÉÁî®IST8310Dec
  43:modules/ist8310/ist8310.c ****  * @note  Ê≥®ÊÑèIICAccessMemÊòØÈòªÂ°ûÁöÑ
  44:modules/ist8310/ist8310.c ****  *
  45:modules/ist8310/ist8310.c ****  * @param gpio ÂèëÁîü‰∏≠Êñ≠ÁöÑGPIOÂÆû‰æã
  46:modules/ist8310/ist8310.c ****  */
  47:modules/ist8310/ist8310.c **** static void IST8310StartTransfer(GPIOInstance *gpio)
  48:modules/ist8310/ist8310.c **** {
 108              		.loc 1 48 1 is_stmt 1 view -0
 109              		.cfi_startproc
 110              		@ args = 0, pretend = 0, frame = 0
 111              		@ frame_needed = 0, uses_anonymous_args = 0
 112              		.loc 1 48 1 is_stmt 0 view .LVU21
 113 0000 10B5     		push	{r4, lr}
 114              	.LCFI2:
 115              		.cfi_def_cfa_offset 8
 116              		.cfi_offset 4, -8
 117              		.cfi_offset 14, -4
 118 0002 82B0     		sub	sp, sp, #8
 119              	.LCFI3:
 120              		.cfi_def_cfa_offset 16
  49:modules/ist8310/ist8310.c ****     // ÂÖàËé∑ÂèñIST8310ÂÆû‰æãÁöÑÊåáÈíà(ÈÄöËøágpioÂÆû‰æãÁöÑÁà∂ÊåáÈíàid)
  50:modules/ist8310/ist8310.c ****     IST8310Instance *ist_for_transfer = (IST8310Instance *)gpio->id;
 121              		.loc 1 50 5 is_stmt 1 view .LVU22
ARM GAS  C:\Users\ADMINI~1\AppData\Local\Temp\ccs0POFO.s 			page 4


 122              		.loc 1 50 22 is_stmt 0 view .LVU23
 123 0004 C468     		ldr	r4, [r0, #12]
 124              	.LVL8:
  51:modules/ist8310/ist8310.c ****     // ‰∏≠Êñ≠ËØ¥ÊòéistÂ∑≤ÁªèÂáÜÂ§áÂ•ΩËØªÂèñÊï∞ÊçÆÂØÑÂ≠òÂô®;6‰∏™Â≠óËäÇ,ËØªÂèñÂêé‰ºöËøõÂÖ•IST8310Deco
  52:modules/ist8310/ist8310.c ****     IICAccessMem(ist_for_transfer->iic, IST8310_DATA_REG, ist_for_transfer->iic_buffer, 6, IIC_READ
 125              		.loc 1 52 5 is_stmt 1 view .LVU24
 126              		.loc 1 52 75 is_stmt 0 view .LVU25
 127 0006 2246     		mov	r2, r4
 128              		.loc 1 52 5 view .LVU26
 129 0008 52F80C0B 		ldr	r0, [r2], #12
 130              	.LVL9:
 131              		.loc 1 52 5 view .LVU27
 132 000c 0123     		movs	r3, #1
 133 000e 0193     		str	r3, [sp, #4]
 134 0010 0023     		movs	r3, #0
 135 0012 0093     		str	r3, [sp]
 136 0014 0623     		movs	r3, #6
 137 0016 0321     		movs	r1, #3
 138 0018 FFF7FEFF 		bl	IICAccessMem
 139              	.LVL10:
  53:modules/ist8310/ist8310.c ****     // ‰º†ËæìÂÆåÊàêÂêé‰ºöËøõÂÖ•IST8310DecodeÂáΩÊï∞ËøõË°åÊï∞ÊçÆËß£Êûê
  54:modules/ist8310/ist8310.c ****     IST8310Decode(ist_for_transfer->iic);
 140              		.loc 1 54 5 is_stmt 1 view .LVU28
 141 001c 2068     		ldr	r0, [r4]
 142 001e FFF7FEFF 		bl	IST8310Decode
 143              	.LVL11:
  55:modules/ist8310/ist8310.c **** }
 144              		.loc 1 55 1 is_stmt 0 view .LVU29
 145 0022 02B0     		add	sp, sp, #8
 146              	.LCFI4:
 147              		.cfi_def_cfa_offset 8
 148              		@ sp needed
 149 0024 10BD     		pop	{r4, pc}
 150              		.loc 1 55 1 view .LVU30
 151              		.cfi_endproc
 152              	.LFE239:
 154              		.section	.text.IST8310Init,"ax",%progbits
 155              		.align	1
 156              		.global	IST8310Init
 157              		.syntax unified
 158              		.thumb
 159              		.thumb_func
 161              	IST8310Init:
 162              	.LVL12:
 163              	.LFB240:
  56:modules/ist8310/ist8310.c **** 
  57:modules/ist8310/ist8310.c **** IST8310Instance *IST8310Init(IST8310_Init_Config_s *config)
  58:modules/ist8310/ist8310.c **** {
 164              		.loc 1 58 1 is_stmt 1 view -0
 165              		.cfi_startproc
 166              		@ args = 0, pretend = 0, frame = 8
 167              		@ frame_needed = 0, uses_anonymous_args = 0
 168              		.loc 1 58 1 is_stmt 0 view .LVU32
 169 0000 2DE9F043 		push	{r4, r5, r6, r7, r8, r9, lr}
 170              	.LCFI5:
 171              		.cfi_def_cfa_offset 28
 172              		.cfi_offset 4, -28
ARM GAS  C:\Users\ADMINI~1\AppData\Local\Temp\ccs0POFO.s 			page 5


 173              		.cfi_offset 5, -24
 174              		.cfi_offset 6, -20
 175              		.cfi_offset 7, -16
 176              		.cfi_offset 8, -12
 177              		.cfi_offset 9, -8
 178              		.cfi_offset 14, -4
 179 0004 85B0     		sub	sp, sp, #20
 180              	.LCFI6:
 181              		.cfi_def_cfa_offset 48
 182 0006 0546     		mov	r5, r0
  59:modules/ist8310/ist8310.c ****     static const uint8_t sleepTime = 50; // 50ms,ist8310ÁöÑÂ§ç‰ΩçÊó∂Èó¥
 183              		.loc 1 59 5 is_stmt 1 view .LVU33
  60:modules/ist8310/ist8310.c ****     uint8_t check_who_i_am = 0;          // Áî®‰∫éÊ£ÄÊµãist8310ÊòØÂê¶ËøûÊé•ÊàêÂäü
 184              		.loc 1 60 5 view .LVU34
 185              		.loc 1 60 13 is_stmt 0 view .LVU35
 186 0008 0026     		movs	r6, #0
 187 000a 8DF80F60 		strb	r6, [sp, #15]
  61:modules/ist8310/ist8310.c ****     // Ëøô‰∏™ÂèòÈáèÂè™‰ºöÁî®Âà∞‰∏ÄÊ¨°,Âá∫‰∫ÜËøô‰∏™ÂáΩÊï∞Â∞±Ê≤°Áî®‰∫Ü,ÊâÄ‰ª•‰∏çÁî®ÂàÜÈÖçÁ©∫Èó¥,Áõ¥Êé
  62:modules/ist8310/ist8310.c **** 
  63:modules/ist8310/ist8310.c ****     // ÂàÜÈÖçÁ©∫Èó¥,Ê∏ÖÈô§flashÈò≤Ê≠¢Â∑≤ÁªèÂ°´ÂÖÖÁöÑÂûÉÂúæÂÄº
  64:modules/ist8310/ist8310.c ****     IST8310Instance *ist = (IST8310Instance *)malloc(sizeof(IST8310Instance));
 188              		.loc 1 64 5 is_stmt 1 view .LVU36
 189              		.loc 1 64 47 is_stmt 0 view .LVU37
 190 000e 2420     		movs	r0, #36
 191              	.LVL13:
 192              		.loc 1 64 47 view .LVU38
 193 0010 FFF7FEFF 		bl	malloc
 194              	.LVL14:
 195 0014 0446     		mov	r4, r0
 196              	.LVL15:
  65:modules/ist8310/ist8310.c ****     memset(ist, 0, sizeof(IST8310Instance));
 197              		.loc 1 65 5 is_stmt 1 view .LVU39
 198 0016 2422     		movs	r2, #36
 199 0018 3146     		mov	r1, r6
 200 001a FFF7FEFF 		bl	memset
 201              	.LVL16:
  66:modules/ist8310/ist8310.c **** 
  67:modules/ist8310/ist8310.c ****     // cËØ≠Ë®ÄËµãÂÄº‰ªéÂè≥Âà∞Â∑¶,ÂÖ®ÈÉ®ÊåáÂêëÂêå‰∏Ä‰∏™Âú∞ÂùÄ(Ëøô‰∫õbspinstnaceÁöÑÁà∂ËäÇÁÇπÈÉΩÊòØist
  68:modules/ist8310/ist8310.c ****     config->iic_config.id = config->gpio_conf_exti.id = config->gpio_conf_rst.id = ist;
 202              		.loc 1 68 5 view .LVU40
 203              		.loc 1 68 82 is_stmt 0 view .LVU41
 204 001e EC61     		str	r4, [r5, #28]
 205              		.loc 1 68 55 view .LVU42
 206 0020 EC62     		str	r4, [r5, #44]
 207              		.loc 1 68 27 view .LVU43
 208 0022 EC60     		str	r4, [r5, #12]
  69:modules/ist8310/ist8310.c ****     // ‰º†ÂÖ•ÂõûË∞ÉÂáΩÊï∞
  70:modules/ist8310/ist8310.c ****     config->iic_config.callback = IST8310Decode;
 209              		.loc 1 70 5 is_stmt 1 view .LVU44
 210              		.loc 1 70 33 is_stmt 0 view .LVU45
 211 0024 2D4B     		ldr	r3, .L18
 212 0026 AB60     		str	r3, [r5, #8]
  71:modules/ist8310/ist8310.c ****     config->gpio_conf_exti.gpio_model_callback = IST8310StartTransfer;
 213              		.loc 1 71 5 is_stmt 1 view .LVU46
 214              		.loc 1 71 48 is_stmt 0 view .LVU47
 215 0028 2D4B     		ldr	r3, .L18+4
 216 002a AB62     		str	r3, [r5, #40]
ARM GAS  C:\Users\ADMINI~1\AppData\Local\Temp\ccs0POFO.s 			page 6


  72:modules/ist8310/ist8310.c ****     // ÂàÜÂà´Ê≥®ÂÜå‰∏§‰∏™GPIOÂíåIIC
  73:modules/ist8310/ist8310.c ****     ist->iic = IICRegister(&config->iic_config);
 217              		.loc 1 73 5 is_stmt 1 view .LVU48
 218              		.loc 1 73 16 is_stmt 0 view .LVU49
 219 002c 2846     		mov	r0, r5
 220 002e FFF7FEFF 		bl	IICRegister
 221              	.LVL17:
 222              		.loc 1 73 14 discriminator 1 view .LVU50
 223 0032 2060     		str	r0, [r4]
  74:modules/ist8310/ist8310.c ****     ist->gpio_exti = GPIORegister(&config->gpio_conf_exti);
 224              		.loc 1 74 5 is_stmt 1 view .LVU51
 225              		.loc 1 74 22 is_stmt 0 view .LVU52
 226 0034 05F12000 		add	r0, r5, #32
 227 0038 FFF7FEFF 		bl	GPIORegister
 228              	.LVL18:
 229              		.loc 1 74 20 discriminator 1 view .LVU53
 230 003c A060     		str	r0, [r4, #8]
  75:modules/ist8310/ist8310.c ****     ist->gpio_rst = GPIORegister(&config->gpio_conf_rst);
 231              		.loc 1 75 5 is_stmt 1 view .LVU54
 232              		.loc 1 75 21 is_stmt 0 view .LVU55
 233 003e 05F11000 		add	r0, r5, #16
 234 0042 FFF7FEFF 		bl	GPIORegister
 235              	.LVL19:
 236              		.loc 1 75 19 discriminator 1 view .LVU56
 237 0046 6060     		str	r0, [r4, #4]
  76:modules/ist8310/ist8310.c **** 
  77:modules/ist8310/ist8310.c ****     // ÈáçÁΩÆIST8310,ÈúÄË¶ÅHAL_Delay()Á≠âÂæÖ‰º†ÊÑüÂô®ÂÆåÊàêReset
  78:modules/ist8310/ist8310.c ****     GPIOReset(ist->gpio_rst);
 238              		.loc 1 78 5 is_stmt 1 view .LVU57
 239 0048 FFF7FEFF 		bl	GPIOReset
 240              	.LVL20:
  79:modules/ist8310/ist8310.c ****     HAL_Delay(sleepTime);
 241              		.loc 1 79 5 view .LVU58
 242 004c 3220     		movs	r0, #50
 243 004e FFF7FEFF 		bl	HAL_Delay
 244              	.LVL21:
  80:modules/ist8310/ist8310.c ****     GPIOSet(ist->gpio_rst);
 245              		.loc 1 80 5 view .LVU59
 246 0052 6068     		ldr	r0, [r4, #4]
 247 0054 FFF7FEFF 		bl	GPIOSet
 248              	.LVL22:
  81:modules/ist8310/ist8310.c ****     HAL_Delay(sleepTime);
 249              		.loc 1 81 5 view .LVU60
 250 0058 3220     		movs	r0, #50
 251 005a FFF7FEFF 		bl	HAL_Delay
 252              	.LVL23:
  82:modules/ist8310/ist8310.c **** 
  83:modules/ist8310/ist8310.c ****     // ËØªÂèñIST8310ÁöÑID,Â¶ÇÊûú‰∏çÊòØ0x10(whoami macroÁöÑÂÄº),ÂàôËøîÂõûÈîôËØØ
  84:modules/ist8310/ist8310.c ****     IICAccessMem(ist->iic, IST8310_WHO_AM_I, &check_who_i_am, 1, IIC_READ_MEM, 1);
 253              		.loc 1 84 5 view .LVU61
 254 005e 2068     		ldr	r0, [r4]
 255 0060 0123     		movs	r3, #1
 256 0062 0193     		str	r3, [sp, #4]
 257 0064 0096     		str	r6, [sp]
 258 0066 0DF10F02 		add	r2, sp, #15
 259 006a 3146     		mov	r1, r6
 260 006c FFF7FEFF 		bl	IICAccessMem
ARM GAS  C:\Users\ADMINI~1\AppData\Local\Temp\ccs0POFO.s 			page 7


 261              	.LVL24:
  85:modules/ist8310/ist8310.c ****     if (check_who_i_am != IST8310_WHO_AM_I_VALUE)
 262              		.loc 1 85 5 view .LVU62
 263              		.loc 1 85 24 is_stmt 0 view .LVU63
 264 0070 9DF80F30 		ldrb	r3, [sp, #15]	@ zero_extendqisi2
 265              		.loc 1 85 8 view .LVU64
 266 0074 102B     		cmp	r3, #16
 267 0076 2ED1     		bne	.L15
 268              	.LBB3:
  86:modules/ist8310/ist8310.c ****         return NULL; // while(1)
  87:modules/ist8310/ist8310.c **** 
  88:modules/ist8310/ist8310.c ****     // ËøõË°åÂàùÂßãÂåñÈÖçÁΩÆÂÜôÂÖ•Âπ∂Ê£ÄÊü•ÊòØÂê¶ÂÜôÂÖ•ÊàêÂäü,ËøôÈáåÁî®Âæ™ÁéØÊääÊúÄ‰∏äÈù¢ÂàùÂßãÂåñÊ
  89:modules/ist8310/ist8310.c ****     for (uint8_t i = 0; i < IST8310_WRITE_REG_NUM; i++)
 269              		.loc 1 89 18 view .LVU65
 270 0078 3546     		mov	r5, r6
 271              	.LVL25:
 272              	.L11:
 273              		.loc 1 89 27 is_stmt 1 discriminator 1 view .LVU66
 274 007a 032D     		cmp	r5, #3
 275 007c 25D8     		bhi	.L17
  90:modules/ist8310/ist8310.c ****     { // ÂÜôÂÖ•ÈÖçÁΩÆ,ÂÜô‰∏ÄÂè•Â∞±ËØª‰∏Ä‰∏ãÁúãÁúãist8310ÊòØÂê¶‰ªçÁÑ∂Âú®Á∫ø
  91:modules/ist8310/ist8310.c ****         IICAccessMem(ist->iic, ist8310_write_reg_data_error[i][0], &ist8310_write_reg_data_error[i]
 276              		.loc 1 91 9 view .LVU67
 277              		.loc 1 91 63 is_stmt 0 view .LVU68
 278 007e DFF86880 		ldr	r8, .L18+12
 279 0082 05EB4507 		add	r7, r5, r5, lsl #1
 280 0086 08EB0709 		add	r9, r8, r7
 281              		.loc 1 91 9 view .LVU69
 282 008a 7A1C     		adds	r2, r7, #1
 283 008c 2068     		ldr	r0, [r4]
 284 008e 0126     		movs	r6, #1
 285 0090 0196     		str	r6, [sp, #4]
 286 0092 0096     		str	r6, [sp]
 287 0094 3346     		mov	r3, r6
 288 0096 4244     		add	r2, r2, r8
 289 0098 18F80710 		ldrb	r1, [r8, r7]	@ zero_extendqisi2
 290 009c FFF7FEFF 		bl	IICAccessMem
 291              	.LVL26:
  92:modules/ist8310/ist8310.c ****         IICAccessMem(ist->iic, ist8310_write_reg_data_error[i][0], &check_who_i_am, 1, IIC_READ_MEM
 292              		.loc 1 92 9 is_stmt 1 view .LVU70
 293 00a0 2068     		ldr	r0, [r4]
 294 00a2 0196     		str	r6, [sp, #4]
 295 00a4 0023     		movs	r3, #0
 296 00a6 0093     		str	r3, [sp]
 297 00a8 3346     		mov	r3, r6
 298 00aa 0DF10F02 		add	r2, sp, #15
 299 00ae 18F80710 		ldrb	r1, [r8, r7]	@ zero_extendqisi2
 300 00b2 FFF7FEFF 		bl	IICAccessMem
 301              	.LVL27:
  93:modules/ist8310/ist8310.c ****         if (check_who_i_am != ist8310_write_reg_data_error[i][1])
 302              		.loc 1 93 9 view .LVU71
 303              		.loc 1 93 62 is_stmt 0 view .LVU72
 304 00b6 99F80120 		ldrb	r2, [r9, #1]	@ zero_extendqisi2
 305              		.loc 1 93 28 view .LVU73
 306 00ba 9DF80F30 		ldrb	r3, [sp, #15]	@ zero_extendqisi2
 307              		.loc 1 93 12 view .LVU74
 308 00be 9A42     		cmp	r2, r3
ARM GAS  C:\Users\ADMINI~1\AppData\Local\Temp\ccs0POFO.s 			page 8


 309 00c0 02D1     		bne	.L13
  89:modules/ist8310/ist8310.c ****     { // ÂÜôÂÖ•ÈÖçÁΩÆ,ÂÜô‰∏ÄÂè•Â∞±ËØª‰∏Ä‰∏ãÁúãÁúãist8310ÊòØÂê¶‰ªçÁÑ∂Âú®Á∫ø
 310              		.loc 1 89 53 is_stmt 1 discriminator 2 view .LVU75
 311 00c2 0135     		adds	r5, r5, #1
 312              	.LVL28:
  89:modules/ist8310/ist8310.c ****     { // ÂÜôÂÖ•ÈÖçÁΩÆ,ÂÜô‰∏ÄÂè•Â∞±ËØª‰∏Ä‰∏ãÁúãÁúãist8310ÊòØÂê¶‰ªçÁÑ∂Âú®Á∫ø
 313              		.loc 1 89 53 is_stmt 0 discriminator 2 view .LVU76
 314 00c4 EDB2     		uxtb	r5, r5
 315              	.LVL29:
  89:modules/ist8310/ist8310.c ****     { // ÂÜôÂÖ•ÈÖçÁΩÆ,ÂÜô‰∏ÄÂè•Â∞±ËØª‰∏Ä‰∏ãÁúãÁúãist8310ÊòØÂê¶‰ªçÁÑ∂Âú®Á∫ø
 316              		.loc 1 89 53 discriminator 2 view .LVU77
 317 00c6 D8E7     		b	.L11
 318              	.L13:
  94:modules/ist8310/ist8310.c ****             while (1)
 319              		.loc 1 94 13 is_stmt 1 view .LVU78
 320              		.loc 1 94 19 view .LVU79
 321 00c8 FEE7     		b	.L13
 322              	.L17:
 323              		.loc 1 94 19 is_stmt 0 view .LVU80
 324              	.LBE3:
  95:modules/ist8310/ist8310.c ****                 LOGERROR("[ist8310] init error, code %d", ist8310_write_reg_data_error[i][2]); // Ê
  96:modules/ist8310/ist8310.c ****     }
  97:modules/ist8310/ist8310.c **** 
  98:modules/ist8310/ist8310.c ****     ist8310_instance = ist; // ‰øùÂ≠òist8310ÂÆû‰æãÁöÑÊåáÈíà
 325              		.loc 1 98 5 is_stmt 1 view .LVU81
 326              		.loc 1 98 22 is_stmt 0 view .LVU82
 327 00ca 064B     		ldr	r3, .L18+8
 328 00cc 1C60     		str	r4, [r3]
  99:modules/ist8310/ist8310.c ****     return ist;
 329              		.loc 1 99 5 is_stmt 1 view .LVU83
 330              	.LVL30:
 331              	.L9:
 100:modules/ist8310/ist8310.c **** }
 332              		.loc 1 100 1 is_stmt 0 view .LVU84
 333 00ce 2046     		mov	r0, r4
 334 00d0 05B0     		add	sp, sp, #20
 335              	.LCFI7:
 336              		.cfi_remember_state
 337              		.cfi_def_cfa_offset 28
 338              		@ sp needed
 339 00d2 BDE8F083 		pop	{r4, r5, r6, r7, r8, r9, pc}
 340              	.LVL31:
 341              	.L15:
 342              	.LCFI8:
 343              		.cfi_restore_state
  86:modules/ist8310/ist8310.c **** 
 344              		.loc 1 86 16 view .LVU85
 345 00d6 0024     		movs	r4, #0
 346              	.LVL32:
  86:modules/ist8310/ist8310.c **** 
 347              		.loc 1 86 16 view .LVU86
 348 00d8 F9E7     		b	.L9
 349              	.L19:
 350 00da 00BF     		.align	2
 351              	.L18:
 352 00dc 00000000 		.word	IST8310Decode
 353 00e0 00000000 		.word	IST8310StartTransfer
ARM GAS  C:\Users\ADMINI~1\AppData\Local\Temp\ccs0POFO.s 			page 9


 354 00e4 00000000 		.word	ist8310_instance
 355 00e8 00000000 		.word	ist8310_write_reg_data_error
 356              		.cfi_endproc
 357              	.LFE240:
 359              		.section	.data.ist8310_write_reg_data_error,"aw"
 360              		.align	2
 363              	ist8310_write_reg_data_error:
 364 0000 0B0801   		.ascii	"\013\010\001"
 365 0003 410902   		.ascii	"A\011\002"
 366 0006 42C003   		.ascii	"B\300\003"
 367 0009 0A0B04   		.ascii	"\012\013\004"
 368              		.section	.bss.ist8310_instance,"aw",%nobits
 369              		.align	2
 372              	ist8310_instance:
 373 0000 00000000 		.space	4
 374              		.text
 375              	.Letext0:
 376              		.file 2 "D:/Msys2/mingw64/arm-none-eabi/include/machine/_default_types.h"
 377              		.file 3 "D:/Msys2/mingw64/arm-none-eabi/include/sys/_stdint.h"
 378              		.file 4 "Drivers/CMSIS/Device/ST/STM32F4xx/Include/stm32f407xx.h"
 379              		.file 5 "D:/Msys2/mingw64/lib/gcc/arm-none-eabi/13.3.0/include/stddef.h"
 380              		.file 6 "Drivers/STM32F4xx_HAL_Driver/Inc/stm32f4xx_hal_def.h"
 381              		.file 7 "Drivers/STM32F4xx_HAL_Driver/Inc/stm32f4xx_hal_gpio.h"
 382              		.file 8 "Drivers/STM32F4xx_HAL_Driver/Inc/stm32f4xx_hal_dma.h"
 383              		.file 9 "Drivers/STM32F4xx_HAL_Driver/Inc/stm32f4xx_hal_i2c.h"
 384              		.file 10 "bsp/iic/bsp_iic.h"
 385              		.file 11 "bsp/gpio/bsp_gpio.h"
 386              		.file 12 "modules/ist8310/ist8310.h"
 387              		.file 13 "Drivers/STM32F4xx_HAL_Driver/Inc/stm32f4xx_hal.h"
 388              		.file 14 "D:/Msys2/mingw64/arm-none-eabi/include/string.h"
 389              		.file 15 "D:/Msys2/mingw64/arm-none-eabi/include/stdlib.h"
 390              		.file 16 "<built-in>"
ARM GAS  C:\Users\ADMINI~1\AppData\Local\Temp\ccs0POFO.s 			page 10


DEFINED SYMBOLS
                            *ABS*:00000000 ist8310.c
C:\Users\ADMINI~1\AppData\Local\Temp\ccs0POFO.s:21     .text.IST8310Decode:00000000 $t
C:\Users\ADMINI~1\AppData\Local\Temp\ccs0POFO.s:26     .text.IST8310Decode:00000000 IST8310Decode
C:\Users\ADMINI~1\AppData\Local\Temp\ccs0POFO.s:95     .text.IST8310Decode:00000044 $d
C:\Users\ADMINI~1\AppData\Local\Temp\ccs0POFO.s:100    .text.IST8310StartTransfer:00000000 $t
C:\Users\ADMINI~1\AppData\Local\Temp\ccs0POFO.s:105    .text.IST8310StartTransfer:00000000 IST8310StartTransfer
C:\Users\ADMINI~1\AppData\Local\Temp\ccs0POFO.s:155    .text.IST8310Init:00000000 $t
C:\Users\ADMINI~1\AppData\Local\Temp\ccs0POFO.s:161    .text.IST8310Init:00000000 IST8310Init
C:\Users\ADMINI~1\AppData\Local\Temp\ccs0POFO.s:352    .text.IST8310Init:000000dc $d
C:\Users\ADMINI~1\AppData\Local\Temp\ccs0POFO.s:372    .bss.ist8310_instance:00000000 ist8310_instance
C:\Users\ADMINI~1\AppData\Local\Temp\ccs0POFO.s:363    .data.ist8310_write_reg_data_error:00000000 ist8310_write_reg_data_error
C:\Users\ADMINI~1\AppData\Local\Temp\ccs0POFO.s:360    .data.ist8310_write_reg_data_error:00000000 $d
C:\Users\ADMINI~1\AppData\Local\Temp\ccs0POFO.s:369    .bss.ist8310_instance:00000000 $d

UNDEFINED SYMBOLS
IICAccessMem
malloc
memset
IICRegister
GPIORegister
GPIOReset
HAL_Delay
GPIOSet
