ARM GAS  C:\Users\ADMINI~1\AppData\Local\Temp\cc0ECaIB.s 			page 1


   1              		.cpu cortex-m4
   2              		.arch armv7e-m
   3              		.fpu fpv4-sp-d16
   4              		.eabi_attribute 27, 1
   5              		.eabi_attribute 28, 1
   6              		.eabi_attribute 20, 1
   7              		.eabi_attribute 21, 1
   8              		.eabi_attribute 23, 3
   9              		.eabi_attribute 24, 1
  10              		.eabi_attribute 25, 1
  11              		.eabi_attribute 26, 1
  12              		.eabi_attribute 30, 1
  13              		.eabi_attribute 34, 1
  14              		.eabi_attribute 18, 4
  15              		.file	"remote_control.c"
  16              		.text
  17              	.Ltext0:
  18              		.cfi_sections	.debug_frame
  19              		.file 1 "modules/remote/remote_control.c"
  20              		.section	.text.RectifyRCjoystick,"ax",%progbits
  21              		.align	1
  22              		.syntax unified
  23              		.thumb
  24              		.thumb_func
  26              	RectifyRCjoystick:
  27              	.LFB238:
   1:modules/remote/remote_control.c **** #include "remote_control.h"
   2:modules/remote/remote_control.c **** #include "string.h"
   3:modules/remote/remote_control.c **** #include "bsp_usart.h"
   4:modules/remote/remote_control.c **** #include "memory.h"
   5:modules/remote/remote_control.c **** #include "stdlib.h"
   6:modules/remote/remote_control.c **** #include "daemon.h"
   7:modules/remote/remote_control.c **** #include "bsp_log.h"
   8:modules/remote/remote_control.c **** 
   9:modules/remote/remote_control.c **** #define REMOTE_CONTROL_FRAME_SIZE 18u // ÈÅ•ÊéßÂô®Êé•Êî∂ÁöÑbufferÂ§ßÂ∞è
  10:modules/remote/remote_control.c **** 
  11:modules/remote/remote_control.c **** // ÈÅ•ÊéßÂô®Êï∞ÊçÆ
  12:modules/remote/remote_control.c **** static RC_ctrl_t rc_ctrl[2];     //[0]:ÂΩìÂâçÊï∞ÊçÆTEMP,[1]:‰∏ä‰∏ÄÊ¨°ÁöÑÊï∞ÊçÆLAST.Áî®‰∫éÊåâÈîÆÊåÅÁ
  13:modules/remote/remote_control.c **** static uint8_t rc_init_flag = 0; // ÈÅ•ÊéßÂô®ÂàùÂßãÂåñÊ†áÂøó‰Ωç
  14:modules/remote/remote_control.c **** 
  15:modules/remote/remote_control.c **** // ÈÅ•ÊéßÂô®Êã•ÊúâÁöÑ‰∏≤Âè£ÂÆû‰æã,Âõ†‰∏∫ÈÅ•ÊéßÂô®ÊòØÂçï‰æã,ÊâÄ‰ª•ËøôÈáåÂè™Êúâ‰∏Ä‰∏™,Â∞±‰∏çÂ∞ÅË£Ö‰∫Ü
  16:modules/remote/remote_control.c **** static USARTInstance *rc_usart_instance;
  17:modules/remote/remote_control.c **** static DaemonInstance *rc_daemon_instance;
  18:modules/remote/remote_control.c **** 
  19:modules/remote/remote_control.c **** /**
  20:modules/remote/remote_control.c ****  * @brief Áü´Ê≠£ÈÅ•ÊéßÂô®ÊëáÊùÜÁöÑÂÄº,Ë∂ÖËøá660ÊàñËÄÖÂ∞è‰∫é-660ÁöÑÂÄºÈÉΩËÆ§‰∏∫ÊòØÊó†ÊïàÂÄº,ÁΩÆ0
  21:modules/remote/remote_control.c ****  *
  22:modules/remote/remote_control.c ****  */
  23:modules/remote/remote_control.c **** static void RectifyRCjoystick()
  24:modules/remote/remote_control.c **** {
  28              		.loc 1 24 1 view -0
  29              		.cfi_startproc
  30              		@ args = 0, pretend = 0, frame = 0
  31              		@ frame_needed = 0, uses_anonymous_args = 0
  32              		@ link register save eliminated.
  25:modules/remote/remote_control.c ****     for (uint8_t i = 0; i < 5; ++i)
  33              		.loc 1 25 5 view .LVU1
ARM GAS  C:\Users\ADMINI~1\AppData\Local\Temp\cc0ECaIB.s 			page 2


  34              	.LBB2:
  35              		.loc 1 25 10 view .LVU2
  36              	.LVL0:
  37              		.loc 1 25 18 is_stmt 0 view .LVU3
  38 0000 0023     		movs	r3, #0
  39              		.loc 1 25 5 view .LVU4
  40 0002 01E0     		b	.L2
  41              	.LVL1:
  42              	.L3:
  43              		.loc 1 25 32 is_stmt 1 discriminator 2 view .LVU5
  44 0004 0133     		adds	r3, r3, #1
  45              	.LVL2:
  46              		.loc 1 25 32 is_stmt 0 discriminator 2 view .LVU6
  47 0006 DBB2     		uxtb	r3, r3
  48              	.LVL3:
  49              	.L2:
  50              		.loc 1 25 27 is_stmt 1 discriminator 1 view .LVU7
  51 0008 042B     		cmp	r3, #4
  52 000a 0DD8     		bhi	.L5
  26:modules/remote/remote_control.c ****         if (abs(*(&rc_ctrl[TEMP].rc.rocker_l_ + i)) > 660)
  53              		.loc 1 26 9 view .LVU8
  54              		.loc 1 26 47 is_stmt 0 view .LVU9
  55 000c 0749     		ldr	r1, .L6
  56              		.loc 1 26 17 view .LVU10
  57 000e 31F91320 		ldrsh	r2, [r1, r3, lsl #1]
  58              		.loc 1 26 13 view .LVU11
  59 0012 002A     		cmp	r2, #0
  60 0014 B8BF     		it	lt
  61 0016 5242     		rsblt	r2, r2, #0
  62 0018 92B2     		uxth	r2, r2
  63              		.loc 1 26 12 view .LVU12
  64 001a B2F5257F 		cmp	r2, #660
  65 001e F1D9     		bls	.L3
  27:modules/remote/remote_control.c ****             *(&rc_ctrl[TEMP].rc.rocker_l_ + i) = 0;
  66              		.loc 1 27 13 is_stmt 1 view .LVU13
  67              		.loc 1 27 48 is_stmt 0 view .LVU14
  68 0020 0022     		movs	r2, #0
  69 0022 21F81320 		strh	r2, [r1, r3, lsl #1]	@ movhi
  70 0026 EDE7     		b	.L3
  71              	.L5:
  72              	.LBE2:
  28:modules/remote/remote_control.c **** }
  73              		.loc 1 28 1 view .LVU15
  74 0028 7047     		bx	lr
  75              	.L7:
  76 002a 00BF     		.align	2
  77              	.L6:
  78 002c 00000000 		.word	rc_ctrl
  79              		.cfi_endproc
  80              	.LFE238:
  82              		.section	.text.sbus_to_rc,"ax",%progbits
  83              		.align	1
  84              		.syntax unified
  85              		.thumb
  86              		.thumb_func
  88              	sbus_to_rc:
  89              	.LVL4:
ARM GAS  C:\Users\ADMINI~1\AppData\Local\Temp\cc0ECaIB.s 			page 3


  90              	.LFB239:
  29:modules/remote/remote_control.c **** 
  30:modules/remote/remote_control.c **** /**
  31:modules/remote/remote_control.c ****  * @brief ÈÅ•ÊéßÂô®Êï∞ÊçÆËß£Êûê
  32:modules/remote/remote_control.c ****  *
  33:modules/remote/remote_control.c ****  * @param sbus_buf Êé•Êî∂buffer
  34:modules/remote/remote_control.c ****  */
  35:modules/remote/remote_control.c **** static void sbus_to_rc(const uint8_t *sbus_buf)
  36:modules/remote/remote_control.c **** {
  91              		.loc 1 36 1 is_stmt 1 view -0
  92              		.cfi_startproc
  93              		@ args = 0, pretend = 0, frame = 0
  94              		@ frame_needed = 0, uses_anonymous_args = 0
  95              		.loc 1 36 1 is_stmt 0 view .LVU17
  96 0000 F8B5     		push	{r3, r4, r5, r6, r7, lr}
  97              	.LCFI0:
  98              		.cfi_def_cfa_offset 24
  99              		.cfi_offset 3, -24
 100              		.cfi_offset 4, -20
 101              		.cfi_offset 5, -16
 102              		.cfi_offset 6, -12
 103              		.cfi_offset 7, -8
 104              		.cfi_offset 14, -4
 105 0002 0446     		mov	r4, r0
  37:modules/remote/remote_control.c ****     // ÊëáÊùÜ,Áõ¥Êé•Ëß£ÁÆóÊó∂ÂáèÂéªÂÅèÁΩÆ
  38:modules/remote/remote_control.c ****     rc_ctrl[TEMP].rc.rocker_r_ = ((sbus_buf[0] | (sbus_buf[1] << 8)) & 0x07ff) - RC_CH_VALUE_OFFSET
 106              		.loc 1 38 5 is_stmt 1 view .LVU18
 107              		.loc 1 38 44 is_stmt 0 view .LVU19
 108 0004 0378     		ldrb	r3, [r0]	@ zero_extendqisi2
 109              		.loc 1 38 59 view .LVU20
 110 0006 4278     		ldrb	r2, [r0, #1]	@ zero_extendqisi2
 111              		.loc 1 38 48 view .LVU21
 112 0008 43EA0223 		orr	r3, r3, r2, lsl #8
 113              		.loc 1 38 70 view .LVU22
 114 000c C3F30A03 		ubfx	r3, r3, #0, #11
 115              		.loc 1 38 80 view .LVU23
 116 0010 A3F58063 		sub	r3, r3, #1024
 117              		.loc 1 38 32 view .LVU24
 118 0014 4F4D     		ldr	r5, .L20
 119 0016 AB80     		strh	r3, [r5, #4]	@ movhi
  39:modules/remote/remote_control.c ****     rc_ctrl[TEMP].rc.rocker_r1 = (((sbus_buf[1] >> 3) | (sbus_buf[2] << 5)) & 0x07ff) - RC_CH_VALUE
 120              		.loc 1 39 5 is_stmt 1 view .LVU25
 121              		.loc 1 39 45 is_stmt 0 view .LVU26
 122 0018 4278     		ldrb	r2, [r0, #1]	@ zero_extendqisi2
 123              		.loc 1 39 66 view .LVU27
 124 001a 8378     		ldrb	r3, [r0, #2]	@ zero_extendqisi2
 125              		.loc 1 39 55 view .LVU28
 126 001c 5B01     		lsls	r3, r3, #5
 127 001e 43EAD203 		orr	r3, r3, r2, lsr #3
 128              		.loc 1 39 77 view .LVU29
 129 0022 C3F30A03 		ubfx	r3, r3, #0, #11
 130              		.loc 1 39 87 view .LVU30
 131 0026 A3F58063 		sub	r3, r3, #1024
 132              		.loc 1 39 32 view .LVU31
 133 002a EB80     		strh	r3, [r5, #6]	@ movhi
  40:modules/remote/remote_control.c ****     rc_ctrl[TEMP].rc.rocker_l_ = (((sbus_buf[2] >> 6) | (sbus_buf[3] << 2) | (sbus_buf[4] << 10)) &
 134              		.loc 1 40 5 is_stmt 1 view .LVU32
ARM GAS  C:\Users\ADMINI~1\AppData\Local\Temp\cc0ECaIB.s 			page 4


 135              		.loc 1 40 45 is_stmt 0 view .LVU33
 136 002c 8278     		ldrb	r2, [r0, #2]	@ zero_extendqisi2
 137              		.loc 1 40 66 view .LVU34
 138 002e C378     		ldrb	r3, [r0, #3]	@ zero_extendqisi2
 139              		.loc 1 40 55 view .LVU35
 140 0030 9B00     		lsls	r3, r3, #2
 141 0032 43EA9213 		orr	r3, r3, r2, lsr #6
 142              		.loc 1 40 87 view .LVU36
 143 0036 0279     		ldrb	r2, [r0, #4]	@ zero_extendqisi2
 144              		.loc 1 40 76 view .LVU37
 145 0038 43EA8223 		orr	r3, r3, r2, lsl #10
 146              		.loc 1 40 99 view .LVU38
 147 003c C3F30A03 		ubfx	r3, r3, #0, #11
 148              		.loc 1 40 109 view .LVU39
 149 0040 A3F58063 		sub	r3, r3, #1024
 150              		.loc 1 40 32 view .LVU40
 151 0044 2B80     		strh	r3, [r5]	@ movhi
  41:modules/remote/remote_control.c ****     rc_ctrl[TEMP].rc.rocker_l1 = (((sbus_buf[4] >> 1) | (sbus_buf[5] << 7)) & 0x07ff) - RC_CH_VALUE
 152              		.loc 1 41 5 is_stmt 1 view .LVU41
 153              		.loc 1 41 66 is_stmt 0 view .LVU42
 154 0046 4379     		ldrb	r3, [r0, #5]	@ zero_extendqisi2
 155              		.loc 1 41 55 view .LVU43
 156 0048 DB01     		lsls	r3, r3, #7
 157 004a 43EA5203 		orr	r3, r3, r2, lsr #1
 158              		.loc 1 41 77 view .LVU44
 159 004e C3F30A03 		ubfx	r3, r3, #0, #11
 160              		.loc 1 41 87 view .LVU45
 161 0052 A3F58063 		sub	r3, r3, #1024
 162              		.loc 1 41 32 view .LVU46
 163 0056 6B80     		strh	r3, [r5, #2]	@ movhi
  42:modules/remote/remote_control.c ****     rc_ctrl[TEMP].rc.dial = ((sbus_buf[16] | (sbus_buf[17] << 8)) & 0x07FF) - RC_CH_VALUE_OFFSET;  
 164              		.loc 1 42 5 is_stmt 1 view .LVU47
 165              		.loc 1 42 39 is_stmt 0 view .LVU48
 166 0058 037C     		ldrb	r3, [r0, #16]	@ zero_extendqisi2
 167              		.loc 1 42 55 view .LVU49
 168 005a 427C     		ldrb	r2, [r0, #17]	@ zero_extendqisi2
 169              		.loc 1 42 44 view .LVU50
 170 005c 43EA0223 		orr	r3, r3, r2, lsl #8
 171              		.loc 1 42 67 view .LVU51
 172 0060 C3F30A03 		ubfx	r3, r3, #0, #11
 173              		.loc 1 42 77 view .LVU52
 174 0064 A3F58063 		sub	r3, r3, #1024
 175              		.loc 1 42 27 view .LVU53
 176 0068 2B81     		strh	r3, [r5, #8]	@ movhi
  43:modules/remote/remote_control.c ****     RectifyRCjoystick();
 177              		.loc 1 43 5 is_stmt 1 view .LVU54
 178 006a FFF7FEFF 		bl	RectifyRCjoystick
 179              	.LVL5:
  44:modules/remote/remote_control.c ****     // ÂºÄÂÖ≥,0Â∑¶1Âè≥
  45:modules/remote/remote_control.c ****     rc_ctrl[TEMP].rc.switch_right = ((sbus_buf[5] >> 4) & 0x0003);     //!< Switch right
 180              		.loc 1 45 5 view .LVU55
 181              		.loc 1 45 47 is_stmt 0 view .LVU56
 182 006e 6379     		ldrb	r3, [r4, #5]	@ zero_extendqisi2
 183              		.loc 1 45 57 view .LVU57
 184 0070 C3F30113 		ubfx	r3, r3, #4, #2
 185              		.loc 1 45 35 view .LVU58
 186 0074 EB72     		strb	r3, [r5, #11]
ARM GAS  C:\Users\ADMINI~1\AppData\Local\Temp\cc0ECaIB.s 			page 5


  46:modules/remote/remote_control.c ****     rc_ctrl[TEMP].rc.switch_left = ((sbus_buf[5] >> 4) & 0x000C) >> 2; //!< Switch left
 187              		.loc 1 46 5 is_stmt 1 view .LVU59
 188              		.loc 1 46 46 is_stmt 0 view .LVU60
 189 0076 6379     		ldrb	r3, [r4, #5]	@ zero_extendqisi2
 190              		.loc 1 46 66 view .LVU61
 191 0078 9B09     		lsrs	r3, r3, #6
 192              		.loc 1 46 34 view .LVU62
 193 007a AB72     		strb	r3, [r5, #10]
  47:modules/remote/remote_control.c **** 
  48:modules/remote/remote_control.c ****     // Èº†Ê†áËß£Êûê
  49:modules/remote/remote_control.c ****     rc_ctrl[TEMP].mouse.x = (sbus_buf[6] | (sbus_buf[7] << 8)); //!< Mouse X axis
 194              		.loc 1 49 5 is_stmt 1 view .LVU63
 195              		.loc 1 49 38 is_stmt 0 view .LVU64
 196 007c A379     		ldrb	r3, [r4, #6]	@ zero_extendqisi2
 197              		.loc 1 49 53 view .LVU65
 198 007e E279     		ldrb	r2, [r4, #7]	@ zero_extendqisi2
 199              		.loc 1 49 42 view .LVU66
 200 0080 43EA0223 		orr	r3, r3, r2, lsl #8
 201              		.loc 1 49 27 view .LVU67
 202 0084 AB81     		strh	r3, [r5, #12]	@ movhi
  50:modules/remote/remote_control.c ****     rc_ctrl[TEMP].mouse.y = (sbus_buf[8] | (sbus_buf[9] << 8)); //!< Mouse Y axis
 203              		.loc 1 50 5 is_stmt 1 view .LVU68
 204              		.loc 1 50 38 is_stmt 0 view .LVU69
 205 0086 237A     		ldrb	r3, [r4, #8]	@ zero_extendqisi2
 206              		.loc 1 50 53 view .LVU70
 207 0088 627A     		ldrb	r2, [r4, #9]	@ zero_extendqisi2
 208              		.loc 1 50 42 view .LVU71
 209 008a 43EA0223 		orr	r3, r3, r2, lsl #8
 210              		.loc 1 50 27 view .LVU72
 211 008e EB81     		strh	r3, [r5, #14]	@ movhi
  51:modules/remote/remote_control.c ****     rc_ctrl[TEMP].mouse.press_l = sbus_buf[12];                 //!< Mouse Left Is Press ?
 212              		.loc 1 51 5 is_stmt 1 view .LVU73
 213              		.loc 1 51 43 is_stmt 0 view .LVU74
 214 0090 237B     		ldrb	r3, [r4, #12]	@ zero_extendqisi2
 215              		.loc 1 51 33 view .LVU75
 216 0092 2B74     		strb	r3, [r5, #16]
  52:modules/remote/remote_control.c ****     rc_ctrl[TEMP].mouse.press_r = sbus_buf[13];                 //!< Mouse Right Is Press ?
 217              		.loc 1 52 5 is_stmt 1 view .LVU76
 218              		.loc 1 52 43 is_stmt 0 view .LVU77
 219 0094 637B     		ldrb	r3, [r4, #13]	@ zero_extendqisi2
 220              		.loc 1 52 33 view .LVU78
 221 0096 6B74     		strb	r3, [r5, #17]
  53:modules/remote/remote_control.c **** 
  54:modules/remote/remote_control.c ****     //  ‰ΩçÂüüÁöÑÊåâÈîÆÂÄºËß£ÁÆó,Áõ¥Êé•memcpyÂç≥ÂèØ,Ê≥®ÊÑèÂ∞èÁ´Ø‰ΩéÂ≠óËäÇÂú®Ââç,Âç≥lsbÂú®Á¨¨‰∏Ä‰Ωç,
  55:modules/remote/remote_control.c ****     *(uint16_t *)&rc_ctrl[TEMP].key[KEY_PRESS] = (uint16_t)(sbus_buf[14] | (sbus_buf[15] << 8));
 222              		.loc 1 55 5 is_stmt 1 view .LVU79
 223              		.loc 1 55 69 is_stmt 0 view .LVU80
 224 0098 A07B     		ldrb	r0, [r4, #14]	@ zero_extendqisi2
 225              		.loc 1 55 85 view .LVU81
 226 009a E37B     		ldrb	r3, [r4, #15]	@ zero_extendqisi2
 227              		.loc 1 55 50 view .LVU82
 228 009c 40EA0320 		orr	r0, r0, r3, lsl #8
 229              		.loc 1 55 48 view .LVU83
 230 00a0 6882     		strh	r0, [r5, #18]	@ movhi
  56:modules/remote/remote_control.c ****     if (rc_ctrl[TEMP].key[KEY_PRESS].ctrl) // ctrlÈîÆÊåâ‰∏ã
 231              		.loc 1 56 5 is_stmt 1 view .LVU84
 232 00a2 C2B2     		uxtb	r2, r0
ARM GAS  C:\Users\ADMINI~1\AppData\Local\Temp\cc0ECaIB.s 			page 6


 233              		.loc 1 56 8 is_stmt 0 view .LVU85
 234 00a4 10F0200F 		tst	r0, #32
 235 00a8 14D0     		beq	.L9
  57:modules/remote/remote_control.c ****         rc_ctrl[TEMP].key[KEY_PRESS_WITH_CTRL] = rc_ctrl[TEMP].key[KEY_PRESS];
 236              		.loc 1 57 9 is_stmt 1 view .LVU86
 237              		.loc 1 57 48 is_stmt 0 view .LVU87
 238 00aa 81B2     		uxth	r1, r0
 239 00ac A982     		strh	r1, [r5, #20]	@ movhi
 240              	.L10:
  58:modules/remote/remote_control.c ****     else
  59:modules/remote/remote_control.c ****         memset(&rc_ctrl[TEMP].key[KEY_PRESS_WITH_CTRL], 0, sizeof(Key_t));
  60:modules/remote/remote_control.c ****     if (rc_ctrl[TEMP].key[KEY_PRESS].shift) // shiftÈîÆÊåâ‰∏ã
 241              		.loc 1 60 5 is_stmt 1 view .LVU88
 242              		.loc 1 60 8 is_stmt 0 view .LVU89
 243 00ae 12F0100F 		tst	r2, #16
 244 00b2 13D0     		beq	.L11
  61:modules/remote/remote_control.c ****         rc_ctrl[TEMP].key[KEY_PRESS_WITH_SHIFT] = rc_ctrl[TEMP].key[KEY_PRESS];
 245              		.loc 1 61 9 is_stmt 1 view .LVU90
 246              		.loc 1 61 49 is_stmt 0 view .LVU91
 247 00b4 274B     		ldr	r3, .L20
 248 00b6 5A8A     		ldrh	r2, [r3, #18]
 249 00b8 DA82     		strh	r2, [r3, #22]	@ movhi
 250              	.L12:
  62:modules/remote/remote_control.c ****     else
  63:modules/remote/remote_control.c ****         memset(&rc_ctrl[TEMP].key[KEY_PRESS_WITH_SHIFT], 0, sizeof(Key_t));
  64:modules/remote/remote_control.c **** 
  65:modules/remote/remote_control.c ****     uint16_t key_now = rc_ctrl[TEMP].key[KEY_PRESS].keys,                   // ÂΩìÂâçÊåâÈîÆÊòØÂê¶Êå
 251              		.loc 1 65 5 is_stmt 1 view .LVU92
 252              	.LVL6:
  66:modules/remote/remote_control.c ****         key_last = rc_ctrl[LAST].key[KEY_PRESS].keys,                       // ‰∏ä‰∏ÄÊ¨°ÊåâÈîÆÊòØÂê
 253              		.loc 1 66 9 is_stmt 0 view .LVU93
 254 00ba 264B     		ldr	r3, .L20
 255 00bc B3F85A60 		ldrh	r6, [r3, #90]
 256              	.LVL7:
  67:modules/remote/remote_control.c ****         key_with_ctrl = rc_ctrl[TEMP].key[KEY_PRESS_WITH_CTRL].keys,        // ÂΩìÂâçctrlÁªÑÂêàÈîÆÊ
 257              		.loc 1 67 9 view .LVU94
 258 00c0 9C8A     		ldrh	r4, [r3, #20]
 259              	.LVL8:
  68:modules/remote/remote_control.c ****         key_with_shift = rc_ctrl[TEMP].key[KEY_PRESS_WITH_SHIFT].keys,      //  ÂΩìÂâçshiftÁªÑÂêàÈî
 260              		.loc 1 68 9 view .LVU95
 261 00c2 B3F816C0 		ldrh	ip, [r3, #22]
 262              	.LVL9:
  69:modules/remote/remote_control.c ****         key_last_with_ctrl = rc_ctrl[LAST].key[KEY_PRESS_WITH_CTRL].keys,   // ‰∏ä‰∏ÄÊ¨°ctrlÁªÑÂêàÈ
 263              		.loc 1 69 9 view .LVU96
 264 00c6 B3F85C50 		ldrh	r5, [r3, #92]
 265              	.LVL10:
  70:modules/remote/remote_control.c ****         key_last_with_shift = rc_ctrl[LAST].key[KEY_PRESS_WITH_SHIFT].keys; // ‰∏ä‰∏ÄÊ¨°shiftÁªÑÂêà
 266              		.loc 1 70 9 view .LVU97
 267 00ca B3F85EE0 		ldrh	lr, [r3, #94]
 268              	.LVL11:
  71:modules/remote/remote_control.c **** 
  72:modules/remote/remote_control.c ****     for (uint16_t i = 0, j = 0x1; i < 16; j <<= 1, i++)
 269              		.loc 1 72 5 is_stmt 1 view .LVU98
 270              	.LBB3:
 271              		.loc 1 72 10 view .LVU99
 272              		.loc 1 72 26 is_stmt 0 view .LVU100
 273 00ce 0123     		movs	r3, #1
ARM GAS  C:\Users\ADMINI~1\AppData\Local\Temp\cc0ECaIB.s 			page 7


 274              		.loc 1 72 19 view .LVU101
 275 00d0 0022     		movs	r2, #0
 276              		.loc 1 72 5 view .LVU102
 277 00d2 23E0     		b	.L13
 278              	.LVL12:
 279              	.L9:
 280              		.loc 1 72 5 view .LVU103
 281              	.LBE3:
  59:modules/remote/remote_control.c ****     if (rc_ctrl[TEMP].key[KEY_PRESS].shift) // shiftÈîÆÊåâ‰∏ã
 282              		.loc 1 59 9 is_stmt 1 view .LVU104
 283 00d4 204B     		ldr	r3, .L20+4
 284 00d6 0021     		movs	r1, #0
 285 00d8 1980     		strh	r1, [r3]	@ movhi
 286 00da E8E7     		b	.L10
 287              	.L11:
  63:modules/remote/remote_control.c **** 
 288              		.loc 1 63 9 view .LVU105
 289 00dc 1F4B     		ldr	r3, .L20+8
 290 00de 0022     		movs	r2, #0
 291 00e0 1A80     		strh	r2, [r3]	@ movhi
 292 00e2 EAE7     		b	.L12
 293              	.LVL13:
 294              	.L15:
 295              	.LBB4:
  73:modules/remote/remote_control.c ****     {
  74:modules/remote/remote_control.c ****         if (i == 4 || i == 5) // 4,5‰Ωç‰∏∫ctrlÂíåshift,Áõ¥Êé•Ë∑≥Ëøá
  75:modules/remote/remote_control.c ****             continue;
  76:modules/remote/remote_control.c ****         // Â¶ÇÊûúÂΩìÂâçÊåâÈîÆÊåâ‰∏ã,‰∏ä‰∏ÄÊ¨°ÊåâÈîÆÊ≤°ÊúâÊåâ‰∏ã,‰∏îctrlÂíåshiftÁªÑÂêàÈîÆÊ≤°ÊúâÊåâ‰∏
  77:modules/remote/remote_control.c ****         if ((key_now & j) && !(key_last & j) && !(key_with_ctrl & j) && !(key_with_shift & j))
  78:modules/remote/remote_control.c ****             rc_ctrl[TEMP].key_count[KEY_PRESS][i]++;
  79:modules/remote/remote_control.c ****         // ÂΩìÂâçctrlÁªÑÂêàÈîÆÊåâ‰∏ã,‰∏ä‰∏ÄÊ¨°ctrlÁªÑÂêàÈîÆÊ≤°ÊúâÊåâ‰∏ã,ÂàôctrlÁªÑÂêàÈîÆÊåâ‰∏ãËÆ°Êï
  80:modules/remote/remote_control.c ****         if ((key_with_ctrl & j) && !(key_last_with_ctrl & j))
 296              		.loc 1 80 9 view .LVU106
 297              		.loc 1 80 12 is_stmt 0 view .LVU107
 298 00e4 2342     		tst	r3, r4
 299 00e6 08D0     		beq	.L16
 300              		.loc 1 80 33 discriminator 1 view .LVU108
 301 00e8 2B42     		tst	r3, r5
 302 00ea 06D1     		bne	.L16
  81:modules/remote/remote_control.c ****             rc_ctrl[TEMP].key_count[KEY_PRESS_WITH_CTRL][i]++;
 303              		.loc 1 81 13 is_stmt 1 view .LVU109
 304              		.loc 1 81 57 is_stmt 0 view .LVU110
 305 00ec 1949     		ldr	r1, .L20
 306 00ee 1144     		add	r1, r1, r2
 307 00f0 91F82870 		ldrb	r7, [r1, #40]	@ zero_extendqisi2
 308              		.loc 1 81 60 view .LVU111
 309 00f4 0137     		adds	r7, r7, #1
 310 00f6 81F82870 		strb	r7, [r1, #40]
 311              	.L16:
  82:modules/remote/remote_control.c ****         // ÂΩìÂâçshiftÁªÑÂêàÈîÆÊåâ‰∏ã,‰∏ä‰∏ÄÊ¨°shiftÁªÑÂêàÈîÆÊ≤°ÊúâÊåâ‰∏ã,ÂàôshiftÁªÑÂêàÈîÆÊåâ‰∏ãËÆ
  83:modules/remote/remote_control.c ****         if ((key_with_shift & j) && !(key_last_with_shift & j))
 312              		.loc 1 83 9 is_stmt 1 view .LVU112
 313              		.loc 1 83 12 is_stmt 0 view .LVU113
 314 00fa 13EA0C0F 		tst	r3, ip
 315 00fe 09D0     		beq	.L14
 316              		.loc 1 83 34 discriminator 1 view .LVU114
 317 0100 13EA0E0F 		tst	r3, lr
ARM GAS  C:\Users\ADMINI~1\AppData\Local\Temp\cc0ECaIB.s 			page 8


 318 0104 06D1     		bne	.L14
  84:modules/remote/remote_control.c ****             rc_ctrl[TEMP].key_count[KEY_PRESS_WITH_SHIFT][i]++;
 319              		.loc 1 84 13 is_stmt 1 view .LVU115
 320              		.loc 1 84 58 is_stmt 0 view .LVU116
 321 0106 1349     		ldr	r1, .L20
 322 0108 1144     		add	r1, r1, r2
 323 010a 91F83870 		ldrb	r7, [r1, #56]	@ zero_extendqisi2
 324              		.loc 1 84 61 view .LVU117
 325 010e 0137     		adds	r7, r7, #1
 326 0110 81F83870 		strb	r7, [r1, #56]
 327              	.L14:
  72:modules/remote/remote_control.c ****     {
 328              		.loc 1 72 50 is_stmt 1 discriminator 2 view .LVU118
  72:modules/remote/remote_control.c ****     {
 329              		.loc 1 72 45 is_stmt 0 discriminator 2 view .LVU119
 330 0114 5B00     		lsls	r3, r3, #1
 331              	.LVL14:
  72:modules/remote/remote_control.c ****     {
 332              		.loc 1 72 45 discriminator 2 view .LVU120
 333 0116 9BB2     		uxth	r3, r3
 334              	.LVL15:
  72:modules/remote/remote_control.c ****     {
 335              		.loc 1 72 53 discriminator 2 view .LVU121
 336 0118 0132     		adds	r2, r2, #1
 337              	.LVL16:
  72:modules/remote/remote_control.c ****     {
 338              		.loc 1 72 53 discriminator 2 view .LVU122
 339 011a 92B2     		uxth	r2, r2
 340              	.LVL17:
 341              	.L13:
  72:modules/remote/remote_control.c ****     {
 342              		.loc 1 72 37 is_stmt 1 discriminator 1 view .LVU123
 343 011c 0F2A     		cmp	r2, #15
 344 011e 12D8     		bhi	.L19
  74:modules/remote/remote_control.c ****             continue;
 345              		.loc 1 74 9 view .LVU124
  74:modules/remote/remote_control.c ****             continue;
 346              		.loc 1 74 20 is_stmt 0 view .LVU125
 347 0120 111F     		subs	r1, r2, #4
 348 0122 89B2     		uxth	r1, r1
  74:modules/remote/remote_control.c ****             continue;
 349              		.loc 1 74 12 view .LVU126
 350 0124 0129     		cmp	r1, #1
 351 0126 F5D9     		bls	.L14
  77:modules/remote/remote_control.c ****             rc_ctrl[TEMP].key_count[KEY_PRESS][i]++;
 352              		.loc 1 77 9 is_stmt 1 view .LVU127
  77:modules/remote/remote_control.c ****             rc_ctrl[TEMP].key_count[KEY_PRESS][i]++;
 353              		.loc 1 77 12 is_stmt 0 view .LVU128
 354 0128 1842     		tst	r0, r3
 355 012a DBD0     		beq	.L15
  77:modules/remote/remote_control.c ****             rc_ctrl[TEMP].key_count[KEY_PRESS][i]++;
 356              		.loc 1 77 27 discriminator 1 view .LVU129
 357 012c 3342     		tst	r3, r6
 358 012e D9D1     		bne	.L15
  77:modules/remote/remote_control.c ****             rc_ctrl[TEMP].key_count[KEY_PRESS][i]++;
 359              		.loc 1 77 46 discriminator 2 view .LVU130
 360 0130 2342     		tst	r3, r4
ARM GAS  C:\Users\ADMINI~1\AppData\Local\Temp\cc0ECaIB.s 			page 9


 361 0132 D7D1     		bne	.L15
  77:modules/remote/remote_control.c ****             rc_ctrl[TEMP].key_count[KEY_PRESS][i]++;
 362              		.loc 1 77 70 discriminator 3 view .LVU131
 363 0134 13EA0C0F 		tst	r3, ip
 364 0138 D4D1     		bne	.L15
  78:modules/remote/remote_control.c ****         // ÂΩìÂâçctrlÁªÑÂêàÈîÆÊåâ‰∏ã,‰∏ä‰∏ÄÊ¨°ctrlÁªÑÂêàÈîÆÊ≤°ÊúâÊåâ‰∏ã,ÂàôctrlÁªÑÂêàÈîÆÊåâ‰∏ãËÆ°Êï
 365              		.loc 1 78 13 is_stmt 1 view .LVU132
  78:modules/remote/remote_control.c ****         // ÂΩìÂâçctrlÁªÑÂêàÈîÆÊåâ‰∏ã,‰∏ä‰∏ÄÊ¨°ctrlÁªÑÂêàÈîÆÊ≤°ÊúâÊåâ‰∏ã,ÂàôctrlÁªÑÂêàÈîÆÊåâ‰∏ãËÆ°Êï
 366              		.loc 1 78 47 is_stmt 0 view .LVU133
 367 013a 0649     		ldr	r1, .L20
 368 013c 1144     		add	r1, r1, r2
 369 013e 0F7E     		ldrb	r7, [r1, #24]	@ zero_extendqisi2
  78:modules/remote/remote_control.c ****         // ÂΩìÂâçctrlÁªÑÂêàÈîÆÊåâ‰∏ã,‰∏ä‰∏ÄÊ¨°ctrlÁªÑÂêàÈîÆÊ≤°ÊúâÊåâ‰∏ã,ÂàôctrlÁªÑÂêàÈîÆÊåâ‰∏ãËÆ°Êï
 370              		.loc 1 78 50 view .LVU134
 371 0140 0137     		adds	r7, r7, #1
 372 0142 0F76     		strb	r7, [r1, #24]
 373 0144 CEE7     		b	.L15
 374              	.L19:
 375              	.LBE4:
  85:modules/remote/remote_control.c ****     }
  86:modules/remote/remote_control.c **** 
  87:modules/remote/remote_control.c ****     memcpy(&rc_ctrl[LAST], &rc_ctrl[TEMP], sizeof(RC_ctrl_t)); // ‰øùÂ≠ò‰∏ä‰∏ÄÊ¨°ÁöÑÊï∞ÊçÆ,Áî®‰∫éÊå
 376              		.loc 1 87 5 is_stmt 1 view .LVU135
 377 0146 0349     		ldr	r1, .L20
 378 0148 4822     		movs	r2, #72
 379              	.LVL18:
 380              		.loc 1 87 5 is_stmt 0 view .LVU136
 381 014a 8818     		adds	r0, r1, r2
 382              	.LVL19:
 383              		.loc 1 87 5 view .LVU137
 384 014c FFF7FEFF 		bl	memcpy
 385              	.LVL20:
  88:modules/remote/remote_control.c **** }
 386              		.loc 1 88 1 view .LVU138
 387 0150 F8BD     		pop	{r3, r4, r5, r6, r7, pc}
 388              	.LVL21:
 389              	.L21:
 390              		.loc 1 88 1 view .LVU139
 391 0152 00BF     		.align	2
 392              	.L20:
 393 0154 00000000 		.word	rc_ctrl
 394 0158 14000000 		.word	rc_ctrl+20
 395 015c 16000000 		.word	rc_ctrl+22
 396              		.cfi_endproc
 397              	.LFE239:
 399              		.section	.text.RCLostCallback,"ax",%progbits
 400              		.align	1
 401              		.syntax unified
 402              		.thumb
 403              		.thumb_func
 405              	RCLostCallback:
 406              	.LVL22:
 407              	.LFB241:
  89:modules/remote/remote_control.c **** 
  90:modules/remote/remote_control.c **** /**
  91:modules/remote/remote_control.c ****  * @brief ÂØπsbus_to_rcÁöÑÁÆÄÂçïÂ∞ÅË£Ö,Áî®‰∫éÊ≥®ÂÜåÂà∞bsp_usartÁöÑÂõûË∞ÉÂáΩÊï∞‰∏≠
  92:modules/remote/remote_control.c ****  *
ARM GAS  C:\Users\ADMINI~1\AppData\Local\Temp\cc0ECaIB.s 			page 10


  93:modules/remote/remote_control.c ****  */
  94:modules/remote/remote_control.c **** static void RemoteControlRxCallback()
  95:modules/remote/remote_control.c **** {
  96:modules/remote/remote_control.c ****     DaemonReload(rc_daemon_instance);         // ÂÖàÂñÇÁãó
  97:modules/remote/remote_control.c ****     sbus_to_rc(rc_usart_instance->recv_buff); // ËøõË°åÂçèËÆÆËß£Êûê
  98:modules/remote/remote_control.c **** }
  99:modules/remote/remote_control.c **** 
 100:modules/remote/remote_control.c **** /**
 101:modules/remote/remote_control.c ****  * @brief ÈÅ•ÊéßÂô®Á¶ªÁ∫øÁöÑÂõûË∞ÉÂáΩÊï∞,Ê≥®ÂÜåÂà∞ÂÆàÊä§ËøõÁ®ã‰∏≠,‰∏≤Âè£ÊéâÁ∫øÊó∂Ë∞ÉÁî®
 102:modules/remote/remote_control.c ****  *
 103:modules/remote/remote_control.c ****  */
 104:modules/remote/remote_control.c **** static void RCLostCallback(void *id)
 105:modules/remote/remote_control.c **** {
 408              		.loc 1 105 1 is_stmt 1 view -0
 409              		.cfi_startproc
 410              		@ args = 0, pretend = 0, frame = 0
 411              		@ frame_needed = 0, uses_anonymous_args = 0
 412              		.loc 1 105 1 is_stmt 0 view .LVU141
 413 0000 08B5     		push	{r3, lr}
 414              	.LCFI1:
 415              		.cfi_def_cfa_offset 8
 416              		.cfi_offset 3, -8
 417              		.cfi_offset 14, -4
 106:modules/remote/remote_control.c ****     memset(rc_ctrl, 0, sizeof(rc_ctrl)); // Ê∏ÖÁ©∫ÈÅ•ÊéßÂô®Êï∞ÊçÆ
 418              		.loc 1 106 5 is_stmt 1 view .LVU142
 419 0002 9022     		movs	r2, #144
 420 0004 0021     		movs	r1, #0
 421 0006 0448     		ldr	r0, .L24
 422              	.LVL23:
 423              		.loc 1 106 5 is_stmt 0 view .LVU143
 424 0008 FFF7FEFF 		bl	memset
 425              	.LVL24:
 107:modules/remote/remote_control.c ****     USARTServiceInit(rc_usart_instance); // Â∞ùËØïÈáçÊñ∞ÂêØÂä®Êé•Êî∂
 426              		.loc 1 107 5 is_stmt 1 view .LVU144
 427 000c 034B     		ldr	r3, .L24+4
 428 000e 1868     		ldr	r0, [r3]
 429 0010 FFF7FEFF 		bl	USARTServiceInit
 430              	.LVL25:
 108:modules/remote/remote_control.c ****     LOGWARNING("[rc] remote control lost");
 431              		.loc 1 108 43 view .LVU145
 109:modules/remote/remote_control.c **** }
 432              		.loc 1 109 1 is_stmt 0 view .LVU146
 433 0014 08BD     		pop	{r3, pc}
 434              	.L25:
 435 0016 00BF     		.align	2
 436              	.L24:
 437 0018 00000000 		.word	rc_ctrl
 438 001c 00000000 		.word	rc_usart_instance
 439              		.cfi_endproc
 440              	.LFE241:
 442              		.section	.text.RemoteControlRxCallback,"ax",%progbits
 443              		.align	1
 444              		.syntax unified
 445              		.thumb
 446              		.thumb_func
 448              	RemoteControlRxCallback:
 449              	.LFB240:
ARM GAS  C:\Users\ADMINI~1\AppData\Local\Temp\cc0ECaIB.s 			page 11


  95:modules/remote/remote_control.c ****     DaemonReload(rc_daemon_instance);         // ÂÖàÂñÇÁãó
 450              		.loc 1 95 1 is_stmt 1 view -0
 451              		.cfi_startproc
 452              		@ args = 0, pretend = 0, frame = 0
 453              		@ frame_needed = 0, uses_anonymous_args = 0
 454 0000 08B5     		push	{r3, lr}
 455              	.LCFI2:
 456              		.cfi_def_cfa_offset 8
 457              		.cfi_offset 3, -8
 458              		.cfi_offset 14, -4
  96:modules/remote/remote_control.c ****     sbus_to_rc(rc_usart_instance->recv_buff); // ËøõË°åÂçèËÆÆËß£Êûê
 459              		.loc 1 96 5 view .LVU148
 460 0002 044B     		ldr	r3, .L28
 461 0004 1868     		ldr	r0, [r3]
 462 0006 FFF7FEFF 		bl	DaemonReload
 463              	.LVL26:
  97:modules/remote/remote_control.c **** }
 464              		.loc 1 97 5 view .LVU149
 465 000a 034B     		ldr	r3, .L28+4
 466 000c 1868     		ldr	r0, [r3]
 467 000e FFF7FEFF 		bl	sbus_to_rc
 468              	.LVL27:
  98:modules/remote/remote_control.c **** 
 469              		.loc 1 98 1 is_stmt 0 view .LVU150
 470 0012 08BD     		pop	{r3, pc}
 471              	.L29:
 472              		.align	2
 473              	.L28:
 474 0014 00000000 		.word	rc_daemon_instance
 475 0018 00000000 		.word	rc_usart_instance
 476              		.cfi_endproc
 477              	.LFE240:
 479              		.section	.text.RemoteControlInit,"ax",%progbits
 480              		.align	1
 481              		.global	RemoteControlInit
 482              		.syntax unified
 483              		.thumb
 484              		.thumb_func
 486              	RemoteControlInit:
 487              	.LVL28:
 488              	.LFB242:
 110:modules/remote/remote_control.c **** 
 111:modules/remote/remote_control.c **** RC_ctrl_t *RemoteControlInit(UART_HandleTypeDef *rc_usart_handle)
 112:modules/remote/remote_control.c **** {
 489              		.loc 1 112 1 is_stmt 1 view -0
 490              		.cfi_startproc
 491              		@ args = 0, pretend = 0, frame = 24
 492              		@ frame_needed = 0, uses_anonymous_args = 0
 493              		.loc 1 112 1 is_stmt 0 view .LVU152
 494 0000 00B5     		push	{lr}
 495              	.LCFI3:
 496              		.cfi_def_cfa_offset 4
 497              		.cfi_offset 14, -4
 498 0002 87B0     		sub	sp, sp, #28
 499              	.LCFI4:
 500              		.cfi_def_cfa_offset 32
 113:modules/remote/remote_control.c ****     USART_Init_Config_s conf;
ARM GAS  C:\Users\ADMINI~1\AppData\Local\Temp\cc0ECaIB.s 			page 12


 501              		.loc 1 113 5 is_stmt 1 view .LVU153
 114:modules/remote/remote_control.c ****     conf.module_callback = RemoteControlRxCallback;
 502              		.loc 1 114 5 view .LVU154
 503              		.loc 1 114 26 is_stmt 0 view .LVU155
 504 0004 0F4B     		ldr	r3, .L32
 505 0006 0593     		str	r3, [sp, #20]
 115:modules/remote/remote_control.c ****     conf.usart_handle = rc_usart_handle;
 506              		.loc 1 115 5 is_stmt 1 view .LVU156
 507              		.loc 1 115 23 is_stmt 0 view .LVU157
 508 0008 0490     		str	r0, [sp, #16]
 116:modules/remote/remote_control.c ****     conf.recv_buff_size = REMOTE_CONTROL_FRAME_SIZE;
 509              		.loc 1 116 5 is_stmt 1 view .LVU158
 510              		.loc 1 116 25 is_stmt 0 view .LVU159
 511 000a 1223     		movs	r3, #18
 512 000c 8DF80C30 		strb	r3, [sp, #12]
 117:modules/remote/remote_control.c ****     rc_usart_instance = USARTRegister(&conf);
 513              		.loc 1 117 5 is_stmt 1 view .LVU160
 514              		.loc 1 117 25 is_stmt 0 view .LVU161
 515 0010 03A8     		add	r0, sp, #12
 516              	.LVL29:
 517              		.loc 1 117 25 view .LVU162
 518 0012 FFF7FEFF 		bl	USARTRegister
 519              	.LVL30:
 520              		.loc 1 117 23 discriminator 1 view .LVU163
 521 0016 0C4B     		ldr	r3, .L32+4
 522 0018 1860     		str	r0, [r3]
 118:modules/remote/remote_control.c **** 
 119:modules/remote/remote_control.c ****     // ËøõË°åÂÆàÊä§ËøõÁ®ãÁöÑÊ≥®ÂÜå,Áî®‰∫éÂÆöÊó∂Ê£ÄÊü•ÈÅ•ÊéßÂô®ÊòØÂê¶Ê≠£Â∏∏Â∑•‰Ωú
 120:modules/remote/remote_control.c ****     Daemon_Init_Config_s daemon_conf = {
 523              		.loc 1 120 5 is_stmt 1 view .LVU164
 524              		.loc 1 120 26 is_stmt 0 view .LVU165
 525 001a 0023     		movs	r3, #0
 526 001c 0093     		str	r3, [sp]
 527 001e 0193     		str	r3, [sp, #4]
 528 0020 0293     		str	r3, [sp, #8]
 529 0022 0A23     		movs	r3, #10
 530 0024 ADF80030 		strh	r3, [sp]	@ movhi
 531 0028 084B     		ldr	r3, .L32+8
 532 002a 0193     		str	r3, [sp, #4]
 121:modules/remote/remote_control.c ****         .reload_count = 10, // 100msÊú™Êî∂Âà∞Êï∞ÊçÆËßÜ‰∏∫Á¶ªÁ∫ø,ÈÅ•ÊéßÂô®ÁöÑÊé•Êî∂È¢ëÁéáÂÆûÈôÖ‰∏äÊò
 122:modules/remote/remote_control.c ****         .callback = RCLostCallback,
 123:modules/remote/remote_control.c ****         .owner_id = NULL, // Âè™Êúâ1‰∏™ÈÅ•ÊéßÂô®,‰∏çÈúÄË¶Åowner_id
 124:modules/remote/remote_control.c ****     };
 125:modules/remote/remote_control.c ****     rc_daemon_instance = DaemonRegister(&daemon_conf);
 533              		.loc 1 125 5 is_stmt 1 view .LVU166
 534              		.loc 1 125 26 is_stmt 0 view .LVU167
 535 002c 6846     		mov	r0, sp
 536 002e FFF7FEFF 		bl	DaemonRegister
 537              	.LVL31:
 538              		.loc 1 125 24 discriminator 1 view .LVU168
 539 0032 074B     		ldr	r3, .L32+12
 540 0034 1860     		str	r0, [r3]
 126:modules/remote/remote_control.c **** 
 127:modules/remote/remote_control.c ****     rc_init_flag = 1;
 541              		.loc 1 127 5 is_stmt 1 view .LVU169
 542              		.loc 1 127 18 is_stmt 0 view .LVU170
 543 0036 074B     		ldr	r3, .L32+16
ARM GAS  C:\Users\ADMINI~1\AppData\Local\Temp\cc0ECaIB.s 			page 13


 544 0038 0122     		movs	r2, #1
 545 003a 1A70     		strb	r2, [r3]
 128:modules/remote/remote_control.c ****     return rc_ctrl;
 546              		.loc 1 128 5 is_stmt 1 view .LVU171
 129:modules/remote/remote_control.c **** }
 547              		.loc 1 129 1 is_stmt 0 view .LVU172
 548 003c 0648     		ldr	r0, .L32+20
 549 003e 07B0     		add	sp, sp, #28
 550              	.LCFI5:
 551              		.cfi_def_cfa_offset 4
 552              		@ sp needed
 553 0040 5DF804FB 		ldr	pc, [sp], #4
 554              	.L33:
 555              		.align	2
 556              	.L32:
 557 0044 00000000 		.word	RemoteControlRxCallback
 558 0048 00000000 		.word	rc_usart_instance
 559 004c 00000000 		.word	RCLostCallback
 560 0050 00000000 		.word	rc_daemon_instance
 561 0054 00000000 		.word	rc_init_flag
 562 0058 00000000 		.word	rc_ctrl
 563              		.cfi_endproc
 564              	.LFE242:
 566              		.section	.text.RemoteControlIsOnline,"ax",%progbits
 567              		.align	1
 568              		.global	RemoteControlIsOnline
 569              		.syntax unified
 570              		.thumb
 571              		.thumb_func
 573              	RemoteControlIsOnline:
 574              	.LFB243:
 130:modules/remote/remote_control.c **** 
 131:modules/remote/remote_control.c **** uint8_t RemoteControlIsOnline()
 132:modules/remote/remote_control.c **** {
 575              		.loc 1 132 1 is_stmt 1 view -0
 576              		.cfi_startproc
 577              		@ args = 0, pretend = 0, frame = 0
 578              		@ frame_needed = 0, uses_anonymous_args = 0
 579 0000 08B5     		push	{r3, lr}
 580              	.LCFI6:
 581              		.cfi_def_cfa_offset 8
 582              		.cfi_offset 3, -8
 583              		.cfi_offset 14, -4
 133:modules/remote/remote_control.c ****     if (rc_init_flag)
 584              		.loc 1 133 5 view .LVU174
 585              		.loc 1 133 9 is_stmt 0 view .LVU175
 586 0002 044B     		ldr	r3, .L38
 587 0004 1878     		ldrb	r0, [r3]	@ zero_extendqisi2
 588              		.loc 1 133 8 view .LVU176
 589 0006 00B9     		cbnz	r0, .L37
 590              	.L35:
 134:modules/remote/remote_control.c ****         return DaemonIsOnline(rc_daemon_instance);
 135:modules/remote/remote_control.c ****     return 0;
 136:modules/remote/remote_control.c **** }...
 591              		.loc 1 136 1 view .LVU177
 592 0008 08BD     		pop	{r3, pc}
 593              	.L37:
ARM GAS  C:\Users\ADMINI~1\AppData\Local\Temp\cc0ECaIB.s 			page 14


 134:modules/remote/remote_control.c ****         return DaemonIsOnline(rc_daemon_instance);
 594              		.loc 1 134 9 is_stmt 1 view .LVU178
 134:modules/remote/remote_control.c ****         return DaemonIsOnline(rc_daemon_instance);
 595              		.loc 1 134 16 is_stmt 0 view .LVU179
 596 000a 034B     		ldr	r3, .L38+4
 597 000c 1868     		ldr	r0, [r3]
 598 000e FFF7FEFF 		bl	DaemonIsOnline
 599              	.LVL32:
 600 0012 F9E7     		b	.L35
 601              	.L39:
 602              		.align	2
 603              	.L38:
 604 0014 00000000 		.word	rc_init_flag
 605 0018 00000000 		.word	rc_daemon_instance
 606              		.cfi_endproc
 607              	.LFE243:
 609              		.section	.bss.rc_daemon_instance,"aw",%nobits
 610              		.align	2
 613              	rc_daemon_instance:
 614 0000 00000000 		.space	4
 615              		.section	.bss.rc_usart_instance,"aw",%nobits
 616              		.align	2
 619              	rc_usart_instance:
 620 0000 00000000 		.space	4
 621              		.section	.bss.rc_init_flag,"aw",%nobits
 624              	rc_init_flag:
 625 0000 00       		.space	1
 626              		.section	.bss.rc_ctrl,"aw",%nobits
 627              		.align	2
 630              	rc_ctrl:
 631 0000 00000000 		.space	144
 631      00000000 
 631      00000000 
 631      00000000 
 631      00000000 
 632              		.text
 633              	.Letext0:
 634              		.file 2 "D:/Msys2/mingw64/arm-none-eabi/include/machine/_default_types.h"
 635              		.file 3 "D:/Msys2/mingw64/arm-none-eabi/include/sys/_stdint.h"
 636              		.file 4 "Drivers/CMSIS/Device/ST/STM32F4xx/Include/stm32f407xx.h"
 637              		.file 5 "D:/Msys2/mingw64/lib/gcc/arm-none-eabi/13.3.0/include/stddef.h"
 638              		.file 6 "Drivers/STM32F4xx_HAL_Driver/Inc/stm32f4xx_hal_def.h"
 639              		.file 7 "Drivers/STM32F4xx_HAL_Driver/Inc/stm32f4xx_hal_dma.h"
 640              		.file 8 "Drivers/STM32F4xx_HAL_Driver/Inc/stm32f4xx_hal_uart.h"
 641              		.file 9 "modules/remote/remote_control.h"
 642              		.file 10 "bsp/usart/bsp_usart.h"
 643              		.file 11 "modules/daemon/daemon.h"
 644              		.file 12 "D:/Msys2/mingw64/arm-none-eabi/include/string.h"
 645              		.file 13 "<built-in>"
ARM GAS  C:\Users\ADMINI~1\AppData\Local\Temp\cc0ECaIB.s 			page 15


DEFINED SYMBOLS
                            *ABS*:00000000 remote_control.c
C:\Users\ADMINI~1\AppData\Local\Temp\cc0ECaIB.s:21     .text.RectifyRCjoystick:00000000 $t
C:\Users\ADMINI~1\AppData\Local\Temp\cc0ECaIB.s:26     .text.RectifyRCjoystick:00000000 RectifyRCjoystick
C:\Users\ADMINI~1\AppData\Local\Temp\cc0ECaIB.s:78     .text.RectifyRCjoystick:0000002c $d
C:\Users\ADMINI~1\AppData\Local\Temp\cc0ECaIB.s:630    .bss.rc_ctrl:00000000 rc_ctrl
C:\Users\ADMINI~1\AppData\Local\Temp\cc0ECaIB.s:83     .text.sbus_to_rc:00000000 $t
C:\Users\ADMINI~1\AppData\Local\Temp\cc0ECaIB.s:88     .text.sbus_to_rc:00000000 sbus_to_rc
C:\Users\ADMINI~1\AppData\Local\Temp\cc0ECaIB.s:393    .text.sbus_to_rc:00000154 $d
C:\Users\ADMINI~1\AppData\Local\Temp\cc0ECaIB.s:400    .text.RCLostCallback:00000000 $t
C:\Users\ADMINI~1\AppData\Local\Temp\cc0ECaIB.s:405    .text.RCLostCallback:00000000 RCLostCallback
C:\Users\ADMINI~1\AppData\Local\Temp\cc0ECaIB.s:437    .text.RCLostCallback:00000018 $d
C:\Users\ADMINI~1\AppData\Local\Temp\cc0ECaIB.s:619    .bss.rc_usart_instance:00000000 rc_usart_instance
C:\Users\ADMINI~1\AppData\Local\Temp\cc0ECaIB.s:443    .text.RemoteControlRxCallback:00000000 $t
C:\Users\ADMINI~1\AppData\Local\Temp\cc0ECaIB.s:448    .text.RemoteControlRxCallback:00000000 RemoteControlRxCallback
C:\Users\ADMINI~1\AppData\Local\Temp\cc0ECaIB.s:474    .text.RemoteControlRxCallback:00000014 $d
C:\Users\ADMINI~1\AppData\Local\Temp\cc0ECaIB.s:613    .bss.rc_daemon_instance:00000000 rc_daemon_instance
C:\Users\ADMINI~1\AppData\Local\Temp\cc0ECaIB.s:480    .text.RemoteControlInit:00000000 $t
C:\Users\ADMINI~1\AppData\Local\Temp\cc0ECaIB.s:486    .text.RemoteControlInit:00000000 RemoteControlInit
C:\Users\ADMINI~1\AppData\Local\Temp\cc0ECaIB.s:557    .text.RemoteControlInit:00000044 $d
C:\Users\ADMINI~1\AppData\Local\Temp\cc0ECaIB.s:624    .bss.rc_init_flag:00000000 rc_init_flag
C:\Users\ADMINI~1\AppData\Local\Temp\cc0ECaIB.s:567    .text.RemoteControlIsOnline:00000000 $t
C:\Users\ADMINI~1\AppData\Local\Temp\cc0ECaIB.s:573    .text.RemoteControlIsOnline:00000000 RemoteControlIsOnline
C:\Users\ADMINI~1\AppData\Local\Temp\cc0ECaIB.s:604    .text.RemoteControlIsOnline:00000014 $d
C:\Users\ADMINI~1\AppData\Local\Temp\cc0ECaIB.s:610    .bss.rc_daemon_instance:00000000 $d
C:\Users\ADMINI~1\AppData\Local\Temp\cc0ECaIB.s:616    .bss.rc_usart_instance:00000000 $d
C:\Users\ADMINI~1\AppData\Local\Temp\cc0ECaIB.s:625    .bss.rc_init_flag:00000000 $d
C:\Users\ADMINI~1\AppData\Local\Temp\cc0ECaIB.s:627    .bss.rc_ctrl:00000000 $d

UNDEFINED SYMBOLS
memcpy
memset
USARTServiceInit
DaemonReload
USARTRegister
DaemonRegister
DaemonIsOnline
