ARM GAS  C:\Users\10542\AppData\Local\Temp\ccu9HUlo.s 			page 1


   1              		.cpu cortex-m4
   2              		.arch armv7e-m
   3              		.fpu fpv4-sp-d16
   4              		.eabi_attribute 27, 1
   5              		.eabi_attribute 28, 1
   6              		.eabi_attribute 20, 1
   7              		.eabi_attribute 21, 1
   8              		.eabi_attribute 23, 3
   9              		.eabi_attribute 24, 1
  10              		.eabi_attribute 25, 1
  11              		.eabi_attribute 26, 1
  12              		.eabi_attribute 30, 1
  13              		.eabi_attribute 34, 1
  14              		.eabi_attribute 18, 4
  15              		.file	"sentinel_config.c"
  16              		.text
  17              	.Ltext0:
  18              		.cfi_sections	.debug_frame
  19              		.file 1 "application/config/sentinel_robot/sentinel_config.c"
  20              		.section	.text.SentinelConfigInit,"ax",%progbits
  21              		.align	1
  22              		.global	SentinelConfigInit
  23              		.syntax unified
  24              		.thumb
  25              		.thumb_func
  27              	SentinelConfigInit:
  28              	.LFB271:
   1:application/config/sentinel_robot/sentinel_config.c **** #include "sentinel_config.h"
   2:application/config/sentinel_robot/sentinel_config.c **** 
   3:application/config/sentinel_robot/sentinel_config.c **** Robot_Config_s *SentinelConfigInit(void) 
   4:application/config/sentinel_robot/sentinel_config.c **** {
  29              		.loc 1 4 1 view -0
  30              		.cfi_startproc
  31              		@ args = 0, pretend = 0, frame = 0
  32              		@ frame_needed = 0, uses_anonymous_args = 0
  33              		@ link register save eliminated.
   5:application/config/sentinel_robot/sentinel_config.c ****     static Robot_Config_s sentinel_config = { 
  34              		.loc 1 5 5 view .LVU1
   6:application/config/sentinel_robot/sentinel_config.c ****         .chassis_param = {
   7:application/config/sentinel_robot/sentinel_config.c ****             .chassis_motor_id[MOTOR_LF] = 4,
   8:application/config/sentinel_robot/sentinel_config.c ****             .chassis_motor_id[MOTOR_RF] = 2,
   9:application/config/sentinel_robot/sentinel_config.c ****             .chassis_motor_id[MOTOR_RB] = 3, //4
  10:application/config/sentinel_robot/sentinel_config.c ****             .chassis_motor_id[MOTOR_LB] = 1, 
  11:application/config/sentinel_robot/sentinel_config.c **** 
  12:application/config/sentinel_robot/sentinel_config.c ****             .wheel_type = OMNI_WHEEL,
  13:application/config/sentinel_robot/sentinel_config.c ****             .wheel_measure = {
  14:application/config/sentinel_robot/sentinel_config.c ****                 .center_gimbal_offset_x = 0.0,
  15:application/config/sentinel_robot/sentinel_config.c ****                 .center_gimbal_offset_y = 0.0,
  16:application/config/sentinel_robot/sentinel_config.c ****                 .wheel_base = 370,
  17:application/config/sentinel_robot/sentinel_config.c ****                 .track_width = 420,
  18:application/config/sentinel_robot/sentinel_config.c ****                 .radius_wheel = 75,
  19:application/config/sentinel_robot/sentinel_config.c ****                 .reduction_ratio_wheel = 19.0,
  20:application/config/sentinel_robot/sentinel_config.c ****             },
  21:application/config/sentinel_robot/sentinel_config.c **** 
  22:application/config/sentinel_robot/sentinel_config.c ****             .chassis_motor_config = {
  23:application/config/sentinel_robot/sentinel_config.c ****                 .can_init_config.can_handle = &hcan1,
  24:application/config/sentinel_robot/sentinel_config.c ****                 .controller_param_init_config = {
ARM GAS  C:\Users\10542\AppData\Local\Temp\ccu9HUlo.s 			page 2


  25:application/config/sentinel_robot/sentinel_config.c ****                     .speed_PID = {
  26:application/config/sentinel_robot/sentinel_config.c ****                         .Kp = 5.0,
  27:application/config/sentinel_robot/sentinel_config.c ****                         .Ki = 1.0,
  28:application/config/sentinel_robot/sentinel_config.c ****                         .Kd = 0.0, 
  29:application/config/sentinel_robot/sentinel_config.c ****                         .IntegralLimit = 3000,
  30:application/config/sentinel_robot/sentinel_config.c ****                         .Improve = PID_Trapezoid_Intergral | PID_Integral_Limit | PID_Derivative_On
  31:application/config/sentinel_robot/sentinel_config.c ****                         .MaxOut = 12000,
  32:application/config/sentinel_robot/sentinel_config.c ****                     },
  33:application/config/sentinel_robot/sentinel_config.c ****                     .current_PID = {
  34:application/config/sentinel_robot/sentinel_config.c ****                         .Kp = 0.5, 
  35:application/config/sentinel_robot/sentinel_config.c ****                         .Ki = 0.0,   
  36:application/config/sentinel_robot/sentinel_config.c ****                         .Kd = 0.0,
  37:application/config/sentinel_robot/sentinel_config.c ****                         .IntegralLimit = 3000,
  38:application/config/sentinel_robot/sentinel_config.c ****                         .Improve = PID_Trapezoid_Intergral | PID_Integral_Limit | PID_Derivative_On
  39:application/config/sentinel_robot/sentinel_config.c ****                         .MaxOut = 15000,
  40:application/config/sentinel_robot/sentinel_config.c ****                     },
  41:application/config/sentinel_robot/sentinel_config.c ****                 },   
  42:application/config/sentinel_robot/sentinel_config.c ****                 .controller_setting_init_config = {
  43:application/config/sentinel_robot/sentinel_config.c ****                     .angle_feedback_source = MOTOR_FEED,
  44:application/config/sentinel_robot/sentinel_config.c ****                     .speed_feedback_source = MOTOR_FEED,
  45:application/config/sentinel_robot/sentinel_config.c ****                     .outer_loop_type = SPEED_LOOP,
  46:application/config/sentinel_robot/sentinel_config.c ****                     .close_loop_type = CURRENT_LOOP | SPEED_LOOP,
  47:application/config/sentinel_robot/sentinel_config.c ****                 },
  48:application/config/sentinel_robot/sentinel_config.c ****                 .motor_type = M3508,             
  49:application/config/sentinel_robot/sentinel_config.c ****             },
  50:application/config/sentinel_robot/sentinel_config.c ****             .chassis_follow_gimbal_flag = FEEDBACK_DIRECTION_REVERSE
  51:application/config/sentinel_robot/sentinel_config.c ****         },
  52:application/config/sentinel_robot/sentinel_config.c **** 
  53:application/config/sentinel_robot/sentinel_config.c **** 
  54:application/config/sentinel_robot/sentinel_config.c ****         .gimbal_param = {
  55:application/config/sentinel_robot/sentinel_config.c ****             .gimbal_type = MINI_GIMBAL,
  56:application/config/sentinel_robot/sentinel_config.c ****             .gimbal_offset = {
  57:application/config/sentinel_robot/sentinel_config.c ****                 .yaw_offset = 5447,
  58:application/config/sentinel_robot/sentinel_config.c ****                 .pitch_min_angle = -16.0f,
  59:application/config/sentinel_robot/sentinel_config.c ****                 .pitch_max_angle = 23.0f,
  60:application/config/sentinel_robot/sentinel_config.c ****             },
  61:application/config/sentinel_robot/sentinel_config.c **** 
  62:application/config/sentinel_robot/sentinel_config.c ****             .yaw_motor_config = {
  63:application/config/sentinel_robot/sentinel_config.c ****                 .can_init_config = {
  64:application/config/sentinel_robot/sentinel_config.c ****                     .can_handle = &hcan1,
  65:application/config/sentinel_robot/sentinel_config.c ****                     .tx_id = 5,
  66:application/config/sentinel_robot/sentinel_config.c ****                 },
  67:application/config/sentinel_robot/sentinel_config.c ****                 .controller_param_init_config = {
  68:application/config/sentinel_robot/sentinel_config.c ****                     .angle_PID = {
  69:application/config/sentinel_robot/sentinel_config.c ****                         .Kp = 13.0,
  70:application/config/sentinel_robot/sentinel_config.c ****                         .Ki = 0.0, 
  71:application/config/sentinel_robot/sentinel_config.c ****                         .Kd = 2.5, 
  72:application/config/sentinel_robot/sentinel_config.c ****                         .DeadBand = 0.1,
  73:application/config/sentinel_robot/sentinel_config.c ****                         .Improve = PID_Trapezoid_Intergral | PID_Integral_Limit | PID_Derivative_On
  74:application/config/sentinel_robot/sentinel_config.c ****                         .IntegralLimit = 100,
  75:application/config/sentinel_robot/sentinel_config.c ****                         .MaxOut = 500,
  76:application/config/sentinel_robot/sentinel_config.c ****                     },
  77:application/config/sentinel_robot/sentinel_config.c ****                     .speed_PID = {
  78:application/config/sentinel_robot/sentinel_config.c ****                         .Kp = 130.0, 
  79:application/config/sentinel_robot/sentinel_config.c ****                         .Ki = 0.0, 
  80:application/config/sentinel_robot/sentinel_config.c ****                         .Kd = 2.0,
  81:application/config/sentinel_robot/sentinel_config.c ****                         .Improve = PID_Trapezoid_Intergral | PID_Integral_Limit | PID_Derivative_On
ARM GAS  C:\Users\10542\AppData\Local\Temp\ccu9HUlo.s 			page 3


  82:application/config/sentinel_robot/sentinel_config.c ****                         .IntegralLimit = 3000,
  83:application/config/sentinel_robot/sentinel_config.c ****                         .MaxOut = 20000,
  84:application/config/sentinel_robot/sentinel_config.c ****                     },
  85:application/config/sentinel_robot/sentinel_config.c ****                 },
  86:application/config/sentinel_robot/sentinel_config.c ****                 .controller_setting_init_config = {
  87:application/config/sentinel_robot/sentinel_config.c ****                     .angle_feedback_source = OTHER_FEED,
  88:application/config/sentinel_robot/sentinel_config.c ****                     .speed_feedback_source = OTHER_FEED,
  89:application/config/sentinel_robot/sentinel_config.c ****                     .outer_loop_type = ANGLE_LOOP,
  90:application/config/sentinel_robot/sentinel_config.c ****                     .close_loop_type = ANGLE_LOOP | SPEED_LOOP,
  91:application/config/sentinel_robot/sentinel_config.c ****                     .motor_reverse_flag = MOTOR_DIRECTION_REVERSE,
  92:application/config/sentinel_robot/sentinel_config.c ****                     .feedback_reverse_flag = FEEDBACK_DIRECTION_REVERSE,
  93:application/config/sentinel_robot/sentinel_config.c ****                 },
  94:application/config/sentinel_robot/sentinel_config.c ****                 .motor_type = GM6020,
  95:application/config/sentinel_robot/sentinel_config.c ****             },        
  96:application/config/sentinel_robot/sentinel_config.c **** 
  97:application/config/sentinel_robot/sentinel_config.c ****             .mini_yaw_motor_config = {
  98:application/config/sentinel_robot/sentinel_config.c ****                 .can_init_config = {
  99:application/config/sentinel_robot/sentinel_config.c ****                     .can_handle = &hcan2,
 100:application/config/sentinel_robot/sentinel_config.c ****                     .tx_id = 1,
 101:application/config/sentinel_robot/sentinel_config.c ****                 },
 102:application/config/sentinel_robot/sentinel_config.c ****                 .controller_param_init_config = {
 103:application/config/sentinel_robot/sentinel_config.c ****                     .angle_PID = {
 104:application/config/sentinel_robot/sentinel_config.c ****                         .Kp = 10.0,
 105:application/config/sentinel_robot/sentinel_config.c ****                         .Ki = 0.0, 
 106:application/config/sentinel_robot/sentinel_config.c ****                         .Kd = 0.0, 
 107:application/config/sentinel_robot/sentinel_config.c ****                         .DeadBand = 0.1,
 108:application/config/sentinel_robot/sentinel_config.c ****                         .Improve = PID_Trapezoid_Intergral | PID_Integral_Limit | PID_Derivative_On
 109:application/config/sentinel_robot/sentinel_config.c ****                         .IntegralLimit = 100,
 110:application/config/sentinel_robot/sentinel_config.c ****                         .MaxOut = 300,
 111:application/config/sentinel_robot/sentinel_config.c ****                     },
 112:application/config/sentinel_robot/sentinel_config.c ****                     .speed_PID = {
 113:application/config/sentinel_robot/sentinel_config.c ****                         .Kp = 40.0, 
 114:application/config/sentinel_robot/sentinel_config.c ****                         .Ki = 0.0, 
 115:application/config/sentinel_robot/sentinel_config.c ****                         .Kd = 0.0,
 116:application/config/sentinel_robot/sentinel_config.c ****                         .Improve = PID_Trapezoid_Intergral | PID_Integral_Limit | PID_Derivative_On
 117:application/config/sentinel_robot/sentinel_config.c ****                         .IntegralLimit = 8000,
 118:application/config/sentinel_robot/sentinel_config.c ****                         .MaxOut = 10000,
 119:application/config/sentinel_robot/sentinel_config.c ****                     },
 120:application/config/sentinel_robot/sentinel_config.c ****                 },
 121:application/config/sentinel_robot/sentinel_config.c ****                 .controller_setting_init_config = {
 122:application/config/sentinel_robot/sentinel_config.c ****                     .angle_feedback_source = MOTOR_FEED,
 123:application/config/sentinel_robot/sentinel_config.c ****                     .speed_feedback_source = MOTOR_FEED,
 124:application/config/sentinel_robot/sentinel_config.c ****                     .outer_loop_type = ANGLE_LOOP,
 125:application/config/sentinel_robot/sentinel_config.c ****                     .close_loop_type = ANGLE_LOOP | SPEED_LOOP,
 126:application/config/sentinel_robot/sentinel_config.c ****                     .motor_reverse_flag = MOTOR_DIRECTION_NORMAL,
 127:application/config/sentinel_robot/sentinel_config.c ****                     .feedback_reverse_flag = FEEDBACK_DIRECTION_NORMAL,
 128:application/config/sentinel_robot/sentinel_config.c ****                 },
 129:application/config/sentinel_robot/sentinel_config.c ****                 .motor_type = GM6020,
 130:application/config/sentinel_robot/sentinel_config.c ****             },        
 131:application/config/sentinel_robot/sentinel_config.c **** 
 132:application/config/sentinel_robot/sentinel_config.c ****             .pitch_motor_config = {
 133:application/config/sentinel_robot/sentinel_config.c ****                 .can_init_config = {
 134:application/config/sentinel_robot/sentinel_config.c ****                     .can_handle = &hcan1,
 135:application/config/sentinel_robot/sentinel_config.c ****                     .tx_id = 2,
 136:application/config/sentinel_robot/sentinel_config.c ****                 },
 137:application/config/sentinel_robot/sentinel_config.c ****                 .controller_param_init_config = {
 138:application/config/sentinel_robot/sentinel_config.c ****                     .angle_PID = {
ARM GAS  C:\Users\10542\AppData\Local\Temp\ccu9HUlo.s 			page 4


 139:application/config/sentinel_robot/sentinel_config.c ****                         .Kp = 8.0,
 140:application/config/sentinel_robot/sentinel_config.c ****                         .Ki = 0.0, 
 141:application/config/sentinel_robot/sentinel_config.c ****                         .Kd = 0.2, 
 142:application/config/sentinel_robot/sentinel_config.c ****                         .Improve = PID_Trapezoid_Intergral | PID_Integral_Limit | PID_Derivative_On
 143:application/config/sentinel_robot/sentinel_config.c ****                         .IntegralLimit = 100,
 144:application/config/sentinel_robot/sentinel_config.c ****                         .MaxOut = 500,
 145:application/config/sentinel_robot/sentinel_config.c ****                     },
 146:application/config/sentinel_robot/sentinel_config.c ****                     .speed_PID = {
 147:application/config/sentinel_robot/sentinel_config.c ****                         .Kp = 30.0, 
 148:application/config/sentinel_robot/sentinel_config.c ****                         .Ki = 0.0, 
 149:application/config/sentinel_robot/sentinel_config.c ****                         .Kd = 0.0,
 150:application/config/sentinel_robot/sentinel_config.c ****                         .Improve = PID_Trapezoid_Intergral | PID_Integral_Limit | PID_Derivative_On
 151:application/config/sentinel_robot/sentinel_config.c ****                         .IntegralLimit = 2500,
 152:application/config/sentinel_robot/sentinel_config.c ****                         .MaxOut = 20000,
 153:application/config/sentinel_robot/sentinel_config.c ****                     },
 154:application/config/sentinel_robot/sentinel_config.c ****                 },
 155:application/config/sentinel_robot/sentinel_config.c ****                 .controller_setting_init_config = {
 156:application/config/sentinel_robot/sentinel_config.c ****                     .angle_feedback_source = OTHER_FEED,
 157:application/config/sentinel_robot/sentinel_config.c ****                     .speed_feedback_source = OTHER_FEED,
 158:application/config/sentinel_robot/sentinel_config.c ****                     .outer_loop_type = ANGLE_LOOP,
 159:application/config/sentinel_robot/sentinel_config.c ****                     .close_loop_type = ANGLE_LOOP | SPEED_LOOP,
 160:application/config/sentinel_robot/sentinel_config.c ****                     .motor_reverse_flag = MOTOR_DIRECTION_REVERSE,
 161:application/config/sentinel_robot/sentinel_config.c ****                     .feedback_reverse_flag = FEEDBACK_DIRECTION_NORMAL,
 162:application/config/sentinel_robot/sentinel_config.c ****                 },
 163:application/config/sentinel_robot/sentinel_config.c ****                 .motor_type = GM6020
 164:application/config/sentinel_robot/sentinel_config.c ****             }                
 165:application/config/sentinel_robot/sentinel_config.c ****         },
 166:application/config/sentinel_robot/sentinel_config.c **** 
 167:application/config/sentinel_robot/sentinel_config.c ****         .shoot_param = {
 168:application/config/sentinel_robot/sentinel_config.c ****             .friction_motor_id[MOTOR_LF] = 7,
 169:application/config/sentinel_robot/sentinel_config.c ****             .friction_motor_id[MOTOR_RF] = 4,
 170:application/config/sentinel_robot/sentinel_config.c ****             .friction_motor_reverse_flag[MOTOR_LF] = MOTOR_DIRECTION_NORMAL,
 171:application/config/sentinel_robot/sentinel_config.c ****             .friction_motor_reverse_flag[MOTOR_RF] = MOTOR_DIRECTION_REVERSE,    
 172:application/config/sentinel_robot/sentinel_config.c **** 
 173:application/config/sentinel_robot/sentinel_config.c ****             .shoot_type = DUAL_SHOOT,
 174:application/config/sentinel_robot/sentinel_config.c ****             .friction_motor_config = {
 175:application/config/sentinel_robot/sentinel_config.c ****                 .can_init_config = {
 176:application/config/sentinel_robot/sentinel_config.c ****                     .can_handle = &hcan2,
 177:application/config/sentinel_robot/sentinel_config.c ****                 },
 178:application/config/sentinel_robot/sentinel_config.c ****                 .controller_param_init_config = {
 179:application/config/sentinel_robot/sentinel_config.c ****                     .speed_PID = {
 180:application/config/sentinel_robot/sentinel_config.c ****                         .Kp = 15.0, 
 181:application/config/sentinel_robot/sentinel_config.c ****                         .Ki = 1.0, 
 182:application/config/sentinel_robot/sentinel_config.c ****                         .Kd = 0.0,
 183:application/config/sentinel_robot/sentinel_config.c ****                         .Improve = PID_Integral_Limit,
 184:application/config/sentinel_robot/sentinel_config.c ****                         .IntegralLimit = 10000,
 185:application/config/sentinel_robot/sentinel_config.c ****                         .MaxOut = 15000,
 186:application/config/sentinel_robot/sentinel_config.c ****                     },
 187:application/config/sentinel_robot/sentinel_config.c ****                     .current_PID = {
 188:application/config/sentinel_robot/sentinel_config.c ****                         .Kp = 0.4, 
 189:application/config/sentinel_robot/sentinel_config.c ****                         .Ki = 0.0, 
 190:application/config/sentinel_robot/sentinel_config.c ****                         .Kd = 0.0,
 191:application/config/sentinel_robot/sentinel_config.c ****                         .Improve = PID_Integral_Limit,
 192:application/config/sentinel_robot/sentinel_config.c ****                         .IntegralLimit = 10000,
 193:application/config/sentinel_robot/sentinel_config.c ****                         .MaxOut = 15000,
 194:application/config/sentinel_robot/sentinel_config.c ****                     },
 195:application/config/sentinel_robot/sentinel_config.c ****                 },
ARM GAS  C:\Users\10542\AppData\Local\Temp\ccu9HUlo.s 			page 5


 196:application/config/sentinel_robot/sentinel_config.c ****                 .controller_setting_init_config = {
 197:application/config/sentinel_robot/sentinel_config.c ****                     .angle_feedback_source = MOTOR_FEED,
 198:application/config/sentinel_robot/sentinel_config.c ****                     .speed_feedback_source = MOTOR_FEED,
 199:application/config/sentinel_robot/sentinel_config.c ****                     .outer_loop_type = SPEED_LOOP,
 200:application/config/sentinel_robot/sentinel_config.c ****                     .close_loop_type = SPEED_LOOP | CURRENT_LOOP,
 201:application/config/sentinel_robot/sentinel_config.c ****                     .motor_reverse_flag = MOTOR_DIRECTION_REVERSE,
 202:application/config/sentinel_robot/sentinel_config.c ****                 },
 203:application/config/sentinel_robot/sentinel_config.c ****                 .motor_type = M3508
 204:application/config/sentinel_robot/sentinel_config.c ****             },
 205:application/config/sentinel_robot/sentinel_config.c **** 
 206:application/config/sentinel_robot/sentinel_config.c ****             .loader_motor_config = {
 207:application/config/sentinel_robot/sentinel_config.c ****                 .can_init_config = {
 208:application/config/sentinel_robot/sentinel_config.c ****                     .can_handle = &hcan2,
 209:application/config/sentinel_robot/sentinel_config.c ****                     .tx_id = 2,
 210:application/config/sentinel_robot/sentinel_config.c ****                 },
 211:application/config/sentinel_robot/sentinel_config.c ****                 .controller_param_init_config = {
 212:application/config/sentinel_robot/sentinel_config.c ****                     .angle_PID = {
 213:application/config/sentinel_robot/sentinel_config.c ****                         // Õ”éµ×£ÕÉ»ńö©õĮŹńĮ«ńÄ»µØźµÄ¦ÕłČÕÅæÕ╝╣,ķ£ĆĶ”üĶŠāÕż¦ńÜäIÕĆ╝õ┐ØĶ»üĶŠōÕć║ÕŖøń
 214:application/config/sentinel_robot/sentinel_config.c ****                         .Kp = 5.0, 
 215:application/config/sentinel_robot/sentinel_config.c ****                         .Ki = 1.0,
 216:application/config/sentinel_robot/sentinel_config.c ****                         .Kd = 0.0,
 217:application/config/sentinel_robot/sentinel_config.c ****                         .MaxOut = 200, 
 218:application/config/sentinel_robot/sentinel_config.c ****                     },
 219:application/config/sentinel_robot/sentinel_config.c ****                     .speed_PID = {
 220:application/config/sentinel_robot/sentinel_config.c ****                         .Kp = 5.0, 
 221:application/config/sentinel_robot/sentinel_config.c ****                         .Ki = 1.0, 
 222:application/config/sentinel_robot/sentinel_config.c ****                         .Kd = 0.0,
 223:application/config/sentinel_robot/sentinel_config.c ****                         .Improve = PID_Integral_Limit,
 224:application/config/sentinel_robot/sentinel_config.c ****                         .IntegralLimit = 8000,
 225:application/config/sentinel_robot/sentinel_config.c ****                         .MaxOut = 10000,
 226:application/config/sentinel_robot/sentinel_config.c ****                     },
 227:application/config/sentinel_robot/sentinel_config.c ****                     .current_PID = {
 228:application/config/sentinel_robot/sentinel_config.c ****                         .Kp = 0.4, 
 229:application/config/sentinel_robot/sentinel_config.c ****                         .Ki = 0.0, 
 230:application/config/sentinel_robot/sentinel_config.c ****                         .Kd = 0.0,
 231:application/config/sentinel_robot/sentinel_config.c ****                         .Improve = PID_Integral_Limit,
 232:application/config/sentinel_robot/sentinel_config.c ****                         .IntegralLimit = 5000,
 233:application/config/sentinel_robot/sentinel_config.c ****                         .MaxOut = 5000,
 234:application/config/sentinel_robot/sentinel_config.c ****                     },
 235:application/config/sentinel_robot/sentinel_config.c ****                 },
 236:application/config/sentinel_robot/sentinel_config.c ****                 .controller_setting_init_config = {
 237:application/config/sentinel_robot/sentinel_config.c ****                     .angle_feedback_source = MOTOR_FEED, 
 238:application/config/sentinel_robot/sentinel_config.c ****                     .speed_feedback_source = MOTOR_FEED,
 239:application/config/sentinel_robot/sentinel_config.c ****                     .outer_loop_type = SPEED_LOOP, // ÕłØÕ¦ŗÕī¢µłÉSPEED_LOOP,Ķ«®µŗ©ńøśÕü£Õ£©ÕÄ¤Õ£░,
 240:application/config/sentinel_robot/sentinel_config.c ****                     .close_loop_type = CURRENT_LOOP | SPEED_LOOP,
 241:application/config/sentinel_robot/sentinel_config.c ****                     .motor_reverse_flag = MOTOR_DIRECTION_NORMAL,
 242:application/config/sentinel_robot/sentinel_config.c ****                 },
 243:application/config/sentinel_robot/sentinel_config.c ****                 .motor_type = M2006 // Ķŗ▒ķøäõĮ┐ńö©M3508
 244:application/config/sentinel_robot/sentinel_config.c ****             }
 245:application/config/sentinel_robot/sentinel_config.c ****         }
 246:application/config/sentinel_robot/sentinel_config.c ****     };
 247:application/config/sentinel_robot/sentinel_config.c **** 
 248:application/config/sentinel_robot/sentinel_config.c ****     return &sentinel_config;
  35              		.loc 1 248 5 view .LVU2
 249:application/config/sentinel_robot/sentinel_config.c **** } 
  36              		.loc 1 249 1 is_stmt 0 view .LVU3
  37 0000 0048     		ldr	r0, .L2
ARM GAS  C:\Users\10542\AppData\Local\Temp\ccu9HUlo.s 			page 6


  38 0002 7047     		bx	lr
  39              	.L3:
  40              		.align	2
  41              	.L2:
  42 0004 00000000 		.word	sentinel_config.0
  43              		.cfi_endproc
  44              	.LFE271:
  46              		.section	.data.sentinel_config.0,"aw"
  47              		.align	2
  50              	sentinel_config.0:
  51 0000 01       		.byte	1
  52 0001 000000   		.space	3
  53 0004 00000000 		.word	0
  54 0008 00000000 		.word	0
  55 000c 0000B943 		.word	1136197632
  56 0010 0000D243 		.word	1137836032
  57 0014 00009642 		.word	1117126656
  58 0018 00009841 		.word	1100480512
  59 001c 00000000 		.space	188
  59      00000000 
  59      00000000 
  59      00000000 
  59      00000000 
  60 00d8 00000000 		.space	16
  60      00000000 
  60      00000000 
  60      00000000 
  61 00e8 0000003F 		.word	1056964608
  62 00ec 00000000 		.word	0
  63 00f0 00000000 		.word	0
  64 00f4 00606A46 		.word	1181376512
  65 00f8 00000000 		.space	4
  66 00fc 07       		.byte	7
  67 00fd 000000   		.space	3
  68 0100 00803B45 		.word	1161527296
  69 0104 00000000 		.space	16
  69      00000000 
  69      00000000 
  69      00000000 
  70 0114 0000A040 		.word	1084227584
  71 0118 0000803F 		.word	1065353216
  72 011c 00000000 		.word	0
  73 0120 00803B46 		.word	1178304512
  74 0124 00000000 		.space	4
  75 0128 07       		.byte	7
  76 0129 000000   		.space	3
  77 012c 00803B45 		.word	1161527296
  78 0130 00000000 		.space	16
  78      00000000 
  78      00000000 
  78      00000000 
  79 0140 00000000 		.space	44
  79      00000000 
  79      00000000 
  79      00000000 
  79      00000000 
  80 016c 02       		.byte	2
ARM GAS  C:\Users\10542\AppData\Local\Temp\ccu9HUlo.s 			page 7


  81 016d 03       		.byte	3
  82 016e 0000     		.space	2
  83 0170 00       		.byte	0
  84 0171 00       		.byte	0
  85 0172 0000     		.space	2
  86 0174 02       		.byte	2
  87 0175 000000   		.space	3
  88 0178 00000000 		.word	hcan1
  89 017c 00000000 		.space	24
  89      00000000 
  89      00000000 
  89      00000000 
  89      00000000 
  90 0194 01       		.byte	1
  91 0195 04020301 		.ascii	"\004\002\003\001\000"
  91      00
  92 019a 000000   		.space	3
  93 019d 000000   		.space	3
  94 01a0 01       		.byte	1
  95 01a1 000000   		.space	3
  96 01a4 0038AA45 		.word	1168783360
  97 01a8 0000B841 		.word	1102577664
  98 01ac 000080C1 		.word	-1048576000
  99 01b0 00000000 		.space	60
  99      00000000 
  99      00000000 
  99      00000000 
  99      00000000 
 100 01ec 00000243 		.word	1124204544
 101 01f0 00000000 		.word	0
 102 01f4 00000040 		.word	1073741824
 103 01f8 00409C46 		.word	1184645120
 104 01fc 00000000 		.space	4
 105 0200 07       		.byte	7
 106 0201 000000   		.space	3
 107 0204 00803B45 		.word	1161527296
 108 0208 00000000 		.space	16
 108      00000000 
 108      00000000 
 108      00000000 
 109 0218 00005041 		.word	1095761920
 110 021c 00000000 		.word	0
 111 0220 00002040 		.word	1075838976
 112 0224 0000FA43 		.word	1140457472
 113 0228 CDCCCC3D 		.word	1036831949
 114 022c 07       		.byte	7
 115 022d 000000   		.space	3
 116 0230 0000C842 		.word	1120403456
 117 0234 00000000 		.space	16
 117      00000000 
 117      00000000 
 117      00000000 
 118 0244 04       		.byte	4
 119 0245 06       		.byte	6
 120 0246 01       		.byte	1
 121 0247 01       		.byte	1
 122 0248 01       		.byte	1
ARM GAS  C:\Users\10542\AppData\Local\Temp\ccu9HUlo.s 			page 8


 123 0249 01       		.byte	1
 124 024a 0000     		.space	2
 125 024c 01       		.byte	1
 126 024d 000000   		.space	3
 127 0250 00000000 		.word	hcan1
 128 0254 05000000 		.word	5
 129 0258 00000000 		.space	20
 129      00000000 
 129      00000000 
 129      00000000 
 129      00000000 
 130 026c 00000000 		.space	60
 130      00000000 
 130      00000000 
 130      00000000 
 130      00000000 
 131 02a8 00002042 		.word	1109393408
 132 02ac 00000000 		.word	0
 133 02b0 00000000 		.word	0
 134 02b4 00401C46 		.word	1176256512
 135 02b8 00000000 		.space	4
 136 02bc 07       		.byte	7
 137 02bd 000000   		.space	3
 138 02c0 0000FA45 		.word	1174011904
 139 02c4 00000000 		.space	16
 139      00000000 
 139      00000000 
 139      00000000 
 140 02d4 00002041 		.word	1092616192
 141 02d8 00000000 		.word	0
 142 02dc 00000000 		.word	0
 143 02e0 00009643 		.word	1133903872
 144 02e4 CDCCCC3D 		.word	1036831949
 145 02e8 07       		.byte	7
 146 02e9 000000   		.space	3
 147 02ec 0000C842 		.word	1120403456
 148 02f0 00000000 		.space	16
 148      00000000 
 148      00000000 
 148      00000000 
 149 0300 04       		.byte	4
 150 0301 06       		.byte	6
 151 0302 00       		.byte	0
 152 0303 00       		.byte	0
 153 0304 00       		.byte	0
 154 0305 00       		.byte	0
 155 0306 0000     		.space	2
 156 0308 01       		.byte	1
 157 0309 000000   		.space	3
 158 030c 00000000 		.word	hcan2
 159 0310 01000000 		.word	1
 160 0314 00000000 		.space	20
 160      00000000 
 160      00000000 
 160      00000000 
 160      00000000 
 161 0328 00000000 		.space	60
ARM GAS  C:\Users\10542\AppData\Local\Temp\ccu9HUlo.s 			page 9


 161      00000000 
 161      00000000 
 161      00000000 
 161      00000000 
 162 0364 0000F041 		.word	1106247680
 163 0368 00000000 		.word	0
 164 036c 00000000 		.word	0
 165 0370 00409C46 		.word	1184645120
 166 0374 00000000 		.space	4
 167 0378 07       		.byte	7
 168 0379 000000   		.space	3
 169 037c 00401C45 		.word	1159479296
 170 0380 00000000 		.space	16
 170      00000000 
 170      00000000 
 170      00000000 
 171 0390 00000041 		.word	1090519040
 172 0394 00000000 		.word	0
 173 0398 CDCC4C3E 		.word	1045220557
 174 039c 0000FA43 		.word	1140457472
 175 03a0 00000000 		.space	4
 176 03a4 07       		.byte	7
 177 03a5 000000   		.space	3
 178 03a8 0000C842 		.word	1120403456
 179 03ac 00000000 		.space	16
 179      00000000 
 179      00000000 
 179      00000000 
 180 03bc 04       		.byte	4
 181 03bd 06       		.byte	6
 182 03be 01       		.byte	1
 183 03bf 00       		.byte	0
 184 03c0 01       		.byte	1
 185 03c1 01       		.byte	1
 186 03c2 0000     		.space	2
 187 03c4 01       		.byte	1
 188 03c5 000000   		.space	3
 189 03c8 00000000 		.word	hcan1
 190 03cc 02000000 		.word	2
 191 03d0 00000000 		.space	20
 191      00000000 
 191      00000000 
 191      00000000 
 191      00000000 
 192 03e4 00       		.byte	0
 193 03e5 000000   		.space	3
 194 03e8 00000000 		.space	16
 194      00000000 
 194      00000000 
 194      00000000 
 195 03f8 CDCCCC3E 		.word	1053609165
 196 03fc 00000000 		.word	0
 197 0400 00000000 		.word	0
 198 0404 00606A46 		.word	1181376512
 199 0408 00000000 		.space	4
 200 040c 01       		.byte	1
 201 040d 000000   		.space	3
ARM GAS  C:\Users\10542\AppData\Local\Temp\ccu9HUlo.s 			page 10


 202 0410 00401C46 		.word	1176256512
 203 0414 00000000 		.space	16
 203      00000000 
 203      00000000 
 203      00000000 
 204 0424 00007041 		.word	1097859072
 205 0428 0000803F 		.word	1065353216
 206 042c 00000000 		.word	0
 207 0430 00606A46 		.word	1181376512
 208 0434 00000000 		.space	4
 209 0438 01       		.byte	1
 210 0439 000000   		.space	3
 211 043c 00401C46 		.word	1176256512
 212 0440 00000000 		.space	16
 212      00000000 
 212      00000000 
 212      00000000 
 213 0450 00000000 		.space	44
 213      00000000 
 213      00000000 
 213      00000000 
 213      00000000 
 214 047c 02       		.byte	2
 215 047d 03       		.byte	3
 216 047e 01       		.byte	1
 217 047f 00       		.space	1
 218 0480 00       		.byte	0
 219 0481 00       		.byte	0
 220 0482 0000     		.space	2
 221 0484 02       		.byte	2
 222 0485 000000   		.space	3
 223 0488 00000000 		.word	hcan2
 224 048c 00000000 		.space	24
 224      00000000 
 224      00000000 
 224      00000000 
 224      00000000 
 225 04a4 00000000 		.space	16
 225      00000000 
 225      00000000 
 225      00000000 
 226 04b4 CDCCCC3E 		.word	1053609165
 227 04b8 00000000 		.word	0
 228 04bc 00000000 		.word	0
 229 04c0 00409C45 		.word	1167867904
 230 04c4 00000000 		.space	4
 231 04c8 01       		.byte	1
 232 04c9 000000   		.space	3
 233 04cc 00409C45 		.word	1167867904
 234 04d0 00000000 		.space	16
 234      00000000 
 234      00000000 
 234      00000000 
 235 04e0 0000A040 		.word	1084227584
 236 04e4 0000803F 		.word	1065353216
 237 04e8 00000000 		.word	0
 238 04ec 00401C46 		.word	1176256512
ARM GAS  C:\Users\10542\AppData\Local\Temp\ccu9HUlo.s 			page 11


 239 04f0 00000000 		.space	4
 240 04f4 01       		.byte	1
 241 04f5 000000   		.space	3
 242 04f8 0000FA45 		.word	1174011904
 243 04fc 00000000 		.space	16
 243      00000000 
 243      00000000 
 243      00000000 
 244 050c 0000A040 		.word	1084227584
 245 0510 0000803F 		.word	1065353216
 246 0514 00000000 		.word	0
 247 0518 00004843 		.word	1128792064
 248 051c 00000000 		.space	28
 248      00000000 
 248      00000000 
 248      00000000 
 248      00000000 
 249 0538 02       		.byte	2
 250 0539 03       		.byte	3
 251 053a 00       		.byte	0
 252 053b 00       		.space	1
 253 053c 00       		.byte	0
 254 053d 00       		.byte	0
 255 053e 0000     		.space	2
 256 0540 03       		.byte	3
 257 0541 000000   		.space	3
 258 0544 00000000 		.word	hcan2
 259 0548 02000000 		.word	2
 260 054c 00000000 		.space	20
 260      00000000 
 260      00000000 
 260      00000000 
 260      00000000 
 261 0560 070400   		.ascii	"\007\004\000"
 262 0563 00       		.space	1
 263 0564 00       		.byte	0
 264 0565 01       		.byte	1
 265 0566 0000     		.space	2
 266              		.text
 267              	.Letext0:
 268              		.file 2 "E:/MSYS2/mingw64/arm-none-eabi/include/machine/_default_types.h"
 269              		.file 3 "E:/MSYS2/mingw64/arm-none-eabi/include/sys/_stdint.h"
 270              		.file 4 "Drivers/CMSIS/Device/ST/STM32F4xx/Include/stm32f407xx.h"
 271              		.file 5 "Drivers/CMSIS/Device/ST/STM32F4xx/Include/stm32f4xx.h"
 272              		.file 6 "Drivers/STM32F4xx_HAL_Driver/Inc/stm32f4xx_hal_can.h"
 273              		.file 7 "Inc/can.h"
 274              		.file 8 "bsp/can/bsp_can.h"
 275              		.file 9 "modules/algorithm/controller.h"
 276              		.file 10 "modules/motor/motor_def.h"
 277              		.file 11 "application/config/config.h"
ARM GAS  C:\Users\10542\AppData\Local\Temp\ccu9HUlo.s 			page 12


DEFINED SYMBOLS
                            *ABS*:00000000 sentinel_config.c
C:\Users\10542\AppData\Local\Temp\ccu9HUlo.s:21     .text.SentinelConfigInit:00000000 $t
C:\Users\10542\AppData\Local\Temp\ccu9HUlo.s:27     .text.SentinelConfigInit:00000000 SentinelConfigInit
C:\Users\10542\AppData\Local\Temp\ccu9HUlo.s:42     .text.SentinelConfigInit:00000004 $d
C:\Users\10542\AppData\Local\Temp\ccu9HUlo.s:50     .data.sentinel_config.0:00000000 sentinel_config.0
C:\Users\10542\AppData\Local\Temp\ccu9HUlo.s:47     .data.sentinel_config.0:00000000 $d

UNDEFINED SYMBOLS
hcan1
hcan2
