ARM GAS  C:\Users\ADMINI~1\AppData\Local\Temp\ccdomQ4N.s 			page 1


   1              		.cpu cortex-m4
   2              		.arch armv7e-m
   3              		.fpu fpv4-sp-d16
   4              		.eabi_attribute 27, 1
   5              		.eabi_attribute 28, 1
   6              		.eabi_attribute 20, 1
   7              		.eabi_attribute 21, 1
   8              		.eabi_attribute 23, 3
   9              		.eabi_attribute 24, 1
  10              		.eabi_attribute 25, 1
  11              		.eabi_attribute 26, 1
  12              		.eabi_attribute 30, 1
  13              		.eabi_attribute 34, 1
  14              		.eabi_attribute 18, 4
  15              		.file	"servo_motor.c"
  16              		.text
  17              	.Ltext0:
  18              		.cfi_sections	.debug_frame
  19              		.file 1 "modules/motor/servo_motor/servo_motor.c"
  20              		.section	.text.DecodeServo,"ax",%progbits
  21              		.align	1
  22              		.syntax unified
  23              		.thumb
  24              		.thumb_func
  26              	DecodeServo:
  27              	.LFB240:
   1:modules/motor/servo_motor/servo_motor.c **** #include "servo_motor.h"
   2:modules/motor/servo_motor/servo_motor.c **** #include "stdlib.h"
   3:modules/motor/servo_motor/servo_motor.c **** #include "memory.h"
   4:modules/motor/servo_motor/servo_motor.c **** #include "bsp_log.h"
   5:modules/motor/servo_motor/servo_motor.c **** uint8_t servo_angle_read[6]={0x55 ,0x55 ,0x04, 0x15 ,0x01 ,0x01 ,};
   6:modules/motor/servo_motor/servo_motor.c **** uint8_t servo_angle_write[16]={0x55 ,0x55, 0x08, 0x03, 0x01 ,0xF4 ,0x01 ,0x01 ,0x20 ,0x03,0x55 ,0x5
   7:modules/motor/servo_motor/servo_motor.c **** uint8_t servo_unload[6]={0x55,0x55,0x04,0x14,0x01,0x01};
   8:modules/motor/servo_motor/servo_motor.c **** 
   9:modules/motor/servo_motor/servo_motor.c **** /*Á¨¨‰∫åÁâà*/
  10:modules/motor/servo_motor/servo_motor.c **** static ServoInstance *servo_motor_instance[SERVO_MOTOR_CNT];
  11:modules/motor/servo_motor/servo_motor.c **** static uint8_t servo_idx = 0; // register servo_idx,ÊòØËØ•Êñá‰ª∂ÁöÑÂÖ®Â±ÄËàµÊú∫Á¥¢Âºï,Âú®Ê≥®ÂÜåÊó∂‰
  12:modules/motor/servo_motor/servo_motor.c **** static void DecodeServo();
  13:modules/motor/servo_motor/servo_motor.c **** // ÈÄöËøáÊ≠§ÂáΩÊï∞Ê≥®ÂÜå‰∏Ä‰∏™ËàµÊú∫
  14:modules/motor/servo_motor/servo_motor.c **** ServoInstance *ServoInit(Servo_Init_Config_s *Servo_Init_Config)
  15:modules/motor/servo_motor/servo_motor.c **** {
  16:modules/motor/servo_motor/servo_motor.c ****     ServoInstance *servo = (ServoInstance *)malloc(sizeof(ServoInstance));
  17:modules/motor/servo_motor/servo_motor.c ****     memset(servo, 0, sizeof(ServoInstance));
  18:modules/motor/servo_motor/servo_motor.c ****     USART_Init_Config_s config;
  19:modules/motor/servo_motor/servo_motor.c ****     servo->servo_type = Servo_Init_Config->servo_type;
  20:modules/motor/servo_motor/servo_motor.c ****     switch (Servo_Init_Config->servo_type)
  21:modules/motor/servo_motor/servo_motor.c ****     {
  22:modules/motor/servo_motor/servo_motor.c ****     case Bus_Servo:
  23:modules/motor/servo_motor/servo_motor.c ****         config.module_callback = DecodeServo;
  24:modules/motor/servo_motor/servo_motor.c ****         config.recv_buff_size = Servo_MAX_BUFF;
  25:modules/motor/servo_motor/servo_motor.c ****         config.usart_handle = Servo_Init_Config->_handle;
  26:modules/motor/servo_motor/servo_motor.c ****         servo->usart_instance = USARTRegister(&config);
  27:modules/motor/servo_motor/servo_motor.c ****         break;
  28:modules/motor/servo_motor/servo_motor.c ****     case PWM_Servo:
  29:modules/motor/servo_motor/servo_motor.c ****         servo->pwm_instance = PWMRegister(&Servo_Init_Config->pwm_init_config);
  30:modules/motor/servo_motor/servo_motor.c ****         break;
  31:modules/motor/servo_motor/servo_motor.c ****     default:
ARM GAS  C:\Users\ADMINI~1\AppData\Local\Temp\ccdomQ4N.s 			page 2


  32:modules/motor/servo_motor/servo_motor.c ****         LOGERROR("Servo type error");
  33:modules/motor/servo_motor/servo_motor.c ****         break;
  34:modules/motor/servo_motor/servo_motor.c ****     }
  35:modules/motor/servo_motor/servo_motor.c ****     servo->servo_id = Servo_Init_Config->servo_id;
  36:modules/motor/servo_motor/servo_motor.c ****     servo_idx++;
  37:modules/motor/servo_motor/servo_motor.c ****     servo_motor_instance[servo->servo_id] = servo;
  38:modules/motor/servo_motor/servo_motor.c **** 
  39:modules/motor/servo_motor/servo_motor.c ****     return servo;
  40:modules/motor/servo_motor/servo_motor.c **** }
  41:modules/motor/servo_motor/servo_motor.c **** //@todo PWMËàµÊú∫ÁöÑËßíÂ∫¶ËÆæÁΩÆÈúÄË¶ÅÊ†πÊçÆÁõ∏Â∫îÂÆöÊó∂Âô®PWMÁ≠âÂèÇÊï∞ËøõË°åËÆ°ÁÆó(ÊòØÂê¶ÈúÄË¶ÅËßÑ
  42:modules/motor/servo_motor/servo_motor.c **** void ServoSetAngle(ServoInstance *servo, float angle)
  43:modules/motor/servo_motor/servo_motor.c **** {
  44:modules/motor/servo_motor/servo_motor.c ****     switch (servo->servo_type)
  45:modules/motor/servo_motor/servo_motor.c ****     {
  46:modules/motor/servo_motor/servo_motor.c ****     case Bus_Servo:
  47:modules/motor/servo_motor/servo_motor.c ****         servo_angle_write[8] = (uint16_t)angle&0xff;
  48:modules/motor/servo_motor/servo_motor.c ****         servo_angle_write[9] = (uint16_t)angle>>8;
  49:modules/motor/servo_motor/servo_motor.c ****         USARTSend(servo->usart_instance, servo_angle_write, 16, USART_TRANSFER_DMA);
  50:modules/motor/servo_motor/servo_motor.c ****        // USARTSend(servo->usart_instance, servo_angle_read, 6, USART_TRANSFER_DMA);
  51:modules/motor/servo_motor/servo_motor.c ****         break;
  52:modules/motor/servo_motor/servo_motor.c ****     case PWM_Servo:
  53:modules/motor/servo_motor/servo_motor.c ****         servo->angle = angle;
  54:modules/motor/servo_motor/servo_motor.c ****         PWMSetDutyRatio(servo->pwm_instance, angle);
  55:modules/motor/servo_motor/servo_motor.c ****         break;
  56:modules/motor/servo_motor/servo_motor.c ****     default:
  57:modules/motor/servo_motor/servo_motor.c ****         break;
  58:modules/motor/servo_motor/servo_motor.c ****     }
  59:modules/motor/servo_motor/servo_motor.c **** }
  60:modules/motor/servo_motor/servo_motor.c **** 
  61:modules/motor/servo_motor/servo_motor.c **** //@todo Âè™ËØªÂèñ‰∫ÜËßíÂ∫¶ ËøòÊúâÁîµÂéãÔºåÂä®‰ΩúÊòØÂê¶ÂÆåÊàêÁ≠â ‰∏îÂè™ÊîØÊåÅ‰∏Ä‰∏™‰∏≤Âè£
  62:modules/motor/servo_motor/servo_motor.c **** static void DecodeServo()
  63:modules/motor/servo_motor/servo_motor.c **** {
  28              		.loc 1 63 1 view -0
  29              		.cfi_startproc
  30              		@ args = 0, pretend = 0, frame = 0
  31              		@ frame_needed = 0, uses_anonymous_args = 0
  32              		@ link register save eliminated.
  64:modules/motor/servo_motor/servo_motor.c ****     for (uint8_t i = 0; i < servo_idx; i++)
  33              		.loc 1 64 5 view .LVU1
  34              	.LBB2:
  35              		.loc 1 64 10 view .LVU2
  36              	.LVL0:
  37              		.loc 1 64 18 is_stmt 0 view .LVU3
  38 0000 0023     		movs	r3, #0
  39              		.loc 1 64 5 view .LVU4
  40 0002 06E0     		b	.L2
  41              	.LVL1:
  42              	.L6:
  65:modules/motor/servo_motor/servo_motor.c ****     {
  66:modules/motor/servo_motor/servo_motor.c ****         if (servo_motor_instance[i]->servo_type == Bus_Servo)
  67:modules/motor/servo_motor/servo_motor.c ****         {
  68:modules/motor/servo_motor/servo_motor.c ****             if (servo_motor_instance[i]->usart_instance->recv_buff[0] == Servo_Frame_First && servo
  69:modules/motor/servo_motor/servo_motor.c ****             {
  70:modules/motor/servo_motor/servo_motor.c ****                 if (servo_motor_instance[i]->usart_instance->recv_buff[3] == 21)
  71:modules/motor/servo_motor/servo_motor.c ****                 {
  72:modules/motor/servo_motor/servo_motor.c ****                     servo_motor_instance[i]->recv_angle = (servo_motor_instance[i]->usart_instance-
  43              		.loc 1 72 21 is_stmt 1 view .LVU5
ARM GAS  C:\Users\ADMINI~1\AppData\Local\Temp\ccdomQ4N.s 			page 3


  44              		.loc 1 72 110 is_stmt 0 view .LVU6
  45 0004 C879     		ldrb	r0, [r1, #7]	@ zero_extendqisi2
  46              		.loc 1 72 171 view .LVU7
  47 0006 8979     		ldrb	r1, [r1, #6]	@ zero_extendqisi2
  48              		.loc 1 72 119 view .LVU8
  49 0008 41EA0021 		orr	r1, r1, r0, lsl #8
  50              		.loc 1 72 57 view .LVU9
  51 000c 1181     		strh	r1, [r2, #8]	@ movhi
  52              	.L3:
  64:modules/motor/servo_motor/servo_motor.c ****     for (uint8_t i = 0; i < servo_idx; i++)
  53              		.loc 1 64 41 is_stmt 1 discriminator 2 view .LVU10
  54 000e 0133     		adds	r3, r3, #1
  55              	.LVL2:
  64:modules/motor/servo_motor/servo_motor.c ****     for (uint8_t i = 0; i < servo_idx; i++)
  56              		.loc 1 64 41 is_stmt 0 discriminator 2 view .LVU11
  57 0010 DBB2     		uxtb	r3, r3
  58              	.LVL3:
  59              	.L2:
  64:modules/motor/servo_motor/servo_motor.c ****     for (uint8_t i = 0; i < servo_idx; i++)
  60              		.loc 1 64 27 is_stmt 1 discriminator 1 view .LVU12
  61 0012 0B4A     		ldr	r2, .L7
  62 0014 1278     		ldrb	r2, [r2]	@ zero_extendqisi2
  63 0016 9A42     		cmp	r2, r3
  64 0018 10D9     		bls	.L5
  66:modules/motor/servo_motor/servo_motor.c ****         {
  65              		.loc 1 66 9 view .LVU13
  66:modules/motor/servo_motor/servo_motor.c ****         {
  66              		.loc 1 66 33 is_stmt 0 view .LVU14
  67 001a 0A4A     		ldr	r2, .L7+4
  68 001c 52F82320 		ldr	r2, [r2, r3, lsl #2]
  66:modules/motor/servo_motor/servo_motor.c ****         {
  69              		.loc 1 66 36 view .LVU15
  70 0020 117D     		ldrb	r1, [r2, #20]	@ zero_extendqisi2
  66:modules/motor/servo_motor/servo_motor.c ****         {
  71              		.loc 1 66 12 view .LVU16
  72 0022 0129     		cmp	r1, #1
  73 0024 F3D1     		bne	.L3
  68:modules/motor/servo_motor/servo_motor.c ****             {
  74              		.loc 1 68 13 is_stmt 1 view .LVU17
  68:modules/motor/servo_motor/servo_motor.c ****             {
  75              		.loc 1 68 40 is_stmt 0 view .LVU18
  76 0026 1169     		ldr	r1, [r2, #16]
  68:modules/motor/servo_motor/servo_motor.c ****             {
  77              		.loc 1 68 92 view .LVU19
  78 0028 B1F800C0 		ldrh	ip, [r1]
  68:modules/motor/servo_motor/servo_motor.c ****             {
  79              		.loc 1 68 16 view .LVU20
  80 002c 45F25550 		movw	r0, #21845
  81 0030 8445     		cmp	ip, r0
  82 0032 ECD1     		bne	.L3
  70:modules/motor/servo_motor/servo_motor.c ****                 {
  83              		.loc 1 70 17 is_stmt 1 view .LVU21
  70:modules/motor/servo_motor/servo_motor.c ****                 {
  84              		.loc 1 70 71 is_stmt 0 view .LVU22
  85 0034 C878     		ldrb	r0, [r1, #3]	@ zero_extendqisi2
  70:modules/motor/servo_motor/servo_motor.c ****                 {
  86              		.loc 1 70 20 view .LVU23
ARM GAS  C:\Users\ADMINI~1\AppData\Local\Temp\ccdomQ4N.s 			page 4


  87 0036 1528     		cmp	r0, #21
  88 0038 E9D1     		bne	.L3
  89 003a E3E7     		b	.L6
  90              	.L5:
  91              	.LBE2:
  73:modules/motor/servo_motor/servo_motor.c ****                 }
  74:modules/motor/servo_motor/servo_motor.c ****             }
  75:modules/motor/servo_motor/servo_motor.c ****         }
  76:modules/motor/servo_motor/servo_motor.c ****     }
  77:modules/motor/servo_motor/servo_motor.c **** }
  92              		.loc 1 77 1 view .LVU24
  93 003c 7047     		bx	lr
  94              	.L8:
  95 003e 00BF     		.align	2
  96              	.L7:
  97 0040 00000000 		.word	servo_idx
  98 0044 00000000 		.word	servo_motor_instance
  99              		.cfi_endproc
 100              	.LFE240:
 102              		.section	.text.ServoInit,"ax",%progbits
 103              		.align	1
 104              		.global	ServoInit
 105              		.syntax unified
 106              		.thumb
 107              		.thumb_func
 109              	ServoInit:
 110              	.LVL4:
 111              	.LFB238:
  15:modules/motor/servo_motor/servo_motor.c ****     ServoInstance *servo = (ServoInstance *)malloc(sizeof(ServoInstance));
 112              		.loc 1 15 1 is_stmt 1 view -0
 113              		.cfi_startproc
 114              		@ args = 0, pretend = 0, frame = 16
 115              		@ frame_needed = 0, uses_anonymous_args = 0
  15:modules/motor/servo_motor/servo_motor.c ****     ServoInstance *servo = (ServoInstance *)malloc(sizeof(ServoInstance));
 116              		.loc 1 15 1 is_stmt 0 view .LVU26
 117 0000 30B5     		push	{r4, r5, lr}
 118              	.LCFI0:
 119              		.cfi_def_cfa_offset 12
 120              		.cfi_offset 4, -12
 121              		.cfi_offset 5, -8
 122              		.cfi_offset 14, -4
 123 0002 85B0     		sub	sp, sp, #20
 124              	.LCFI1:
 125              		.cfi_def_cfa_offset 32
 126 0004 0546     		mov	r5, r0
  16:modules/motor/servo_motor/servo_motor.c ****     memset(servo, 0, sizeof(ServoInstance));
 127              		.loc 1 16 5 is_stmt 1 view .LVU27
  16:modules/motor/servo_motor/servo_motor.c ****     memset(servo, 0, sizeof(ServoInstance));
 128              		.loc 1 16 45 is_stmt 0 view .LVU28
 129 0006 1820     		movs	r0, #24
 130              	.LVL5:
  16:modules/motor/servo_motor/servo_motor.c ****     memset(servo, 0, sizeof(ServoInstance));
 131              		.loc 1 16 45 view .LVU29
 132 0008 FFF7FEFF 		bl	malloc
 133              	.LVL6:
 134 000c 0446     		mov	r4, r0
 135              	.LVL7:
ARM GAS  C:\Users\ADMINI~1\AppData\Local\Temp\ccdomQ4N.s 			page 5


  17:modules/motor/servo_motor/servo_motor.c ****     USART_Init_Config_s config;
 136              		.loc 1 17 5 is_stmt 1 view .LVU30
 137 000e 0023     		movs	r3, #0
 138 0010 0360     		str	r3, [r0]	@ unaligned
 139 0012 4360     		str	r3, [r0, #4]	@ unaligned
 140 0014 8360     		str	r3, [r0, #8]	@ unaligned
 141 0016 C360     		str	r3, [r0, #12]	@ unaligned
 142 0018 0361     		str	r3, [r0, #16]	@ unaligned
 143 001a 4361     		str	r3, [r0, #20]	@ unaligned
  18:modules/motor/servo_motor/servo_motor.c ****     servo->servo_type = Servo_Init_Config->servo_type;
 144              		.loc 1 18 5 view .LVU31
  19:modules/motor/servo_motor/servo_motor.c ****     switch (Servo_Init_Config->servo_type)
 145              		.loc 1 19 5 view .LVU32
  19:modules/motor/servo_motor/servo_motor.c ****     switch (Servo_Init_Config->servo_type)
 146              		.loc 1 19 42 is_stmt 0 view .LVU33
 147 001c 2B7E     		ldrb	r3, [r5, #24]	@ zero_extendqisi2
  19:modules/motor/servo_motor/servo_motor.c ****     switch (Servo_Init_Config->servo_type)
 148              		.loc 1 19 23 view .LVU34
 149 001e 0375     		strb	r3, [r0, #20]
  20:modules/motor/servo_motor/servo_motor.c ****     {
 150              		.loc 1 20 5 is_stmt 1 view .LVU35
 151 0020 012B     		cmp	r3, #1
 152 0022 06D0     		beq	.L10
 153 0024 022B     		cmp	r3, #2
 154 0026 0FD1     		bne	.L12
  29:modules/motor/servo_motor/servo_motor.c ****         break;
 155              		.loc 1 29 9 view .LVU36
  29:modules/motor/servo_motor/servo_motor.c ****         break;
 156              		.loc 1 29 31 is_stmt 0 view .LVU37
 157 0028 2846     		mov	r0, r5
 158              	.LVL8:
  29:modules/motor/servo_motor/servo_motor.c ****         break;
 159              		.loc 1 29 31 view .LVU38
 160 002a FFF7FEFF 		bl	PWMRegister
 161              	.LVL9:
  29:modules/motor/servo_motor/servo_motor.c ****         break;
 162              		.loc 1 29 29 discriminator 1 view .LVU39
 163 002e E060     		str	r0, [r4, #12]
  30:modules/motor/servo_motor/servo_motor.c ****     default:
 164              		.loc 1 30 9 is_stmt 1 view .LVU40
 165 0030 0AE0     		b	.L12
 166              	.LVL10:
 167              	.L10:
  23:modules/motor/servo_motor/servo_motor.c ****         config.recv_buff_size = Servo_MAX_BUFF;
 168              		.loc 1 23 9 view .LVU41
  23:modules/motor/servo_motor/servo_motor.c ****         config.recv_buff_size = Servo_MAX_BUFF;
 169              		.loc 1 23 32 is_stmt 0 view .LVU42
 170 0032 0C4B     		ldr	r3, .L14
 171 0034 0393     		str	r3, [sp, #12]
  24:modules/motor/servo_motor/servo_motor.c ****         config.usart_handle = Servo_Init_Config->_handle;
 172              		.loc 1 24 9 is_stmt 1 view .LVU43
  24:modules/motor/servo_motor/servo_motor.c ****         config.usart_handle = Servo_Init_Config->_handle;
 173              		.loc 1 24 31 is_stmt 0 view .LVU44
 174 0036 0A23     		movs	r3, #10
 175 0038 8DF80430 		strb	r3, [sp, #4]
  25:modules/motor/servo_motor/servo_motor.c ****         servo->usart_instance = USARTRegister(&config);
 176              		.loc 1 25 9 is_stmt 1 view .LVU45
ARM GAS  C:\Users\ADMINI~1\AppData\Local\Temp\ccdomQ4N.s 			page 6


  25:modules/motor/servo_motor/servo_motor.c ****         servo->usart_instance = USARTRegister(&config);
 177              		.loc 1 25 48 is_stmt 0 view .LVU46
 178 003c EB69     		ldr	r3, [r5, #28]
  25:modules/motor/servo_motor/servo_motor.c ****         servo->usart_instance = USARTRegister(&config);
 179              		.loc 1 25 29 view .LVU47
 180 003e 0293     		str	r3, [sp, #8]
  26:modules/motor/servo_motor/servo_motor.c ****         break;
 181              		.loc 1 26 9 is_stmt 1 view .LVU48
  26:modules/motor/servo_motor/servo_motor.c ****         break;
 182              		.loc 1 26 33 is_stmt 0 view .LVU49
 183 0040 01A8     		add	r0, sp, #4
 184              	.LVL11:
  26:modules/motor/servo_motor/servo_motor.c ****         break;
 185              		.loc 1 26 33 view .LVU50
 186 0042 FFF7FEFF 		bl	USARTRegister
 187              	.LVL12:
  26:modules/motor/servo_motor/servo_motor.c ****         break;
 188              		.loc 1 26 31 discriminator 1 view .LVU51
 189 0046 2061     		str	r0, [r4, #16]
  27:modules/motor/servo_motor/servo_motor.c ****     case PWM_Servo:
 190              		.loc 1 27 9 is_stmt 1 view .LVU52
 191              	.L12:
  35:modules/motor/servo_motor/servo_motor.c ****     servo_idx++;
 192              		.loc 1 35 5 view .LVU53
  35:modules/motor/servo_motor/servo_motor.c ****     servo_idx++;
 193              		.loc 1 35 40 is_stmt 0 view .LVU54
 194 0048 95F82020 		ldrb	r2, [r5, #32]	@ zero_extendqisi2
  35:modules/motor/servo_motor/servo_motor.c ****     servo_idx++;
 195              		.loc 1 35 21 view .LVU55
 196 004c 2270     		strb	r2, [r4]
  36:modules/motor/servo_motor/servo_motor.c ****     servo_motor_instance[servo->servo_id] = servo;
 197              		.loc 1 36 5 is_stmt 1 view .LVU56
  36:modules/motor/servo_motor/servo_motor.c ****     servo_motor_instance[servo->servo_id] = servo;
 198              		.loc 1 36 14 is_stmt 0 view .LVU57
 199 004e 0649     		ldr	r1, .L14+4
 200 0050 0B78     		ldrb	r3, [r1]	@ zero_extendqisi2
 201 0052 0133     		adds	r3, r3, #1
 202 0054 0B70     		strb	r3, [r1]
  37:modules/motor/servo_motor/servo_motor.c **** 
 203              		.loc 1 37 5 is_stmt 1 view .LVU58
  37:modules/motor/servo_motor/servo_motor.c **** 
 204              		.loc 1 37 43 is_stmt 0 view .LVU59
 205 0056 054B     		ldr	r3, .L14+8
 206 0058 43F82240 		str	r4, [r3, r2, lsl #2]
  39:modules/motor/servo_motor/servo_motor.c **** }
 207              		.loc 1 39 5 is_stmt 1 view .LVU60
  40:modules/motor/servo_motor/servo_motor.c **** //@todo PWMËàµÊú∫ÁöÑËßíÂ∫¶ËÆæÁΩÆÈúÄË¶ÅÊ†πÊçÆÁõ∏Â∫îÂÆöÊó∂Âô®PWMÁ≠âÂèÇÊï∞ËøõË°åËÆ°ÁÆó(ÊòØÂê¶ÈúÄË¶ÅËßÑ
 208              		.loc 1 40 1 is_stmt 0 view .LVU61
 209 005c 2046     		mov	r0, r4
 210 005e 05B0     		add	sp, sp, #20
 211              	.LCFI2:
 212              		.cfi_def_cfa_offset 12
 213              		@ sp needed
 214 0060 30BD     		pop	{r4, r5, pc}
 215              	.LVL13:
 216              	.L15:
  40:modules/motor/servo_motor/servo_motor.c **** //@todo PWMËàµÊú∫ÁöÑËßíÂ∫¶ËÆæÁΩÆÈúÄË¶ÅÊ†πÊçÆÁõ∏Â∫îÂÆöÊó∂Âô®PWMÁ≠âÂèÇÊï∞ËøõË°åËÆ°ÁÆó(ÊòØÂê¶ÈúÄË¶ÅËßÑ
ARM GAS  C:\Users\ADMINI~1\AppData\Local\Temp\ccdomQ4N.s 			page 7


 217              		.loc 1 40 1 view .LVU62
 218 0062 00BF     		.align	2
 219              	.L14:
 220 0064 00000000 		.word	DecodeServo
 221 0068 00000000 		.word	servo_idx
 222 006c 00000000 		.word	servo_motor_instance
 223              		.cfi_endproc
 224              	.LFE238:
 226              		.section	.text.ServoSetAngle,"ax",%progbits
 227              		.align	1
 228              		.global	ServoSetAngle
 229              		.syntax unified
 230              		.thumb
 231              		.thumb_func
 233              	ServoSetAngle:
 234              	.LVL14:
 235              	.LFB239:
  43:modules/motor/servo_motor/servo_motor.c ****     switch (servo->servo_type)
 236              		.loc 1 43 1 is_stmt 1 view -0
 237              		.cfi_startproc
 238              		@ args = 0, pretend = 0, frame = 0
 239              		@ frame_needed = 0, uses_anonymous_args = 0
  43:modules/motor/servo_motor/servo_motor.c ****     switch (servo->servo_type)
 240              		.loc 1 43 1 is_stmt 0 view .LVU64
 241 0000 08B5     		push	{r3, lr}
 242              	.LCFI3:
 243              		.cfi_def_cfa_offset 8
 244              		.cfi_offset 3, -8
 245              		.cfi_offset 14, -4
  44:modules/motor/servo_motor/servo_motor.c ****     {
 246              		.loc 1 44 5 is_stmt 1 view .LVU65
  44:modules/motor/servo_motor/servo_motor.c ****     {
 247              		.loc 1 44 18 is_stmt 0 view .LVU66
 248 0002 037D     		ldrb	r3, [r0, #20]	@ zero_extendqisi2
  44:modules/motor/servo_motor/servo_motor.c ****     {
 249              		.loc 1 44 5 view .LVU67
 250 0004 012B     		cmp	r3, #1
 251 0006 07D0     		beq	.L17
 252 0008 022B     		cmp	r3, #2
 253 000a 13D1     		bne	.L16
  53:modules/motor/servo_motor/servo_motor.c ****         PWMSetDutyRatio(servo->pwm_instance, angle);
 254              		.loc 1 53 9 is_stmt 1 view .LVU68
  53:modules/motor/servo_motor/servo_motor.c ****         PWMSetDutyRatio(servo->pwm_instance, angle);
 255              		.loc 1 53 22 is_stmt 0 view .LVU69
 256 000c 80ED010A 		vstr.32	s0, [r0, #4]
  54:modules/motor/servo_motor/servo_motor.c ****         break;
 257              		.loc 1 54 9 is_stmt 1 view .LVU70
 258 0010 C068     		ldr	r0, [r0, #12]
 259              	.LVL15:
  54:modules/motor/servo_motor/servo_motor.c ****         break;
 260              		.loc 1 54 9 is_stmt 0 view .LVU71
 261 0012 FFF7FEFF 		bl	PWMSetDutyRatio
 262              	.LVL16:
  55:modules/motor/servo_motor/servo_motor.c ****     default:
 263              		.loc 1 55 9 is_stmt 1 view .LVU72
  59:modules/motor/servo_motor/servo_motor.c **** 
 264              		.loc 1 59 1 is_stmt 0 view .LVU73
ARM GAS  C:\Users\ADMINI~1\AppData\Local\Temp\ccdomQ4N.s 			page 8


 265 0016 0DE0     		b	.L16
 266              	.LVL17:
 267              	.L17:
  47:modules/motor/servo_motor/servo_motor.c ****         servo_angle_write[9] = (uint16_t)angle>>8;
 268              		.loc 1 47 9 is_stmt 1 view .LVU74
  47:modules/motor/servo_motor/servo_motor.c ****         servo_angle_write[9] = (uint16_t)angle>>8;
 269              		.loc 1 47 32 is_stmt 0 view .LVU75
 270 0018 BCEEC00A 		vcvt.u32.f32	s0, s0
 271              	.LVL18:
  47:modules/motor/servo_motor/servo_motor.c ****         servo_angle_write[9] = (uint16_t)angle>>8;
 272              		.loc 1 47 32 view .LVU76
 273 001c 10EE103A 		vmov	r3, s0	@ int
 274 0020 9BB2     		uxth	r3, r3
  47:modules/motor/servo_motor/servo_motor.c ****         servo_angle_write[9] = (uint16_t)angle>>8;
 275              		.loc 1 47 30 view .LVU77
 276 0022 0549     		ldr	r1, .L21
 277 0024 0B72     		strb	r3, [r1, #8]
  48:modules/motor/servo_motor/servo_motor.c ****         USARTSend(servo->usart_instance, servo_angle_write, 16, USART_TRANSFER_DMA);
 278              		.loc 1 48 9 is_stmt 1 view .LVU78
  48:modules/motor/servo_motor/servo_motor.c ****         USARTSend(servo->usart_instance, servo_angle_write, 16, USART_TRANSFER_DMA);
 279              		.loc 1 48 30 is_stmt 0 view .LVU79
 280 0026 1B0A     		lsrs	r3, r3, #8
 281 0028 4B72     		strb	r3, [r1, #9]
  49:modules/motor/servo_motor/servo_motor.c ****        // USARTSend(servo->usart_instance, servo_angle_read, 6, USART_TRANSFER_DMA);
 282              		.loc 1 49 9 is_stmt 1 view .LVU80
 283 002a 0323     		movs	r3, #3
 284 002c 1022     		movs	r2, #16
 285 002e 0069     		ldr	r0, [r0, #16]
 286              	.LVL19:
  49:modules/motor/servo_motor/servo_motor.c ****        // USARTSend(servo->usart_instance, servo_angle_read, 6, USART_TRANSFER_DMA);
 287              		.loc 1 49 9 is_stmt 0 view .LVU81
 288 0030 FFF7FEFF 		bl	USARTSend
 289              	.LVL20:
  51:modules/motor/servo_motor/servo_motor.c ****     case PWM_Servo:
 290              		.loc 1 51 9 is_stmt 1 view .LVU82
 291              	.L16:
  59:modules/motor/servo_motor/servo_motor.c **** 
 292              		.loc 1 59 1 is_stmt 0 view .LVU83
 293 0034 08BD     		pop	{r3, pc}
 294              	.L22:
 295 0036 00BF     		.align	2
 296              	.L21:
 297 0038 00000000 		.word	servo_angle_write
 298              		.cfi_endproc
 299              	.LFE239:
 301              		.section	.bss.servo_idx,"aw",%nobits
 304              	servo_idx:
 305 0000 00       		.space	1
 306              		.section	.bss.servo_motor_instance,"aw",%nobits
 307              		.align	2
 310              	servo_motor_instance:
 311 0000 00000000 		.space	28
 311      00000000 
 311      00000000 
 311      00000000 
 311      00000000 
 312              		.global	servo_unload
ARM GAS  C:\Users\ADMINI~1\AppData\Local\Temp\ccdomQ4N.s 			page 9


 313              		.section	.data.servo_unload,"aw"
 314              		.align	2
 317              	servo_unload:
 318 0000 55550414 		.ascii	"UU\004\024\001\001"
 318      0101
 319              		.global	servo_angle_write
 320              		.section	.data.servo_angle_write,"aw"
 321              		.align	2
 324              	servo_angle_write:
 325 0000 55550803 		.ascii	"UU\010\003\001\364\001\001 \003UU\004\025\001\001"
 325      01F40101 
 325      20035555 
 325      04150101 
 326              		.global	servo_angle_read
 327              		.section	.data.servo_angle_read,"aw"
 328              		.align	2
 331              	servo_angle_read:
 332 0000 55550415 		.ascii	"UU\004\025\001\001"
 332      0101
 333              		.text
 334              	.Letext0:
 335              		.file 2 "D:/Msys2/mingw64/arm-none-eabi/include/machine/_default_types.h"
 336              		.file 3 "D:/Msys2/mingw64/arm-none-eabi/include/sys/_stdint.h"
 337              		.file 4 "Drivers/CMSIS/Device/ST/STM32F4xx/Include/stm32f407xx.h"
 338              		.file 5 "D:/Msys2/mingw64/lib/gcc/arm-none-eabi/13.3.0/include/stddef.h"
 339              		.file 6 "Drivers/STM32F4xx_HAL_Driver/Inc/stm32f4xx_hal_def.h"
 340              		.file 7 "Drivers/STM32F4xx_HAL_Driver/Inc/stm32f4xx_hal_dma.h"
 341              		.file 8 "Drivers/STM32F4xx_HAL_Driver/Inc/stm32f4xx_hal_tim.h"
 342              		.file 9 "Drivers/STM32F4xx_HAL_Driver/Inc/stm32f4xx_hal_uart.h"
 343              		.file 10 "bsp/pwm/bsp_pwm.h"
 344              		.file 11 "bsp/usart/bsp_usart.h"
 345              		.file 12 "modules/motor/servo_motor/servo_motor.h"
 346              		.file 13 "D:/Msys2/mingw64/arm-none-eabi/include/string.h"
 347              		.file 14 "D:/Msys2/mingw64/arm-none-eabi/include/stdlib.h"
ARM GAS  C:\Users\ADMINI~1\AppData\Local\Temp\ccdomQ4N.s 			page 10


DEFINED SYMBOLS
                            *ABS*:00000000 servo_motor.c
C:\Users\ADMINI~1\AppData\Local\Temp\ccdomQ4N.s:21     .text.DecodeServo:00000000 $t
C:\Users\ADMINI~1\AppData\Local\Temp\ccdomQ4N.s:26     .text.DecodeServo:00000000 DecodeServo
C:\Users\ADMINI~1\AppData\Local\Temp\ccdomQ4N.s:97     .text.DecodeServo:00000040 $d
C:\Users\ADMINI~1\AppData\Local\Temp\ccdomQ4N.s:304    .bss.servo_idx:00000000 servo_idx
C:\Users\ADMINI~1\AppData\Local\Temp\ccdomQ4N.s:310    .bss.servo_motor_instance:00000000 servo_motor_instance
C:\Users\ADMINI~1\AppData\Local\Temp\ccdomQ4N.s:103    .text.ServoInit:00000000 $t
C:\Users\ADMINI~1\AppData\Local\Temp\ccdomQ4N.s:109    .text.ServoInit:00000000 ServoInit
C:\Users\ADMINI~1\AppData\Local\Temp\ccdomQ4N.s:220    .text.ServoInit:00000064 $d
C:\Users\ADMINI~1\AppData\Local\Temp\ccdomQ4N.s:227    .text.ServoSetAngle:00000000 $t
C:\Users\ADMINI~1\AppData\Local\Temp\ccdomQ4N.s:233    .text.ServoSetAngle:00000000 ServoSetAngle
C:\Users\ADMINI~1\AppData\Local\Temp\ccdomQ4N.s:297    .text.ServoSetAngle:00000038 $d
C:\Users\ADMINI~1\AppData\Local\Temp\ccdomQ4N.s:324    .data.servo_angle_write:00000000 servo_angle_write
C:\Users\ADMINI~1\AppData\Local\Temp\ccdomQ4N.s:305    .bss.servo_idx:00000000 $d
C:\Users\ADMINI~1\AppData\Local\Temp\ccdomQ4N.s:307    .bss.servo_motor_instance:00000000 $d
C:\Users\ADMINI~1\AppData\Local\Temp\ccdomQ4N.s:317    .data.servo_unload:00000000 servo_unload
C:\Users\ADMINI~1\AppData\Local\Temp\ccdomQ4N.s:314    .data.servo_unload:00000000 $d
C:\Users\ADMINI~1\AppData\Local\Temp\ccdomQ4N.s:321    .data.servo_angle_write:00000000 $d
C:\Users\ADMINI~1\AppData\Local\Temp\ccdomQ4N.s:331    .data.servo_angle_read:00000000 servo_angle_read
C:\Users\ADMINI~1\AppData\Local\Temp\ccdomQ4N.s:328    .data.servo_angle_read:00000000 $d

UNDEFINED SYMBOLS
malloc
PWMRegister
USARTRegister
PWMSetDutyRatio
USARTSend
