ARM GAS  C:\Users\ADMINI~1\AppData\Local\Temp\cctSvzrv.s 			page 1


   1              		.cpu cortex-m4
   2              		.arch armv7e-m
   3              		.fpu fpv4-sp-d16
   4              		.eabi_attribute 27, 1
   5              		.eabi_attribute 28, 1
   6              		.eabi_attribute 20, 1
   7              		.eabi_attribute 21, 1
   8              		.eabi_attribute 23, 3
   9              		.eabi_attribute 24, 1
  10              		.eabi_attribute 25, 1
  11              		.eabi_attribute 26, 1
  12              		.eabi_attribute 30, 1
  13              		.eabi_attribute 34, 1
  14              		.eabi_attribute 18, 4
  15              		.file	"spi.c"
  16              		.text
  17              	.Ltext0:
  18              		.cfi_sections	.debug_frame
  19              		.file 1 "Src/spi.c"
  20              		.section	.text.MX_SPI1_Init,"ax",%progbits
  21              		.align	1
  22              		.global	MX_SPI1_Init
  23              		.syntax unified
  24              		.thumb
  25              		.thumb_func
  27              	MX_SPI1_Init:
  28              	.LFB235:
   1:Src/spi.c     **** /* USER CODE BEGIN Header */
   2:Src/spi.c     **** /**
   3:Src/spi.c     ****   ******************************************************************************
   4:Src/spi.c     ****   * @file    spi.c
   5:Src/spi.c     ****   * @brief   This file provides code for the configuration
   6:Src/spi.c     ****   *          of the SPI instances.
   7:Src/spi.c     ****   ******************************************************************************
   8:Src/spi.c     ****   * @attention
   9:Src/spi.c     ****   *
  10:Src/spi.c     ****   * Copyright (c) 2023 STMicroelectronics.
  11:Src/spi.c     ****   * All rights reserved.
  12:Src/spi.c     ****   *
  13:Src/spi.c     ****   * This software is licensed under terms that can be found in the LICENSE file
  14:Src/spi.c     ****   * in the root directory of this software component.
  15:Src/spi.c     ****   * If no LICENSE file comes with this software, it is provided AS-IS.
  16:Src/spi.c     ****   *
  17:Src/spi.c     ****   ******************************************************************************
  18:Src/spi.c     ****   */
  19:Src/spi.c     **** /* USER CODE END Header */
  20:Src/spi.c     **** /* Includes ------------------------------------------------------------------*/
  21:Src/spi.c     **** #include "spi.h"
  22:Src/spi.c     **** 
  23:Src/spi.c     **** /* USER CODE BEGIN 0 */
  24:Src/spi.c     **** 
  25:Src/spi.c     **** /* USER CODE END 0 */
  26:Src/spi.c     **** 
  27:Src/spi.c     **** SPI_HandleTypeDef hspi1;
  28:Src/spi.c     **** SPI_HandleTypeDef hspi2;
  29:Src/spi.c     **** DMA_HandleTypeDef hdma_spi1_rx;
  30:Src/spi.c     **** DMA_HandleTypeDef hdma_spi1_tx;
ARM GAS  C:\Users\ADMINI~1\AppData\Local\Temp\cctSvzrv.s 			page 2


  31:Src/spi.c     **** 
  32:Src/spi.c     **** /* SPI1 init function */
  33:Src/spi.c     **** void MX_SPI1_Init(void)
  34:Src/spi.c     **** {
  29              		.loc 1 34 1 view -0
  30              		.cfi_startproc
  31              		@ args = 0, pretend = 0, frame = 0
  32              		@ frame_needed = 0, uses_anonymous_args = 0
  33 0000 08B5     		push	{r3, lr}
  34              	.LCFI0:
  35              		.cfi_def_cfa_offset 8
  36              		.cfi_offset 3, -8
  37              		.cfi_offset 14, -4
  35:Src/spi.c     **** 
  36:Src/spi.c     ****   /* USER CODE BEGIN SPI1_Init 0 */
  37:Src/spi.c     **** 
  38:Src/spi.c     ****   /* USER CODE END SPI1_Init 0 */
  39:Src/spi.c     **** 
  40:Src/spi.c     ****   /* USER CODE BEGIN SPI1_Init 1 */
  41:Src/spi.c     **** 
  42:Src/spi.c     ****   /* USER CODE END SPI1_Init 1 */
  43:Src/spi.c     ****   hspi1.Instance = SPI1;
  38              		.loc 1 43 3 view .LVU1
  39              		.loc 1 43 18 is_stmt 0 view .LVU2
  40 0002 0F48     		ldr	r0, .L5
  41 0004 0F4B     		ldr	r3, .L5+4
  42 0006 0360     		str	r3, [r0]
  44:Src/spi.c     ****   hspi1.Init.Mode = SPI_MODE_MASTER;
  43              		.loc 1 44 3 is_stmt 1 view .LVU3
  44              		.loc 1 44 19 is_stmt 0 view .LVU4
  45 0008 4FF48273 		mov	r3, #260
  46 000c 4360     		str	r3, [r0, #4]
  45:Src/spi.c     ****   hspi1.Init.Direction = SPI_DIRECTION_2LINES;
  47              		.loc 1 45 3 is_stmt 1 view .LVU5
  48              		.loc 1 45 24 is_stmt 0 view .LVU6
  49 000e 0023     		movs	r3, #0
  50 0010 8360     		str	r3, [r0, #8]
  46:Src/spi.c     ****   hspi1.Init.DataSize = SPI_DATASIZE_8BIT;
  51              		.loc 1 46 3 is_stmt 1 view .LVU7
  52              		.loc 1 46 23 is_stmt 0 view .LVU8
  53 0012 C360     		str	r3, [r0, #12]
  47:Src/spi.c     ****   hspi1.Init.CLKPolarity = SPI_POLARITY_HIGH;
  54              		.loc 1 47 3 is_stmt 1 view .LVU9
  55              		.loc 1 47 26 is_stmt 0 view .LVU10
  56 0014 0222     		movs	r2, #2
  57 0016 0261     		str	r2, [r0, #16]
  48:Src/spi.c     ****   hspi1.Init.CLKPhase = SPI_PHASE_2EDGE;
  58              		.loc 1 48 3 is_stmt 1 view .LVU11
  59              		.loc 1 48 23 is_stmt 0 view .LVU12
  60 0018 0122     		movs	r2, #1
  61 001a 4261     		str	r2, [r0, #20]
  49:Src/spi.c     ****   hspi1.Init.NSS = SPI_NSS_SOFT;
  62              		.loc 1 49 3 is_stmt 1 view .LVU13
  63              		.loc 1 49 18 is_stmt 0 view .LVU14
  64 001c 4FF40072 		mov	r2, #512
  65 0020 8261     		str	r2, [r0, #24]
  50:Src/spi.c     ****   hspi1.Init.BaudRatePrescaler = SPI_BAUDRATEPRESCALER_8;
ARM GAS  C:\Users\ADMINI~1\AppData\Local\Temp\cctSvzrv.s 			page 3


  66              		.loc 1 50 3 is_stmt 1 view .LVU15
  67              		.loc 1 50 32 is_stmt 0 view .LVU16
  68 0022 1022     		movs	r2, #16
  69 0024 C261     		str	r2, [r0, #28]
  51:Src/spi.c     ****   hspi1.Init.FirstBit = SPI_FIRSTBIT_MSB;
  70              		.loc 1 51 3 is_stmt 1 view .LVU17
  71              		.loc 1 51 23 is_stmt 0 view .LVU18
  72 0026 0362     		str	r3, [r0, #32]
  52:Src/spi.c     ****   hspi1.Init.TIMode = SPI_TIMODE_DISABLE;
  73              		.loc 1 52 3 is_stmt 1 view .LVU19
  74              		.loc 1 52 21 is_stmt 0 view .LVU20
  75 0028 4362     		str	r3, [r0, #36]
  53:Src/spi.c     ****   hspi1.Init.CRCCalculation = SPI_CRCCALCULATION_DISABLE;
  76              		.loc 1 53 3 is_stmt 1 view .LVU21
  77              		.loc 1 53 29 is_stmt 0 view .LVU22
  78 002a 8362     		str	r3, [r0, #40]
  54:Src/spi.c     ****   hspi1.Init.CRCPolynomial = 10;
  79              		.loc 1 54 3 is_stmt 1 view .LVU23
  80              		.loc 1 54 28 is_stmt 0 view .LVU24
  81 002c 0A23     		movs	r3, #10
  82 002e C362     		str	r3, [r0, #44]
  55:Src/spi.c     ****   if (HAL_SPI_Init(&hspi1) != HAL_OK)
  83              		.loc 1 55 3 is_stmt 1 view .LVU25
  84              		.loc 1 55 7 is_stmt 0 view .LVU26
  85 0030 FFF7FEFF 		bl	HAL_SPI_Init
  86              	.LVL0:
  87              		.loc 1 55 6 discriminator 1 view .LVU27
  88 0034 00B9     		cbnz	r0, .L4
  89              	.L1:
  56:Src/spi.c     ****   {
  57:Src/spi.c     ****     Error_Handler();
  58:Src/spi.c     ****   }
  59:Src/spi.c     ****   /* USER CODE BEGIN SPI1_Init 2 */
  60:Src/spi.c     **** 
  61:Src/spi.c     ****   /* USER CODE END SPI1_Init 2 */
  62:Src/spi.c     **** 
  63:Src/spi.c     **** }
  90              		.loc 1 63 1 view .LVU28
  91 0036 08BD     		pop	{r3, pc}
  92              	.L4:
  57:Src/spi.c     ****   }
  93              		.loc 1 57 5 is_stmt 1 view .LVU29
  94 0038 FFF7FEFF 		bl	Error_Handler
  95              	.LVL1:
  96              		.loc 1 63 1 is_stmt 0 view .LVU30
  97 003c FBE7     		b	.L1
  98              	.L6:
  99 003e 00BF     		.align	2
 100              	.L5:
 101 0040 00000000 		.word	hspi1
 102 0044 00300140 		.word	1073819648
 103              		.cfi_endproc
 104              	.LFE235:
 106              		.section	.text.MX_SPI2_Init,"ax",%progbits
 107              		.align	1
 108              		.global	MX_SPI2_Init
 109              		.syntax unified
ARM GAS  C:\Users\ADMINI~1\AppData\Local\Temp\cctSvzrv.s 			page 4


 110              		.thumb
 111              		.thumb_func
 113              	MX_SPI2_Init:
 114              	.LFB236:
  64:Src/spi.c     **** /* SPI2 init function */
  65:Src/spi.c     **** void MX_SPI2_Init(void)
  66:Src/spi.c     **** {
 115              		.loc 1 66 1 is_stmt 1 view -0
 116              		.cfi_startproc
 117              		@ args = 0, pretend = 0, frame = 0
 118              		@ frame_needed = 0, uses_anonymous_args = 0
 119 0000 08B5     		push	{r3, lr}
 120              	.LCFI1:
 121              		.cfi_def_cfa_offset 8
 122              		.cfi_offset 3, -8
 123              		.cfi_offset 14, -4
  67:Src/spi.c     **** 
  68:Src/spi.c     ****   /* USER CODE BEGIN SPI2_Init 0 */
  69:Src/spi.c     **** 
  70:Src/spi.c     ****   /* USER CODE END SPI2_Init 0 */
  71:Src/spi.c     **** 
  72:Src/spi.c     ****   /* USER CODE BEGIN SPI2_Init 1 */
  73:Src/spi.c     **** 
  74:Src/spi.c     ****   /* USER CODE END SPI2_Init 1 */
  75:Src/spi.c     ****   hspi2.Instance = SPI2;
 124              		.loc 1 75 3 view .LVU32
 125              		.loc 1 75 18 is_stmt 0 view .LVU33
 126 0002 0F48     		ldr	r0, .L11
 127 0004 0F4B     		ldr	r3, .L11+4
 128 0006 0360     		str	r3, [r0]
  76:Src/spi.c     ****   hspi2.Init.Mode = SPI_MODE_MASTER;
 129              		.loc 1 76 3 is_stmt 1 view .LVU34
 130              		.loc 1 76 19 is_stmt 0 view .LVU35
 131 0008 4FF48273 		mov	r3, #260
 132 000c 4360     		str	r3, [r0, #4]
  77:Src/spi.c     ****   hspi2.Init.Direction = SPI_DIRECTION_2LINES;
 133              		.loc 1 77 3 is_stmt 1 view .LVU36
 134              		.loc 1 77 24 is_stmt 0 view .LVU37
 135 000e 0023     		movs	r3, #0
 136 0010 8360     		str	r3, [r0, #8]
  78:Src/spi.c     ****   hspi2.Init.DataSize = SPI_DATASIZE_8BIT;
 137              		.loc 1 78 3 is_stmt 1 view .LVU38
 138              		.loc 1 78 23 is_stmt 0 view .LVU39
 139 0012 C360     		str	r3, [r0, #12]
  79:Src/spi.c     ****   hspi2.Init.CLKPolarity = SPI_POLARITY_HIGH;
 140              		.loc 1 79 3 is_stmt 1 view .LVU40
 141              		.loc 1 79 26 is_stmt 0 view .LVU41
 142 0014 0222     		movs	r2, #2
 143 0016 0261     		str	r2, [r0, #16]
  80:Src/spi.c     ****   hspi2.Init.CLKPhase = SPI_PHASE_2EDGE;
 144              		.loc 1 80 3 is_stmt 1 view .LVU42
 145              		.loc 1 80 23 is_stmt 0 view .LVU43
 146 0018 0122     		movs	r2, #1
 147 001a 4261     		str	r2, [r0, #20]
  81:Src/spi.c     ****   hspi2.Init.NSS = SPI_NSS_SOFT;
 148              		.loc 1 81 3 is_stmt 1 view .LVU44
 149              		.loc 1 81 18 is_stmt 0 view .LVU45
ARM GAS  C:\Users\ADMINI~1\AppData\Local\Temp\cctSvzrv.s 			page 5


 150 001c 4FF40072 		mov	r2, #512
 151 0020 8261     		str	r2, [r0, #24]
  82:Src/spi.c     ****   hspi2.Init.BaudRatePrescaler = SPI_BAUDRATEPRESCALER_256;
 152              		.loc 1 82 3 is_stmt 1 view .LVU46
 153              		.loc 1 82 32 is_stmt 0 view .LVU47
 154 0022 3822     		movs	r2, #56
 155 0024 C261     		str	r2, [r0, #28]
  83:Src/spi.c     ****   hspi2.Init.FirstBit = SPI_FIRSTBIT_MSB;
 156              		.loc 1 83 3 is_stmt 1 view .LVU48
 157              		.loc 1 83 23 is_stmt 0 view .LVU49
 158 0026 0362     		str	r3, [r0, #32]
  84:Src/spi.c     ****   hspi2.Init.TIMode = SPI_TIMODE_DISABLE;
 159              		.loc 1 84 3 is_stmt 1 view .LVU50
 160              		.loc 1 84 21 is_stmt 0 view .LVU51
 161 0028 4362     		str	r3, [r0, #36]
  85:Src/spi.c     ****   hspi2.Init.CRCCalculation = SPI_CRCCALCULATION_DISABLE;
 162              		.loc 1 85 3 is_stmt 1 view .LVU52
 163              		.loc 1 85 29 is_stmt 0 view .LVU53
 164 002a 8362     		str	r3, [r0, #40]
  86:Src/spi.c     ****   hspi2.Init.CRCPolynomial = 10;
 165              		.loc 1 86 3 is_stmt 1 view .LVU54
 166              		.loc 1 86 28 is_stmt 0 view .LVU55
 167 002c 0A23     		movs	r3, #10
 168 002e C362     		str	r3, [r0, #44]
  87:Src/spi.c     ****   if (HAL_SPI_Init(&hspi2) != HAL_OK)
 169              		.loc 1 87 3 is_stmt 1 view .LVU56
 170              		.loc 1 87 7 is_stmt 0 view .LVU57
 171 0030 FFF7FEFF 		bl	HAL_SPI_Init
 172              	.LVL2:
 173              		.loc 1 87 6 discriminator 1 view .LVU58
 174 0034 00B9     		cbnz	r0, .L10
 175              	.L7:
  88:Src/spi.c     ****   {
  89:Src/spi.c     ****     Error_Handler();
  90:Src/spi.c     ****   }
  91:Src/spi.c     ****   /* USER CODE BEGIN SPI2_Init 2 */
  92:Src/spi.c     **** 
  93:Src/spi.c     ****   /* USER CODE END SPI2_Init 2 */
  94:Src/spi.c     **** 
  95:Src/spi.c     **** }
 176              		.loc 1 95 1 view .LVU59
 177 0036 08BD     		pop	{r3, pc}
 178              	.L10:
  89:Src/spi.c     ****   }
 179              		.loc 1 89 5 is_stmt 1 view .LVU60
 180 0038 FFF7FEFF 		bl	Error_Handler
 181              	.LVL3:
 182              		.loc 1 95 1 is_stmt 0 view .LVU61
 183 003c FBE7     		b	.L7
 184              	.L12:
 185 003e 00BF     		.align	2
 186              	.L11:
 187 0040 00000000 		.word	hspi2
 188 0044 00380040 		.word	1073756160
 189              		.cfi_endproc
 190              	.LFE236:
 192              		.section	.text.HAL_SPI_MspInit,"ax",%progbits
ARM GAS  C:\Users\ADMINI~1\AppData\Local\Temp\cctSvzrv.s 			page 6


 193              		.align	1
 194              		.global	HAL_SPI_MspInit
 195              		.syntax unified
 196              		.thumb
 197              		.thumb_func
 199              	HAL_SPI_MspInit:
 200              	.LVL4:
 201              	.LFB237:
  96:Src/spi.c     **** 
  97:Src/spi.c     **** void HAL_SPI_MspInit(SPI_HandleTypeDef* spiHandle)
  98:Src/spi.c     **** {
 202              		.loc 1 98 1 is_stmt 1 view -0
 203              		.cfi_startproc
 204              		@ args = 0, pretend = 0, frame = 40
 205              		@ frame_needed = 0, uses_anonymous_args = 0
 206              		.loc 1 98 1 is_stmt 0 view .LVU63
 207 0000 2DE9F043 		push	{r4, r5, r6, r7, r8, r9, lr}
 208              	.LCFI2:
 209              		.cfi_def_cfa_offset 28
 210              		.cfi_offset 4, -28
 211              		.cfi_offset 5, -24
 212              		.cfi_offset 6, -20
 213              		.cfi_offset 7, -16
 214              		.cfi_offset 8, -12
 215              		.cfi_offset 9, -8
 216              		.cfi_offset 14, -4
 217 0004 8BB0     		sub	sp, sp, #44
 218              	.LCFI3:
 219              		.cfi_def_cfa_offset 72
  99:Src/spi.c     **** 
 100:Src/spi.c     ****   GPIO_InitTypeDef GPIO_InitStruct = {0};
 220              		.loc 1 100 3 is_stmt 1 view .LVU64
 221              		.loc 1 100 20 is_stmt 0 view .LVU65
 222 0006 0023     		movs	r3, #0
 223 0008 0593     		str	r3, [sp, #20]
 224 000a 0693     		str	r3, [sp, #24]
 225 000c 0793     		str	r3, [sp, #28]
 226 000e 0893     		str	r3, [sp, #32]
 227 0010 0993     		str	r3, [sp, #36]
 101:Src/spi.c     ****   if(spiHandle->Instance==SPI1)
 228              		.loc 1 101 3 is_stmt 1 view .LVU66
 229              		.loc 1 101 15 is_stmt 0 view .LVU67
 230 0012 0368     		ldr	r3, [r0]
 231              		.loc 1 101 5 view .LVU68
 232 0014 5C4A     		ldr	r2, .L23
 233 0016 9342     		cmp	r3, r2
 234 0018 06D0     		beq	.L19
 102:Src/spi.c     ****   {
 103:Src/spi.c     ****   /* USER CODE BEGIN SPI1_MspInit 0 */
 104:Src/spi.c     **** 
 105:Src/spi.c     ****   /* USER CODE END SPI1_MspInit 0 */
 106:Src/spi.c     ****     /* SPI1 clock enable */
 107:Src/spi.c     ****     __HAL_RCC_SPI1_CLK_ENABLE();
 108:Src/spi.c     **** 
 109:Src/spi.c     ****     __HAL_RCC_GPIOB_CLK_ENABLE();
 110:Src/spi.c     ****     __HAL_RCC_GPIOA_CLK_ENABLE();
 111:Src/spi.c     ****     /**SPI1 GPIO Configuration
ARM GAS  C:\Users\ADMINI~1\AppData\Local\Temp\cctSvzrv.s 			page 7


 112:Src/spi.c     ****     PB4     ------> SPI1_MISO
 113:Src/spi.c     ****     PB3     ------> SPI1_SCK
 114:Src/spi.c     ****     PA7     ------> SPI1_MOSI
 115:Src/spi.c     ****     */
 116:Src/spi.c     ****     GPIO_InitStruct.Pin = GPIO_PIN_4|GPIO_PIN_3;
 117:Src/spi.c     ****     GPIO_InitStruct.Mode = GPIO_MODE_AF_PP;
 118:Src/spi.c     ****     GPIO_InitStruct.Pull = GPIO_PULLUP;
 119:Src/spi.c     ****     GPIO_InitStruct.Speed = GPIO_SPEED_FREQ_VERY_HIGH;
 120:Src/spi.c     ****     GPIO_InitStruct.Alternate = GPIO_AF5_SPI1;
 121:Src/spi.c     ****     HAL_GPIO_Init(GPIOB, &GPIO_InitStruct);
 122:Src/spi.c     **** 
 123:Src/spi.c     ****     GPIO_InitStruct.Pin = GPIO_PIN_7;
 124:Src/spi.c     ****     GPIO_InitStruct.Mode = GPIO_MODE_AF_PP;
 125:Src/spi.c     ****     GPIO_InitStruct.Pull = GPIO_PULLUP;
 126:Src/spi.c     ****     GPIO_InitStruct.Speed = GPIO_SPEED_FREQ_VERY_HIGH;
 127:Src/spi.c     ****     GPIO_InitStruct.Alternate = GPIO_AF5_SPI1;
 128:Src/spi.c     ****     HAL_GPIO_Init(GPIOA, &GPIO_InitStruct);
 129:Src/spi.c     **** 
 130:Src/spi.c     ****     /* SPI1 DMA Init */
 131:Src/spi.c     ****     /* SPI1_RX Init */
 132:Src/spi.c     ****     hdma_spi1_rx.Instance = DMA2_Stream0;
 133:Src/spi.c     ****     hdma_spi1_rx.Init.Channel = DMA_CHANNEL_3;
 134:Src/spi.c     ****     hdma_spi1_rx.Init.Direction = DMA_PERIPH_TO_MEMORY;
 135:Src/spi.c     ****     hdma_spi1_rx.Init.PeriphInc = DMA_PINC_DISABLE;
 136:Src/spi.c     ****     hdma_spi1_rx.Init.MemInc = DMA_MINC_ENABLE;
 137:Src/spi.c     ****     hdma_spi1_rx.Init.PeriphDataAlignment = DMA_PDATAALIGN_BYTE;
 138:Src/spi.c     ****     hdma_spi1_rx.Init.MemDataAlignment = DMA_MDATAALIGN_BYTE;
 139:Src/spi.c     ****     hdma_spi1_rx.Init.Mode = DMA_NORMAL;
 140:Src/spi.c     ****     hdma_spi1_rx.Init.Priority = DMA_PRIORITY_VERY_HIGH;
 141:Src/spi.c     ****     hdma_spi1_rx.Init.FIFOMode = DMA_FIFOMODE_ENABLE;
 142:Src/spi.c     ****     hdma_spi1_rx.Init.FIFOThreshold = DMA_FIFO_THRESHOLD_FULL;
 143:Src/spi.c     ****     hdma_spi1_rx.Init.MemBurst = DMA_MBURST_SINGLE;
 144:Src/spi.c     ****     hdma_spi1_rx.Init.PeriphBurst = DMA_PBURST_SINGLE;
 145:Src/spi.c     ****     if (HAL_DMA_Init(&hdma_spi1_rx) != HAL_OK)
 146:Src/spi.c     ****     {
 147:Src/spi.c     ****       Error_Handler();
 148:Src/spi.c     ****     }
 149:Src/spi.c     **** 
 150:Src/spi.c     ****     __HAL_LINKDMA(spiHandle,hdmarx,hdma_spi1_rx);
 151:Src/spi.c     **** 
 152:Src/spi.c     ****     /* SPI1_TX Init */
 153:Src/spi.c     ****     hdma_spi1_tx.Instance = DMA2_Stream3;
 154:Src/spi.c     ****     hdma_spi1_tx.Init.Channel = DMA_CHANNEL_3;
 155:Src/spi.c     ****     hdma_spi1_tx.Init.Direction = DMA_MEMORY_TO_PERIPH;
 156:Src/spi.c     ****     hdma_spi1_tx.Init.PeriphInc = DMA_PINC_DISABLE;
 157:Src/spi.c     ****     hdma_spi1_tx.Init.MemInc = DMA_MINC_ENABLE;
 158:Src/spi.c     ****     hdma_spi1_tx.Init.PeriphDataAlignment = DMA_PDATAALIGN_BYTE;
 159:Src/spi.c     ****     hdma_spi1_tx.Init.MemDataAlignment = DMA_MDATAALIGN_BYTE;
 160:Src/spi.c     ****     hdma_spi1_tx.Init.Mode = DMA_NORMAL;
 161:Src/spi.c     ****     hdma_spi1_tx.Init.Priority = DMA_PRIORITY_VERY_HIGH;
 162:Src/spi.c     ****     hdma_spi1_tx.Init.FIFOMode = DMA_FIFOMODE_DISABLE;
 163:Src/spi.c     ****     if (HAL_DMA_Init(&hdma_spi1_tx) != HAL_OK)
 164:Src/spi.c     ****     {
 165:Src/spi.c     ****       Error_Handler();
 166:Src/spi.c     ****     }
 167:Src/spi.c     **** 
 168:Src/spi.c     ****     __HAL_LINKDMA(spiHandle,hdmatx,hdma_spi1_tx);
ARM GAS  C:\Users\ADMINI~1\AppData\Local\Temp\cctSvzrv.s 			page 8


 169:Src/spi.c     **** 
 170:Src/spi.c     ****     /* SPI1 interrupt Init */
 171:Src/spi.c     ****     HAL_NVIC_SetPriority(SPI1_IRQn, 5, 0);
 172:Src/spi.c     ****     HAL_NVIC_EnableIRQ(SPI1_IRQn);
 173:Src/spi.c     ****   /* USER CODE BEGIN SPI1_MspInit 1 */
 174:Src/spi.c     **** 
 175:Src/spi.c     ****   /* USER CODE END SPI1_MspInit 1 */
 176:Src/spi.c     ****   }
 177:Src/spi.c     ****   else if(spiHandle->Instance==SPI2)
 235              		.loc 1 177 8 is_stmt 1 view .LVU69
 236              		.loc 1 177 10 is_stmt 0 view .LVU70
 237 001a 5C4A     		ldr	r2, .L23+4
 238 001c 9342     		cmp	r3, r2
 239 001e 00F08780 		beq	.L20
 240              	.LVL5:
 241              	.L13:
 178:Src/spi.c     ****   {
 179:Src/spi.c     ****   /* USER CODE BEGIN SPI2_MspInit 0 */
 180:Src/spi.c     **** 
 181:Src/spi.c     ****   /* USER CODE END SPI2_MspInit 0 */
 182:Src/spi.c     ****     /* SPI2 clock enable */
 183:Src/spi.c     ****     __HAL_RCC_SPI2_CLK_ENABLE();
 184:Src/spi.c     **** 
 185:Src/spi.c     ****     __HAL_RCC_GPIOB_CLK_ENABLE();
 186:Src/spi.c     ****     /**SPI2 GPIO Configuration
 187:Src/spi.c     ****     PB13     ------> SPI2_SCK
 188:Src/spi.c     ****     PB14     ------> SPI2_MISO
 189:Src/spi.c     ****     PB15     ------> SPI2_MOSI
 190:Src/spi.c     ****     */
 191:Src/spi.c     ****     GPIO_InitStruct.Pin = GPIO_PIN_13|GPIO_PIN_14|GPIO_PIN_15;
 192:Src/spi.c     ****     GPIO_InitStruct.Mode = GPIO_MODE_AF_PP;
 193:Src/spi.c     ****     GPIO_InitStruct.Pull = GPIO_NOPULL;
 194:Src/spi.c     ****     GPIO_InitStruct.Speed = GPIO_SPEED_FREQ_VERY_HIGH;
 195:Src/spi.c     ****     GPIO_InitStruct.Alternate = GPIO_AF5_SPI2;
 196:Src/spi.c     ****     HAL_GPIO_Init(GPIOB, &GPIO_InitStruct);
 197:Src/spi.c     **** 
 198:Src/spi.c     ****     /* SPI2 interrupt Init */
 199:Src/spi.c     ****     HAL_NVIC_SetPriority(SPI2_IRQn, 5, 0);
 200:Src/spi.c     ****     HAL_NVIC_EnableIRQ(SPI2_IRQn);
 201:Src/spi.c     ****   /* USER CODE BEGIN SPI2_MspInit 1 */
 202:Src/spi.c     **** 
 203:Src/spi.c     ****   /* USER CODE END SPI2_MspInit 1 */
 204:Src/spi.c     ****   }
 205:Src/spi.c     **** }
 242              		.loc 1 205 1 view .LVU71
 243 0022 0BB0     		add	sp, sp, #44
 244              	.LCFI4:
 245              		.cfi_remember_state
 246              		.cfi_def_cfa_offset 28
 247              		@ sp needed
 248 0024 BDE8F083 		pop	{r4, r5, r6, r7, r8, r9, pc}
 249              	.LVL6:
 250              	.L19:
 251              	.LCFI5:
 252              		.cfi_restore_state
 253              		.loc 1 205 1 view .LVU72
 254 0028 0446     		mov	r4, r0
ARM GAS  C:\Users\ADMINI~1\AppData\Local\Temp\cctSvzrv.s 			page 9


 107:Src/spi.c     **** 
 255              		.loc 1 107 5 is_stmt 1 view .LVU73
 256              	.LBB2:
 107:Src/spi.c     **** 
 257              		.loc 1 107 5 view .LVU74
 258 002a 0025     		movs	r5, #0
 259 002c 0095     		str	r5, [sp]
 107:Src/spi.c     **** 
 260              		.loc 1 107 5 view .LVU75
 261 002e 584B     		ldr	r3, .L23+8
 262 0030 5A6C     		ldr	r2, [r3, #68]
 263 0032 42F48052 		orr	r2, r2, #4096
 264 0036 5A64     		str	r2, [r3, #68]
 107:Src/spi.c     **** 
 265              		.loc 1 107 5 view .LVU76
 266 0038 5A6C     		ldr	r2, [r3, #68]
 267 003a 02F48052 		and	r2, r2, #4096
 268 003e 0092     		str	r2, [sp]
 107:Src/spi.c     **** 
 269              		.loc 1 107 5 view .LVU77
 270 0040 009A     		ldr	r2, [sp]
 271              	.LBE2:
 107:Src/spi.c     **** 
 272              		.loc 1 107 5 view .LVU78
 109:Src/spi.c     ****     __HAL_RCC_GPIOA_CLK_ENABLE();
 273              		.loc 1 109 5 view .LVU79
 274              	.LBB3:
 109:Src/spi.c     ****     __HAL_RCC_GPIOA_CLK_ENABLE();
 275              		.loc 1 109 5 view .LVU80
 276 0042 0195     		str	r5, [sp, #4]
 109:Src/spi.c     ****     __HAL_RCC_GPIOA_CLK_ENABLE();
 277              		.loc 1 109 5 view .LVU81
 278 0044 1A6B     		ldr	r2, [r3, #48]
 279 0046 42F00202 		orr	r2, r2, #2
 280 004a 1A63     		str	r2, [r3, #48]
 109:Src/spi.c     ****     __HAL_RCC_GPIOA_CLK_ENABLE();
 281              		.loc 1 109 5 view .LVU82
 282 004c 1A6B     		ldr	r2, [r3, #48]
 283 004e 02F00202 		and	r2, r2, #2
 284 0052 0192     		str	r2, [sp, #4]
 109:Src/spi.c     ****     __HAL_RCC_GPIOA_CLK_ENABLE();
 285              		.loc 1 109 5 view .LVU83
 286 0054 019A     		ldr	r2, [sp, #4]
 287              	.LBE3:
 109:Src/spi.c     ****     __HAL_RCC_GPIOA_CLK_ENABLE();
 288              		.loc 1 109 5 view .LVU84
 110:Src/spi.c     ****     /**SPI1 GPIO Configuration
 289              		.loc 1 110 5 view .LVU85
 290              	.LBB4:
 110:Src/spi.c     ****     /**SPI1 GPIO Configuration
 291              		.loc 1 110 5 view .LVU86
 292 0056 0295     		str	r5, [sp, #8]
 110:Src/spi.c     ****     /**SPI1 GPIO Configuration
 293              		.loc 1 110 5 view .LVU87
 294 0058 1A6B     		ldr	r2, [r3, #48]
 295 005a 42F00102 		orr	r2, r2, #1
 296 005e 1A63     		str	r2, [r3, #48]
ARM GAS  C:\Users\ADMINI~1\AppData\Local\Temp\cctSvzrv.s 			page 10


 110:Src/spi.c     ****     /**SPI1 GPIO Configuration
 297              		.loc 1 110 5 view .LVU88
 298 0060 1B6B     		ldr	r3, [r3, #48]
 299 0062 03F00103 		and	r3, r3, #1
 300 0066 0293     		str	r3, [sp, #8]
 110:Src/spi.c     ****     /**SPI1 GPIO Configuration
 301              		.loc 1 110 5 view .LVU89
 302 0068 029B     		ldr	r3, [sp, #8]
 303              	.LBE4:
 110:Src/spi.c     ****     /**SPI1 GPIO Configuration
 304              		.loc 1 110 5 view .LVU90
 116:Src/spi.c     ****     GPIO_InitStruct.Mode = GPIO_MODE_AF_PP;
 305              		.loc 1 116 5 view .LVU91
 116:Src/spi.c     ****     GPIO_InitStruct.Mode = GPIO_MODE_AF_PP;
 306              		.loc 1 116 25 is_stmt 0 view .LVU92
 307 006a 1823     		movs	r3, #24
 308 006c 0593     		str	r3, [sp, #20]
 117:Src/spi.c     ****     GPIO_InitStruct.Pull = GPIO_PULLUP;
 309              		.loc 1 117 5 is_stmt 1 view .LVU93
 117:Src/spi.c     ****     GPIO_InitStruct.Pull = GPIO_PULLUP;
 310              		.loc 1 117 26 is_stmt 0 view .LVU94
 311 006e 4FF00209 		mov	r9, #2
 312 0072 CDF81890 		str	r9, [sp, #24]
 118:Src/spi.c     ****     GPIO_InitStruct.Speed = GPIO_SPEED_FREQ_VERY_HIGH;
 313              		.loc 1 118 5 is_stmt 1 view .LVU95
 118:Src/spi.c     ****     GPIO_InitStruct.Speed = GPIO_SPEED_FREQ_VERY_HIGH;
 314              		.loc 1 118 26 is_stmt 0 view .LVU96
 315 0076 4FF00108 		mov	r8, #1
 316 007a CDF81C80 		str	r8, [sp, #28]
 119:Src/spi.c     ****     GPIO_InitStruct.Alternate = GPIO_AF5_SPI1;
 317              		.loc 1 119 5 is_stmt 1 view .LVU97
 119:Src/spi.c     ****     GPIO_InitStruct.Alternate = GPIO_AF5_SPI1;
 318              		.loc 1 119 27 is_stmt 0 view .LVU98
 319 007e 0326     		movs	r6, #3
 320 0080 0896     		str	r6, [sp, #32]
 120:Src/spi.c     ****     HAL_GPIO_Init(GPIOB, &GPIO_InitStruct);
 321              		.loc 1 120 5 is_stmt 1 view .LVU99
 120:Src/spi.c     ****     HAL_GPIO_Init(GPIOB, &GPIO_InitStruct);
 322              		.loc 1 120 31 is_stmt 0 view .LVU100
 323 0082 0527     		movs	r7, #5
 324 0084 0997     		str	r7, [sp, #36]
 121:Src/spi.c     **** 
 325              		.loc 1 121 5 is_stmt 1 view .LVU101
 326 0086 05A9     		add	r1, sp, #20
 327 0088 4248     		ldr	r0, .L23+12
 328              	.LVL7:
 121:Src/spi.c     **** 
 329              		.loc 1 121 5 is_stmt 0 view .LVU102
 330 008a FFF7FEFF 		bl	HAL_GPIO_Init
 331              	.LVL8:
 123:Src/spi.c     ****     GPIO_InitStruct.Mode = GPIO_MODE_AF_PP;
 332              		.loc 1 123 5 is_stmt 1 view .LVU103
 123:Src/spi.c     ****     GPIO_InitStruct.Mode = GPIO_MODE_AF_PP;
 333              		.loc 1 123 25 is_stmt 0 view .LVU104
 334 008e 8023     		movs	r3, #128
 335 0090 0593     		str	r3, [sp, #20]
 124:Src/spi.c     ****     GPIO_InitStruct.Pull = GPIO_PULLUP;
ARM GAS  C:\Users\ADMINI~1\AppData\Local\Temp\cctSvzrv.s 			page 11


 336              		.loc 1 124 5 is_stmt 1 view .LVU105
 124:Src/spi.c     ****     GPIO_InitStruct.Pull = GPIO_PULLUP;
 337              		.loc 1 124 26 is_stmt 0 view .LVU106
 338 0092 CDF81890 		str	r9, [sp, #24]
 125:Src/spi.c     ****     GPIO_InitStruct.Speed = GPIO_SPEED_FREQ_VERY_HIGH;
 339              		.loc 1 125 5 is_stmt 1 view .LVU107
 125:Src/spi.c     ****     GPIO_InitStruct.Speed = GPIO_SPEED_FREQ_VERY_HIGH;
 340              		.loc 1 125 26 is_stmt 0 view .LVU108
 341 0096 CDF81C80 		str	r8, [sp, #28]
 126:Src/spi.c     ****     GPIO_InitStruct.Alternate = GPIO_AF5_SPI1;
 342              		.loc 1 126 5 is_stmt 1 view .LVU109
 126:Src/spi.c     ****     GPIO_InitStruct.Alternate = GPIO_AF5_SPI1;
 343              		.loc 1 126 27 is_stmt 0 view .LVU110
 344 009a 0896     		str	r6, [sp, #32]
 127:Src/spi.c     ****     HAL_GPIO_Init(GPIOA, &GPIO_InitStruct);
 345              		.loc 1 127 5 is_stmt 1 view .LVU111
 127:Src/spi.c     ****     HAL_GPIO_Init(GPIOA, &GPIO_InitStruct);
 346              		.loc 1 127 31 is_stmt 0 view .LVU112
 347 009c 0997     		str	r7, [sp, #36]
 128:Src/spi.c     **** 
 348              		.loc 1 128 5 is_stmt 1 view .LVU113
 349 009e 05A9     		add	r1, sp, #20
 350 00a0 3D48     		ldr	r0, .L23+16
 351 00a2 FFF7FEFF 		bl	HAL_GPIO_Init
 352              	.LVL9:
 132:Src/spi.c     ****     hdma_spi1_rx.Init.Channel = DMA_CHANNEL_3;
 353              		.loc 1 132 5 view .LVU114
 132:Src/spi.c     ****     hdma_spi1_rx.Init.Channel = DMA_CHANNEL_3;
 354              		.loc 1 132 27 is_stmt 0 view .LVU115
 355 00a6 3D48     		ldr	r0, .L23+20
 356 00a8 3D4B     		ldr	r3, .L23+24
 357 00aa 0360     		str	r3, [r0]
 133:Src/spi.c     ****     hdma_spi1_rx.Init.Direction = DMA_PERIPH_TO_MEMORY;
 358              		.loc 1 133 5 is_stmt 1 view .LVU116
 133:Src/spi.c     ****     hdma_spi1_rx.Init.Direction = DMA_PERIPH_TO_MEMORY;
 359              		.loc 1 133 31 is_stmt 0 view .LVU117
 360 00ac 4FF0C063 		mov	r3, #100663296
 361 00b0 4360     		str	r3, [r0, #4]
 134:Src/spi.c     ****     hdma_spi1_rx.Init.PeriphInc = DMA_PINC_DISABLE;
 362              		.loc 1 134 5 is_stmt 1 view .LVU118
 134:Src/spi.c     ****     hdma_spi1_rx.Init.PeriphInc = DMA_PINC_DISABLE;
 363              		.loc 1 134 33 is_stmt 0 view .LVU119
 364 00b2 8560     		str	r5, [r0, #8]
 135:Src/spi.c     ****     hdma_spi1_rx.Init.MemInc = DMA_MINC_ENABLE;
 365              		.loc 1 135 5 is_stmt 1 view .LVU120
 135:Src/spi.c     ****     hdma_spi1_rx.Init.MemInc = DMA_MINC_ENABLE;
 366              		.loc 1 135 33 is_stmt 0 view .LVU121
 367 00b4 C560     		str	r5, [r0, #12]
 136:Src/spi.c     ****     hdma_spi1_rx.Init.PeriphDataAlignment = DMA_PDATAALIGN_BYTE;
 368              		.loc 1 136 5 is_stmt 1 view .LVU122
 136:Src/spi.c     ****     hdma_spi1_rx.Init.PeriphDataAlignment = DMA_PDATAALIGN_BYTE;
 369              		.loc 1 136 30 is_stmt 0 view .LVU123
 370 00b6 4FF48063 		mov	r3, #1024
 371 00ba 0361     		str	r3, [r0, #16]
 137:Src/spi.c     ****     hdma_spi1_rx.Init.MemDataAlignment = DMA_MDATAALIGN_BYTE;
 372              		.loc 1 137 5 is_stmt 1 view .LVU124
 137:Src/spi.c     ****     hdma_spi1_rx.Init.MemDataAlignment = DMA_MDATAALIGN_BYTE;
ARM GAS  C:\Users\ADMINI~1\AppData\Local\Temp\cctSvzrv.s 			page 12


 373              		.loc 1 137 43 is_stmt 0 view .LVU125
 374 00bc 4561     		str	r5, [r0, #20]
 138:Src/spi.c     ****     hdma_spi1_rx.Init.Mode = DMA_NORMAL;
 375              		.loc 1 138 5 is_stmt 1 view .LVU126
 138:Src/spi.c     ****     hdma_spi1_rx.Init.Mode = DMA_NORMAL;
 376              		.loc 1 138 40 is_stmt 0 view .LVU127
 377 00be 8561     		str	r5, [r0, #24]
 139:Src/spi.c     ****     hdma_spi1_rx.Init.Priority = DMA_PRIORITY_VERY_HIGH;
 378              		.loc 1 139 5 is_stmt 1 view .LVU128
 139:Src/spi.c     ****     hdma_spi1_rx.Init.Priority = DMA_PRIORITY_VERY_HIGH;
 379              		.loc 1 139 28 is_stmt 0 view .LVU129
 380 00c0 C561     		str	r5, [r0, #28]
 140:Src/spi.c     ****     hdma_spi1_rx.Init.FIFOMode = DMA_FIFOMODE_ENABLE;
 381              		.loc 1 140 5 is_stmt 1 view .LVU130
 140:Src/spi.c     ****     hdma_spi1_rx.Init.FIFOMode = DMA_FIFOMODE_ENABLE;
 382              		.loc 1 140 32 is_stmt 0 view .LVU131
 383 00c2 4FF44033 		mov	r3, #196608
 384 00c6 0362     		str	r3, [r0, #32]
 141:Src/spi.c     ****     hdma_spi1_rx.Init.FIFOThreshold = DMA_FIFO_THRESHOLD_FULL;
 385              		.loc 1 141 5 is_stmt 1 view .LVU132
 141:Src/spi.c     ****     hdma_spi1_rx.Init.FIFOThreshold = DMA_FIFO_THRESHOLD_FULL;
 386              		.loc 1 141 32 is_stmt 0 view .LVU133
 387 00c8 0423     		movs	r3, #4
 388 00ca 4362     		str	r3, [r0, #36]
 142:Src/spi.c     ****     hdma_spi1_rx.Init.MemBurst = DMA_MBURST_SINGLE;
 389              		.loc 1 142 5 is_stmt 1 view .LVU134
 142:Src/spi.c     ****     hdma_spi1_rx.Init.MemBurst = DMA_MBURST_SINGLE;
 390              		.loc 1 142 37 is_stmt 0 view .LVU135
 391 00cc 8662     		str	r6, [r0, #40]
 143:Src/spi.c     ****     hdma_spi1_rx.Init.PeriphBurst = DMA_PBURST_SINGLE;
 392              		.loc 1 143 5 is_stmt 1 view .LVU136
 143:Src/spi.c     ****     hdma_spi1_rx.Init.PeriphBurst = DMA_PBURST_SINGLE;
 393              		.loc 1 143 32 is_stmt 0 view .LVU137
 394 00ce C562     		str	r5, [r0, #44]
 144:Src/spi.c     ****     if (HAL_DMA_Init(&hdma_spi1_rx) != HAL_OK)
 395              		.loc 1 144 5 is_stmt 1 view .LVU138
 144:Src/spi.c     ****     if (HAL_DMA_Init(&hdma_spi1_rx) != HAL_OK)
 396              		.loc 1 144 35 is_stmt 0 view .LVU139
 397 00d0 0563     		str	r5, [r0, #48]
 145:Src/spi.c     ****     {
 398              		.loc 1 145 5 is_stmt 1 view .LVU140
 145:Src/spi.c     ****     {
 399              		.loc 1 145 9 is_stmt 0 view .LVU141
 400 00d2 FFF7FEFF 		bl	HAL_DMA_Init
 401              	.LVL10:
 145:Src/spi.c     ****     {
 402              		.loc 1 145 8 discriminator 1 view .LVU142
 403 00d6 28BB     		cbnz	r0, .L21
 404              	.L15:
 150:Src/spi.c     **** 
 405              		.loc 1 150 5 is_stmt 1 view .LVU143
 150:Src/spi.c     **** 
 406              		.loc 1 150 5 view .LVU144
 407 00d8 304B     		ldr	r3, .L23+20
 408 00da E364     		str	r3, [r4, #76]
 150:Src/spi.c     **** 
 409              		.loc 1 150 5 view .LVU145
ARM GAS  C:\Users\ADMINI~1\AppData\Local\Temp\cctSvzrv.s 			page 13


 410 00dc 9C63     		str	r4, [r3, #56]
 150:Src/spi.c     **** 
 411              		.loc 1 150 5 view .LVU146
 153:Src/spi.c     ****     hdma_spi1_tx.Init.Channel = DMA_CHANNEL_3;
 412              		.loc 1 153 5 view .LVU147
 153:Src/spi.c     ****     hdma_spi1_tx.Init.Channel = DMA_CHANNEL_3;
 413              		.loc 1 153 27 is_stmt 0 view .LVU148
 414 00de 3148     		ldr	r0, .L23+28
 415 00e0 314B     		ldr	r3, .L23+32
 416 00e2 0360     		str	r3, [r0]
 154:Src/spi.c     ****     hdma_spi1_tx.Init.Direction = DMA_MEMORY_TO_PERIPH;
 417              		.loc 1 154 5 is_stmt 1 view .LVU149
 154:Src/spi.c     ****     hdma_spi1_tx.Init.Direction = DMA_MEMORY_TO_PERIPH;
 418              		.loc 1 154 31 is_stmt 0 view .LVU150
 419 00e4 4FF0C063 		mov	r3, #100663296
 420 00e8 4360     		str	r3, [r0, #4]
 155:Src/spi.c     ****     hdma_spi1_tx.Init.PeriphInc = DMA_PINC_DISABLE;
 421              		.loc 1 155 5 is_stmt 1 view .LVU151
 155:Src/spi.c     ****     hdma_spi1_tx.Init.PeriphInc = DMA_PINC_DISABLE;
 422              		.loc 1 155 33 is_stmt 0 view .LVU152
 423 00ea 4023     		movs	r3, #64
 424 00ec 8360     		str	r3, [r0, #8]
 156:Src/spi.c     ****     hdma_spi1_tx.Init.MemInc = DMA_MINC_ENABLE;
 425              		.loc 1 156 5 is_stmt 1 view .LVU153
 156:Src/spi.c     ****     hdma_spi1_tx.Init.MemInc = DMA_MINC_ENABLE;
 426              		.loc 1 156 33 is_stmt 0 view .LVU154
 427 00ee 0023     		movs	r3, #0
 428 00f0 C360     		str	r3, [r0, #12]
 157:Src/spi.c     ****     hdma_spi1_tx.Init.PeriphDataAlignment = DMA_PDATAALIGN_BYTE;
 429              		.loc 1 157 5 is_stmt 1 view .LVU155
 157:Src/spi.c     ****     hdma_spi1_tx.Init.PeriphDataAlignment = DMA_PDATAALIGN_BYTE;
 430              		.loc 1 157 30 is_stmt 0 view .LVU156
 431 00f2 4FF48062 		mov	r2, #1024
 432 00f6 0261     		str	r2, [r0, #16]
 158:Src/spi.c     ****     hdma_spi1_tx.Init.MemDataAlignment = DMA_MDATAALIGN_BYTE;
 433              		.loc 1 158 5 is_stmt 1 view .LVU157
 158:Src/spi.c     ****     hdma_spi1_tx.Init.MemDataAlignment = DMA_MDATAALIGN_BYTE;
 434              		.loc 1 158 43 is_stmt 0 view .LVU158
 435 00f8 4361     		str	r3, [r0, #20]
 159:Src/spi.c     ****     hdma_spi1_tx.Init.Mode = DMA_NORMAL;
 436              		.loc 1 159 5 is_stmt 1 view .LVU159
 159:Src/spi.c     ****     hdma_spi1_tx.Init.Mode = DMA_NORMAL;
 437              		.loc 1 159 40 is_stmt 0 view .LVU160
 438 00fa 8361     		str	r3, [r0, #24]
 160:Src/spi.c     ****     hdma_spi1_tx.Init.Priority = DMA_PRIORITY_VERY_HIGH;
 439              		.loc 1 160 5 is_stmt 1 view .LVU161
 160:Src/spi.c     ****     hdma_spi1_tx.Init.Priority = DMA_PRIORITY_VERY_HIGH;
 440              		.loc 1 160 28 is_stmt 0 view .LVU162
 441 00fc C361     		str	r3, [r0, #28]
 161:Src/spi.c     ****     hdma_spi1_tx.Init.FIFOMode = DMA_FIFOMODE_DISABLE;
 442              		.loc 1 161 5 is_stmt 1 view .LVU163
 161:Src/spi.c     ****     hdma_spi1_tx.Init.FIFOMode = DMA_FIFOMODE_DISABLE;
 443              		.loc 1 161 32 is_stmt 0 view .LVU164
 444 00fe 4FF44032 		mov	r2, #196608
 445 0102 0262     		str	r2, [r0, #32]
 162:Src/spi.c     ****     if (HAL_DMA_Init(&hdma_spi1_tx) != HAL_OK)
 446              		.loc 1 162 5 is_stmt 1 view .LVU165
ARM GAS  C:\Users\ADMINI~1\AppData\Local\Temp\cctSvzrv.s 			page 14


 162:Src/spi.c     ****     if (HAL_DMA_Init(&hdma_spi1_tx) != HAL_OK)
 447              		.loc 1 162 32 is_stmt 0 view .LVU166
 448 0104 4362     		str	r3, [r0, #36]
 163:Src/spi.c     ****     {
 449              		.loc 1 163 5 is_stmt 1 view .LVU167
 163:Src/spi.c     ****     {
 450              		.loc 1 163 9 is_stmt 0 view .LVU168
 451 0106 FFF7FEFF 		bl	HAL_DMA_Init
 452              	.LVL11:
 163:Src/spi.c     ****     {
 453              		.loc 1 163 8 discriminator 1 view .LVU169
 454 010a 70B9     		cbnz	r0, .L22
 455              	.L16:
 168:Src/spi.c     **** 
 456              		.loc 1 168 5 is_stmt 1 view .LVU170
 168:Src/spi.c     **** 
 457              		.loc 1 168 5 view .LVU171
 458 010c 254B     		ldr	r3, .L23+28
 459 010e A364     		str	r3, [r4, #72]
 168:Src/spi.c     **** 
 460              		.loc 1 168 5 view .LVU172
 461 0110 9C63     		str	r4, [r3, #56]
 168:Src/spi.c     **** 
 462              		.loc 1 168 5 view .LVU173
 171:Src/spi.c     ****     HAL_NVIC_EnableIRQ(SPI1_IRQn);
 463              		.loc 1 171 5 view .LVU174
 464 0112 0022     		movs	r2, #0
 465 0114 0521     		movs	r1, #5
 466 0116 2320     		movs	r0, #35
 467 0118 FFF7FEFF 		bl	HAL_NVIC_SetPriority
 468              	.LVL12:
 172:Src/spi.c     ****   /* USER CODE BEGIN SPI1_MspInit 1 */
 469              		.loc 1 172 5 view .LVU175
 470 011c 2320     		movs	r0, #35
 471 011e FFF7FEFF 		bl	HAL_NVIC_EnableIRQ
 472              	.LVL13:
 473 0122 7EE7     		b	.L13
 474              	.L21:
 147:Src/spi.c     ****     }
 475              		.loc 1 147 7 view .LVU176
 476 0124 FFF7FEFF 		bl	Error_Handler
 477              	.LVL14:
 478 0128 D6E7     		b	.L15
 479              	.L22:
 165:Src/spi.c     ****     }
 480              		.loc 1 165 7 view .LVU177
 481 012a FFF7FEFF 		bl	Error_Handler
 482              	.LVL15:
 483 012e EDE7     		b	.L16
 484              	.LVL16:
 485              	.L20:
 183:Src/spi.c     **** 
 486              		.loc 1 183 5 view .LVU178
 487              	.LBB5:
 183:Src/spi.c     **** 
 488              		.loc 1 183 5 view .LVU179
 489 0130 0024     		movs	r4, #0
ARM GAS  C:\Users\ADMINI~1\AppData\Local\Temp\cctSvzrv.s 			page 15


 490 0132 0394     		str	r4, [sp, #12]
 183:Src/spi.c     **** 
 491              		.loc 1 183 5 view .LVU180
 492 0134 164B     		ldr	r3, .L23+8
 493 0136 1A6C     		ldr	r2, [r3, #64]
 494 0138 42F48042 		orr	r2, r2, #16384
 495 013c 1A64     		str	r2, [r3, #64]
 183:Src/spi.c     **** 
 496              		.loc 1 183 5 view .LVU181
 497 013e 1A6C     		ldr	r2, [r3, #64]
 498 0140 02F48042 		and	r2, r2, #16384
 499 0144 0392     		str	r2, [sp, #12]
 183:Src/spi.c     **** 
 500              		.loc 1 183 5 view .LVU182
 501 0146 039A     		ldr	r2, [sp, #12]
 502              	.LBE5:
 183:Src/spi.c     **** 
 503              		.loc 1 183 5 view .LVU183
 185:Src/spi.c     ****     /**SPI2 GPIO Configuration
 504              		.loc 1 185 5 view .LVU184
 505              	.LBB6:
 185:Src/spi.c     ****     /**SPI2 GPIO Configuration
 506              		.loc 1 185 5 view .LVU185
 507 0148 0494     		str	r4, [sp, #16]
 185:Src/spi.c     ****     /**SPI2 GPIO Configuration
 508              		.loc 1 185 5 view .LVU186
 509 014a 1A6B     		ldr	r2, [r3, #48]
 510 014c 42F00202 		orr	r2, r2, #2
 511 0150 1A63     		str	r2, [r3, #48]
 185:Src/spi.c     ****     /**SPI2 GPIO Configuration
 512              		.loc 1 185 5 view .LVU187
 513 0152 1B6B     		ldr	r3, [r3, #48]
 514 0154 03F00203 		and	r3, r3, #2
 515 0158 0493     		str	r3, [sp, #16]
 185:Src/spi.c     ****     /**SPI2 GPIO Configuration
 516              		.loc 1 185 5 view .LVU188
 517 015a 049B     		ldr	r3, [sp, #16]
 518              	.LBE6:
 185:Src/spi.c     ****     /**SPI2 GPIO Configuration
 519              		.loc 1 185 5 view .LVU189
 191:Src/spi.c     ****     GPIO_InitStruct.Mode = GPIO_MODE_AF_PP;
 520              		.loc 1 191 5 view .LVU190
 191:Src/spi.c     ****     GPIO_InitStruct.Mode = GPIO_MODE_AF_PP;
 521              		.loc 1 191 25 is_stmt 0 view .LVU191
 522 015c 4FF46043 		mov	r3, #57344
 523 0160 0593     		str	r3, [sp, #20]
 192:Src/spi.c     ****     GPIO_InitStruct.Pull = GPIO_NOPULL;
 524              		.loc 1 192 5 is_stmt 1 view .LVU192
 192:Src/spi.c     ****     GPIO_InitStruct.Pull = GPIO_NOPULL;
 525              		.loc 1 192 26 is_stmt 0 view .LVU193
 526 0162 0223     		movs	r3, #2
 527 0164 0693     		str	r3, [sp, #24]
 193:Src/spi.c     ****     GPIO_InitStruct.Speed = GPIO_SPEED_FREQ_VERY_HIGH;
 528              		.loc 1 193 5 is_stmt 1 view .LVU194
 194:Src/spi.c     ****     GPIO_InitStruct.Alternate = GPIO_AF5_SPI2;
 529              		.loc 1 194 5 view .LVU195
 194:Src/spi.c     ****     GPIO_InitStruct.Alternate = GPIO_AF5_SPI2;
ARM GAS  C:\Users\ADMINI~1\AppData\Local\Temp\cctSvzrv.s 			page 16


 530              		.loc 1 194 27 is_stmt 0 view .LVU196
 531 0166 0323     		movs	r3, #3
 532 0168 0893     		str	r3, [sp, #32]
 195:Src/spi.c     ****     HAL_GPIO_Init(GPIOB, &GPIO_InitStruct);
 533              		.loc 1 195 5 is_stmt 1 view .LVU197
 195:Src/spi.c     ****     HAL_GPIO_Init(GPIOB, &GPIO_InitStruct);
 534              		.loc 1 195 31 is_stmt 0 view .LVU198
 535 016a 0525     		movs	r5, #5
 536 016c 0995     		str	r5, [sp, #36]
 196:Src/spi.c     **** 
 537              		.loc 1 196 5 is_stmt 1 view .LVU199
 538 016e 05A9     		add	r1, sp, #20
 539 0170 0848     		ldr	r0, .L23+12
 540              	.LVL17:
 196:Src/spi.c     **** 
 541              		.loc 1 196 5 is_stmt 0 view .LVU200
 542 0172 FFF7FEFF 		bl	HAL_GPIO_Init
 543              	.LVL18:
 199:Src/spi.c     ****     HAL_NVIC_EnableIRQ(SPI2_IRQn);
 544              		.loc 1 199 5 is_stmt 1 view .LVU201
 545 0176 2246     		mov	r2, r4
 546 0178 2946     		mov	r1, r5
 547 017a 2420     		movs	r0, #36
 548 017c FFF7FEFF 		bl	HAL_NVIC_SetPriority
 549              	.LVL19:
 200:Src/spi.c     ****   /* USER CODE BEGIN SPI2_MspInit 1 */
 550              		.loc 1 200 5 view .LVU202
 551 0180 2420     		movs	r0, #36
 552 0182 FFF7FEFF 		bl	HAL_NVIC_EnableIRQ
 553              	.LVL20:
 554              		.loc 1 205 1 is_stmt 0 view .LVU203
 555 0186 4CE7     		b	.L13
 556              	.L24:
 557              		.align	2
 558              	.L23:
 559 0188 00300140 		.word	1073819648
 560 018c 00380040 		.word	1073756160
 561 0190 00380240 		.word	1073887232
 562 0194 00040240 		.word	1073873920
 563 0198 00000240 		.word	1073872896
 564 019c 00000000 		.word	hdma_spi1_rx
 565 01a0 10640240 		.word	1073898512
 566 01a4 00000000 		.word	hdma_spi1_tx
 567 01a8 58640240 		.word	1073898584
 568              		.cfi_endproc
 569              	.LFE237:
 571              		.section	.text.HAL_SPI_MspDeInit,"ax",%progbits
 572              		.align	1
 573              		.global	HAL_SPI_MspDeInit
 574              		.syntax unified
 575              		.thumb
 576              		.thumb_func
 578              	HAL_SPI_MspDeInit:
 579              	.LVL21:
 580              	.LFB238:
 206:Src/spi.c     **** 
 207:Src/spi.c     **** void HAL_SPI_MspDeInit(SPI_HandleTypeDef* spiHandle)
ARM GAS  C:\Users\ADMINI~1\AppData\Local\Temp\cctSvzrv.s 			page 17


 208:Src/spi.c     **** {
 581              		.loc 1 208 1 is_stmt 1 view -0
 582              		.cfi_startproc
 583              		@ args = 0, pretend = 0, frame = 0
 584              		@ frame_needed = 0, uses_anonymous_args = 0
 585              		.loc 1 208 1 is_stmt 0 view .LVU205
 586 0000 10B5     		push	{r4, lr}
 587              	.LCFI6:
 588              		.cfi_def_cfa_offset 8
 589              		.cfi_offset 4, -8
 590              		.cfi_offset 14, -4
 209:Src/spi.c     **** 
 210:Src/spi.c     ****   if(spiHandle->Instance==SPI1)
 591              		.loc 1 210 3 is_stmt 1 view .LVU206
 592              		.loc 1 210 15 is_stmt 0 view .LVU207
 593 0002 0368     		ldr	r3, [r0]
 594              		.loc 1 210 5 view .LVU208
 595 0004 174A     		ldr	r2, .L31
 596 0006 9342     		cmp	r3, r2
 597 0008 03D0     		beq	.L29
 211:Src/spi.c     ****   {
 212:Src/spi.c     ****   /* USER CODE BEGIN SPI1_MspDeInit 0 */
 213:Src/spi.c     **** 
 214:Src/spi.c     ****   /* USER CODE END SPI1_MspDeInit 0 */
 215:Src/spi.c     ****     /* Peripheral clock disable */
 216:Src/spi.c     ****     __HAL_RCC_SPI1_CLK_DISABLE();
 217:Src/spi.c     **** 
 218:Src/spi.c     ****     /**SPI1 GPIO Configuration
 219:Src/spi.c     ****     PB4     ------> SPI1_MISO
 220:Src/spi.c     ****     PB3     ------> SPI1_SCK
 221:Src/spi.c     ****     PA7     ------> SPI1_MOSI
 222:Src/spi.c     ****     */
 223:Src/spi.c     ****     HAL_GPIO_DeInit(GPIOB, GPIO_PIN_4|GPIO_PIN_3);
 224:Src/spi.c     **** 
 225:Src/spi.c     ****     HAL_GPIO_DeInit(GPIOA, GPIO_PIN_7);
 226:Src/spi.c     **** 
 227:Src/spi.c     ****     /* SPI1 DMA DeInit */
 228:Src/spi.c     ****     HAL_DMA_DeInit(spiHandle->hdmarx);
 229:Src/spi.c     ****     HAL_DMA_DeInit(spiHandle->hdmatx);
 230:Src/spi.c     **** 
 231:Src/spi.c     ****     /* SPI1 interrupt Deinit */
 232:Src/spi.c     ****     HAL_NVIC_DisableIRQ(SPI1_IRQn);
 233:Src/spi.c     ****   /* USER CODE BEGIN SPI1_MspDeInit 1 */
 234:Src/spi.c     **** 
 235:Src/spi.c     ****   /* USER CODE END SPI1_MspDeInit 1 */
 236:Src/spi.c     ****   }
 237:Src/spi.c     ****   else if(spiHandle->Instance==SPI2)
 598              		.loc 1 237 8 is_stmt 1 view .LVU209
 599              		.loc 1 237 10 is_stmt 0 view .LVU210
 600 000a 174A     		ldr	r2, .L31+4
 601 000c 9342     		cmp	r3, r2
 602 000e 19D0     		beq	.L30
 603              	.LVL22:
 604              	.L25:
 238:Src/spi.c     ****   {
 239:Src/spi.c     ****   /* USER CODE BEGIN SPI2_MspDeInit 0 */
 240:Src/spi.c     **** 
ARM GAS  C:\Users\ADMINI~1\AppData\Local\Temp\cctSvzrv.s 			page 18


 241:Src/spi.c     ****   /* USER CODE END SPI2_MspDeInit 0 */
 242:Src/spi.c     ****     /* Peripheral clock disable */
 243:Src/spi.c     ****     __HAL_RCC_SPI2_CLK_DISABLE();
 244:Src/spi.c     **** 
 245:Src/spi.c     ****     /**SPI2 GPIO Configuration
 246:Src/spi.c     ****     PB13     ------> SPI2_SCK
 247:Src/spi.c     ****     PB14     ------> SPI2_MISO
 248:Src/spi.c     ****     PB15     ------> SPI2_MOSI
 249:Src/spi.c     ****     */
 250:Src/spi.c     ****     HAL_GPIO_DeInit(GPIOB, GPIO_PIN_13|GPIO_PIN_14|GPIO_PIN_15);
 251:Src/spi.c     **** 
 252:Src/spi.c     ****     /* SPI2 interrupt Deinit */
 253:Src/spi.c     ****     HAL_NVIC_DisableIRQ(SPI2_IRQn);
 254:Src/spi.c     ****   /* USER CODE BEGIN SPI2_MspDeInit 1 */
 255:Src/spi.c     **** 
 256:Src/spi.c     ****   /* USER CODE END SPI2_MspDeInit 1 */
 257:Src/spi.c     ****   }
 258:Src/spi.c     **** }
 605              		.loc 1 258 1 view .LVU211
 606 0010 10BD     		pop	{r4, pc}
 607              	.LVL23:
 608              	.L29:
 609              		.loc 1 258 1 view .LVU212
 610 0012 0446     		mov	r4, r0
 216:Src/spi.c     **** 
 611              		.loc 1 216 5 is_stmt 1 view .LVU213
 612 0014 02F58432 		add	r2, r2, #67584
 613 0018 536C     		ldr	r3, [r2, #68]
 614 001a 23F48053 		bic	r3, r3, #4096
 615 001e 5364     		str	r3, [r2, #68]
 223:Src/spi.c     **** 
 616              		.loc 1 223 5 view .LVU214
 617 0020 1821     		movs	r1, #24
 618 0022 1248     		ldr	r0, .L31+8
 619              	.LVL24:
 223:Src/spi.c     **** 
 620              		.loc 1 223 5 is_stmt 0 view .LVU215
 621 0024 FFF7FEFF 		bl	HAL_GPIO_DeInit
 622              	.LVL25:
 225:Src/spi.c     **** 
 623              		.loc 1 225 5 is_stmt 1 view .LVU216
 624 0028 8021     		movs	r1, #128
 625 002a 1148     		ldr	r0, .L31+12
 626 002c FFF7FEFF 		bl	HAL_GPIO_DeInit
 627              	.LVL26:
 228:Src/spi.c     ****     HAL_DMA_DeInit(spiHandle->hdmatx);
 628              		.loc 1 228 5 view .LVU217
 629 0030 E06C     		ldr	r0, [r4, #76]
 630 0032 FFF7FEFF 		bl	HAL_DMA_DeInit
 631              	.LVL27:
 229:Src/spi.c     **** 
 632              		.loc 1 229 5 view .LVU218
 633 0036 A06C     		ldr	r0, [r4, #72]
 634 0038 FFF7FEFF 		bl	HAL_DMA_DeInit
 635              	.LVL28:
 232:Src/spi.c     ****   /* USER CODE BEGIN SPI1_MspDeInit 1 */
 636              		.loc 1 232 5 view .LVU219
ARM GAS  C:\Users\ADMINI~1\AppData\Local\Temp\cctSvzrv.s 			page 19


 637 003c 2320     		movs	r0, #35
 638 003e FFF7FEFF 		bl	HAL_NVIC_DisableIRQ
 639              	.LVL29:
 640 0042 E5E7     		b	.L25
 641              	.LVL30:
 642              	.L30:
 243:Src/spi.c     **** 
 643              		.loc 1 243 5 view .LVU220
 644 0044 02F50032 		add	r2, r2, #131072
 645 0048 136C     		ldr	r3, [r2, #64]
 646 004a 23F48043 		bic	r3, r3, #16384
 647 004e 1364     		str	r3, [r2, #64]
 250:Src/spi.c     **** 
 648              		.loc 1 250 5 view .LVU221
 649 0050 4FF46041 		mov	r1, #57344
 650 0054 0548     		ldr	r0, .L31+8
 651              	.LVL31:
 250:Src/spi.c     **** 
 652              		.loc 1 250 5 is_stmt 0 view .LVU222
 653 0056 FFF7FEFF 		bl	HAL_GPIO_DeInit
 654              	.LVL32:
 253:Src/spi.c     ****   /* USER CODE BEGIN SPI2_MspDeInit 1 */
 655              		.loc 1 253 5 is_stmt 1 view .LVU223
 656 005a 2420     		movs	r0, #36
 657 005c FFF7FEFF 		bl	HAL_NVIC_DisableIRQ
 658              	.LVL33:
 659              		.loc 1 258 1 is_stmt 0 view .LVU224
 660 0060 D6E7     		b	.L25
 661              	.L32:
 662 0062 00BF     		.align	2
 663              	.L31:
 664 0064 00300140 		.word	1073819648
 665 0068 00380040 		.word	1073756160
 666 006c 00040240 		.word	1073873920
 667 0070 00000240 		.word	1073872896
 668              		.cfi_endproc
 669              	.LFE238:
 671              		.global	hdma_spi1_tx
 672              		.section	.bss.hdma_spi1_tx,"aw",%nobits
 673              		.align	2
 676              	hdma_spi1_tx:
 677 0000 00000000 		.space	96
 677      00000000 
 677      00000000 
 677      00000000 
 677      00000000 
 678              		.global	hdma_spi1_rx
 679              		.section	.bss.hdma_spi1_rx,"aw",%nobits
 680              		.align	2
 683              	hdma_spi1_rx:
 684 0000 00000000 		.space	96
 684      00000000 
 684      00000000 
 684      00000000 
 684      00000000 
 685              		.global	hspi2
 686              		.section	.bss.hspi2,"aw",%nobits
ARM GAS  C:\Users\ADMINI~1\AppData\Local\Temp\cctSvzrv.s 			page 20


 687              		.align	2
 690              	hspi2:
 691 0000 00000000 		.space	88
 691      00000000 
 691      00000000 
 691      00000000 
 691      00000000 
 692              		.global	hspi1
 693              		.section	.bss.hspi1,"aw",%nobits
 694              		.align	2
 697              	hspi1:
 698 0000 00000000 		.space	88
 698      00000000 
 698      00000000 
 698      00000000 
 698      00000000 
 699              		.text
 700              	.Letext0:
 701              		.file 2 "Drivers/CMSIS/Device/ST/STM32F4xx/Include/stm32f407xx.h"
 702              		.file 3 "D:/Msys2/mingw64/arm-none-eabi/include/machine/_default_types.h"
 703              		.file 4 "D:/Msys2/mingw64/arm-none-eabi/include/sys/_stdint.h"
 704              		.file 5 "Drivers/STM32F4xx_HAL_Driver/Inc/stm32f4xx_hal_def.h"
 705              		.file 6 "Drivers/STM32F4xx_HAL_Driver/Inc/stm32f4xx_hal_gpio.h"
 706              		.file 7 "Drivers/STM32F4xx_HAL_Driver/Inc/stm32f4xx_hal_dma.h"
 707              		.file 8 "Drivers/STM32F4xx_HAL_Driver/Inc/stm32f4xx_hal_spi.h"
 708              		.file 9 "Inc/spi.h"
 709              		.file 10 "Drivers/STM32F4xx_HAL_Driver/Inc/stm32f4xx_hal_cortex.h"
 710              		.file 11 "Inc/main.h"
ARM GAS  C:\Users\ADMINI~1\AppData\Local\Temp\cctSvzrv.s 			page 21


DEFINED SYMBOLS
                            *ABS*:00000000 spi.c
C:\Users\ADMINI~1\AppData\Local\Temp\cctSvzrv.s:21     .text.MX_SPI1_Init:00000000 $t
C:\Users\ADMINI~1\AppData\Local\Temp\cctSvzrv.s:27     .text.MX_SPI1_Init:00000000 MX_SPI1_Init
C:\Users\ADMINI~1\AppData\Local\Temp\cctSvzrv.s:101    .text.MX_SPI1_Init:00000040 $d
C:\Users\ADMINI~1\AppData\Local\Temp\cctSvzrv.s:697    .bss.hspi1:00000000 hspi1
C:\Users\ADMINI~1\AppData\Local\Temp\cctSvzrv.s:107    .text.MX_SPI2_Init:00000000 $t
C:\Users\ADMINI~1\AppData\Local\Temp\cctSvzrv.s:113    .text.MX_SPI2_Init:00000000 MX_SPI2_Init
C:\Users\ADMINI~1\AppData\Local\Temp\cctSvzrv.s:187    .text.MX_SPI2_Init:00000040 $d
C:\Users\ADMINI~1\AppData\Local\Temp\cctSvzrv.s:690    .bss.hspi2:00000000 hspi2
C:\Users\ADMINI~1\AppData\Local\Temp\cctSvzrv.s:193    .text.HAL_SPI_MspInit:00000000 $t
C:\Users\ADMINI~1\AppData\Local\Temp\cctSvzrv.s:199    .text.HAL_SPI_MspInit:00000000 HAL_SPI_MspInit
C:\Users\ADMINI~1\AppData\Local\Temp\cctSvzrv.s:559    .text.HAL_SPI_MspInit:00000188 $d
C:\Users\ADMINI~1\AppData\Local\Temp\cctSvzrv.s:683    .bss.hdma_spi1_rx:00000000 hdma_spi1_rx
C:\Users\ADMINI~1\AppData\Local\Temp\cctSvzrv.s:676    .bss.hdma_spi1_tx:00000000 hdma_spi1_tx
C:\Users\ADMINI~1\AppData\Local\Temp\cctSvzrv.s:572    .text.HAL_SPI_MspDeInit:00000000 $t
C:\Users\ADMINI~1\AppData\Local\Temp\cctSvzrv.s:578    .text.HAL_SPI_MspDeInit:00000000 HAL_SPI_MspDeInit
C:\Users\ADMINI~1\AppData\Local\Temp\cctSvzrv.s:664    .text.HAL_SPI_MspDeInit:00000064 $d
C:\Users\ADMINI~1\AppData\Local\Temp\cctSvzrv.s:673    .bss.hdma_spi1_tx:00000000 $d
C:\Users\ADMINI~1\AppData\Local\Temp\cctSvzrv.s:680    .bss.hdma_spi1_rx:00000000 $d
C:\Users\ADMINI~1\AppData\Local\Temp\cctSvzrv.s:687    .bss.hspi2:00000000 $d
C:\Users\ADMINI~1\AppData\Local\Temp\cctSvzrv.s:694    .bss.hspi1:00000000 $d

UNDEFINED SYMBOLS
HAL_SPI_Init
Error_Handler
HAL_GPIO_Init
HAL_DMA_Init
HAL_NVIC_SetPriority
HAL_NVIC_EnableIRQ
HAL_GPIO_DeInit
HAL_DMA_DeInit
HAL_NVIC_DisableIRQ
