ARM GAS  C:\Users\ADMINI~1\AppData\Local\Temp\ccRinCjR.s 			page 1


   1              		.cpu cortex-m4
   2              		.arch armv7e-m
   3              		.fpu fpv4-sp-d16
   4              		.eabi_attribute 27, 1
   5              		.eabi_attribute 28, 1
   6              		.eabi_attribute 20, 1
   7              		.eabi_attribute 21, 1
   8              		.eabi_attribute 23, 3
   9              		.eabi_attribute 24, 1
  10              		.eabi_attribute 25, 1
  11              		.eabi_attribute 26, 1
  12              		.eabi_attribute 30, 1
  13              		.eabi_attribute 34, 1
  14              		.eabi_attribute 18, 4
  15              		.file	"stm32f4xx_it.c"
  16              		.text
  17              	.Ltext0:
  18              		.cfi_sections	.debug_frame
  19              		.file 1 "Src/stm32f4xx_it.c"
  20              		.section	.text.NMI_Handler,"ax",%progbits
  21              		.align	1
  22              		.global	NMI_Handler
  23              		.syntax unified
  24              		.thumb
  25              		.thumb_func
  27              	NMI_Handler:
  28              	.LFB235:
   1:Src/stm32f4xx_it.c **** /* USER CODE BEGIN Header */
   2:Src/stm32f4xx_it.c **** /**
   3:Src/stm32f4xx_it.c ****   ******************************************************************************
   4:Src/stm32f4xx_it.c ****   * @file    stm32f4xx_it.c
   5:Src/stm32f4xx_it.c ****   * @brief   Interrupt Service Routines.
   6:Src/stm32f4xx_it.c ****   ******************************************************************************
   7:Src/stm32f4xx_it.c ****   * @attention
   8:Src/stm32f4xx_it.c ****   *
   9:Src/stm32f4xx_it.c ****   * Copyright (c) 2023 STMicroelectronics.
  10:Src/stm32f4xx_it.c ****   * All rights reserved.
  11:Src/stm32f4xx_it.c ****   *
  12:Src/stm32f4xx_it.c ****   * This software is licensed under terms that can be found in the LICENSE file
  13:Src/stm32f4xx_it.c ****   * in the root directory of this software component.
  14:Src/stm32f4xx_it.c ****   * If no LICENSE file comes with this software, it is provided AS-IS.
  15:Src/stm32f4xx_it.c ****   *
  16:Src/stm32f4xx_it.c ****   ******************************************************************************
  17:Src/stm32f4xx_it.c ****   */
  18:Src/stm32f4xx_it.c **** /* USER CODE END Header */
  19:Src/stm32f4xx_it.c **** 
  20:Src/stm32f4xx_it.c **** /* Includes ------------------------------------------------------------------*/
  21:Src/stm32f4xx_it.c **** #include "main.h"
  22:Src/stm32f4xx_it.c **** #include "stm32f4xx_it.h"
  23:Src/stm32f4xx_it.c **** /* Private includes ----------------------------------------------------------*/
  24:Src/stm32f4xx_it.c **** /* USER CODE BEGIN Includes */
  25:Src/stm32f4xx_it.c **** /* USER CODE END Includes */
  26:Src/stm32f4xx_it.c **** 
  27:Src/stm32f4xx_it.c **** /* Private typedef -----------------------------------------------------------*/
  28:Src/stm32f4xx_it.c **** /* USER CODE BEGIN TD */
  29:Src/stm32f4xx_it.c **** 
  30:Src/stm32f4xx_it.c **** /* USER CODE END TD */
ARM GAS  C:\Users\ADMINI~1\AppData\Local\Temp\ccRinCjR.s 			page 2


  31:Src/stm32f4xx_it.c **** 
  32:Src/stm32f4xx_it.c **** /* Private define ------------------------------------------------------------*/
  33:Src/stm32f4xx_it.c **** /* USER CODE BEGIN PD */
  34:Src/stm32f4xx_it.c **** 
  35:Src/stm32f4xx_it.c **** /* USER CODE END PD */
  36:Src/stm32f4xx_it.c **** 
  37:Src/stm32f4xx_it.c **** /* Private macro -------------------------------------------------------------*/
  38:Src/stm32f4xx_it.c **** /* USER CODE BEGIN PM */
  39:Src/stm32f4xx_it.c **** 
  40:Src/stm32f4xx_it.c **** /* USER CODE END PM */
  41:Src/stm32f4xx_it.c **** 
  42:Src/stm32f4xx_it.c **** /* Private variables ---------------------------------------------------------*/
  43:Src/stm32f4xx_it.c **** /* USER CODE BEGIN PV */
  44:Src/stm32f4xx_it.c **** 
  45:Src/stm32f4xx_it.c **** /* USER CODE END PV */
  46:Src/stm32f4xx_it.c **** 
  47:Src/stm32f4xx_it.c **** /* Private function prototypes -----------------------------------------------*/
  48:Src/stm32f4xx_it.c **** /* USER CODE BEGIN PFP */
  49:Src/stm32f4xx_it.c **** 
  50:Src/stm32f4xx_it.c **** /* USER CODE END PFP */
  51:Src/stm32f4xx_it.c **** 
  52:Src/stm32f4xx_it.c **** /* Private user code ---------------------------------------------------------*/
  53:Src/stm32f4xx_it.c **** /* USER CODE BEGIN 0 */
  54:Src/stm32f4xx_it.c **** 
  55:Src/stm32f4xx_it.c **** /* USER CODE END 0 */
  56:Src/stm32f4xx_it.c **** 
  57:Src/stm32f4xx_it.c **** /* External variables --------------------------------------------------------*/
  58:Src/stm32f4xx_it.c **** extern PCD_HandleTypeDef hpcd_USB_OTG_FS;
  59:Src/stm32f4xx_it.c **** extern CAN_HandleTypeDef hcan1;
  60:Src/stm32f4xx_it.c **** extern CAN_HandleTypeDef hcan2;
  61:Src/stm32f4xx_it.c **** extern DMA_HandleTypeDef hdma_i2c2_rx;
  62:Src/stm32f4xx_it.c **** extern DMA_HandleTypeDef hdma_i2c2_tx;
  63:Src/stm32f4xx_it.c **** extern I2C_HandleTypeDef hi2c2;
  64:Src/stm32f4xx_it.c **** extern I2C_HandleTypeDef hi2c3;
  65:Src/stm32f4xx_it.c **** extern DMA_HandleTypeDef hdma_spi1_rx;
  66:Src/stm32f4xx_it.c **** extern DMA_HandleTypeDef hdma_spi1_tx;
  67:Src/stm32f4xx_it.c **** extern SPI_HandleTypeDef hspi1;
  68:Src/stm32f4xx_it.c **** extern SPI_HandleTypeDef hspi2;
  69:Src/stm32f4xx_it.c **** extern TIM_HandleTypeDef htim8;
  70:Src/stm32f4xx_it.c **** extern DMA_HandleTypeDef hdma_usart1_tx;
  71:Src/stm32f4xx_it.c **** extern DMA_HandleTypeDef hdma_usart1_rx;
  72:Src/stm32f4xx_it.c **** extern DMA_HandleTypeDef hdma_usart3_rx;
  73:Src/stm32f4xx_it.c **** extern DMA_HandleTypeDef hdma_usart6_rx;
  74:Src/stm32f4xx_it.c **** extern DMA_HandleTypeDef hdma_usart6_tx;
  75:Src/stm32f4xx_it.c **** extern UART_HandleTypeDef huart1;
  76:Src/stm32f4xx_it.c **** extern UART_HandleTypeDef huart3;
  77:Src/stm32f4xx_it.c **** extern UART_HandleTypeDef huart6;
  78:Src/stm32f4xx_it.c **** extern TIM_HandleTypeDef htim14;
  79:Src/stm32f4xx_it.c **** 
  80:Src/stm32f4xx_it.c **** /* USER CODE BEGIN EV */
  81:Src/stm32f4xx_it.c **** 
  82:Src/stm32f4xx_it.c **** /* USER CODE END EV */
  83:Src/stm32f4xx_it.c **** 
  84:Src/stm32f4xx_it.c **** /******************************************************************************/
  85:Src/stm32f4xx_it.c **** /*           Cortex-M4 Processor Interruption and Exception Handlers          */
  86:Src/stm32f4xx_it.c **** /******************************************************************************/
  87:Src/stm32f4xx_it.c **** /**
ARM GAS  C:\Users\ADMINI~1\AppData\Local\Temp\ccRinCjR.s 			page 3


  88:Src/stm32f4xx_it.c ****   * @brief This function handles Non maskable interrupt.
  89:Src/stm32f4xx_it.c ****   */
  90:Src/stm32f4xx_it.c **** void NMI_Handler(void)
  91:Src/stm32f4xx_it.c **** {
  29              		.loc 1 91 1 view -0
  30              		.cfi_startproc
  31              		@ Volatile: function does not return.
  32              		@ args = 0, pretend = 0, frame = 0
  33              		@ frame_needed = 0, uses_anonymous_args = 0
  34              		@ link register save eliminated.
  35              	.L2:
  92:Src/stm32f4xx_it.c ****   /* USER CODE BEGIN NonMaskableInt_IRQn 0 */
  93:Src/stm32f4xx_it.c **** 
  94:Src/stm32f4xx_it.c ****   /* USER CODE END NonMaskableInt_IRQn 0 */
  95:Src/stm32f4xx_it.c ****   /* USER CODE BEGIN NonMaskableInt_IRQn 1 */
  96:Src/stm32f4xx_it.c ****   while (1)
  36              		.loc 1 96 3 view .LVU1
  97:Src/stm32f4xx_it.c ****   {
  98:Src/stm32f4xx_it.c ****   }
  37              		.loc 1 98 3 view .LVU2
  96:Src/stm32f4xx_it.c ****   {
  38              		.loc 1 96 9 view .LVU3
  39 0000 FEE7     		b	.L2
  40              		.cfi_endproc
  41              	.LFE235:
  43              		.section	.text.HardFault_Handler,"ax",%progbits
  44              		.align	1
  45              		.global	HardFault_Handler
  46              		.syntax unified
  47              		.thumb
  48              		.thumb_func
  50              	HardFault_Handler:
  51              	.LFB236:
  99:Src/stm32f4xx_it.c ****   /* USER CODE END NonMaskableInt_IRQn 1 */
 100:Src/stm32f4xx_it.c **** }
 101:Src/stm32f4xx_it.c **** 
 102:Src/stm32f4xx_it.c **** /**
 103:Src/stm32f4xx_it.c ****   * @brief This function handles Hard fault interrupt.
 104:Src/stm32f4xx_it.c ****   */
 105:Src/stm32f4xx_it.c **** void HardFault_Handler(void)
 106:Src/stm32f4xx_it.c **** {
  52              		.loc 1 106 1 view -0
  53              		.cfi_startproc
  54              		@ Volatile: function does not return.
  55              		@ args = 0, pretend = 0, frame = 0
  56              		@ frame_needed = 0, uses_anonymous_args = 0
  57              		@ link register save eliminated.
 107:Src/stm32f4xx_it.c ****   /* USER CODE BEGIN HardFault_IRQn 0 */
 108:Src/stm32f4xx_it.c ****   asm("bx lr");
  58              		.loc 1 108 3 view .LVU5
  59              		.syntax unified
  60              	@ 108 "Src/stm32f4xx_it.c" 1
  61 0000 7047     		bx lr
  62              	@ 0 "" 2
  63              		.thumb
  64              		.syntax unified
  65              	.L4:
ARM GAS  C:\Users\ADMINI~1\AppData\Local\Temp\ccRinCjR.s 			page 4


 109:Src/stm32f4xx_it.c ****   /* USER CODE END HardFault_IRQn 0 */
 110:Src/stm32f4xx_it.c ****   while (1)
  66              		.loc 1 110 3 view .LVU6
 111:Src/stm32f4xx_it.c ****   {
 112:Src/stm32f4xx_it.c ****     /* USER CODE BEGIN W1_HardFault_IRQn 0 */
 113:Src/stm32f4xx_it.c ****     asm("bx lr");
  67              		.loc 1 113 5 discriminator 1 view .LVU7
  68              		.syntax unified
  69              	@ 113 "Src/stm32f4xx_it.c" 1
  70 0002 7047     		bx lr
  71              	@ 0 "" 2
 110:Src/stm32f4xx_it.c ****   {
  72              		.loc 1 110 9 view .LVU8
  73              		.thumb
  74              		.syntax unified
  75 0004 FDE7     		b	.L4
  76              		.cfi_endproc
  77              	.LFE236:
  79              		.section	.text.MemManage_Handler,"ax",%progbits
  80              		.align	1
  81              		.global	MemManage_Handler
  82              		.syntax unified
  83              		.thumb
  84              		.thumb_func
  86              	MemManage_Handler:
  87              	.LFB237:
 114:Src/stm32f4xx_it.c ****     /* USER CODE END W1_HardFault_IRQn 0 */
 115:Src/stm32f4xx_it.c ****   }
 116:Src/stm32f4xx_it.c **** }
 117:Src/stm32f4xx_it.c **** 
 118:Src/stm32f4xx_it.c **** /**
 119:Src/stm32f4xx_it.c ****   * @brief This function handles Memory management fault.
 120:Src/stm32f4xx_it.c ****   */
 121:Src/stm32f4xx_it.c **** void MemManage_Handler(void)
 122:Src/stm32f4xx_it.c **** {
  88              		.loc 1 122 1 view -0
  89              		.cfi_startproc
  90              		@ Volatile: function does not return.
  91              		@ args = 0, pretend = 0, frame = 0
  92              		@ frame_needed = 0, uses_anonymous_args = 0
  93              		@ link register save eliminated.
  94              	.L6:
 123:Src/stm32f4xx_it.c ****   /* USER CODE BEGIN MemoryManagement_IRQn 0 */
 124:Src/stm32f4xx_it.c **** 
 125:Src/stm32f4xx_it.c ****   /* USER CODE END MemoryManagement_IRQn 0 */
 126:Src/stm32f4xx_it.c ****   while (1)
  95              		.loc 1 126 3 view .LVU10
 127:Src/stm32f4xx_it.c ****   {
 128:Src/stm32f4xx_it.c ****     /* USER CODE BEGIN W1_MemoryManagement_IRQn 0 */
 129:Src/stm32f4xx_it.c ****     /* USER CODE END W1_MemoryManagement_IRQn 0 */
 130:Src/stm32f4xx_it.c ****   }
  96              		.loc 1 130 3 view .LVU11
 126:Src/stm32f4xx_it.c ****   {
  97              		.loc 1 126 9 view .LVU12
  98 0000 FEE7     		b	.L6
  99              		.cfi_endproc
 100              	.LFE237:
ARM GAS  C:\Users\ADMINI~1\AppData\Local\Temp\ccRinCjR.s 			page 5


 102              		.section	.text.BusFault_Handler,"ax",%progbits
 103              		.align	1
 104              		.global	BusFault_Handler
 105              		.syntax unified
 106              		.thumb
 107              		.thumb_func
 109              	BusFault_Handler:
 110              	.LFB238:
 131:Src/stm32f4xx_it.c **** }
 132:Src/stm32f4xx_it.c **** 
 133:Src/stm32f4xx_it.c **** /**
 134:Src/stm32f4xx_it.c ****   * @brief This function handles Pre-fetch fault, memory access fault.
 135:Src/stm32f4xx_it.c ****   */
 136:Src/stm32f4xx_it.c **** void BusFault_Handler(void)
 137:Src/stm32f4xx_it.c **** {
 111              		.loc 1 137 1 view -0
 112              		.cfi_startproc
 113              		@ Volatile: function does not return.
 114              		@ args = 0, pretend = 0, frame = 0
 115              		@ frame_needed = 0, uses_anonymous_args = 0
 116              		@ link register save eliminated.
 117              	.L8:
 138:Src/stm32f4xx_it.c ****   /* USER CODE BEGIN BusFault_IRQn 0 */
 139:Src/stm32f4xx_it.c **** 
 140:Src/stm32f4xx_it.c ****   /* USER CODE END BusFault_IRQn 0 */
 141:Src/stm32f4xx_it.c ****   while (1)
 118              		.loc 1 141 3 view .LVU14
 142:Src/stm32f4xx_it.c ****   {
 143:Src/stm32f4xx_it.c ****     /* USER CODE BEGIN W1_BusFault_IRQn 0 */
 144:Src/stm32f4xx_it.c ****     /* USER CODE END W1_BusFault_IRQn 0 */
 145:Src/stm32f4xx_it.c ****   }
 119              		.loc 1 145 3 view .LVU15
 141:Src/stm32f4xx_it.c ****   {
 120              		.loc 1 141 9 view .LVU16
 121 0000 FEE7     		b	.L8
 122              		.cfi_endproc
 123              	.LFE238:
 125              		.section	.text.UsageFault_Handler,"ax",%progbits
 126              		.align	1
 127              		.global	UsageFault_Handler
 128              		.syntax unified
 129              		.thumb
 130              		.thumb_func
 132              	UsageFault_Handler:
 133              	.LFB239:
 146:Src/stm32f4xx_it.c **** }
 147:Src/stm32f4xx_it.c **** 
 148:Src/stm32f4xx_it.c **** /**
 149:Src/stm32f4xx_it.c ****   * @brief This function handles Undefined instruction or illegal state.
 150:Src/stm32f4xx_it.c ****   */
 151:Src/stm32f4xx_it.c **** void UsageFault_Handler(void)
 152:Src/stm32f4xx_it.c **** {
 134              		.loc 1 152 1 view -0
 135              		.cfi_startproc
 136              		@ Volatile: function does not return.
 137              		@ args = 0, pretend = 0, frame = 0
 138              		@ frame_needed = 0, uses_anonymous_args = 0
ARM GAS  C:\Users\ADMINI~1\AppData\Local\Temp\ccRinCjR.s 			page 6


 139              		@ link register save eliminated.
 140              	.L10:
 153:Src/stm32f4xx_it.c ****   /* USER CODE BEGIN UsageFault_IRQn 0 */
 154:Src/stm32f4xx_it.c **** 
 155:Src/stm32f4xx_it.c ****   /* USER CODE END UsageFault_IRQn 0 */
 156:Src/stm32f4xx_it.c ****   while (1)
 141              		.loc 1 156 3 view .LVU18
 157:Src/stm32f4xx_it.c ****   {
 158:Src/stm32f4xx_it.c ****     /* USER CODE BEGIN W1_UsageFault_IRQn 0 */
 159:Src/stm32f4xx_it.c ****     /* USER CODE END W1_UsageFault_IRQn 0 */
 160:Src/stm32f4xx_it.c ****   }
 142              		.loc 1 160 3 view .LVU19
 156:Src/stm32f4xx_it.c ****   {
 143              		.loc 1 156 9 view .LVU20
 144 0000 FEE7     		b	.L10
 145              		.cfi_endproc
 146              	.LFE239:
 148              		.section	.text.DebugMon_Handler,"ax",%progbits
 149              		.align	1
 150              		.global	DebugMon_Handler
 151              		.syntax unified
 152              		.thumb
 153              		.thumb_func
 155              	DebugMon_Handler:
 156              	.LFB240:
 161:Src/stm32f4xx_it.c **** }
 162:Src/stm32f4xx_it.c **** 
 163:Src/stm32f4xx_it.c **** /**
 164:Src/stm32f4xx_it.c ****   * @brief This function handles Debug monitor.
 165:Src/stm32f4xx_it.c ****   */
 166:Src/stm32f4xx_it.c **** void DebugMon_Handler(void)
 167:Src/stm32f4xx_it.c **** {
 157              		.loc 1 167 1 view -0
 158              		.cfi_startproc
 159              		@ args = 0, pretend = 0, frame = 0
 160              		@ frame_needed = 0, uses_anonymous_args = 0
 161              		@ link register save eliminated.
 168:Src/stm32f4xx_it.c ****   /* USER CODE BEGIN DebugMonitor_IRQn 0 */
 169:Src/stm32f4xx_it.c **** 
 170:Src/stm32f4xx_it.c ****   /* USER CODE END DebugMonitor_IRQn 0 */
 171:Src/stm32f4xx_it.c ****   /* USER CODE BEGIN DebugMonitor_IRQn 1 */
 172:Src/stm32f4xx_it.c **** 
 173:Src/stm32f4xx_it.c ****   /* USER CODE END DebugMonitor_IRQn 1 */
 174:Src/stm32f4xx_it.c **** }
 162              		.loc 1 174 1 view .LVU22
 163 0000 7047     		bx	lr
 164              		.cfi_endproc
 165              	.LFE240:
 167              		.section	.text.FLASH_IRQHandler,"ax",%progbits
 168              		.align	1
 169              		.global	FLASH_IRQHandler
 170              		.syntax unified
 171              		.thumb
 172              		.thumb_func
 174              	FLASH_IRQHandler:
 175              	.LFB241:
 175:Src/stm32f4xx_it.c **** 
ARM GAS  C:\Users\ADMINI~1\AppData\Local\Temp\ccRinCjR.s 			page 7


 176:Src/stm32f4xx_it.c **** /******************************************************************************/
 177:Src/stm32f4xx_it.c **** /* STM32F4xx Peripheral Interrupt Handlers                                    */
 178:Src/stm32f4xx_it.c **** /* Add here the Interrupt Handlers for the used peripherals.                  */
 179:Src/stm32f4xx_it.c **** /* For the available peripheral interrupt handler names,                      */
 180:Src/stm32f4xx_it.c **** /* please refer to the startup file (startup_stm32f4xx.s).                    */
 181:Src/stm32f4xx_it.c **** /******************************************************************************/
 182:Src/stm32f4xx_it.c **** 
 183:Src/stm32f4xx_it.c **** /**
 184:Src/stm32f4xx_it.c ****   * @brief This function handles Flash global interrupt.
 185:Src/stm32f4xx_it.c ****   */
 186:Src/stm32f4xx_it.c **** void FLASH_IRQHandler(void)
 187:Src/stm32f4xx_it.c **** {
 176              		.loc 1 187 1 view -0
 177              		.cfi_startproc
 178              		@ args = 0, pretend = 0, frame = 0
 179              		@ frame_needed = 0, uses_anonymous_args = 0
 180 0000 08B5     		push	{r3, lr}
 181              	.LCFI0:
 182              		.cfi_def_cfa_offset 8
 183              		.cfi_offset 3, -8
 184              		.cfi_offset 14, -4
 188:Src/stm32f4xx_it.c ****   /* USER CODE BEGIN FLASH_IRQn 0 */
 189:Src/stm32f4xx_it.c **** 
 190:Src/stm32f4xx_it.c ****   /* USER CODE END FLASH_IRQn 0 */
 191:Src/stm32f4xx_it.c ****   HAL_FLASH_IRQHandler();
 185              		.loc 1 191 3 view .LVU24
 186 0002 FFF7FEFF 		bl	HAL_FLASH_IRQHandler
 187              	.LVL0:
 192:Src/stm32f4xx_it.c ****   /* USER CODE BEGIN FLASH_IRQn 1 */
 193:Src/stm32f4xx_it.c **** 
 194:Src/stm32f4xx_it.c ****   /* USER CODE END FLASH_IRQn 1 */
 195:Src/stm32f4xx_it.c **** }
 188              		.loc 1 195 1 is_stmt 0 view .LVU25
 189 0006 08BD     		pop	{r3, pc}
 190              		.cfi_endproc
 191              	.LFE241:
 193              		.section	.text.EXTI3_IRQHandler,"ax",%progbits
 194              		.align	1
 195              		.global	EXTI3_IRQHandler
 196              		.syntax unified
 197              		.thumb
 198              		.thumb_func
 200              	EXTI3_IRQHandler:
 201              	.LFB242:
 196:Src/stm32f4xx_it.c **** 
 197:Src/stm32f4xx_it.c **** /**
 198:Src/stm32f4xx_it.c ****   * @brief This function handles EXTI line3 interrupt.
 199:Src/stm32f4xx_it.c ****   */
 200:Src/stm32f4xx_it.c **** void EXTI3_IRQHandler(void)
 201:Src/stm32f4xx_it.c **** {
 202              		.loc 1 201 1 is_stmt 1 view -0
 203              		.cfi_startproc
 204              		@ args = 0, pretend = 0, frame = 0
 205              		@ frame_needed = 0, uses_anonymous_args = 0
 206 0000 08B5     		push	{r3, lr}
 207              	.LCFI1:
 208              		.cfi_def_cfa_offset 8
ARM GAS  C:\Users\ADMINI~1\AppData\Local\Temp\ccRinCjR.s 			page 8


 209              		.cfi_offset 3, -8
 210              		.cfi_offset 14, -4
 202:Src/stm32f4xx_it.c ****   /* USER CODE BEGIN EXTI3_IRQn 0 */
 203:Src/stm32f4xx_it.c **** 
 204:Src/stm32f4xx_it.c ****   /* USER CODE END EXTI3_IRQn 0 */
 205:Src/stm32f4xx_it.c ****   HAL_GPIO_EXTI_IRQHandler(INT_MAG_Pin);
 211              		.loc 1 205 3 view .LVU27
 212 0002 0820     		movs	r0, #8
 213 0004 FFF7FEFF 		bl	HAL_GPIO_EXTI_IRQHandler
 214              	.LVL1:
 206:Src/stm32f4xx_it.c ****   /* USER CODE BEGIN EXTI3_IRQn 1 */
 207:Src/stm32f4xx_it.c **** 
 208:Src/stm32f4xx_it.c ****   /* USER CODE END EXTI3_IRQn 1 */
 209:Src/stm32f4xx_it.c **** }
 215              		.loc 1 209 1 is_stmt 0 view .LVU28
 216 0008 08BD     		pop	{r3, pc}
 217              		.cfi_endproc
 218              	.LFE242:
 220              		.section	.text.EXTI4_IRQHandler,"ax",%progbits
 221              		.align	1
 222              		.global	EXTI4_IRQHandler
 223              		.syntax unified
 224              		.thumb
 225              		.thumb_func
 227              	EXTI4_IRQHandler:
 228              	.LFB243:
 210:Src/stm32f4xx_it.c **** 
 211:Src/stm32f4xx_it.c **** /**
 212:Src/stm32f4xx_it.c ****   * @brief This function handles EXTI line4 interrupt.
 213:Src/stm32f4xx_it.c ****   */
 214:Src/stm32f4xx_it.c **** void EXTI4_IRQHandler(void)
 215:Src/stm32f4xx_it.c **** {
 229              		.loc 1 215 1 is_stmt 1 view -0
 230              		.cfi_startproc
 231              		@ args = 0, pretend = 0, frame = 0
 232              		@ frame_needed = 0, uses_anonymous_args = 0
 233 0000 08B5     		push	{r3, lr}
 234              	.LCFI2:
 235              		.cfi_def_cfa_offset 8
 236              		.cfi_offset 3, -8
 237              		.cfi_offset 14, -4
 216:Src/stm32f4xx_it.c ****   /* USER CODE BEGIN EXTI4_IRQn 0 */
 217:Src/stm32f4xx_it.c **** 
 218:Src/stm32f4xx_it.c ****   /* USER CODE END EXTI4_IRQn 0 */
 219:Src/stm32f4xx_it.c ****   HAL_GPIO_EXTI_IRQHandler(INT_ACC_Pin);
 238              		.loc 1 219 3 view .LVU30
 239 0002 1020     		movs	r0, #16
 240 0004 FFF7FEFF 		bl	HAL_GPIO_EXTI_IRQHandler
 241              	.LVL2:
 220:Src/stm32f4xx_it.c ****   /* USER CODE BEGIN EXTI4_IRQn 1 */
 221:Src/stm32f4xx_it.c **** 
 222:Src/stm32f4xx_it.c ****   /* USER CODE END EXTI4_IRQn 1 */
 223:Src/stm32f4xx_it.c **** }
 242              		.loc 1 223 1 is_stmt 0 view .LVU31
 243 0008 08BD     		pop	{r3, pc}
 244              		.cfi_endproc
 245              	.LFE243:
ARM GAS  C:\Users\ADMINI~1\AppData\Local\Temp\ccRinCjR.s 			page 9


 247              		.section	.text.DMA1_Stream1_IRQHandler,"ax",%progbits
 248              		.align	1
 249              		.global	DMA1_Stream1_IRQHandler
 250              		.syntax unified
 251              		.thumb
 252              		.thumb_func
 254              	DMA1_Stream1_IRQHandler:
 255              	.LFB244:
 224:Src/stm32f4xx_it.c **** 
 225:Src/stm32f4xx_it.c **** /**
 226:Src/stm32f4xx_it.c ****   * @brief This function handles DMA1 stream1 global interrupt.
 227:Src/stm32f4xx_it.c ****   */
 228:Src/stm32f4xx_it.c **** void DMA1_Stream1_IRQHandler(void)
 229:Src/stm32f4xx_it.c **** {
 256              		.loc 1 229 1 is_stmt 1 view -0
 257              		.cfi_startproc
 258              		@ args = 0, pretend = 0, frame = 0
 259              		@ frame_needed = 0, uses_anonymous_args = 0
 260 0000 08B5     		push	{r3, lr}
 261              	.LCFI3:
 262              		.cfi_def_cfa_offset 8
 263              		.cfi_offset 3, -8
 264              		.cfi_offset 14, -4
 230:Src/stm32f4xx_it.c ****   /* USER CODE BEGIN DMA1_Stream1_IRQn 0 */
 231:Src/stm32f4xx_it.c **** 
 232:Src/stm32f4xx_it.c ****   /* USER CODE END DMA1_Stream1_IRQn 0 */
 233:Src/stm32f4xx_it.c ****   HAL_DMA_IRQHandler(&hdma_usart3_rx);
 265              		.loc 1 233 3 view .LVU33
 266 0002 0248     		ldr	r0, .L20
 267 0004 FFF7FEFF 		bl	HAL_DMA_IRQHandler
 268              	.LVL3:
 234:Src/stm32f4xx_it.c ****   /* USER CODE BEGIN DMA1_Stream1_IRQn 1 */
 235:Src/stm32f4xx_it.c **** 
 236:Src/stm32f4xx_it.c ****   /* USER CODE END DMA1_Stream1_IRQn 1 */
 237:Src/stm32f4xx_it.c **** }
 269              		.loc 1 237 1 is_stmt 0 view .LVU34
 270 0008 08BD     		pop	{r3, pc}
 271              	.L21:
 272 000a 00BF     		.align	2
 273              	.L20:
 274 000c 00000000 		.word	hdma_usart3_rx
 275              		.cfi_endproc
 276              	.LFE244:
 278              		.section	.text.DMA1_Stream2_IRQHandler,"ax",%progbits
 279              		.align	1
 280              		.global	DMA1_Stream2_IRQHandler
 281              		.syntax unified
 282              		.thumb
 283              		.thumb_func
 285              	DMA1_Stream2_IRQHandler:
 286              	.LFB245:
 238:Src/stm32f4xx_it.c **** 
 239:Src/stm32f4xx_it.c **** /**
 240:Src/stm32f4xx_it.c ****   * @brief This function handles DMA1 stream2 global interrupt.
 241:Src/stm32f4xx_it.c ****   */
 242:Src/stm32f4xx_it.c **** void DMA1_Stream2_IRQHandler(void)
 243:Src/stm32f4xx_it.c **** {
ARM GAS  C:\Users\ADMINI~1\AppData\Local\Temp\ccRinCjR.s 			page 10


 287              		.loc 1 243 1 is_stmt 1 view -0
 288              		.cfi_startproc
 289              		@ args = 0, pretend = 0, frame = 0
 290              		@ frame_needed = 0, uses_anonymous_args = 0
 291 0000 08B5     		push	{r3, lr}
 292              	.LCFI4:
 293              		.cfi_def_cfa_offset 8
 294              		.cfi_offset 3, -8
 295              		.cfi_offset 14, -4
 244:Src/stm32f4xx_it.c ****   /* USER CODE BEGIN DMA1_Stream2_IRQn 0 */
 245:Src/stm32f4xx_it.c **** 
 246:Src/stm32f4xx_it.c ****   /* USER CODE END DMA1_Stream2_IRQn 0 */
 247:Src/stm32f4xx_it.c ****   HAL_DMA_IRQHandler(&hdma_i2c2_rx);
 296              		.loc 1 247 3 view .LVU36
 297 0002 0248     		ldr	r0, .L24
 298 0004 FFF7FEFF 		bl	HAL_DMA_IRQHandler
 299              	.LVL4:
 248:Src/stm32f4xx_it.c ****   /* USER CODE BEGIN DMA1_Stream2_IRQn 1 */
 249:Src/stm32f4xx_it.c **** 
 250:Src/stm32f4xx_it.c ****   /* USER CODE END DMA1_Stream2_IRQn 1 */
 251:Src/stm32f4xx_it.c **** }
 300              		.loc 1 251 1 is_stmt 0 view .LVU37
 301 0008 08BD     		pop	{r3, pc}
 302              	.L25:
 303 000a 00BF     		.align	2
 304              	.L24:
 305 000c 00000000 		.word	hdma_i2c2_rx
 306              		.cfi_endproc
 307              	.LFE245:
 309              		.section	.text.CAN1_RX0_IRQHandler,"ax",%progbits
 310              		.align	1
 311              		.global	CAN1_RX0_IRQHandler
 312              		.syntax unified
 313              		.thumb
 314              		.thumb_func
 316              	CAN1_RX0_IRQHandler:
 317              	.LFB246:
 252:Src/stm32f4xx_it.c **** 
 253:Src/stm32f4xx_it.c **** /**
 254:Src/stm32f4xx_it.c ****   * @brief This function handles CAN1 RX0 interrupts.
 255:Src/stm32f4xx_it.c ****   */
 256:Src/stm32f4xx_it.c **** void CAN1_RX0_IRQHandler(void)
 257:Src/stm32f4xx_it.c **** {
 318              		.loc 1 257 1 is_stmt 1 view -0
 319              		.cfi_startproc
 320              		@ args = 0, pretend = 0, frame = 0
 321              		@ frame_needed = 0, uses_anonymous_args = 0
 322 0000 08B5     		push	{r3, lr}
 323              	.LCFI5:
 324              		.cfi_def_cfa_offset 8
 325              		.cfi_offset 3, -8
 326              		.cfi_offset 14, -4
 258:Src/stm32f4xx_it.c ****   /* USER CODE BEGIN CAN1_RX0_IRQn 0 */
 259:Src/stm32f4xx_it.c **** 
 260:Src/stm32f4xx_it.c ****   /* USER CODE END CAN1_RX0_IRQn 0 */
 261:Src/stm32f4xx_it.c ****   HAL_CAN_IRQHandler(&hcan1);
 327              		.loc 1 261 3 view .LVU39
ARM GAS  C:\Users\ADMINI~1\AppData\Local\Temp\ccRinCjR.s 			page 11


 328 0002 0248     		ldr	r0, .L28
 329 0004 FFF7FEFF 		bl	HAL_CAN_IRQHandler
 330              	.LVL5:
 262:Src/stm32f4xx_it.c ****   /* USER CODE BEGIN CAN1_RX0_IRQn 1 */
 263:Src/stm32f4xx_it.c **** 
 264:Src/stm32f4xx_it.c ****   /* USER CODE END CAN1_RX0_IRQn 1 */
 265:Src/stm32f4xx_it.c **** }
 331              		.loc 1 265 1 is_stmt 0 view .LVU40
 332 0008 08BD     		pop	{r3, pc}
 333              	.L29:
 334 000a 00BF     		.align	2
 335              	.L28:
 336 000c 00000000 		.word	hcan1
 337              		.cfi_endproc
 338              	.LFE246:
 340              		.section	.text.CAN1_RX1_IRQHandler,"ax",%progbits
 341              		.align	1
 342              		.global	CAN1_RX1_IRQHandler
 343              		.syntax unified
 344              		.thumb
 345              		.thumb_func
 347              	CAN1_RX1_IRQHandler:
 348              	.LFB247:
 266:Src/stm32f4xx_it.c **** 
 267:Src/stm32f4xx_it.c **** /**
 268:Src/stm32f4xx_it.c ****   * @brief This function handles CAN1 RX1 interrupt.
 269:Src/stm32f4xx_it.c ****   */
 270:Src/stm32f4xx_it.c **** void CAN1_RX1_IRQHandler(void)
 271:Src/stm32f4xx_it.c **** {
 349              		.loc 1 271 1 is_stmt 1 view -0
 350              		.cfi_startproc
 351              		@ args = 0, pretend = 0, frame = 0
 352              		@ frame_needed = 0, uses_anonymous_args = 0
 353 0000 08B5     		push	{r3, lr}
 354              	.LCFI6:
 355              		.cfi_def_cfa_offset 8
 356              		.cfi_offset 3, -8
 357              		.cfi_offset 14, -4
 272:Src/stm32f4xx_it.c ****   /* USER CODE BEGIN CAN1_RX1_IRQn 0 */
 273:Src/stm32f4xx_it.c **** 
 274:Src/stm32f4xx_it.c ****   /* USER CODE END CAN1_RX1_IRQn 0 */
 275:Src/stm32f4xx_it.c ****   HAL_CAN_IRQHandler(&hcan1);
 358              		.loc 1 275 3 view .LVU42
 359 0002 0248     		ldr	r0, .L32
 360 0004 FFF7FEFF 		bl	HAL_CAN_IRQHandler
 361              	.LVL6:
 276:Src/stm32f4xx_it.c ****   /* USER CODE BEGIN CAN1_RX1_IRQn 1 */
 277:Src/stm32f4xx_it.c **** 
 278:Src/stm32f4xx_it.c ****   /* USER CODE END CAN1_RX1_IRQn 1 */
 279:Src/stm32f4xx_it.c **** }
 362              		.loc 1 279 1 is_stmt 0 view .LVU43
 363 0008 08BD     		pop	{r3, pc}
 364              	.L33:
 365 000a 00BF     		.align	2
 366              	.L32:
 367 000c 00000000 		.word	hcan1
 368              		.cfi_endproc
ARM GAS  C:\Users\ADMINI~1\AppData\Local\Temp\ccRinCjR.s 			page 12


 369              	.LFE247:
 371              		.section	.text.EXTI9_5_IRQHandler,"ax",%progbits
 372              		.align	1
 373              		.global	EXTI9_5_IRQHandler
 374              		.syntax unified
 375              		.thumb
 376              		.thumb_func
 378              	EXTI9_5_IRQHandler:
 379              	.LFB248:
 280:Src/stm32f4xx_it.c **** 
 281:Src/stm32f4xx_it.c **** /**
 282:Src/stm32f4xx_it.c ****   * @brief This function handles EXTI line[9:5] interrupts.
 283:Src/stm32f4xx_it.c ****   */
 284:Src/stm32f4xx_it.c **** void EXTI9_5_IRQHandler(void)
 285:Src/stm32f4xx_it.c **** {
 380              		.loc 1 285 1 is_stmt 1 view -0
 381              		.cfi_startproc
 382              		@ args = 0, pretend = 0, frame = 0
 383              		@ frame_needed = 0, uses_anonymous_args = 0
 384 0000 08B5     		push	{r3, lr}
 385              	.LCFI7:
 386              		.cfi_def_cfa_offset 8
 387              		.cfi_offset 3, -8
 388              		.cfi_offset 14, -4
 286:Src/stm32f4xx_it.c ****   /* USER CODE BEGIN EXTI9_5_IRQn 0 */
 287:Src/stm32f4xx_it.c **** 
 288:Src/stm32f4xx_it.c ****   /* USER CODE END EXTI9_5_IRQn 0 */
 289:Src/stm32f4xx_it.c ****   HAL_GPIO_EXTI_IRQHandler(INT_GYRO_Pin);
 389              		.loc 1 289 3 view .LVU45
 390 0002 2020     		movs	r0, #32
 391 0004 FFF7FEFF 		bl	HAL_GPIO_EXTI_IRQHandler
 392              	.LVL7:
 290:Src/stm32f4xx_it.c ****   /* USER CODE BEGIN EXTI9_5_IRQn 1 */
 291:Src/stm32f4xx_it.c **** 
 292:Src/stm32f4xx_it.c ****   /* USER CODE END EXTI9_5_IRQn 1 */
 293:Src/stm32f4xx_it.c **** }
 393              		.loc 1 293 1 is_stmt 0 view .LVU46
 394 0008 08BD     		pop	{r3, pc}
 395              		.cfi_endproc
 396              	.LFE248:
 398              		.section	.text.I2C2_EV_IRQHandler,"ax",%progbits
 399              		.align	1
 400              		.global	I2C2_EV_IRQHandler
 401              		.syntax unified
 402              		.thumb
 403              		.thumb_func
 405              	I2C2_EV_IRQHandler:
 406              	.LFB249:
 294:Src/stm32f4xx_it.c **** 
 295:Src/stm32f4xx_it.c **** /**
 296:Src/stm32f4xx_it.c ****   * @brief This function handles I2C2 event interrupt.
 297:Src/stm32f4xx_it.c ****   */
 298:Src/stm32f4xx_it.c **** void I2C2_EV_IRQHandler(void)
 299:Src/stm32f4xx_it.c **** {
 407              		.loc 1 299 1 is_stmt 1 view -0
 408              		.cfi_startproc
 409              		@ args = 0, pretend = 0, frame = 0
ARM GAS  C:\Users\ADMINI~1\AppData\Local\Temp\ccRinCjR.s 			page 13


 410              		@ frame_needed = 0, uses_anonymous_args = 0
 411 0000 08B5     		push	{r3, lr}
 412              	.LCFI8:
 413              		.cfi_def_cfa_offset 8
 414              		.cfi_offset 3, -8
 415              		.cfi_offset 14, -4
 300:Src/stm32f4xx_it.c ****   /* USER CODE BEGIN I2C2_EV_IRQn 0 */
 301:Src/stm32f4xx_it.c **** 
 302:Src/stm32f4xx_it.c ****   /* USER CODE END I2C2_EV_IRQn 0 */
 303:Src/stm32f4xx_it.c ****   HAL_I2C_EV_IRQHandler(&hi2c2);
 416              		.loc 1 303 3 view .LVU48
 417 0002 0248     		ldr	r0, .L38
 418 0004 FFF7FEFF 		bl	HAL_I2C_EV_IRQHandler
 419              	.LVL8:
 304:Src/stm32f4xx_it.c ****   /* USER CODE BEGIN I2C2_EV_IRQn 1 */
 305:Src/stm32f4xx_it.c **** 
 306:Src/stm32f4xx_it.c ****   /* USER CODE END I2C2_EV_IRQn 1 */
 307:Src/stm32f4xx_it.c **** }
 420              		.loc 1 307 1 is_stmt 0 view .LVU49
 421 0008 08BD     		pop	{r3, pc}
 422              	.L39:
 423 000a 00BF     		.align	2
 424              	.L38:
 425 000c 00000000 		.word	hi2c2
 426              		.cfi_endproc
 427              	.LFE249:
 429              		.section	.text.I2C2_ER_IRQHandler,"ax",%progbits
 430              		.align	1
 431              		.global	I2C2_ER_IRQHandler
 432              		.syntax unified
 433              		.thumb
 434              		.thumb_func
 436              	I2C2_ER_IRQHandler:
 437              	.LFB250:
 308:Src/stm32f4xx_it.c **** 
 309:Src/stm32f4xx_it.c **** /**
 310:Src/stm32f4xx_it.c ****   * @brief This function handles I2C2 error interrupt.
 311:Src/stm32f4xx_it.c ****   */
 312:Src/stm32f4xx_it.c **** void I2C2_ER_IRQHandler(void)
 313:Src/stm32f4xx_it.c **** {
 438              		.loc 1 313 1 is_stmt 1 view -0
 439              		.cfi_startproc
 440              		@ args = 0, pretend = 0, frame = 0
 441              		@ frame_needed = 0, uses_anonymous_args = 0
 442 0000 08B5     		push	{r3, lr}
 443              	.LCFI9:
 444              		.cfi_def_cfa_offset 8
 445              		.cfi_offset 3, -8
 446              		.cfi_offset 14, -4
 314:Src/stm32f4xx_it.c ****   /* USER CODE BEGIN I2C2_ER_IRQn 0 */
 315:Src/stm32f4xx_it.c **** 
 316:Src/stm32f4xx_it.c ****   /* USER CODE END I2C2_ER_IRQn 0 */
 317:Src/stm32f4xx_it.c ****   HAL_I2C_ER_IRQHandler(&hi2c2);
 447              		.loc 1 317 3 view .LVU51
 448 0002 0248     		ldr	r0, .L42
 449 0004 FFF7FEFF 		bl	HAL_I2C_ER_IRQHandler
 450              	.LVL9:
ARM GAS  C:\Users\ADMINI~1\AppData\Local\Temp\ccRinCjR.s 			page 14


 318:Src/stm32f4xx_it.c ****   /* USER CODE BEGIN I2C2_ER_IRQn 1 */
 319:Src/stm32f4xx_it.c **** 
 320:Src/stm32f4xx_it.c ****   /* USER CODE END I2C2_ER_IRQn 1 */
 321:Src/stm32f4xx_it.c **** }
 451              		.loc 1 321 1 is_stmt 0 view .LVU52
 452 0008 08BD     		pop	{r3, pc}
 453              	.L43:
 454 000a 00BF     		.align	2
 455              	.L42:
 456 000c 00000000 		.word	hi2c2
 457              		.cfi_endproc
 458              	.LFE250:
 460              		.section	.text.SPI1_IRQHandler,"ax",%progbits
 461              		.align	1
 462              		.global	SPI1_IRQHandler
 463              		.syntax unified
 464              		.thumb
 465              		.thumb_func
 467              	SPI1_IRQHandler:
 468              	.LFB251:
 322:Src/stm32f4xx_it.c **** 
 323:Src/stm32f4xx_it.c **** /**
 324:Src/stm32f4xx_it.c ****   * @brief This function handles SPI1 global interrupt.
 325:Src/stm32f4xx_it.c ****   */
 326:Src/stm32f4xx_it.c **** void SPI1_IRQHandler(void)
 327:Src/stm32f4xx_it.c **** {
 469              		.loc 1 327 1 is_stmt 1 view -0
 470              		.cfi_startproc
 471              		@ args = 0, pretend = 0, frame = 0
 472              		@ frame_needed = 0, uses_anonymous_args = 0
 473 0000 08B5     		push	{r3, lr}
 474              	.LCFI10:
 475              		.cfi_def_cfa_offset 8
 476              		.cfi_offset 3, -8
 477              		.cfi_offset 14, -4
 328:Src/stm32f4xx_it.c ****   /* USER CODE BEGIN SPI1_IRQn 0 */
 329:Src/stm32f4xx_it.c **** 
 330:Src/stm32f4xx_it.c ****   /* USER CODE END SPI1_IRQn 0 */
 331:Src/stm32f4xx_it.c ****   HAL_SPI_IRQHandler(&hspi1);
 478              		.loc 1 331 3 view .LVU54
 479 0002 0248     		ldr	r0, .L46
 480 0004 FFF7FEFF 		bl	HAL_SPI_IRQHandler
 481              	.LVL10:
 332:Src/stm32f4xx_it.c ****   /* USER CODE BEGIN SPI1_IRQn 1 */
 333:Src/stm32f4xx_it.c **** 
 334:Src/stm32f4xx_it.c ****   /* USER CODE END SPI1_IRQn 1 */
 335:Src/stm32f4xx_it.c **** }
 482              		.loc 1 335 1 is_stmt 0 view .LVU55
 483 0008 08BD     		pop	{r3, pc}
 484              	.L47:
 485 000a 00BF     		.align	2
 486              	.L46:
 487 000c 00000000 		.word	hspi1
 488              		.cfi_endproc
 489              	.LFE251:
 491              		.section	.text.SPI2_IRQHandler,"ax",%progbits
 492              		.align	1
ARM GAS  C:\Users\ADMINI~1\AppData\Local\Temp\ccRinCjR.s 			page 15


 493              		.global	SPI2_IRQHandler
 494              		.syntax unified
 495              		.thumb
 496              		.thumb_func
 498              	SPI2_IRQHandler:
 499              	.LFB252:
 336:Src/stm32f4xx_it.c **** 
 337:Src/stm32f4xx_it.c **** /**
 338:Src/stm32f4xx_it.c ****   * @brief This function handles SPI2 global interrupt.
 339:Src/stm32f4xx_it.c ****   */
 340:Src/stm32f4xx_it.c **** void SPI2_IRQHandler(void)
 341:Src/stm32f4xx_it.c **** {
 500              		.loc 1 341 1 is_stmt 1 view -0
 501              		.cfi_startproc
 502              		@ args = 0, pretend = 0, frame = 0
 503              		@ frame_needed = 0, uses_anonymous_args = 0
 504 0000 08B5     		push	{r3, lr}
 505              	.LCFI11:
 506              		.cfi_def_cfa_offset 8
 507              		.cfi_offset 3, -8
 508              		.cfi_offset 14, -4
 342:Src/stm32f4xx_it.c ****   /* USER CODE BEGIN SPI2_IRQn 0 */
 343:Src/stm32f4xx_it.c **** 
 344:Src/stm32f4xx_it.c ****   /* USER CODE END SPI2_IRQn 0 */
 345:Src/stm32f4xx_it.c ****   HAL_SPI_IRQHandler(&hspi2);
 509              		.loc 1 345 3 view .LVU57
 510 0002 0248     		ldr	r0, .L50
 511 0004 FFF7FEFF 		bl	HAL_SPI_IRQHandler
 512              	.LVL11:
 346:Src/stm32f4xx_it.c ****   /* USER CODE BEGIN SPI2_IRQn 1 */
 347:Src/stm32f4xx_it.c **** 
 348:Src/stm32f4xx_it.c ****   /* USER CODE END SPI2_IRQn 1 */
 349:Src/stm32f4xx_it.c **** }
 513              		.loc 1 349 1 is_stmt 0 view .LVU58
 514 0008 08BD     		pop	{r3, pc}
 515              	.L51:
 516 000a 00BF     		.align	2
 517              	.L50:
 518 000c 00000000 		.word	hspi2
 519              		.cfi_endproc
 520              	.LFE252:
 522              		.section	.text.USART1_IRQHandler,"ax",%progbits
 523              		.align	1
 524              		.global	USART1_IRQHandler
 525              		.syntax unified
 526              		.thumb
 527              		.thumb_func
 529              	USART1_IRQHandler:
 530              	.LFB253:
 350:Src/stm32f4xx_it.c **** 
 351:Src/stm32f4xx_it.c **** /**
 352:Src/stm32f4xx_it.c ****   * @brief This function handles USART1 global interrupt.
 353:Src/stm32f4xx_it.c ****   */
 354:Src/stm32f4xx_it.c **** void USART1_IRQHandler(void)
 355:Src/stm32f4xx_it.c **** {
 531              		.loc 1 355 1 is_stmt 1 view -0
 532              		.cfi_startproc
ARM GAS  C:\Users\ADMINI~1\AppData\Local\Temp\ccRinCjR.s 			page 16


 533              		@ args = 0, pretend = 0, frame = 0
 534              		@ frame_needed = 0, uses_anonymous_args = 0
 535 0000 08B5     		push	{r3, lr}
 536              	.LCFI12:
 537              		.cfi_def_cfa_offset 8
 538              		.cfi_offset 3, -8
 539              		.cfi_offset 14, -4
 356:Src/stm32f4xx_it.c ****   /* USER CODE BEGIN USART1_IRQn 0 */
 357:Src/stm32f4xx_it.c **** 
 358:Src/stm32f4xx_it.c ****   /* USER CODE END USART1_IRQn 0 */
 359:Src/stm32f4xx_it.c ****   HAL_UART_IRQHandler(&huart1);
 540              		.loc 1 359 3 view .LVU60
 541 0002 0248     		ldr	r0, .L54
 542 0004 FFF7FEFF 		bl	HAL_UART_IRQHandler
 543              	.LVL12:
 360:Src/stm32f4xx_it.c ****   /* USER CODE BEGIN USART1_IRQn 1 */
 361:Src/stm32f4xx_it.c **** 
 362:Src/stm32f4xx_it.c ****   /* USER CODE END USART1_IRQn 1 */
 363:Src/stm32f4xx_it.c **** }
 544              		.loc 1 363 1 is_stmt 0 view .LVU61
 545 0008 08BD     		pop	{r3, pc}
 546              	.L55:
 547 000a 00BF     		.align	2
 548              	.L54:
 549 000c 00000000 		.word	huart1
 550              		.cfi_endproc
 551              	.LFE253:
 553              		.section	.text.USART3_IRQHandler,"ax",%progbits
 554              		.align	1
 555              		.global	USART3_IRQHandler
 556              		.syntax unified
 557              		.thumb
 558              		.thumb_func
 560              	USART3_IRQHandler:
 561              	.LFB254:
 364:Src/stm32f4xx_it.c **** 
 365:Src/stm32f4xx_it.c **** /**
 366:Src/stm32f4xx_it.c ****   * @brief This function handles USART3 global interrupt.
 367:Src/stm32f4xx_it.c ****   */
 368:Src/stm32f4xx_it.c **** void USART3_IRQHandler(void)
 369:Src/stm32f4xx_it.c **** {
 562              		.loc 1 369 1 is_stmt 1 view -0
 563              		.cfi_startproc
 564              		@ args = 0, pretend = 0, frame = 0
 565              		@ frame_needed = 0, uses_anonymous_args = 0
 566 0000 08B5     		push	{r3, lr}
 567              	.LCFI13:
 568              		.cfi_def_cfa_offset 8
 569              		.cfi_offset 3, -8
 570              		.cfi_offset 14, -4
 370:Src/stm32f4xx_it.c ****   /* USER CODE BEGIN USART3_IRQn 0 */
 371:Src/stm32f4xx_it.c **** 
 372:Src/stm32f4xx_it.c ****   /* USER CODE END USART3_IRQn 0 */
 373:Src/stm32f4xx_it.c ****   HAL_UART_IRQHandler(&huart3);
 571              		.loc 1 373 3 view .LVU63
 572 0002 0248     		ldr	r0, .L58
 573 0004 FFF7FEFF 		bl	HAL_UART_IRQHandler
ARM GAS  C:\Users\ADMINI~1\AppData\Local\Temp\ccRinCjR.s 			page 17


 574              	.LVL13:
 374:Src/stm32f4xx_it.c ****   /* USER CODE BEGIN USART3_IRQn 1 */
 375:Src/stm32f4xx_it.c **** 
 376:Src/stm32f4xx_it.c ****   /* USER CODE END USART3_IRQn 1 */
 377:Src/stm32f4xx_it.c **** }
 575              		.loc 1 377 1 is_stmt 0 view .LVU64
 576 0008 08BD     		pop	{r3, pc}
 577              	.L59:
 578 000a 00BF     		.align	2
 579              	.L58:
 580 000c 00000000 		.word	huart3
 581              		.cfi_endproc
 582              	.LFE254:
 584              		.section	.text.TIM8_TRG_COM_TIM14_IRQHandler,"ax",%progbits
 585              		.align	1
 586              		.global	TIM8_TRG_COM_TIM14_IRQHandler
 587              		.syntax unified
 588              		.thumb
 589              		.thumb_func
 591              	TIM8_TRG_COM_TIM14_IRQHandler:
 592              	.LFB255:
 378:Src/stm32f4xx_it.c **** 
 379:Src/stm32f4xx_it.c **** /**
 380:Src/stm32f4xx_it.c ****   * @brief This function handles TIM8 trigger and commutation interrupts and TIM14 global interrupt
 381:Src/stm32f4xx_it.c ****   */
 382:Src/stm32f4xx_it.c **** void TIM8_TRG_COM_TIM14_IRQHandler(void)
 383:Src/stm32f4xx_it.c **** {
 593              		.loc 1 383 1 is_stmt 1 view -0
 594              		.cfi_startproc
 595              		@ args = 0, pretend = 0, frame = 0
 596              		@ frame_needed = 0, uses_anonymous_args = 0
 597 0000 08B5     		push	{r3, lr}
 598              	.LCFI14:
 599              		.cfi_def_cfa_offset 8
 600              		.cfi_offset 3, -8
 601              		.cfi_offset 14, -4
 384:Src/stm32f4xx_it.c ****   /* USER CODE BEGIN TIM8_TRG_COM_TIM14_IRQn 0 */
 385:Src/stm32f4xx_it.c **** 
 386:Src/stm32f4xx_it.c ****   /* USER CODE END TIM8_TRG_COM_TIM14_IRQn 0 */
 387:Src/stm32f4xx_it.c ****   HAL_TIM_IRQHandler(&htim8);
 602              		.loc 1 387 3 view .LVU66
 603 0002 0348     		ldr	r0, .L62
 604 0004 FFF7FEFF 		bl	HAL_TIM_IRQHandler
 605              	.LVL14:
 388:Src/stm32f4xx_it.c ****   HAL_TIM_IRQHandler(&htim14);
 606              		.loc 1 388 3 view .LVU67
 607 0008 0248     		ldr	r0, .L62+4
 608 000a FFF7FEFF 		bl	HAL_TIM_IRQHandler
 609              	.LVL15:
 389:Src/stm32f4xx_it.c ****   /* USER CODE BEGIN TIM8_TRG_COM_TIM14_IRQn 1 */
 390:Src/stm32f4xx_it.c **** 
 391:Src/stm32f4xx_it.c ****   /* USER CODE END TIM8_TRG_COM_TIM14_IRQn 1 */
 392:Src/stm32f4xx_it.c **** }
 610              		.loc 1 392 1 is_stmt 0 view .LVU68
 611 000e 08BD     		pop	{r3, pc}
 612              	.L63:
 613              		.align	2
ARM GAS  C:\Users\ADMINI~1\AppData\Local\Temp\ccRinCjR.s 			page 18


 614              	.L62:
 615 0010 00000000 		.word	htim8
 616 0014 00000000 		.word	htim14
 617              		.cfi_endproc
 618              	.LFE255:
 620              		.section	.text.DMA1_Stream7_IRQHandler,"ax",%progbits
 621              		.align	1
 622              		.global	DMA1_Stream7_IRQHandler
 623              		.syntax unified
 624              		.thumb
 625              		.thumb_func
 627              	DMA1_Stream7_IRQHandler:
 628              	.LFB256:
 393:Src/stm32f4xx_it.c **** 
 394:Src/stm32f4xx_it.c **** /**
 395:Src/stm32f4xx_it.c ****   * @brief This function handles DMA1 stream7 global interrupt.
 396:Src/stm32f4xx_it.c ****   */
 397:Src/stm32f4xx_it.c **** void DMA1_Stream7_IRQHandler(void)
 398:Src/stm32f4xx_it.c **** {
 629              		.loc 1 398 1 is_stmt 1 view -0
 630              		.cfi_startproc
 631              		@ args = 0, pretend = 0, frame = 0
 632              		@ frame_needed = 0, uses_anonymous_args = 0
 633 0000 08B5     		push	{r3, lr}
 634              	.LCFI15:
 635              		.cfi_def_cfa_offset 8
 636              		.cfi_offset 3, -8
 637              		.cfi_offset 14, -4
 399:Src/stm32f4xx_it.c ****   /* USER CODE BEGIN DMA1_Stream7_IRQn 0 */
 400:Src/stm32f4xx_it.c **** 
 401:Src/stm32f4xx_it.c ****   /* USER CODE END DMA1_Stream7_IRQn 0 */
 402:Src/stm32f4xx_it.c ****   HAL_DMA_IRQHandler(&hdma_i2c2_tx);
 638              		.loc 1 402 3 view .LVU70
 639 0002 0248     		ldr	r0, .L66
 640 0004 FFF7FEFF 		bl	HAL_DMA_IRQHandler
 641              	.LVL16:
 403:Src/stm32f4xx_it.c ****   /* USER CODE BEGIN DMA1_Stream7_IRQn 1 */
 404:Src/stm32f4xx_it.c **** 
 405:Src/stm32f4xx_it.c ****   /* USER CODE END DMA1_Stream7_IRQn 1 */
 406:Src/stm32f4xx_it.c **** }
 642              		.loc 1 406 1 is_stmt 0 view .LVU71
 643 0008 08BD     		pop	{r3, pc}
 644              	.L67:
 645 000a 00BF     		.align	2
 646              	.L66:
 647 000c 00000000 		.word	hdma_i2c2_tx
 648              		.cfi_endproc
 649              	.LFE256:
 651              		.section	.text.DMA2_Stream0_IRQHandler,"ax",%progbits
 652              		.align	1
 653              		.global	DMA2_Stream0_IRQHandler
 654              		.syntax unified
 655              		.thumb
 656              		.thumb_func
 658              	DMA2_Stream0_IRQHandler:
 659              	.LFB257:
 407:Src/stm32f4xx_it.c **** 
ARM GAS  C:\Users\ADMINI~1\AppData\Local\Temp\ccRinCjR.s 			page 19


 408:Src/stm32f4xx_it.c **** /**
 409:Src/stm32f4xx_it.c ****   * @brief This function handles DMA2 stream0 global interrupt.
 410:Src/stm32f4xx_it.c ****   */
 411:Src/stm32f4xx_it.c **** void DMA2_Stream0_IRQHandler(void)
 412:Src/stm32f4xx_it.c **** {
 660              		.loc 1 412 1 is_stmt 1 view -0
 661              		.cfi_startproc
 662              		@ args = 0, pretend = 0, frame = 0
 663              		@ frame_needed = 0, uses_anonymous_args = 0
 664 0000 08B5     		push	{r3, lr}
 665              	.LCFI16:
 666              		.cfi_def_cfa_offset 8
 667              		.cfi_offset 3, -8
 668              		.cfi_offset 14, -4
 413:Src/stm32f4xx_it.c ****   /* USER CODE BEGIN DMA2_Stream0_IRQn 0 */
 414:Src/stm32f4xx_it.c **** 
 415:Src/stm32f4xx_it.c ****   /* USER CODE END DMA2_Stream0_IRQn 0 */
 416:Src/stm32f4xx_it.c ****   HAL_DMA_IRQHandler(&hdma_spi1_rx);
 669              		.loc 1 416 3 view .LVU73
 670 0002 0248     		ldr	r0, .L70
 671 0004 FFF7FEFF 		bl	HAL_DMA_IRQHandler
 672              	.LVL17:
 417:Src/stm32f4xx_it.c ****   /* USER CODE BEGIN DMA2_Stream0_IRQn 1 */
 418:Src/stm32f4xx_it.c **** 
 419:Src/stm32f4xx_it.c ****   /* USER CODE END DMA2_Stream0_IRQn 1 */
 420:Src/stm32f4xx_it.c **** }
 673              		.loc 1 420 1 is_stmt 0 view .LVU74
 674 0008 08BD     		pop	{r3, pc}
 675              	.L71:
 676 000a 00BF     		.align	2
 677              	.L70:
 678 000c 00000000 		.word	hdma_spi1_rx
 679              		.cfi_endproc
 680              	.LFE257:
 682              		.section	.text.DMA2_Stream2_IRQHandler,"ax",%progbits
 683              		.align	1
 684              		.global	DMA2_Stream2_IRQHandler
 685              		.syntax unified
 686              		.thumb
 687              		.thumb_func
 689              	DMA2_Stream2_IRQHandler:
 690              	.LFB258:
 421:Src/stm32f4xx_it.c **** 
 422:Src/stm32f4xx_it.c **** /**
 423:Src/stm32f4xx_it.c ****   * @brief This function handles DMA2 stream2 global interrupt.
 424:Src/stm32f4xx_it.c ****   */
 425:Src/stm32f4xx_it.c **** void DMA2_Stream2_IRQHandler(void)
 426:Src/stm32f4xx_it.c **** {
 691              		.loc 1 426 1 is_stmt 1 view -0
 692              		.cfi_startproc
 693              		@ args = 0, pretend = 0, frame = 0
 694              		@ frame_needed = 0, uses_anonymous_args = 0
 695 0000 08B5     		push	{r3, lr}
 696              	.LCFI17:
 697              		.cfi_def_cfa_offset 8
 698              		.cfi_offset 3, -8
 699              		.cfi_offset 14, -4
ARM GAS  C:\Users\ADMINI~1\AppData\Local\Temp\ccRinCjR.s 			page 20


 427:Src/stm32f4xx_it.c ****   /* USER CODE BEGIN DMA2_Stream2_IRQn 0 */
 428:Src/stm32f4xx_it.c **** 
 429:Src/stm32f4xx_it.c ****   /* USER CODE END DMA2_Stream2_IRQn 0 */
 430:Src/stm32f4xx_it.c ****   HAL_DMA_IRQHandler(&hdma_usart6_rx);
 700              		.loc 1 430 3 view .LVU76
 701 0002 0248     		ldr	r0, .L74
 702 0004 FFF7FEFF 		bl	HAL_DMA_IRQHandler
 703              	.LVL18:
 431:Src/stm32f4xx_it.c ****   /* USER CODE BEGIN DMA2_Stream2_IRQn 1 */
 432:Src/stm32f4xx_it.c **** 
 433:Src/stm32f4xx_it.c ****   /* USER CODE END DMA2_Stream2_IRQn 1 */
 434:Src/stm32f4xx_it.c **** }
 704              		.loc 1 434 1 is_stmt 0 view .LVU77
 705 0008 08BD     		pop	{r3, pc}
 706              	.L75:
 707 000a 00BF     		.align	2
 708              	.L74:
 709 000c 00000000 		.word	hdma_usart6_rx
 710              		.cfi_endproc
 711              	.LFE258:
 713              		.section	.text.DMA2_Stream3_IRQHandler,"ax",%progbits
 714              		.align	1
 715              		.global	DMA2_Stream3_IRQHandler
 716              		.syntax unified
 717              		.thumb
 718              		.thumb_func
 720              	DMA2_Stream3_IRQHandler:
 721              	.LFB259:
 435:Src/stm32f4xx_it.c **** 
 436:Src/stm32f4xx_it.c **** /**
 437:Src/stm32f4xx_it.c ****   * @brief This function handles DMA2 stream3 global interrupt.
 438:Src/stm32f4xx_it.c ****   */
 439:Src/stm32f4xx_it.c **** void DMA2_Stream3_IRQHandler(void)
 440:Src/stm32f4xx_it.c **** {
 722              		.loc 1 440 1 is_stmt 1 view -0
 723              		.cfi_startproc
 724              		@ args = 0, pretend = 0, frame = 0
 725              		@ frame_needed = 0, uses_anonymous_args = 0
 726 0000 08B5     		push	{r3, lr}
 727              	.LCFI18:
 728              		.cfi_def_cfa_offset 8
 729              		.cfi_offset 3, -8
 730              		.cfi_offset 14, -4
 441:Src/stm32f4xx_it.c ****   /* USER CODE BEGIN DMA2_Stream3_IRQn 0 */
 442:Src/stm32f4xx_it.c **** 
 443:Src/stm32f4xx_it.c ****   /* USER CODE END DMA2_Stream3_IRQn 0 */
 444:Src/stm32f4xx_it.c ****   HAL_DMA_IRQHandler(&hdma_spi1_tx);
 731              		.loc 1 444 3 view .LVU79
 732 0002 0248     		ldr	r0, .L78
 733 0004 FFF7FEFF 		bl	HAL_DMA_IRQHandler
 734              	.LVL19:
 445:Src/stm32f4xx_it.c ****   /* USER CODE BEGIN DMA2_Stream3_IRQn 1 */
 446:Src/stm32f4xx_it.c **** 
 447:Src/stm32f4xx_it.c ****   /* USER CODE END DMA2_Stream3_IRQn 1 */
 448:Src/stm32f4xx_it.c **** }
 735              		.loc 1 448 1 is_stmt 0 view .LVU80
 736 0008 08BD     		pop	{r3, pc}
ARM GAS  C:\Users\ADMINI~1\AppData\Local\Temp\ccRinCjR.s 			page 21


 737              	.L79:
 738 000a 00BF     		.align	2
 739              	.L78:
 740 000c 00000000 		.word	hdma_spi1_tx
 741              		.cfi_endproc
 742              	.LFE259:
 744              		.section	.text.CAN2_RX0_IRQHandler,"ax",%progbits
 745              		.align	1
 746              		.global	CAN2_RX0_IRQHandler
 747              		.syntax unified
 748              		.thumb
 749              		.thumb_func
 751              	CAN2_RX0_IRQHandler:
 752              	.LFB260:
 449:Src/stm32f4xx_it.c **** 
 450:Src/stm32f4xx_it.c **** /**
 451:Src/stm32f4xx_it.c ****   * @brief This function handles CAN2 RX0 interrupts.
 452:Src/stm32f4xx_it.c ****   */
 453:Src/stm32f4xx_it.c **** void CAN2_RX0_IRQHandler(void)
 454:Src/stm32f4xx_it.c **** {
 753              		.loc 1 454 1 is_stmt 1 view -0
 754              		.cfi_startproc
 755              		@ args = 0, pretend = 0, frame = 0
 756              		@ frame_needed = 0, uses_anonymous_args = 0
 757 0000 08B5     		push	{r3, lr}
 758              	.LCFI19:
 759              		.cfi_def_cfa_offset 8
 760              		.cfi_offset 3, -8
 761              		.cfi_offset 14, -4
 455:Src/stm32f4xx_it.c ****   /* USER CODE BEGIN CAN2_RX0_IRQn 0 */
 456:Src/stm32f4xx_it.c **** 
 457:Src/stm32f4xx_it.c ****   /* USER CODE END CAN2_RX0_IRQn 0 */
 458:Src/stm32f4xx_it.c ****   HAL_CAN_IRQHandler(&hcan2);
 762              		.loc 1 458 3 view .LVU82
 763 0002 0248     		ldr	r0, .L82
 764 0004 FFF7FEFF 		bl	HAL_CAN_IRQHandler
 765              	.LVL20:
 459:Src/stm32f4xx_it.c ****   /* USER CODE BEGIN CAN2_RX0_IRQn 1 */
 460:Src/stm32f4xx_it.c **** 
 461:Src/stm32f4xx_it.c ****   /* USER CODE END CAN2_RX0_IRQn 1 */
 462:Src/stm32f4xx_it.c **** }
 766              		.loc 1 462 1 is_stmt 0 view .LVU83
 767 0008 08BD     		pop	{r3, pc}
 768              	.L83:
 769 000a 00BF     		.align	2
 770              	.L82:
 771 000c 00000000 		.word	hcan2
 772              		.cfi_endproc
 773              	.LFE260:
 775              		.section	.text.CAN2_RX1_IRQHandler,"ax",%progbits
 776              		.align	1
 777              		.global	CAN2_RX1_IRQHandler
 778              		.syntax unified
 779              		.thumb
 780              		.thumb_func
 782              	CAN2_RX1_IRQHandler:
 783              	.LFB261:
ARM GAS  C:\Users\ADMINI~1\AppData\Local\Temp\ccRinCjR.s 			page 22


 463:Src/stm32f4xx_it.c **** 
 464:Src/stm32f4xx_it.c **** /**
 465:Src/stm32f4xx_it.c ****   * @brief This function handles CAN2 RX1 interrupt.
 466:Src/stm32f4xx_it.c ****   */
 467:Src/stm32f4xx_it.c **** void CAN2_RX1_IRQHandler(void)
 468:Src/stm32f4xx_it.c **** {
 784              		.loc 1 468 1 is_stmt 1 view -0
 785              		.cfi_startproc
 786              		@ args = 0, pretend = 0, frame = 0
 787              		@ frame_needed = 0, uses_anonymous_args = 0
 788 0000 08B5     		push	{r3, lr}
 789              	.LCFI20:
 790              		.cfi_def_cfa_offset 8
 791              		.cfi_offset 3, -8
 792              		.cfi_offset 14, -4
 469:Src/stm32f4xx_it.c ****   /* USER CODE BEGIN CAN2_RX1_IRQn 0 */
 470:Src/stm32f4xx_it.c **** 
 471:Src/stm32f4xx_it.c ****   /* USER CODE END CAN2_RX1_IRQn 0 */
 472:Src/stm32f4xx_it.c ****   HAL_CAN_IRQHandler(&hcan2);
 793              		.loc 1 472 3 view .LVU85
 794 0002 0248     		ldr	r0, .L86
 795 0004 FFF7FEFF 		bl	HAL_CAN_IRQHandler
 796              	.LVL21:
 473:Src/stm32f4xx_it.c ****   /* USER CODE BEGIN CAN2_RX1_IRQn 1 */
 474:Src/stm32f4xx_it.c **** 
 475:Src/stm32f4xx_it.c ****   /* USER CODE END CAN2_RX1_IRQn 1 */
 476:Src/stm32f4xx_it.c **** }
 797              		.loc 1 476 1 is_stmt 0 view .LVU86
 798 0008 08BD     		pop	{r3, pc}
 799              	.L87:
 800 000a 00BF     		.align	2
 801              	.L86:
 802 000c 00000000 		.word	hcan2
 803              		.cfi_endproc
 804              	.LFE261:
 806              		.section	.text.OTG_FS_IRQHandler,"ax",%progbits
 807              		.align	1
 808              		.global	OTG_FS_IRQHandler
 809              		.syntax unified
 810              		.thumb
 811              		.thumb_func
 813              	OTG_FS_IRQHandler:
 814              	.LFB262:
 477:Src/stm32f4xx_it.c **** 
 478:Src/stm32f4xx_it.c **** /**
 479:Src/stm32f4xx_it.c ****   * @brief This function handles USB On The Go FS global interrupt.
 480:Src/stm32f4xx_it.c ****   */
 481:Src/stm32f4xx_it.c **** void OTG_FS_IRQHandler(void)
 482:Src/stm32f4xx_it.c **** {
 815              		.loc 1 482 1 is_stmt 1 view -0
 816              		.cfi_startproc
 817              		@ args = 0, pretend = 0, frame = 0
 818              		@ frame_needed = 0, uses_anonymous_args = 0
 819 0000 08B5     		push	{r3, lr}
 820              	.LCFI21:
 821              		.cfi_def_cfa_offset 8
 822              		.cfi_offset 3, -8
ARM GAS  C:\Users\ADMINI~1\AppData\Local\Temp\ccRinCjR.s 			page 23


 823              		.cfi_offset 14, -4
 483:Src/stm32f4xx_it.c ****   /* USER CODE BEGIN OTG_FS_IRQn 0 */
 484:Src/stm32f4xx_it.c **** 
 485:Src/stm32f4xx_it.c ****   /* USER CODE END OTG_FS_IRQn 0 */
 486:Src/stm32f4xx_it.c ****   HAL_PCD_IRQHandler(&hpcd_USB_OTG_FS);
 824              		.loc 1 486 3 view .LVU88
 825 0002 0248     		ldr	r0, .L90
 826 0004 FFF7FEFF 		bl	HAL_PCD_IRQHandler
 827              	.LVL22:
 487:Src/stm32f4xx_it.c ****   /* USER CODE BEGIN OTG_FS_IRQn 1 */
 488:Src/stm32f4xx_it.c **** 
 489:Src/stm32f4xx_it.c ****   /* USER CODE END OTG_FS_IRQn 1 */
 490:Src/stm32f4xx_it.c **** }
 828              		.loc 1 490 1 is_stmt 0 view .LVU89
 829 0008 08BD     		pop	{r3, pc}
 830              	.L91:
 831 000a 00BF     		.align	2
 832              	.L90:
 833 000c 00000000 		.word	hpcd_USB_OTG_FS
 834              		.cfi_endproc
 835              	.LFE262:
 837              		.section	.text.DMA2_Stream5_IRQHandler,"ax",%progbits
 838              		.align	1
 839              		.global	DMA2_Stream5_IRQHandler
 840              		.syntax unified
 841              		.thumb
 842              		.thumb_func
 844              	DMA2_Stream5_IRQHandler:
 845              	.LFB263:
 491:Src/stm32f4xx_it.c **** 
 492:Src/stm32f4xx_it.c **** /**
 493:Src/stm32f4xx_it.c ****   * @brief This function handles DMA2 stream5 global interrupt.
 494:Src/stm32f4xx_it.c ****   */
 495:Src/stm32f4xx_it.c **** void DMA2_Stream5_IRQHandler(void)
 496:Src/stm32f4xx_it.c **** {
 846              		.loc 1 496 1 is_stmt 1 view -0
 847              		.cfi_startproc
 848              		@ args = 0, pretend = 0, frame = 0
 849              		@ frame_needed = 0, uses_anonymous_args = 0
 850 0000 08B5     		push	{r3, lr}
 851              	.LCFI22:
 852              		.cfi_def_cfa_offset 8
 853              		.cfi_offset 3, -8
 854              		.cfi_offset 14, -4
 497:Src/stm32f4xx_it.c ****   /* USER CODE BEGIN DMA2_Stream5_IRQn 0 */
 498:Src/stm32f4xx_it.c **** 
 499:Src/stm32f4xx_it.c ****   /* USER CODE END DMA2_Stream5_IRQn 0 */
 500:Src/stm32f4xx_it.c ****   HAL_DMA_IRQHandler(&hdma_usart1_rx);
 855              		.loc 1 500 3 view .LVU91
 856 0002 0248     		ldr	r0, .L94
 857 0004 FFF7FEFF 		bl	HAL_DMA_IRQHandler
 858              	.LVL23:
 501:Src/stm32f4xx_it.c ****   /* USER CODE BEGIN DMA2_Stream5_IRQn 1 */
 502:Src/stm32f4xx_it.c **** 
 503:Src/stm32f4xx_it.c ****   /* USER CODE END DMA2_Stream5_IRQn 1 */
 504:Src/stm32f4xx_it.c **** }
 859              		.loc 1 504 1 is_stmt 0 view .LVU92
ARM GAS  C:\Users\ADMINI~1\AppData\Local\Temp\ccRinCjR.s 			page 24


 860 0008 08BD     		pop	{r3, pc}
 861              	.L95:
 862 000a 00BF     		.align	2
 863              	.L94:
 864 000c 00000000 		.word	hdma_usart1_rx
 865              		.cfi_endproc
 866              	.LFE263:
 868              		.section	.text.DMA2_Stream6_IRQHandler,"ax",%progbits
 869              		.align	1
 870              		.global	DMA2_Stream6_IRQHandler
 871              		.syntax unified
 872              		.thumb
 873              		.thumb_func
 875              	DMA2_Stream6_IRQHandler:
 876              	.LFB264:
 505:Src/stm32f4xx_it.c **** 
 506:Src/stm32f4xx_it.c **** /**
 507:Src/stm32f4xx_it.c ****   * @brief This function handles DMA2 stream6 global interrupt.
 508:Src/stm32f4xx_it.c ****   */
 509:Src/stm32f4xx_it.c **** void DMA2_Stream6_IRQHandler(void)
 510:Src/stm32f4xx_it.c **** {
 877              		.loc 1 510 1 is_stmt 1 view -0
 878              		.cfi_startproc
 879              		@ args = 0, pretend = 0, frame = 0
 880              		@ frame_needed = 0, uses_anonymous_args = 0
 881 0000 08B5     		push	{r3, lr}
 882              	.LCFI23:
 883              		.cfi_def_cfa_offset 8
 884              		.cfi_offset 3, -8
 885              		.cfi_offset 14, -4
 511:Src/stm32f4xx_it.c ****   /* USER CODE BEGIN DMA2_Stream6_IRQn 0 */
 512:Src/stm32f4xx_it.c **** 
 513:Src/stm32f4xx_it.c ****   /* USER CODE END DMA2_Stream6_IRQn 0 */
 514:Src/stm32f4xx_it.c ****   HAL_DMA_IRQHandler(&hdma_usart6_tx);
 886              		.loc 1 514 3 view .LVU94
 887 0002 0248     		ldr	r0, .L98
 888 0004 FFF7FEFF 		bl	HAL_DMA_IRQHandler
 889              	.LVL24:
 515:Src/stm32f4xx_it.c ****   /* USER CODE BEGIN DMA2_Stream6_IRQn 1 */
 516:Src/stm32f4xx_it.c **** 
 517:Src/stm32f4xx_it.c ****   /* USER CODE END DMA2_Stream6_IRQn 1 */
 518:Src/stm32f4xx_it.c **** }
 890              		.loc 1 518 1 is_stmt 0 view .LVU95
 891 0008 08BD     		pop	{r3, pc}
 892              	.L99:
 893 000a 00BF     		.align	2
 894              	.L98:
 895 000c 00000000 		.word	hdma_usart6_tx
 896              		.cfi_endproc
 897              	.LFE264:
 899              		.section	.text.DMA2_Stream7_IRQHandler,"ax",%progbits
 900              		.align	1
 901              		.global	DMA2_Stream7_IRQHandler
 902              		.syntax unified
 903              		.thumb
 904              		.thumb_func
 906              	DMA2_Stream7_IRQHandler:
ARM GAS  C:\Users\ADMINI~1\AppData\Local\Temp\ccRinCjR.s 			page 25


 907              	.LFB265:
 519:Src/stm32f4xx_it.c **** 
 520:Src/stm32f4xx_it.c **** /**
 521:Src/stm32f4xx_it.c ****   * @brief This function handles DMA2 stream7 global interrupt.
 522:Src/stm32f4xx_it.c ****   */
 523:Src/stm32f4xx_it.c **** void DMA2_Stream7_IRQHandler(void)
 524:Src/stm32f4xx_it.c **** {
 908              		.loc 1 524 1 is_stmt 1 view -0
 909              		.cfi_startproc
 910              		@ args = 0, pretend = 0, frame = 0
 911              		@ frame_needed = 0, uses_anonymous_args = 0
 912 0000 08B5     		push	{r3, lr}
 913              	.LCFI24:
 914              		.cfi_def_cfa_offset 8
 915              		.cfi_offset 3, -8
 916              		.cfi_offset 14, -4
 525:Src/stm32f4xx_it.c ****   /* USER CODE BEGIN DMA2_Stream7_IRQn 0 */
 526:Src/stm32f4xx_it.c **** 
 527:Src/stm32f4xx_it.c ****   /* USER CODE END DMA2_Stream7_IRQn 0 */
 528:Src/stm32f4xx_it.c ****   HAL_DMA_IRQHandler(&hdma_usart1_tx);
 917              		.loc 1 528 3 view .LVU97
 918 0002 0248     		ldr	r0, .L102
 919 0004 FFF7FEFF 		bl	HAL_DMA_IRQHandler
 920              	.LVL25:
 529:Src/stm32f4xx_it.c ****   /* USER CODE BEGIN DMA2_Stream7_IRQn 1 */
 530:Src/stm32f4xx_it.c **** 
 531:Src/stm32f4xx_it.c ****   /* USER CODE END DMA2_Stream7_IRQn 1 */
 532:Src/stm32f4xx_it.c **** }
 921              		.loc 1 532 1 is_stmt 0 view .LVU98
 922 0008 08BD     		pop	{r3, pc}
 923              	.L103:
 924 000a 00BF     		.align	2
 925              	.L102:
 926 000c 00000000 		.word	hdma_usart1_tx
 927              		.cfi_endproc
 928              	.LFE265:
 930              		.section	.text.USART6_IRQHandler,"ax",%progbits
 931              		.align	1
 932              		.global	USART6_IRQHandler
 933              		.syntax unified
 934              		.thumb
 935              		.thumb_func
 937              	USART6_IRQHandler:
 938              	.LFB266:
 533:Src/stm32f4xx_it.c **** 
 534:Src/stm32f4xx_it.c **** /**
 535:Src/stm32f4xx_it.c ****   * @brief This function handles USART6 global interrupt.
 536:Src/stm32f4xx_it.c ****   */
 537:Src/stm32f4xx_it.c **** void USART6_IRQHandler(void)
 538:Src/stm32f4xx_it.c **** {
 939              		.loc 1 538 1 is_stmt 1 view -0
 940              		.cfi_startproc
 941              		@ args = 0, pretend = 0, frame = 0
 942              		@ frame_needed = 0, uses_anonymous_args = 0
 943 0000 08B5     		push	{r3, lr}
 944              	.LCFI25:
 945              		.cfi_def_cfa_offset 8
ARM GAS  C:\Users\ADMINI~1\AppData\Local\Temp\ccRinCjR.s 			page 26


 946              		.cfi_offset 3, -8
 947              		.cfi_offset 14, -4
 539:Src/stm32f4xx_it.c ****   /* USER CODE BEGIN USART6_IRQn 0 */
 540:Src/stm32f4xx_it.c **** 
 541:Src/stm32f4xx_it.c ****   /* USER CODE END USART6_IRQn 0 */
 542:Src/stm32f4xx_it.c ****   HAL_UART_IRQHandler(&huart6);
 948              		.loc 1 542 3 view .LVU100
 949 0002 0248     		ldr	r0, .L106
 950 0004 FFF7FEFF 		bl	HAL_UART_IRQHandler
 951              	.LVL26:
 543:Src/stm32f4xx_it.c ****   /* USER CODE BEGIN USART6_IRQn 1 */
 544:Src/stm32f4xx_it.c **** 
 545:Src/stm32f4xx_it.c ****   /* USER CODE END USART6_IRQn 1 */
 546:Src/stm32f4xx_it.c **** }
 952              		.loc 1 546 1 is_stmt 0 view .LVU101
 953 0008 08BD     		pop	{r3, pc}
 954              	.L107:
 955 000a 00BF     		.align	2
 956              	.L106:
 957 000c 00000000 		.word	huart6
 958              		.cfi_endproc
 959              	.LFE266:
 961              		.section	.text.I2C3_EV_IRQHandler,"ax",%progbits
 962              		.align	1
 963              		.global	I2C3_EV_IRQHandler
 964              		.syntax unified
 965              		.thumb
 966              		.thumb_func
 968              	I2C3_EV_IRQHandler:
 969              	.LFB267:
 547:Src/stm32f4xx_it.c **** 
 548:Src/stm32f4xx_it.c **** /**
 549:Src/stm32f4xx_it.c ****   * @brief This function handles I2C3 event interrupt.
 550:Src/stm32f4xx_it.c ****   */
 551:Src/stm32f4xx_it.c **** void I2C3_EV_IRQHandler(void)
 552:Src/stm32f4xx_it.c **** {
 970              		.loc 1 552 1 is_stmt 1 view -0
 971              		.cfi_startproc
 972              		@ args = 0, pretend = 0, frame = 0
 973              		@ frame_needed = 0, uses_anonymous_args = 0
 974 0000 08B5     		push	{r3, lr}
 975              	.LCFI26:
 976              		.cfi_def_cfa_offset 8
 977              		.cfi_offset 3, -8
 978              		.cfi_offset 14, -4
 553:Src/stm32f4xx_it.c ****   /* USER CODE BEGIN I2C3_EV_IRQn 0 */
 554:Src/stm32f4xx_it.c **** 
 555:Src/stm32f4xx_it.c ****   /* USER CODE END I2C3_EV_IRQn 0 */
 556:Src/stm32f4xx_it.c ****   HAL_I2C_EV_IRQHandler(&hi2c3);
 979              		.loc 1 556 3 view .LVU103
 980 0002 0248     		ldr	r0, .L110
 981 0004 FFF7FEFF 		bl	HAL_I2C_EV_IRQHandler
 982              	.LVL27:
 557:Src/stm32f4xx_it.c ****   /* USER CODE BEGIN I2C3_EV_IRQn 1 */
 558:Src/stm32f4xx_it.c **** 
 559:Src/stm32f4xx_it.c ****   /* USER CODE END I2C3_EV_IRQn 1 */
 560:Src/stm32f4xx_it.c **** }
ARM GAS  C:\Users\ADMINI~1\AppData\Local\Temp\ccRinCjR.s 			page 27


 983              		.loc 1 560 1 is_stmt 0 view .LVU104
 984 0008 08BD     		pop	{r3, pc}
 985              	.L111:
 986 000a 00BF     		.align	2
 987              	.L110:
 988 000c 00000000 		.word	hi2c3
 989              		.cfi_endproc
 990              	.LFE267:
 992              		.section	.text.I2C3_ER_IRQHandler,"ax",%progbits
 993              		.align	1
 994              		.global	I2C3_ER_IRQHandler
 995              		.syntax unified
 996              		.thumb
 997              		.thumb_func
 999              	I2C3_ER_IRQHandler:
 1000              	.LFB268:
 561:Src/stm32f4xx_it.c **** 
 562:Src/stm32f4xx_it.c **** /**
 563:Src/stm32f4xx_it.c ****   * @brief This function handles I2C3 error interrupt.
 564:Src/stm32f4xx_it.c ****   */
 565:Src/stm32f4xx_it.c **** void I2C3_ER_IRQHandler(void)
 566:Src/stm32f4xx_it.c **** {
 1001              		.loc 1 566 1 is_stmt 1 view -0
 1002              		.cfi_startproc
 1003              		@ args = 0, pretend = 0, frame = 0
 1004              		@ frame_needed = 0, uses_anonymous_args = 0
 1005 0000 08B5     		push	{r3, lr}
 1006              	.LCFI27:
 1007              		.cfi_def_cfa_offset 8
 1008              		.cfi_offset 3, -8
 1009              		.cfi_offset 14, -4
 567:Src/stm32f4xx_it.c ****   /* USER CODE BEGIN I2C3_ER_IRQn 0 */
 568:Src/stm32f4xx_it.c **** 
 569:Src/stm32f4xx_it.c ****   /* USER CODE END I2C3_ER_IRQn 0 */
 570:Src/stm32f4xx_it.c ****   HAL_I2C_ER_IRQHandler(&hi2c3);
 1010              		.loc 1 570 3 view .LVU106
 1011 0002 0248     		ldr	r0, .L114
 1012 0004 FFF7FEFF 		bl	HAL_I2C_ER_IRQHandler
 1013              	.LVL28:
 571:Src/stm32f4xx_it.c ****   /* USER CODE BEGIN I2C3_ER_IRQn 1 */
 572:Src/stm32f4xx_it.c **** 
 573:Src/stm32f4xx_it.c ****   /* USER CODE END I2C3_ER_IRQn 1 */
 574:Src/stm32f4xx_it.c **** }
 1014              		.loc 1 574 1 is_stmt 0 view .LVU107
 1015 0008 08BD     		pop	{r3, pc}
 1016              	.L115:
 1017 000a 00BF     		.align	2
 1018              	.L114:
 1019 000c 00000000 		.word	hi2c3
 1020              		.cfi_endproc
 1021              	.LFE268:
 1023              		.text
 1024              	.Letext0:
 1025              		.file 2 "D:/Msys2/mingw64/arm-none-eabi/include/machine/_default_types.h"
 1026              		.file 3 "D:/Msys2/mingw64/arm-none-eabi/include/sys/_stdint.h"
 1027              		.file 4 "Drivers/CMSIS/Device/ST/STM32F4xx/Include/stm32f407xx.h"
 1028              		.file 5 "Drivers/CMSIS/Device/ST/STM32F4xx/Include/stm32f4xx.h"
ARM GAS  C:\Users\ADMINI~1\AppData\Local\Temp\ccRinCjR.s 			page 28


 1029              		.file 6 "Drivers/STM32F4xx_HAL_Driver/Inc/stm32f4xx_hal_def.h"
 1030              		.file 7 "Drivers/STM32F4xx_HAL_Driver/Inc/stm32f4xx_hal_dma.h"
 1031              		.file 8 "Drivers/STM32F4xx_HAL_Driver/Inc/stm32f4xx_hal_can.h"
 1032              		.file 9 "Drivers/STM32F4xx_HAL_Driver/Inc/stm32f4xx_hal_i2c.h"
 1033              		.file 10 "Drivers/STM32F4xx_HAL_Driver/Inc/stm32f4xx_hal_spi.h"
 1034              		.file 11 "Drivers/STM32F4xx_HAL_Driver/Inc/stm32f4xx_hal_tim.h"
 1035              		.file 12 "Drivers/STM32F4xx_HAL_Driver/Inc/stm32f4xx_hal_uart.h"
 1036              		.file 13 "Drivers/STM32F4xx_HAL_Driver/Inc/stm32f4xx_ll_usb.h"
 1037              		.file 14 "Drivers/STM32F4xx_HAL_Driver/Inc/stm32f4xx_hal_pcd.h"
 1038              		.file 15 "Drivers/STM32F4xx_HAL_Driver/Inc/stm32f4xx_hal_gpio.h"
 1039              		.file 16 "Drivers/STM32F4xx_HAL_Driver/Inc/stm32f4xx_hal_flash.h"
ARM GAS  C:\Users\ADMINI~1\AppData\Local\Temp\ccRinCjR.s 			page 29


DEFINED SYMBOLS
                            *ABS*:00000000 stm32f4xx_it.c
C:\Users\ADMINI~1\AppData\Local\Temp\ccRinCjR.s:21     .text.NMI_Handler:00000000 $t
C:\Users\ADMINI~1\AppData\Local\Temp\ccRinCjR.s:27     .text.NMI_Handler:00000000 NMI_Handler
C:\Users\ADMINI~1\AppData\Local\Temp\ccRinCjR.s:44     .text.HardFault_Handler:00000000 $t
C:\Users\ADMINI~1\AppData\Local\Temp\ccRinCjR.s:50     .text.HardFault_Handler:00000000 HardFault_Handler
C:\Users\ADMINI~1\AppData\Local\Temp\ccRinCjR.s:80     .text.MemManage_Handler:00000000 $t
C:\Users\ADMINI~1\AppData\Local\Temp\ccRinCjR.s:86     .text.MemManage_Handler:00000000 MemManage_Handler
C:\Users\ADMINI~1\AppData\Local\Temp\ccRinCjR.s:103    .text.BusFault_Handler:00000000 $t
C:\Users\ADMINI~1\AppData\Local\Temp\ccRinCjR.s:109    .text.BusFault_Handler:00000000 BusFault_Handler
C:\Users\ADMINI~1\AppData\Local\Temp\ccRinCjR.s:126    .text.UsageFault_Handler:00000000 $t
C:\Users\ADMINI~1\AppData\Local\Temp\ccRinCjR.s:132    .text.UsageFault_Handler:00000000 UsageFault_Handler
C:\Users\ADMINI~1\AppData\Local\Temp\ccRinCjR.s:149    .text.DebugMon_Handler:00000000 $t
C:\Users\ADMINI~1\AppData\Local\Temp\ccRinCjR.s:155    .text.DebugMon_Handler:00000000 DebugMon_Handler
C:\Users\ADMINI~1\AppData\Local\Temp\ccRinCjR.s:168    .text.FLASH_IRQHandler:00000000 $t
C:\Users\ADMINI~1\AppData\Local\Temp\ccRinCjR.s:174    .text.FLASH_IRQHandler:00000000 FLASH_IRQHandler
C:\Users\ADMINI~1\AppData\Local\Temp\ccRinCjR.s:194    .text.EXTI3_IRQHandler:00000000 $t
C:\Users\ADMINI~1\AppData\Local\Temp\ccRinCjR.s:200    .text.EXTI3_IRQHandler:00000000 EXTI3_IRQHandler
C:\Users\ADMINI~1\AppData\Local\Temp\ccRinCjR.s:221    .text.EXTI4_IRQHandler:00000000 $t
C:\Users\ADMINI~1\AppData\Local\Temp\ccRinCjR.s:227    .text.EXTI4_IRQHandler:00000000 EXTI4_IRQHandler
C:\Users\ADMINI~1\AppData\Local\Temp\ccRinCjR.s:248    .text.DMA1_Stream1_IRQHandler:00000000 $t
C:\Users\ADMINI~1\AppData\Local\Temp\ccRinCjR.s:254    .text.DMA1_Stream1_IRQHandler:00000000 DMA1_Stream1_IRQHandler
C:\Users\ADMINI~1\AppData\Local\Temp\ccRinCjR.s:274    .text.DMA1_Stream1_IRQHandler:0000000c $d
C:\Users\ADMINI~1\AppData\Local\Temp\ccRinCjR.s:279    .text.DMA1_Stream2_IRQHandler:00000000 $t
C:\Users\ADMINI~1\AppData\Local\Temp\ccRinCjR.s:285    .text.DMA1_Stream2_IRQHandler:00000000 DMA1_Stream2_IRQHandler
C:\Users\ADMINI~1\AppData\Local\Temp\ccRinCjR.s:305    .text.DMA1_Stream2_IRQHandler:0000000c $d
C:\Users\ADMINI~1\AppData\Local\Temp\ccRinCjR.s:310    .text.CAN1_RX0_IRQHandler:00000000 $t
C:\Users\ADMINI~1\AppData\Local\Temp\ccRinCjR.s:316    .text.CAN1_RX0_IRQHandler:00000000 CAN1_RX0_IRQHandler
C:\Users\ADMINI~1\AppData\Local\Temp\ccRinCjR.s:336    .text.CAN1_RX0_IRQHandler:0000000c $d
C:\Users\ADMINI~1\AppData\Local\Temp\ccRinCjR.s:341    .text.CAN1_RX1_IRQHandler:00000000 $t
C:\Users\ADMINI~1\AppData\Local\Temp\ccRinCjR.s:347    .text.CAN1_RX1_IRQHandler:00000000 CAN1_RX1_IRQHandler
C:\Users\ADMINI~1\AppData\Local\Temp\ccRinCjR.s:367    .text.CAN1_RX1_IRQHandler:0000000c $d
C:\Users\ADMINI~1\AppData\Local\Temp\ccRinCjR.s:372    .text.EXTI9_5_IRQHandler:00000000 $t
C:\Users\ADMINI~1\AppData\Local\Temp\ccRinCjR.s:378    .text.EXTI9_5_IRQHandler:00000000 EXTI9_5_IRQHandler
C:\Users\ADMINI~1\AppData\Local\Temp\ccRinCjR.s:399    .text.I2C2_EV_IRQHandler:00000000 $t
C:\Users\ADMINI~1\AppData\Local\Temp\ccRinCjR.s:405    .text.I2C2_EV_IRQHandler:00000000 I2C2_EV_IRQHandler
C:\Users\ADMINI~1\AppData\Local\Temp\ccRinCjR.s:425    .text.I2C2_EV_IRQHandler:0000000c $d
C:\Users\ADMINI~1\AppData\Local\Temp\ccRinCjR.s:430    .text.I2C2_ER_IRQHandler:00000000 $t
C:\Users\ADMINI~1\AppData\Local\Temp\ccRinCjR.s:436    .text.I2C2_ER_IRQHandler:00000000 I2C2_ER_IRQHandler
C:\Users\ADMINI~1\AppData\Local\Temp\ccRinCjR.s:456    .text.I2C2_ER_IRQHandler:0000000c $d
C:\Users\ADMINI~1\AppData\Local\Temp\ccRinCjR.s:461    .text.SPI1_IRQHandler:00000000 $t
C:\Users\ADMINI~1\AppData\Local\Temp\ccRinCjR.s:467    .text.SPI1_IRQHandler:00000000 SPI1_IRQHandler
C:\Users\ADMINI~1\AppData\Local\Temp\ccRinCjR.s:487    .text.SPI1_IRQHandler:0000000c $d
C:\Users\ADMINI~1\AppData\Local\Temp\ccRinCjR.s:492    .text.SPI2_IRQHandler:00000000 $t
C:\Users\ADMINI~1\AppData\Local\Temp\ccRinCjR.s:498    .text.SPI2_IRQHandler:00000000 SPI2_IRQHandler
C:\Users\ADMINI~1\AppData\Local\Temp\ccRinCjR.s:518    .text.SPI2_IRQHandler:0000000c $d
C:\Users\ADMINI~1\AppData\Local\Temp\ccRinCjR.s:523    .text.USART1_IRQHandler:00000000 $t
C:\Users\ADMINI~1\AppData\Local\Temp\ccRinCjR.s:529    .text.USART1_IRQHandler:00000000 USART1_IRQHandler
C:\Users\ADMINI~1\AppData\Local\Temp\ccRinCjR.s:549    .text.USART1_IRQHandler:0000000c $d
C:\Users\ADMINI~1\AppData\Local\Temp\ccRinCjR.s:554    .text.USART3_IRQHandler:00000000 $t
C:\Users\ADMINI~1\AppData\Local\Temp\ccRinCjR.s:560    .text.USART3_IRQHandler:00000000 USART3_IRQHandler
C:\Users\ADMINI~1\AppData\Local\Temp\ccRinCjR.s:580    .text.USART3_IRQHandler:0000000c $d
C:\Users\ADMINI~1\AppData\Local\Temp\ccRinCjR.s:585    .text.TIM8_TRG_COM_TIM14_IRQHandler:00000000 $t
C:\Users\ADMINI~1\AppData\Local\Temp\ccRinCjR.s:591    .text.TIM8_TRG_COM_TIM14_IRQHandler:00000000 TIM8_TRG_COM_TIM14_IRQHandler
C:\Users\ADMINI~1\AppData\Local\Temp\ccRinCjR.s:615    .text.TIM8_TRG_COM_TIM14_IRQHandler:00000010 $d
C:\Users\ADMINI~1\AppData\Local\Temp\ccRinCjR.s:621    .text.DMA1_Stream7_IRQHandler:00000000 $t
C:\Users\ADMINI~1\AppData\Local\Temp\ccRinCjR.s:627    .text.DMA1_Stream7_IRQHandler:00000000 DMA1_Stream7_IRQHandler
ARM GAS  C:\Users\ADMINI~1\AppData\Local\Temp\ccRinCjR.s 			page 30


C:\Users\ADMINI~1\AppData\Local\Temp\ccRinCjR.s:647    .text.DMA1_Stream7_IRQHandler:0000000c $d
C:\Users\ADMINI~1\AppData\Local\Temp\ccRinCjR.s:652    .text.DMA2_Stream0_IRQHandler:00000000 $t
C:\Users\ADMINI~1\AppData\Local\Temp\ccRinCjR.s:658    .text.DMA2_Stream0_IRQHandler:00000000 DMA2_Stream0_IRQHandler
C:\Users\ADMINI~1\AppData\Local\Temp\ccRinCjR.s:678    .text.DMA2_Stream0_IRQHandler:0000000c $d
C:\Users\ADMINI~1\AppData\Local\Temp\ccRinCjR.s:683    .text.DMA2_Stream2_IRQHandler:00000000 $t
C:\Users\ADMINI~1\AppData\Local\Temp\ccRinCjR.s:689    .text.DMA2_Stream2_IRQHandler:00000000 DMA2_Stream2_IRQHandler
C:\Users\ADMINI~1\AppData\Local\Temp\ccRinCjR.s:709    .text.DMA2_Stream2_IRQHandler:0000000c $d
C:\Users\ADMINI~1\AppData\Local\Temp\ccRinCjR.s:714    .text.DMA2_Stream3_IRQHandler:00000000 $t
C:\Users\ADMINI~1\AppData\Local\Temp\ccRinCjR.s:720    .text.DMA2_Stream3_IRQHandler:00000000 DMA2_Stream3_IRQHandler
C:\Users\ADMINI~1\AppData\Local\Temp\ccRinCjR.s:740    .text.DMA2_Stream3_IRQHandler:0000000c $d
C:\Users\ADMINI~1\AppData\Local\Temp\ccRinCjR.s:745    .text.CAN2_RX0_IRQHandler:00000000 $t
C:\Users\ADMINI~1\AppData\Local\Temp\ccRinCjR.s:751    .text.CAN2_RX0_IRQHandler:00000000 CAN2_RX0_IRQHandler
C:\Users\ADMINI~1\AppData\Local\Temp\ccRinCjR.s:771    .text.CAN2_RX0_IRQHandler:0000000c $d
C:\Users\ADMINI~1\AppData\Local\Temp\ccRinCjR.s:776    .text.CAN2_RX1_IRQHandler:00000000 $t
C:\Users\ADMINI~1\AppData\Local\Temp\ccRinCjR.s:782    .text.CAN2_RX1_IRQHandler:00000000 CAN2_RX1_IRQHandler
C:\Users\ADMINI~1\AppData\Local\Temp\ccRinCjR.s:802    .text.CAN2_RX1_IRQHandler:0000000c $d
C:\Users\ADMINI~1\AppData\Local\Temp\ccRinCjR.s:807    .text.OTG_FS_IRQHandler:00000000 $t
C:\Users\ADMINI~1\AppData\Local\Temp\ccRinCjR.s:813    .text.OTG_FS_IRQHandler:00000000 OTG_FS_IRQHandler
C:\Users\ADMINI~1\AppData\Local\Temp\ccRinCjR.s:833    .text.OTG_FS_IRQHandler:0000000c $d
C:\Users\ADMINI~1\AppData\Local\Temp\ccRinCjR.s:838    .text.DMA2_Stream5_IRQHandler:00000000 $t
C:\Users\ADMINI~1\AppData\Local\Temp\ccRinCjR.s:844    .text.DMA2_Stream5_IRQHandler:00000000 DMA2_Stream5_IRQHandler
C:\Users\ADMINI~1\AppData\Local\Temp\ccRinCjR.s:864    .text.DMA2_Stream5_IRQHandler:0000000c $d
C:\Users\ADMINI~1\AppData\Local\Temp\ccRinCjR.s:869    .text.DMA2_Stream6_IRQHandler:00000000 $t
C:\Users\ADMINI~1\AppData\Local\Temp\ccRinCjR.s:875    .text.DMA2_Stream6_IRQHandler:00000000 DMA2_Stream6_IRQHandler
C:\Users\ADMINI~1\AppData\Local\Temp\ccRinCjR.s:895    .text.DMA2_Stream6_IRQHandler:0000000c $d
C:\Users\ADMINI~1\AppData\Local\Temp\ccRinCjR.s:900    .text.DMA2_Stream7_IRQHandler:00000000 $t
C:\Users\ADMINI~1\AppData\Local\Temp\ccRinCjR.s:906    .text.DMA2_Stream7_IRQHandler:00000000 DMA2_Stream7_IRQHandler
C:\Users\ADMINI~1\AppData\Local\Temp\ccRinCjR.s:926    .text.DMA2_Stream7_IRQHandler:0000000c $d
C:\Users\ADMINI~1\AppData\Local\Temp\ccRinCjR.s:931    .text.USART6_IRQHandler:00000000 $t
C:\Users\ADMINI~1\AppData\Local\Temp\ccRinCjR.s:937    .text.USART6_IRQHandler:00000000 USART6_IRQHandler
C:\Users\ADMINI~1\AppData\Local\Temp\ccRinCjR.s:957    .text.USART6_IRQHandler:0000000c $d
C:\Users\ADMINI~1\AppData\Local\Temp\ccRinCjR.s:962    .text.I2C3_EV_IRQHandler:00000000 $t
C:\Users\ADMINI~1\AppData\Local\Temp\ccRinCjR.s:968    .text.I2C3_EV_IRQHandler:00000000 I2C3_EV_IRQHandler
C:\Users\ADMINI~1\AppData\Local\Temp\ccRinCjR.s:988    .text.I2C3_EV_IRQHandler:0000000c $d
C:\Users\ADMINI~1\AppData\Local\Temp\ccRinCjR.s:993    .text.I2C3_ER_IRQHandler:00000000 $t
C:\Users\ADMINI~1\AppData\Local\Temp\ccRinCjR.s:999    .text.I2C3_ER_IRQHandler:00000000 I2C3_ER_IRQHandler
C:\Users\ADMINI~1\AppData\Local\Temp\ccRinCjR.s:1019   .text.I2C3_ER_IRQHandler:0000000c $d

UNDEFINED SYMBOLS
HAL_FLASH_IRQHandler
HAL_GPIO_EXTI_IRQHandler
HAL_DMA_IRQHandler
hdma_usart3_rx
hdma_i2c2_rx
HAL_CAN_IRQHandler
hcan1
HAL_I2C_EV_IRQHandler
hi2c2
HAL_I2C_ER_IRQHandler
HAL_SPI_IRQHandler
hspi1
hspi2
HAL_UART_IRQHandler
huart1
huart3
HAL_TIM_IRQHandler
htim8
ARM GAS  C:\Users\ADMINI~1\AppData\Local\Temp\ccRinCjR.s 			page 31


htim14
hdma_i2c2_tx
hdma_spi1_rx
hdma_usart6_rx
hdma_spi1_tx
hcan2
HAL_PCD_IRQHandler
hpcd_USB_OTG_FS
hdma_usart1_rx
hdma_usart6_tx
hdma_usart1_tx
huart6
hi2c3
